[0.151s] Invoking command in '/home/mateozc/Diplomado/Lab2/build/stage_ros2': CMAKE_PREFIX_PATH=/home/mateozc/Diplomado/Lab2/install/dqn_robot_nav:/opt/ros/jazzy:/home/mateozc/Diplomado/Lab2/install/stage:/home/mateozc/Diplomado/Lab2/install/stage_ros2:/opt/ros/jazzy/opt/gz_sim_vendor:/opt/ros/jazzy/opt/gz_sensors_vendor:/opt/ros/jazzy/opt/gz_physics_vendor:/opt/ros/jazzy/opt/sdformat_vendor:/opt/ros/jazzy/opt/gz_gui_vendor:/opt/ros/jazzy/opt/gz_transport_vendor:/opt/ros/jazzy/opt/gz_rendering_vendor:/opt/ros/jazzy/opt/gz_plugin_vendor:/opt/ros/jazzy/opt/gz_fuel_tools_vendor:/opt/ros/jazzy/opt/gz_msgs_vendor:/opt/ros/jazzy/opt/gz_common_vendor:/opt/ros/jazzy/opt/gz_math_vendor:/opt/ros/jazzy/opt/gz_utils_vendor:/opt/ros/jazzy/opt/gz_tools_vendor:/opt/ros/jazzy/opt/gz_ogre_next_vendor:/opt/ros/jazzy/opt/gz_dartsim_vendor:/opt/ros/jazzy/opt/gz_cmake_vendor DEBUGINFOD_URLS=https://debuginfod.ubuntu.com LD_LIBRARY_PATH=/home/mateozc/Diplomado/Lab2/install/stage/lib:/home/mateozc/Diplomado/Lab2/install/stage_ros2/lib:/opt/ros/jazzy/opt/gz_sim_vendor/lib:/opt/ros/jazzy/opt/gz_sensors_vendor/lib:/opt/ros/jazzy/opt/gz_physics_vendor/lib:/opt/ros/jazzy/opt/sdformat_vendor/lib:/opt/ros/jazzy/opt/rviz_ogre_vendor/lib:/opt/ros/jazzy/lib/x86_64-linux-gnu:/opt/ros/jazzy/opt/gz_gui_vendor/lib:/opt/ros/jazzy/opt/gz_transport_vendor/lib:/opt/ros/jazzy/opt/gz_rendering_vendor/lib:/opt/ros/jazzy/opt/gz_plugin_vendor/lib:/opt/ros/jazzy/opt/gz_fuel_tools_vendor/lib:/opt/ros/jazzy/opt/gz_msgs_vendor/lib:/opt/ros/jazzy/opt/gz_common_vendor/lib:/opt/ros/jazzy/opt/gz_math_vendor/lib:/opt/ros/jazzy/opt/gz_utils_vendor/lib:/opt/ros/jazzy/opt/gz_tools_vendor/lib:/opt/ros/jazzy/opt/gz_ogre_next_vendor/lib:/opt/ros/jazzy/opt/gz_dartsim_vendor/lib:/opt/ros/jazzy/opt/gz_cmake_vendor/lib:/opt/ros/jazzy/lib /usr/bin/cmake --build /home/mateozc/Diplomado/Lab2/build/stage_ros2 -- -j4 -l4
[0.773s] [ 71%] Built target stage_node
[1.017s] [100%] Built target stage_ros2
[1.114s] Invoked command in '/home/mateozc/Diplomado/Lab2/build/stage_ros2' returned '0': CMAKE_PREFIX_PATH=/home/mateozc/Diplomado/Lab2/install/dqn_robot_nav:/opt/ros/jazzy:/home/mateozc/Diplomado/Lab2/install/stage:/home/mateozc/Diplomado/Lab2/install/stage_ros2:/opt/ros/jazzy/opt/gz_sim_vendor:/opt/ros/jazzy/opt/gz_sensors_vendor:/opt/ros/jazzy/opt/gz_physics_vendor:/opt/ros/jazzy/opt/sdformat_vendor:/opt/ros/jazzy/opt/gz_gui_vendor:/opt/ros/jazzy/opt/gz_transport_vendor:/opt/ros/jazzy/opt/gz_rendering_vendor:/opt/ros/jazzy/opt/gz_plugin_vendor:/opt/ros/jazzy/opt/gz_fuel_tools_vendor:/opt/ros/jazzy/opt/gz_msgs_vendor:/opt/ros/jazzy/opt/gz_common_vendor:/opt/ros/jazzy/opt/gz_math_vendor:/opt/ros/jazzy/opt/gz_utils_vendor:/opt/ros/jazzy/opt/gz_tools_vendor:/opt/ros/jazzy/opt/gz_ogre_next_vendor:/opt/ros/jazzy/opt/gz_dartsim_vendor:/opt/ros/jazzy/opt/gz_cmake_vendor DEBUGINFOD_URLS=https://debuginfod.ubuntu.com LD_LIBRARY_PATH=/home/mateozc/Diplomado/Lab2/install/stage/lib:/home/mateozc/Diplomado/Lab2/install/stage_ros2/lib:/opt/ros/jazzy/opt/gz_sim_vendor/lib:/opt/ros/jazzy/opt/gz_sensors_vendor/lib:/opt/ros/jazzy/opt/gz_physics_vendor/lib:/opt/ros/jazzy/opt/sdformat_vendor/lib:/opt/ros/jazzy/opt/rviz_ogre_vendor/lib:/opt/ros/jazzy/lib/x86_64-linux-gnu:/opt/ros/jazzy/opt/gz_gui_vendor/lib:/opt/ros/jazzy/opt/gz_transport_vendor/lib:/opt/ros/jazzy/opt/gz_rendering_vendor/lib:/opt/ros/jazzy/opt/gz_plugin_vendor/lib:/opt/ros/jazzy/opt/gz_fuel_tools_vendor/lib:/opt/ros/jazzy/opt/gz_msgs_vendor/lib:/opt/ros/jazzy/opt/gz_common_vendor/lib:/opt/ros/jazzy/opt/gz_math_vendor/lib:/opt/ros/jazzy/opt/gz_utils_vendor/lib:/opt/ros/jazzy/opt/gz_tools_vendor/lib:/opt/ros/jazzy/opt/gz_ogre_next_vendor/lib:/opt/ros/jazzy/opt/gz_dartsim_vendor/lib:/opt/ros/jazzy/opt/gz_cmake_vendor/lib:/opt/ros/jazzy/lib /usr/bin/cmake --build /home/mateozc/Diplomado/Lab2/build/stage_ros2 -- -j4 -l4
[1.127s] Invoking command in '/home/mateozc/Diplomado/Lab2/build/stage_ros2': CMAKE_PREFIX_PATH=/home/mateozc/Diplomado/Lab2/install/dqn_robot_nav:/opt/ros/jazzy:/home/mateozc/Diplomado/Lab2/install/stage:/home/mateozc/Diplomado/Lab2/install/stage_ros2:/opt/ros/jazzy/opt/gz_sim_vendor:/opt/ros/jazzy/opt/gz_sensors_vendor:/opt/ros/jazzy/opt/gz_physics_vendor:/opt/ros/jazzy/opt/sdformat_vendor:/opt/ros/jazzy/opt/gz_gui_vendor:/opt/ros/jazzy/opt/gz_transport_vendor:/opt/ros/jazzy/opt/gz_rendering_vendor:/opt/ros/jazzy/opt/gz_plugin_vendor:/opt/ros/jazzy/opt/gz_fuel_tools_vendor:/opt/ros/jazzy/opt/gz_msgs_vendor:/opt/ros/jazzy/opt/gz_common_vendor:/opt/ros/jazzy/opt/gz_math_vendor:/opt/ros/jazzy/opt/gz_utils_vendor:/opt/ros/jazzy/opt/gz_tools_vendor:/opt/ros/jazzy/opt/gz_ogre_next_vendor:/opt/ros/jazzy/opt/gz_dartsim_vendor:/opt/ros/jazzy/opt/gz_cmake_vendor DEBUGINFOD_URLS=https://debuginfod.ubuntu.com LD_LIBRARY_PATH=/home/mateozc/Diplomado/Lab2/install/stage/lib:/home/mateozc/Diplomado/Lab2/install/stage_ros2/lib:/opt/ros/jazzy/opt/gz_sim_vendor/lib:/opt/ros/jazzy/opt/gz_sensors_vendor/lib:/opt/ros/jazzy/opt/gz_physics_vendor/lib:/opt/ros/jazzy/opt/sdformat_vendor/lib:/opt/ros/jazzy/opt/rviz_ogre_vendor/lib:/opt/ros/jazzy/lib/x86_64-linux-gnu:/opt/ros/jazzy/opt/gz_gui_vendor/lib:/opt/ros/jazzy/opt/gz_transport_vendor/lib:/opt/ros/jazzy/opt/gz_rendering_vendor/lib:/opt/ros/jazzy/opt/gz_plugin_vendor/lib:/opt/ros/jazzy/opt/gz_fuel_tools_vendor/lib:/opt/ros/jazzy/opt/gz_msgs_vendor/lib:/opt/ros/jazzy/opt/gz_common_vendor/lib:/opt/ros/jazzy/opt/gz_math_vendor/lib:/opt/ros/jazzy/opt/gz_utils_vendor/lib:/opt/ros/jazzy/opt/gz_tools_vendor/lib:/opt/ros/jazzy/opt/gz_ogre_next_vendor/lib:/opt/ros/jazzy/opt/gz_dartsim_vendor/lib:/opt/ros/jazzy/opt/gz_cmake_vendor/lib:/opt/ros/jazzy/lib /usr/bin/cmake --install /home/mateozc/Diplomado/Lab2/build/stage_ros2
[1.198s] -- Install configuration: ""
[1.202s] -- Execute custom install script
[1.204s] -- Up-to-date symlink: /home/mateozc/Diplomado/Lab2/install/stage_ros2/share/stage_ros2/environment/library_path.sh
[1.206s] -- Up-to-date symlink: /home/mateozc/Diplomado/Lab2/install/stage_ros2/share/stage_ros2/environment/library_path.dsv
[1.210s] -- Up-to-date symlink: /home/mateozc/Diplomado/Lab2/install/stage_ros2/share/stage_ros2//launch/demo.launch.py
[1.211s] -- Up-to-date symlink: /home/mateozc/Diplomado/Lab2/install/stage_ros2/share/stage_ros2//launch/f710.launch.py
[1.213s] -- Up-to-date symlink: /home/mateozc/Diplomado/Lab2/install/stage_ros2/share/stage_ros2//launch/rviz.launch.py
[1.214s] -- Up-to-date symlink: /home/mateozc/Diplomado/Lab2/install/stage_ros2/share/stage_ros2//launch/rviz_ns.launch.py
[1.216s] -- Up-to-date symlink: /home/mateozc/Diplomado/Lab2/install/stage_ros2/share/stage_ros2//launch/stage.launch.py
[1.219s] -- Up-to-date symlink: /home/mateozc/Diplomado/Lab2/install/stage_ros2/share/stage_ros2//world/bitmaps/cave.png
[1.220s] -- Up-to-date symlink: /home/mateozc/Diplomado/Lab2/install/stage_ros2/share/stage_ros2//world/bitmaps/hallway.pgm
[1.222s] -- Up-to-date symlink: /home/mateozc/Diplomado/Lab2/install/stage_ros2/share/stage_ros2//world/bitmaps/hallway.png
[1.223s] -- Up-to-date symlink: /home/mateozc/Diplomado/Lab2/install/stage_ros2/share/stage_ros2//world/bitmaps/line.png
[1.225s] -- Up-to-date symlink: /home/mateozc/Diplomado/Lab2/install/stage_ros2/share/stage_ros2//world/bitmaps/straden.png
[1.226s] -- Up-to-date symlink: /home/mateozc/Diplomado/Lab2/install/stage_ros2/share/stage_ros2//world/bitmaps/warehouse008.pgm
[1.227s] -- Up-to-date symlink: /home/mateozc/Diplomado/Lab2/install/stage_ros2/share/stage_ros2//world/bitmaps/warehouse032.pgm
[1.229s] -- Up-to-date symlink: /home/mateozc/Diplomado/Lab2/install/stage_ros2/share/stage_ros2//world/bitmaps/warehouse200.pgm
[1.231s] -- Up-to-date symlink: /home/mateozc/Diplomado/Lab2/install/stage_ros2/share/stage_ros2//world/bitmaps/willow-full.pgm
[1.234s] -- Up-to-date symlink: /home/mateozc/Diplomado/Lab2/install/stage_ros2/share/stage_ros2//world/cave.world
[1.235s] -- Up-to-date symlink: /home/mateozc/Diplomado/Lab2/install/stage_ros2/share/stage_ros2//world/cave_multi.world
[1.237s] -- Up-to-date symlink: /home/mateozc/Diplomado/Lab2/install/stage_ros2/share/stage_ros2//world/cave_seven_robots.world
[1.238s] -- Up-to-date symlink: /home/mateozc/Diplomado/Lab2/install/stage_ros2/share/stage_ros2//world/cave_three_robots.world
[1.240s] -- Up-to-date symlink: /home/mateozc/Diplomado/Lab2/install/stage_ros2/share/stage_ros2//world/hallway.world
[1.241s] -- Up-to-date symlink: /home/mateozc/Diplomado/Lab2/install/stage_ros2/share/stage_ros2//world/include/pioneer2dx.inc
[1.242s] -- Up-to-date symlink: /home/mateozc/Diplomado/Lab2/install/stage_ros2/share/stage_ros2//world/include/robots.inc
[1.243s] -- Up-to-date symlink: /home/mateozc/Diplomado/Lab2/install/stage_ros2/share/stage_ros2//world/lines.world
[1.244s] -- Up-to-date symlink: /home/mateozc/Diplomado/Lab2/install/stage_ros2/share/stage_ros2//world/straden.world
[1.246s] -- Up-to-date symlink: /home/mateozc/Diplomado/Lab2/install/stage_ros2/share/stage_ros2//world/willow-four-erratics-multisensor.world
[1.247s] -- Up-to-date symlink: /home/mateozc/Diplomado/Lab2/install/stage_ros2/share/stage_ros2//config/rviz/cave.rviz
[1.248s] -- Up-to-date symlink: /home/mateozc/Diplomado/Lab2/install/stage_ros2/share/stage_ros2//config/rviz/cave_seven_robots.rviz
[1.249s] -- Up-to-date symlink: /home/mateozc/Diplomado/Lab2/install/stage_ros2/share/stage_ros2//config/rviz/cave_three_robots.rviz
[1.251s] -- Up-to-date symlink: /home/mateozc/Diplomado/Lab2/install/stage_ros2/share/stage_ros2//config/rviz/lines.rviz
[1.252s] -- Up-to-date symlink: /home/mateozc/Diplomado/Lab2/install/stage_ros2/share/stage_ros2//config/rviz/robot0.rviz
[1.253s] -- Up-to-date symlink: /home/mateozc/Diplomado/Lab2/install/stage_ros2/share/stage_ros2//config/rviz/robot_ns.rviz
[1.254s] -- Up-to-date symlink: /home/mateozc/Diplomado/Lab2/install/stage_ros2/share/stage_ros2//config/rviz/robot_ns_depth.rviz
[1.256s] -- Up-to-date symlink: /home/mateozc/Diplomado/Lab2/install/stage_ros2/share/stage_ros2//config/teleop_twist_joy/f710.config.yaml
[1.257s] -- Up-to-date symlink: /home/mateozc/Diplomado/Lab2/install/stage_ros2/lib/libstage_node.so
[1.260s] -- Up-to-date symlink: /home/mateozc/Diplomado/Lab2/install/stage_ros2/lib/stage_ros2/stage_ros2
[1.262s] -- Up-to-date symlink: /home/mateozc/Diplomado/Lab2/install/stage_ros2/share/ament_index/resource_index/package_run_dependencies/stage_ros2
[1.266s] -- Up-to-date symlink: /home/mateozc/Diplomado/Lab2/install/stage_ros2/share/ament_index/resource_index/parent_prefix_path/stage_ros2
[1.270s] -- Up-to-date symlink: /home/mateozc/Diplomado/Lab2/install/stage_ros2/share/stage_ros2/environment/ament_prefix_path.sh
[1.271s] -- Up-to-date symlink: /home/mateozc/Diplomado/Lab2/install/stage_ros2/share/stage_ros2/environment/ament_prefix_path.dsv
[1.278s] -- Up-to-date symlink: /home/mateozc/Diplomado/Lab2/install/stage_ros2/share/stage_ros2/environment/path.sh
[1.278s] -- Up-to-date symlink: /home/mateozc/Diplomado/Lab2/install/stage_ros2/share/stage_ros2/environment/path.dsv
[1.281s] -- Up-to-date symlink: /home/mateozc/Diplomado/Lab2/install/stage_ros2/share/stage_ros2/local_setup.bash
[1.283s] -- Up-to-date symlink: /home/mateozc/Diplomado/Lab2/install/stage_ros2/share/stage_ros2/local_setup.sh
[1.284s] -- Up-to-date symlink: /home/mateozc/Diplomado/Lab2/install/stage_ros2/share/stage_ros2/local_setup.zsh
[1.287s] -- Up-to-date symlink: /home/mateozc/Diplomado/Lab2/install/stage_ros2/share/stage_ros2/local_setup.dsv
[1.288s] -- Symlinking: /home/mateozc/Diplomado/Lab2/install/stage_ros2/share/stage_ros2/package.dsv
[1.374s] -- Up-to-date symlink: /home/mateozc/Diplomado/Lab2/install/stage_ros2/share/ament_index/resource_index/packages/stage_ros2
[1.377s] -- Up-to-date symlink: /home/mateozc/Diplomado/Lab2/install/stage_ros2/share/stage_ros2/cmake/stage_ros2Config.cmake
[1.378s] -- Up-to-date symlink: /home/mateozc/Diplomado/Lab2/install/stage_ros2/share/stage_ros2/cmake/stage_ros2Config-version.cmake
[1.381s] -- Up-to-date symlink: /home/mateozc/Diplomado/Lab2/install/stage_ros2/share/stage_ros2/package.xml
[1.395s] Invoked command in '/home/mateozc/Diplomado/Lab2/build/stage_ros2' returned '0': CMAKE_PREFIX_PATH=/home/mateozc/Diplomado/Lab2/install/dqn_robot_nav:/opt/ros/jazzy:/home/mateozc/Diplomado/Lab2/install/stage:/home/mateozc/Diplomado/Lab2/install/stage_ros2:/opt/ros/jazzy/opt/gz_sim_vendor:/opt/ros/jazzy/opt/gz_sensors_vendor:/opt/ros/jazzy/opt/gz_physics_vendor:/opt/ros/jazzy/opt/sdformat_vendor:/opt/ros/jazzy/opt/gz_gui_vendor:/opt/ros/jazzy/opt/gz_transport_vendor:/opt/ros/jazzy/opt/gz_rendering_vendor:/opt/ros/jazzy/opt/gz_plugin_vendor:/opt/ros/jazzy/opt/gz_fuel_tools_vendor:/opt/ros/jazzy/opt/gz_msgs_vendor:/opt/ros/jazzy/opt/gz_common_vendor:/opt/ros/jazzy/opt/gz_math_vendor:/opt/ros/jazzy/opt/gz_utils_vendor:/opt/ros/jazzy/opt/gz_tools_vendor:/opt/ros/jazzy/opt/gz_ogre_next_vendor:/opt/ros/jazzy/opt/gz_dartsim_vendor:/opt/ros/jazzy/opt/gz_cmake_vendor DEBUGINFOD_URLS=https://debuginfod.ubuntu.com LD_LIBRARY_PATH=/home/mateozc/Diplomado/Lab2/install/stage/lib:/home/mateozc/Diplomado/Lab2/install/stage_ros2/lib:/opt/ros/jazzy/opt/gz_sim_vendor/lib:/opt/ros/jazzy/opt/gz_sensors_vendor/lib:/opt/ros/jazzy/opt/gz_physics_vendor/lib:/opt/ros/jazzy/opt/sdformat_vendor/lib:/opt/ros/jazzy/opt/rviz_ogre_vendor/lib:/opt/ros/jazzy/lib/x86_64-linux-gnu:/opt/ros/jazzy/opt/gz_gui_vendor/lib:/opt/ros/jazzy/opt/gz_transport_vendor/lib:/opt/ros/jazzy/opt/gz_rendering_vendor/lib:/opt/ros/jazzy/opt/gz_plugin_vendor/lib:/opt/ros/jazzy/opt/gz_fuel_tools_vendor/lib:/opt/ros/jazzy/opt/gz_msgs_vendor/lib:/opt/ros/jazzy/opt/gz_common_vendor/lib:/opt/ros/jazzy/opt/gz_math_vendor/lib:/opt/ros/jazzy/opt/gz_utils_vendor/lib:/opt/ros/jazzy/opt/gz_tools_vendor/lib:/opt/ros/jazzy/opt/gz_ogre_next_vendor/lib:/opt/ros/jazzy/opt/gz_dartsim_vendor/lib:/opt/ros/jazzy/opt/gz_cmake_vendor/lib:/opt/ros/jazzy/lib /usr/bin/cmake --install /home/mateozc/Diplomado/Lab2/build/stage_ros2
