[0.233s] DEBUG:colcon:Command line arguments: ['/usr/bin/colcon', 'build', '--symlink-install']
[0.233s] DEBUG:colcon:Parsed command line arguments: Namespace(log_base=None, log_level=None, verb_name='build', build_base='build', install_base='install', merge_install=False, symlink_install=True, test_result_base=None, continue_on_error=False, executor='parallel', parallel_workers=4, event_handlers=None, ignore_user_meta=False, metas=['./colcon.meta'], base_paths=['.'], packages_ignore=None, packages_ignore_regex=None, paths=None, packages_up_to=None, packages_up_to_regex=None, packages_above=None, packages_above_and_dependencies=None, packages_above_depth=None, packages_select_by_dep=None, packages_skip_by_dep=None, packages_skip_up_to=None, packages_select_build_failed=False, packages_skip_build_finished=False, packages_select_test_failures=False, packages_skip_test_passed=False, packages_select=None, packages_skip=None, packages_select_regex=None, packages_skip_regex=None, packages_start=None, packages_end=None, allow_overriding=[], cmake_args=None, cmake_target=None, cmake_target_skip_unavailable=False, cmake_clean_cache=False, cmake_clean_first=False, cmake_force_configure=False, ament_cmake_args=None, catkin_cmake_args=None, catkin_skip_building_tests=False, mixin_files=None, mixin=None, verb_parser=<colcon_mixin.mixin.mixin_argument.MixinArgumentDecorator object at 0x73ea4ada24e0>, verb_extension=<colcon_core.verb.build.BuildVerb object at 0x73ea4ada1e20>, main=<bound method BuildVerb.main of <colcon_core.verb.build.BuildVerb object at 0x73ea4ada1e20>>, mixin_verb=('build',))
[0.312s] Level 1:colcon.colcon_core.package_discovery:discover_packages(colcon_meta) check parameters
[0.312s] Level 1:colcon.colcon_core.package_discovery:discover_packages(recursive) check parameters
[0.313s] Level 1:colcon.colcon_core.package_discovery:discover_packages(ignore) check parameters
[0.313s] Level 1:colcon.colcon_core.package_discovery:discover_packages(path) check parameters
[0.313s] Level 1:colcon.colcon_core.package_discovery:discover_packages(colcon_meta) discover
[0.313s] Level 1:colcon.colcon_core.package_discovery:discover_packages(recursive) discover
[0.313s] INFO:colcon.colcon_core.package_discovery:Crawling recursively for packages in '/home/mateozc/Diplomado/Lab2'
[0.314s] Level 1:colcon.colcon_core.package_identification:_identify(.) by extensions ['ignore', 'ignore_ament_install']
[0.314s] Level 1:colcon.colcon_core.package_identification:_identify(.) by extension 'ignore'
[0.314s] Level 1:colcon.colcon_core.package_identification:_identify(.) by extension 'ignore_ament_install'
[0.314s] Level 1:colcon.colcon_core.package_identification:_identify(.) by extensions ['colcon_pkg']
[0.315s] Level 1:colcon.colcon_core.package_identification:_identify(.) by extension 'colcon_pkg'
[0.315s] Level 1:colcon.colcon_core.package_identification:_identify(.) by extensions ['colcon_meta']
[0.315s] Level 1:colcon.colcon_core.package_identification:_identify(.) by extension 'colcon_meta'
[0.315s] Level 1:colcon.colcon_core.package_identification:_identify(.) by extensions ['ros']
[0.315s] Level 1:colcon.colcon_core.package_identification:_identify(.) by extension 'ros'
[0.369s] Level 1:colcon.colcon_core.package_identification:_identify(.) by extensions ['cmake', 'python']
[0.369s] Level 1:colcon.colcon_core.package_identification:_identify(.) by extension 'cmake'
[0.369s] Level 1:colcon.colcon_core.package_identification:_identify(.) by extension 'python'
[0.369s] Level 1:colcon.colcon_core.package_identification:_identify(.) by extensions ['python_setup_py']
[0.369s] Level 1:colcon.colcon_core.package_identification:_identify(.) by extension 'python_setup_py'
[0.369s] Level 1:colcon.colcon_core.package_identification:_identify(build) by extensions ['ignore', 'ignore_ament_install']
[0.370s] Level 1:colcon.colcon_core.package_identification:_identify(build) by extension 'ignore'
[0.370s] Level 1:colcon.colcon_core.package_identification:_identify(build) ignored
[0.370s] Level 1:colcon.colcon_core.package_identification:_identify(install) by extensions ['ignore', 'ignore_ament_install']
[0.370s] Level 1:colcon.colcon_core.package_identification:_identify(install) by extension 'ignore'
[0.370s] Level 1:colcon.colcon_core.package_identification:_identify(install) ignored
[0.370s] Level 1:colcon.colcon_core.package_identification:_identify(log) by extensions ['ignore', 'ignore_ament_install']
[0.371s] Level 1:colcon.colcon_core.package_identification:_identify(log) by extension 'ignore'
[0.371s] Level 1:colcon.colcon_core.package_identification:_identify(log) ignored
[0.371s] Level 1:colcon.colcon_core.package_identification:_identify(src) by extensions ['ignore', 'ignore_ament_install']
[0.371s] Level 1:colcon.colcon_core.package_identification:_identify(src) by extension 'ignore'
[0.371s] Level 1:colcon.colcon_core.package_identification:_identify(src) by extension 'ignore_ament_install'
[0.371s] Level 1:colcon.colcon_core.package_identification:_identify(src) by extensions ['colcon_pkg']
[0.371s] Level 1:colcon.colcon_core.package_identification:_identify(src) by extension 'colcon_pkg'
[0.371s] Level 1:colcon.colcon_core.package_identification:_identify(src) by extensions ['colcon_meta']
[0.371s] Level 1:colcon.colcon_core.package_identification:_identify(src) by extension 'colcon_meta'
[0.371s] Level 1:colcon.colcon_core.package_identification:_identify(src) by extensions ['ros']
[0.372s] Level 1:colcon.colcon_core.package_identification:_identify(src) by extension 'ros'
[0.372s] Level 1:colcon.colcon_core.package_identification:_identify(src) by extensions ['cmake', 'python']
[0.372s] Level 1:colcon.colcon_core.package_identification:_identify(src) by extension 'cmake'
[0.372s] Level 1:colcon.colcon_core.package_identification:_identify(src) by extension 'python'
[0.372s] Level 1:colcon.colcon_core.package_identification:_identify(src) by extensions ['python_setup_py']
[0.372s] Level 1:colcon.colcon_core.package_identification:_identify(src) by extension 'python_setup_py'
[0.372s] Level 1:colcon.colcon_core.package_identification:_identify(src/Stage) by extensions ['ignore', 'ignore_ament_install']
[0.372s] Level 1:colcon.colcon_core.package_identification:_identify(src/Stage) by extension 'ignore'
[0.372s] Level 1:colcon.colcon_core.package_identification:_identify(src/Stage) by extension 'ignore_ament_install'
[0.373s] Level 1:colcon.colcon_core.package_identification:_identify(src/Stage) by extensions ['colcon_pkg']
[0.373s] Level 1:colcon.colcon_core.package_identification:_identify(src/Stage) by extension 'colcon_pkg'
[0.373s] Level 1:colcon.colcon_core.package_identification:_identify(src/Stage) by extensions ['colcon_meta']
[0.373s] Level 1:colcon.colcon_core.package_identification:_identify(src/Stage) by extension 'colcon_meta'
[0.373s] Level 1:colcon.colcon_core.package_identification:_identify(src/Stage) by extensions ['ros']
[0.373s] Level 1:colcon.colcon_core.package_identification:_identify(src/Stage) by extension 'ros'
[0.378s] DEBUG:colcon.colcon_core.package_identification:Package 'src/Stage' with type 'ros.catkin' and name 'stage'
[0.378s] Level 1:colcon.colcon_core.package_identification:_identify(src/dqn_robot_nav) by extensions ['ignore', 'ignore_ament_install']
[0.378s] Level 1:colcon.colcon_core.package_identification:_identify(src/dqn_robot_nav) by extension 'ignore'
[0.378s] Level 1:colcon.colcon_core.package_identification:_identify(src/dqn_robot_nav) by extension 'ignore_ament_install'
[0.379s] Level 1:colcon.colcon_core.package_identification:_identify(src/dqn_robot_nav) by extensions ['colcon_pkg']
[0.379s] Level 1:colcon.colcon_core.package_identification:_identify(src/dqn_robot_nav) by extension 'colcon_pkg'
[0.379s] Level 1:colcon.colcon_core.package_identification:_identify(src/dqn_robot_nav) by extensions ['colcon_meta']
[0.379s] Level 1:colcon.colcon_core.package_identification:_identify(src/dqn_robot_nav) by extension 'colcon_meta'
[0.379s] Level 1:colcon.colcon_core.package_identification:_identify(src/dqn_robot_nav) by extensions ['ros']
[0.379s] Level 1:colcon.colcon_core.package_identification:_identify(src/dqn_robot_nav) by extension 'ros'
[0.381s] DEBUG:colcon.colcon_core.package_identification:Package 'src/dqn_robot_nav' with type 'ros.ament_python' and name 'dqn_robot_nav'
[0.381s] Level 1:colcon.colcon_core.package_identification:_identify(src/stage_ros2) by extensions ['ignore', 'ignore_ament_install']
[0.381s] Level 1:colcon.colcon_core.package_identification:_identify(src/stage_ros2) by extension 'ignore'
[0.381s] Level 1:colcon.colcon_core.package_identification:_identify(src/stage_ros2) by extension 'ignore_ament_install'
[0.382s] Level 1:colcon.colcon_core.package_identification:_identify(src/stage_ros2) by extensions ['colcon_pkg']
[0.382s] Level 1:colcon.colcon_core.package_identification:_identify(src/stage_ros2) by extension 'colcon_pkg'
[0.382s] Level 1:colcon.colcon_core.package_identification:_identify(src/stage_ros2) by extensions ['colcon_meta']
[0.382s] Level 1:colcon.colcon_core.package_identification:_identify(src/stage_ros2) by extension 'colcon_meta'
[0.382s] Level 1:colcon.colcon_core.package_identification:_identify(src/stage_ros2) by extensions ['ros']
[0.382s] Level 1:colcon.colcon_core.package_identification:_identify(src/stage_ros2) by extension 'ros'
[0.384s] DEBUG:colcon.colcon_core.package_identification:Package 'src/stage_ros2' with type 'ros.ament_cmake' and name 'stage_ros2'
[0.385s] Level 1:colcon.colcon_core.package_discovery:discover_packages(recursive) using defaults
[0.385s] Level 1:colcon.colcon_core.package_discovery:discover_packages(ignore) discover
[0.385s] Level 1:colcon.colcon_core.package_discovery:discover_packages(ignore) using defaults
[0.385s] Level 1:colcon.colcon_core.package_discovery:discover_packages(path) discover
[0.385s] Level 1:colcon.colcon_core.package_discovery:discover_packages(path) using defaults
[0.424s] Level 1:colcon.colcon_core.package_discovery:discover_packages(prefix_path) check parameters
[0.424s] Level 1:colcon.colcon_core.package_discovery:discover_packages(prefix_path) discover
[0.428s] DEBUG:colcon.colcon_installed_package_information.package_discovery:Found 3 installed packages in /home/mateozc/Diplomado/Lab2/install
[0.433s] DEBUG:colcon.colcon_installed_package_information.package_discovery:Found 505 installed packages in /opt/ros/jazzy
[0.437s] Level 1:colcon.colcon_core.package_discovery:discover_packages(prefix_path) using defaults
[0.579s] Level 5:colcon.colcon_core.verb:set package 'dqn_robot_nav' build argument 'cmake_args' from command line to 'None'
[0.579s] Level 5:colcon.colcon_core.verb:set package 'dqn_robot_nav' build argument 'cmake_target' from command line to 'None'
[0.579s] Level 5:colcon.colcon_core.verb:set package 'dqn_robot_nav' build argument 'cmake_target_skip_unavailable' from command line to 'False'
[0.580s] Level 5:colcon.colcon_core.verb:set package 'dqn_robot_nav' build argument 'cmake_clean_cache' from command line to 'False'
[0.580s] Level 5:colcon.colcon_core.verb:set package 'dqn_robot_nav' build argument 'cmake_clean_first' from command line to 'False'
[0.580s] Level 5:colcon.colcon_core.verb:set package 'dqn_robot_nav' build argument 'cmake_force_configure' from command line to 'False'
[0.580s] Level 5:colcon.colcon_core.verb:set package 'dqn_robot_nav' build argument 'ament_cmake_args' from command line to 'None'
[0.580s] Level 5:colcon.colcon_core.verb:set package 'dqn_robot_nav' build argument 'catkin_cmake_args' from command line to 'None'
[0.580s] Level 5:colcon.colcon_core.verb:set package 'dqn_robot_nav' build argument 'catkin_skip_building_tests' from command line to 'False'
[0.580s] DEBUG:colcon.colcon_core.verb:Building package 'dqn_robot_nav' with the following arguments: {'ament_cmake_args': None, 'build_base': '/home/mateozc/Diplomado/Lab2/build/dqn_robot_nav', 'catkin_cmake_args': None, 'catkin_skip_building_tests': False, 'cmake_args': None, 'cmake_clean_cache': False, 'cmake_clean_first': False, 'cmake_force_configure': False, 'cmake_target': None, 'cmake_target_skip_unavailable': False, 'install_base': '/home/mateozc/Diplomado/Lab2/install/dqn_robot_nav', 'merge_install': False, 'path': '/home/mateozc/Diplomado/Lab2/src/dqn_robot_nav', 'symlink_install': True, 'test_result_base': None}
[0.581s] Level 5:colcon.colcon_core.verb:set package 'stage' build argument 'cmake_args' from command line to 'None'
[0.581s] Level 5:colcon.colcon_core.verb:set package 'stage' build argument 'cmake_target' from command line to 'None'
[0.581s] Level 5:colcon.colcon_core.verb:set package 'stage' build argument 'cmake_target_skip_unavailable' from command line to 'False'
[0.581s] Level 5:colcon.colcon_core.verb:set package 'stage' build argument 'cmake_clean_cache' from command line to 'False'
[0.581s] Level 5:colcon.colcon_core.verb:set package 'stage' build argument 'cmake_clean_first' from command line to 'False'
[0.581s] Level 5:colcon.colcon_core.verb:set package 'stage' build argument 'cmake_force_configure' from command line to 'False'
[0.581s] Level 5:colcon.colcon_core.verb:set package 'stage' build argument 'ament_cmake_args' from command line to 'None'
[0.581s] Level 5:colcon.colcon_core.verb:set package 'stage' build argument 'catkin_cmake_args' from command line to 'None'
[0.581s] Level 5:colcon.colcon_core.verb:set package 'stage' build argument 'catkin_skip_building_tests' from command line to 'False'
[0.581s] DEBUG:colcon.colcon_core.verb:Building package 'stage' with the following arguments: {'ament_cmake_args': None, 'build_base': '/home/mateozc/Diplomado/Lab2/build/stage', 'catkin_cmake_args': None, 'catkin_skip_building_tests': False, 'cmake_args': None, 'cmake_clean_cache': False, 'cmake_clean_first': False, 'cmake_force_configure': False, 'cmake_target': None, 'cmake_target_skip_unavailable': False, 'install_base': '/home/mateozc/Diplomado/Lab2/install/stage', 'merge_install': False, 'path': '/home/mateozc/Diplomado/Lab2/src/Stage', 'symlink_install': True, 'test_result_base': None}
[0.582s] Level 5:colcon.colcon_core.verb:set package 'stage_ros2' build argument 'cmake_args' from command line to 'None'
[0.582s] Level 5:colcon.colcon_core.verb:set package 'stage_ros2' build argument 'cmake_target' from command line to 'None'
[0.582s] Level 5:colcon.colcon_core.verb:set package 'stage_ros2' build argument 'cmake_target_skip_unavailable' from command line to 'False'
[0.582s] Level 5:colcon.colcon_core.verb:set package 'stage_ros2' build argument 'cmake_clean_cache' from command line to 'False'
[0.582s] Level 5:colcon.colcon_core.verb:set package 'stage_ros2' build argument 'cmake_clean_first' from command line to 'False'
[0.582s] Level 5:colcon.colcon_core.verb:set package 'stage_ros2' build argument 'cmake_force_configure' from command line to 'False'
[0.582s] Level 5:colcon.colcon_core.verb:set package 'stage_ros2' build argument 'ament_cmake_args' from command line to 'None'
[0.583s] Level 5:colcon.colcon_core.verb:set package 'stage_ros2' build argument 'catkin_cmake_args' from command line to 'None'
[0.583s] Level 5:colcon.colcon_core.verb:set package 'stage_ros2' build argument 'catkin_skip_building_tests' from command line to 'False'
[0.583s] DEBUG:colcon.colcon_core.verb:Building package 'stage_ros2' with the following arguments: {'ament_cmake_args': None, 'build_base': '/home/mateozc/Diplomado/Lab2/build/stage_ros2', 'catkin_cmake_args': None, 'catkin_skip_building_tests': False, 'cmake_args': None, 'cmake_clean_cache': False, 'cmake_clean_first': False, 'cmake_force_configure': False, 'cmake_target': None, 'cmake_target_skip_unavailable': False, 'install_base': '/home/mateozc/Diplomado/Lab2/install/stage_ros2', 'merge_install': False, 'path': '/home/mateozc/Diplomado/Lab2/src/stage_ros2', 'symlink_install': True, 'test_result_base': None}
[0.583s] INFO:colcon.colcon_core.executor:Executing jobs using 'parallel' executor
[0.584s] DEBUG:colcon.colcon_parallel_executor.executor.parallel:run_until_complete
[0.585s] INFO:colcon.colcon_ros.task.catkin.build:Building ROS package in '/home/mateozc/Diplomado/Lab2/src/Stage' with build type 'catkin'
[0.585s] INFO:colcon.colcon_cmake.task.cmake.build:Building CMake package in '/home/mateozc/Diplomado/Lab2/src/Stage'
[0.590s] INFO:colcon.colcon_core.plugin_system:Skipping extension 'colcon_core.shell.bat': Not used on non-Windows systems
[0.590s] INFO:colcon.colcon_core.shell:Skip shell extension 'powershell' for command environment: Not usable outside of PowerShell
[0.591s] DEBUG:colcon.colcon_core.shell:Skip shell extension 'dsv' for command environment
[0.602s] INFO:colcon.colcon_ros.task.ament_python.build:Building ROS package in '/home/mateozc/Diplomado/Lab2/src/dqn_robot_nav' with build type 'ament_python'
[0.602s] Level 1:colcon.colcon_core.shell:create_environment_hook('dqn_robot_nav', 'ament_prefix_path')
[0.602s] INFO:colcon.colcon_core.shell:Creating environment hook '/home/mateozc/Diplomado/Lab2/install/dqn_robot_nav/share/dqn_robot_nav/hook/ament_prefix_path.ps1'
[0.604s] INFO:colcon.colcon_core.shell:Creating environment descriptor '/home/mateozc/Diplomado/Lab2/install/dqn_robot_nav/share/dqn_robot_nav/hook/ament_prefix_path.dsv'
[0.605s] INFO:colcon.colcon_core.shell:Creating environment hook '/home/mateozc/Diplomado/Lab2/install/dqn_robot_nav/share/dqn_robot_nav/hook/ament_prefix_path.sh'
[0.607s] INFO:colcon.colcon_core.shell:Skip shell extension 'powershell' for command environment: Not usable outside of PowerShell
[0.607s] DEBUG:colcon.colcon_core.shell:Skip shell extension 'dsv' for command environment
[0.633s] DEBUG:colcon.colcon_core.event_handler.log_command:Invoking command in '/home/mateozc/Diplomado/Lab2/build/stage': DEBUGINFOD_URLS=https://debuginfod.ubuntu.com /usr/bin/cmake --build /home/mateozc/Diplomado/Lab2/build/stage -- -j4 -l4
[1.632s] INFO:colcon.colcon_core.task.python.build:Building Python package in '/home/mateozc/Diplomado/Lab2/src/dqn_robot_nav'
[1.632s] INFO:colcon.colcon_core.shell:Skip shell extension 'powershell' for command environment: Not usable outside of PowerShell
[1.633s] DEBUG:colcon.colcon_core.shell:Skip shell extension 'dsv' for command environment
[1.647s] DEBUG:colcon.colcon_core.event_handler.log_command:Invoked command in '/home/mateozc/Diplomado/Lab2/build/stage' returned '0': DEBUGINFOD_URLS=https://debuginfod.ubuntu.com /usr/bin/cmake --build /home/mateozc/Diplomado/Lab2/build/stage -- -j4 -l4
[1.676s] DEBUG:colcon.colcon_core.event_handler.log_command:Invoking command in '/home/mateozc/Diplomado/Lab2/build/stage': DEBUGINFOD_URLS=https://debuginfod.ubuntu.com /usr/bin/cmake --install /home/mateozc/Diplomado/Lab2/build/stage
[1.736s] Level 1:colcon.colcon_core.shell:create_environment_hook('stage', 'ros_package_path')
[1.736s] INFO:colcon.colcon_core.shell:Creating environment hook '/home/mateozc/Diplomado/Lab2/install/stage/share/stage/hook/ros_package_path.ps1'
[1.739s] INFO:colcon.colcon_core.shell:Creating environment descriptor '/home/mateozc/Diplomado/Lab2/install/stage/share/stage/hook/ros_package_path.dsv'
[1.741s] INFO:colcon.colcon_core.shell:Creating environment hook '/home/mateozc/Diplomado/Lab2/install/stage/share/stage/hook/ros_package_path.sh'
[1.744s] Level 1:colcon.colcon_core.shell:create_environment_hook('stage', 'pkg_config_path')
[1.745s] INFO:colcon.colcon_core.shell:Creating environment hook '/home/mateozc/Diplomado/Lab2/install/stage/share/stage/hook/pkg_config_path.ps1'
[1.747s] INFO:colcon.colcon_core.shell:Creating environment descriptor '/home/mateozc/Diplomado/Lab2/install/stage/share/stage/hook/pkg_config_path.dsv'
[1.749s] INFO:colcon.colcon_core.shell:Creating environment hook '/home/mateozc/Diplomado/Lab2/install/stage/share/stage/hook/pkg_config_path.sh'
[1.756s] Level 1:colcon.colcon_core.shell:create_environment_hook('stage', 'pkg_config_path_multiarch')
[1.756s] INFO:colcon.colcon_core.shell:Creating environment hook '/home/mateozc/Diplomado/Lab2/install/stage/share/stage/hook/pkg_config_path_multiarch.ps1'
[1.758s] INFO:colcon.colcon_core.shell:Creating environment descriptor '/home/mateozc/Diplomado/Lab2/install/stage/share/stage/hook/pkg_config_path_multiarch.dsv'
[1.761s] INFO:colcon.colcon_core.shell:Creating environment hook '/home/mateozc/Diplomado/Lab2/install/stage/share/stage/hook/pkg_config_path_multiarch.sh'
[1.765s] Level 1:colcon.colcon_core.environment:create_environment_scripts_only(stage)
[1.776s] DEBUG:colcon.colcon_core.event_handler.log_command:Invoked command in '/home/mateozc/Diplomado/Lab2/build/stage' returned '0': DEBUGINFOD_URLS=https://debuginfod.ubuntu.com /usr/bin/cmake --install /home/mateozc/Diplomado/Lab2/build/stage
[1.779s] Level 1:colcon.colcon_core.environment:checking '/home/mateozc/Diplomado/Lab2/install/stage' for CMake module files
[1.780s] Level 1:colcon.colcon_core.environment:checking '/home/mateozc/Diplomado/Lab2/install/stage' for CMake config files
[1.782s] Level 1:colcon.colcon_core.shell:create_environment_hook('stage', 'cmake_prefix_path')
[1.782s] INFO:colcon.colcon_core.shell:Creating environment hook '/home/mateozc/Diplomado/Lab2/install/stage/share/stage/hook/cmake_prefix_path.ps1'
[1.783s] INFO:colcon.colcon_core.shell:Creating environment descriptor '/home/mateozc/Diplomado/Lab2/install/stage/share/stage/hook/cmake_prefix_path.dsv'
[1.784s] INFO:colcon.colcon_core.shell:Creating environment hook '/home/mateozc/Diplomado/Lab2/install/stage/share/stage/hook/cmake_prefix_path.sh'
[1.786s] Level 1:colcon.colcon_core.environment:checking '/home/mateozc/Diplomado/Lab2/install/stage/lib'
[1.811s] Level 1:colcon.colcon_core.shell:create_environment_hook('stage', 'ld_library_path_lib')
[1.812s] INFO:colcon.colcon_core.shell:Creating environment hook '/home/mateozc/Diplomado/Lab2/install/stage/share/stage/hook/ld_library_path_lib.ps1'
[1.813s] INFO:colcon.colcon_core.shell:Creating environment descriptor '/home/mateozc/Diplomado/Lab2/install/stage/share/stage/hook/ld_library_path_lib.dsv'
[1.814s] INFO:colcon.colcon_core.shell:Creating environment hook '/home/mateozc/Diplomado/Lab2/install/stage/share/stage/hook/ld_library_path_lib.sh'
[1.816s] Level 1:colcon.colcon_core.environment:checking '/home/mateozc/Diplomado/Lab2/install/stage/bin'
[1.816s] Level 1:colcon.colcon_core.shell:create_environment_hook('stage', 'path')
[1.816s] INFO:colcon.colcon_core.shell:Creating environment hook '/home/mateozc/Diplomado/Lab2/install/stage/share/stage/hook/path.ps1'
[1.818s] INFO:colcon.colcon_core.shell:Creating environment descriptor '/home/mateozc/Diplomado/Lab2/install/stage/share/stage/hook/path.dsv'
[1.819s] INFO:colcon.colcon_core.shell:Creating environment hook '/home/mateozc/Diplomado/Lab2/install/stage/share/stage/hook/path.sh'
[1.820s] Level 1:colcon.colcon_core.environment:checking '/home/mateozc/Diplomado/Lab2/install/stage/lib/pkgconfig/stage.pc'
[1.820s] Level 1:colcon.colcon_core.shell:create_environment_hook('stage', 'pkg_config')
[1.821s] INFO:colcon.colcon_core.shell:Creating environment hook '/home/mateozc/Diplomado/Lab2/install/stage/share/stage/hook/pkg_config.ps1'
[1.822s] INFO:colcon.colcon_core.shell:Creating environment descriptor '/home/mateozc/Diplomado/Lab2/install/stage/share/stage/hook/pkg_config.dsv'
[1.823s] INFO:colcon.colcon_core.shell:Creating environment hook '/home/mateozc/Diplomado/Lab2/install/stage/share/stage/hook/pkg_config.sh'
[1.825s] Level 1:colcon.colcon_core.environment:checking '/home/mateozc/Diplomado/Lab2/install/stage/lib/python3.12/site-packages'
[1.825s] Level 1:colcon.colcon_core.environment:checking '/home/mateozc/Diplomado/Lab2/install/stage/bin'
[1.826s] Level 1:colcon.colcon_core.shell:create_environment_hook('stage', 'pythonscriptspath')
[1.826s] INFO:colcon.colcon_core.shell:Creating environment hook '/home/mateozc/Diplomado/Lab2/install/stage/share/stage/hook/pythonscriptspath.ps1'
[1.828s] INFO:colcon.colcon_core.shell:Creating environment descriptor '/home/mateozc/Diplomado/Lab2/install/stage/share/stage/hook/pythonscriptspath.dsv'
[1.829s] INFO:colcon.colcon_core.shell:Creating environment hook '/home/mateozc/Diplomado/Lab2/install/stage/share/stage/hook/pythonscriptspath.sh'
[1.832s] INFO:colcon.colcon_core.shell:Creating package script '/home/mateozc/Diplomado/Lab2/install/stage/share/stage/package.ps1'
[1.836s] INFO:colcon.colcon_core.shell:Creating package descriptor '/home/mateozc/Diplomado/Lab2/install/stage/share/stage/package.dsv'
[1.839s] INFO:colcon.colcon_core.shell:Creating package script '/home/mateozc/Diplomado/Lab2/install/stage/share/stage/package.sh'
[1.842s] INFO:colcon.colcon_core.shell:Creating package script '/home/mateozc/Diplomado/Lab2/install/stage/share/stage/package.bash'
[1.845s] INFO:colcon.colcon_core.shell:Creating package script '/home/mateozc/Diplomado/Lab2/install/stage/share/stage/package.zsh'
[1.847s] Level 1:colcon.colcon_core.environment:create_file_with_runtime_dependencies(/home/mateozc/Diplomado/Lab2/install/stage/share/colcon-core/packages/stage)
[1.848s] INFO:colcon.colcon_ros.task.ament_cmake.build:Building ROS package in '/home/mateozc/Diplomado/Lab2/src/stage_ros2' with build type 'ament_cmake'
[1.848s] INFO:colcon.colcon_cmake.task.cmake.build:Building CMake package in '/home/mateozc/Diplomado/Lab2/src/stage_ros2'
[1.849s] INFO:colcon.colcon_core.shell:Skip shell extension 'powershell' for command environment: Not usable outside of PowerShell
[1.849s] DEBUG:colcon.colcon_core.shell:Skip shell extension 'dsv' for command environment
[1.890s] DEBUG:colcon.colcon_core.event_handler.log_command:Invoking command in '/home/mateozc/Diplomado/Lab2/build/stage_ros2': CMAKE_PREFIX_PATH=/home/mateozc/Diplomado/Lab2/install/dqn_robot_nav:/opt/ros/jazzy:/home/mateozc/Diplomado/Lab2/install/stage:/home/mateozc/Diplomado/Lab2/install/stage_ros2:/opt/ros/jazzy/opt/gz_sim_vendor:/opt/ros/jazzy/opt/gz_sensors_vendor:/opt/ros/jazzy/opt/gz_physics_vendor:/opt/ros/jazzy/opt/sdformat_vendor:/opt/ros/jazzy/opt/gz_gui_vendor:/opt/ros/jazzy/opt/gz_transport_vendor:/opt/ros/jazzy/opt/gz_rendering_vendor:/opt/ros/jazzy/opt/gz_plugin_vendor:/opt/ros/jazzy/opt/gz_fuel_tools_vendor:/opt/ros/jazzy/opt/gz_msgs_vendor:/opt/ros/jazzy/opt/gz_common_vendor:/opt/ros/jazzy/opt/gz_math_vendor:/opt/ros/jazzy/opt/gz_utils_vendor:/opt/ros/jazzy/opt/gz_tools_vendor:/opt/ros/jazzy/opt/gz_ogre_next_vendor:/opt/ros/jazzy/opt/gz_dartsim_vendor:/opt/ros/jazzy/opt/gz_cmake_vendor DEBUGINFOD_URLS=https://debuginfod.ubuntu.com LD_LIBRARY_PATH=/home/mateozc/Diplomado/Lab2/install/stage/lib:/home/mateozc/Diplomado/Lab2/install/stage_ros2/lib:/opt/ros/jazzy/opt/gz_sim_vendor/lib:/opt/ros/jazzy/opt/gz_sensors_vendor/lib:/opt/ros/jazzy/opt/gz_physics_vendor/lib:/opt/ros/jazzy/opt/sdformat_vendor/lib:/opt/ros/jazzy/opt/rviz_ogre_vendor/lib:/opt/ros/jazzy/lib/x86_64-linux-gnu:/opt/ros/jazzy/opt/gz_gui_vendor/lib:/opt/ros/jazzy/opt/gz_transport_vendor/lib:/opt/ros/jazzy/opt/gz_rendering_vendor/lib:/opt/ros/jazzy/opt/gz_plugin_vendor/lib:/opt/ros/jazzy/opt/gz_fuel_tools_vendor/lib:/opt/ros/jazzy/opt/gz_msgs_vendor/lib:/opt/ros/jazzy/opt/gz_common_vendor/lib:/opt/ros/jazzy/opt/gz_math_vendor/lib:/opt/ros/jazzy/opt/gz_utils_vendor/lib:/opt/ros/jazzy/opt/gz_tools_vendor/lib:/opt/ros/jazzy/opt/gz_ogre_next_vendor/lib:/opt/ros/jazzy/opt/gz_dartsim_vendor/lib:/opt/ros/jazzy/opt/gz_cmake_vendor/lib:/opt/ros/jazzy/lib /usr/bin/cmake --build /home/mateozc/Diplomado/Lab2/build/stage_ros2 -- -j4 -l4
[2.195s] DEBUG:colcon.colcon_core.event_handler.log_command:Invoked command in '/home/mateozc/Diplomado/Lab2/build/stage_ros2' returned '0': CMAKE_PREFIX_PATH=/home/mateozc/Diplomado/Lab2/install/dqn_robot_nav:/opt/ros/jazzy:/home/mateozc/Diplomado/Lab2/install/stage:/home/mateozc/Diplomado/Lab2/install/stage_ros2:/opt/ros/jazzy/opt/gz_sim_vendor:/opt/ros/jazzy/opt/gz_sensors_vendor:/opt/ros/jazzy/opt/gz_physics_vendor:/opt/ros/jazzy/opt/sdformat_vendor:/opt/ros/jazzy/opt/gz_gui_vendor:/opt/ros/jazzy/opt/gz_transport_vendor:/opt/ros/jazzy/opt/gz_rendering_vendor:/opt/ros/jazzy/opt/gz_plugin_vendor:/opt/ros/jazzy/opt/gz_fuel_tools_vendor:/opt/ros/jazzy/opt/gz_msgs_vendor:/opt/ros/jazzy/opt/gz_common_vendor:/opt/ros/jazzy/opt/gz_math_vendor:/opt/ros/jazzy/opt/gz_utils_vendor:/opt/ros/jazzy/opt/gz_tools_vendor:/opt/ros/jazzy/opt/gz_ogre_next_vendor:/opt/ros/jazzy/opt/gz_dartsim_vendor:/opt/ros/jazzy/opt/gz_cmake_vendor DEBUGINFOD_URLS=https://debuginfod.ubuntu.com LD_LIBRARY_PATH=/home/mateozc/Diplomado/Lab2/install/stage/lib:/home/mateozc/Diplomado/Lab2/install/stage_ros2/lib:/opt/ros/jazzy/opt/gz_sim_vendor/lib:/opt/ros/jazzy/opt/gz_sensors_vendor/lib:/opt/ros/jazzy/opt/gz_physics_vendor/lib:/opt/ros/jazzy/opt/sdformat_vendor/lib:/opt/ros/jazzy/opt/rviz_ogre_vendor/lib:/opt/ros/jazzy/lib/x86_64-linux-gnu:/opt/ros/jazzy/opt/gz_gui_vendor/lib:/opt/ros/jazzy/opt/gz_transport_vendor/lib:/opt/ros/jazzy/opt/gz_rendering_vendor/lib:/opt/ros/jazzy/opt/gz_plugin_vendor/lib:/opt/ros/jazzy/opt/gz_fuel_tools_vendor/lib:/opt/ros/jazzy/opt/gz_msgs_vendor/lib:/opt/ros/jazzy/opt/gz_common_vendor/lib:/opt/ros/jazzy/opt/gz_math_vendor/lib:/opt/ros/jazzy/opt/gz_utils_vendor/lib:/opt/ros/jazzy/opt/gz_tools_vendor/lib:/opt/ros/jazzy/opt/gz_ogre_next_vendor/lib:/opt/ros/jazzy/opt/gz_dartsim_vendor/lib:/opt/ros/jazzy/opt/gz_cmake_vendor/lib:/opt/ros/jazzy/lib /usr/bin/cmake --build /home/mateozc/Diplomado/Lab2/build/stage_ros2 -- -j4 -l4
[2.200s] DEBUG:colcon.colcon_core.event_handler.log_command:Invoking command in '/home/mateozc/Diplomado/Lab2/build/stage_ros2': CMAKE_PREFIX_PATH=/home/mateozc/Diplomado/Lab2/install/dqn_robot_nav:/opt/ros/jazzy:/home/mateozc/Diplomado/Lab2/install/stage:/home/mateozc/Diplomado/Lab2/install/stage_ros2:/opt/ros/jazzy/opt/gz_sim_vendor:/opt/ros/jazzy/opt/gz_sensors_vendor:/opt/ros/jazzy/opt/gz_physics_vendor:/opt/ros/jazzy/opt/sdformat_vendor:/opt/ros/jazzy/opt/gz_gui_vendor:/opt/ros/jazzy/opt/gz_transport_vendor:/opt/ros/jazzy/opt/gz_rendering_vendor:/opt/ros/jazzy/opt/gz_plugin_vendor:/opt/ros/jazzy/opt/gz_fuel_tools_vendor:/opt/ros/jazzy/opt/gz_msgs_vendor:/opt/ros/jazzy/opt/gz_common_vendor:/opt/ros/jazzy/opt/gz_math_vendor:/opt/ros/jazzy/opt/gz_utils_vendor:/opt/ros/jazzy/opt/gz_tools_vendor:/opt/ros/jazzy/opt/gz_ogre_next_vendor:/opt/ros/jazzy/opt/gz_dartsim_vendor:/opt/ros/jazzy/opt/gz_cmake_vendor DEBUGINFOD_URLS=https://debuginfod.ubuntu.com LD_LIBRARY_PATH=/home/mateozc/Diplomado/Lab2/install/stage/lib:/home/mateozc/Diplomado/Lab2/install/stage_ros2/lib:/opt/ros/jazzy/opt/gz_sim_vendor/lib:/opt/ros/jazzy/opt/gz_sensors_vendor/lib:/opt/ros/jazzy/opt/gz_physics_vendor/lib:/opt/ros/jazzy/opt/sdformat_vendor/lib:/opt/ros/jazzy/opt/rviz_ogre_vendor/lib:/opt/ros/jazzy/lib/x86_64-linux-gnu:/opt/ros/jazzy/opt/gz_gui_vendor/lib:/opt/ros/jazzy/opt/gz_transport_vendor/lib:/opt/ros/jazzy/opt/gz_rendering_vendor/lib:/opt/ros/jazzy/opt/gz_plugin_vendor/lib:/opt/ros/jazzy/opt/gz_fuel_tools_vendor/lib:/opt/ros/jazzy/opt/gz_msgs_vendor/lib:/opt/ros/jazzy/opt/gz_common_vendor/lib:/opt/ros/jazzy/opt/gz_math_vendor/lib:/opt/ros/jazzy/opt/gz_utils_vendor/lib:/opt/ros/jazzy/opt/gz_tools_vendor/lib:/opt/ros/jazzy/opt/gz_ogre_next_vendor/lib:/opt/ros/jazzy/opt/gz_dartsim_vendor/lib:/opt/ros/jazzy/opt/gz_cmake_vendor/lib:/opt/ros/jazzy/lib /usr/bin/cmake --install /home/mateozc/Diplomado/Lab2/build/stage_ros2
[2.292s] Level 1:colcon.colcon_core.environment:create_environment_scripts_only(stage_ros2)
[2.293s] Level 1:colcon.colcon_core.environment:checking '/home/mateozc/Diplomado/Lab2/install/stage_ros2' for CMake module files
[2.295s] DEBUG:colcon.colcon_core.event_handler.log_command:Invoked command in '/home/mateozc/Diplomado/Lab2/build/stage_ros2' returned '0': CMAKE_PREFIX_PATH=/home/mateozc/Diplomado/Lab2/install/dqn_robot_nav:/opt/ros/jazzy:/home/mateozc/Diplomado/Lab2/install/stage:/home/mateozc/Diplomado/Lab2/install/stage_ros2:/opt/ros/jazzy/opt/gz_sim_vendor:/opt/ros/jazzy/opt/gz_sensors_vendor:/opt/ros/jazzy/opt/gz_physics_vendor:/opt/ros/jazzy/opt/sdformat_vendor:/opt/ros/jazzy/opt/gz_gui_vendor:/opt/ros/jazzy/opt/gz_transport_vendor:/opt/ros/jazzy/opt/gz_rendering_vendor:/opt/ros/jazzy/opt/gz_plugin_vendor:/opt/ros/jazzy/opt/gz_fuel_tools_vendor:/opt/ros/jazzy/opt/gz_msgs_vendor:/opt/ros/jazzy/opt/gz_common_vendor:/opt/ros/jazzy/opt/gz_math_vendor:/opt/ros/jazzy/opt/gz_utils_vendor:/opt/ros/jazzy/opt/gz_tools_vendor:/opt/ros/jazzy/opt/gz_ogre_next_vendor:/opt/ros/jazzy/opt/gz_dartsim_vendor:/opt/ros/jazzy/opt/gz_cmake_vendor DEBUGINFOD_URLS=https://debuginfod.ubuntu.com LD_LIBRARY_PATH=/home/mateozc/Diplomado/Lab2/install/stage/lib:/home/mateozc/Diplomado/Lab2/install/stage_ros2/lib:/opt/ros/jazzy/opt/gz_sim_vendor/lib:/opt/ros/jazzy/opt/gz_sensors_vendor/lib:/opt/ros/jazzy/opt/gz_physics_vendor/lib:/opt/ros/jazzy/opt/sdformat_vendor/lib:/opt/ros/jazzy/opt/rviz_ogre_vendor/lib:/opt/ros/jazzy/lib/x86_64-linux-gnu:/opt/ros/jazzy/opt/gz_gui_vendor/lib:/opt/ros/jazzy/opt/gz_transport_vendor/lib:/opt/ros/jazzy/opt/gz_rendering_vendor/lib:/opt/ros/jazzy/opt/gz_plugin_vendor/lib:/opt/ros/jazzy/opt/gz_fuel_tools_vendor/lib:/opt/ros/jazzy/opt/gz_msgs_vendor/lib:/opt/ros/jazzy/opt/gz_common_vendor/lib:/opt/ros/jazzy/opt/gz_math_vendor/lib:/opt/ros/jazzy/opt/gz_utils_vendor/lib:/opt/ros/jazzy/opt/gz_tools_vendor/lib:/opt/ros/jazzy/opt/gz_ogre_next_vendor/lib:/opt/ros/jazzy/opt/gz_dartsim_vendor/lib:/opt/ros/jazzy/opt/gz_cmake_vendor/lib:/opt/ros/jazzy/lib /usr/bin/cmake --install /home/mateozc/Diplomado/Lab2/build/stage_ros2
[2.296s] Level 1:colcon.colcon_core.environment:checking '/home/mateozc/Diplomado/Lab2/install/stage_ros2' for CMake config files
[2.297s] Level 1:colcon.colcon_core.shell:create_environment_hook('stage_ros2', 'cmake_prefix_path')
[2.297s] INFO:colcon.colcon_core.shell:Creating environment hook '/home/mateozc/Diplomado/Lab2/install/stage_ros2/share/stage_ros2/hook/cmake_prefix_path.ps1'
[2.298s] INFO:colcon.colcon_core.shell:Creating environment descriptor '/home/mateozc/Diplomado/Lab2/install/stage_ros2/share/stage_ros2/hook/cmake_prefix_path.dsv'
[2.299s] INFO:colcon.colcon_core.shell:Creating environment hook '/home/mateozc/Diplomado/Lab2/install/stage_ros2/share/stage_ros2/hook/cmake_prefix_path.sh'
[2.300s] Level 1:colcon.colcon_core.environment:checking '/home/mateozc/Diplomado/Lab2/install/stage_ros2/lib'
[2.301s] Level 1:colcon.colcon_core.shell:create_environment_hook('stage_ros2', 'ld_library_path_lib')
[2.301s] INFO:colcon.colcon_core.shell:Creating environment hook '/home/mateozc/Diplomado/Lab2/install/stage_ros2/share/stage_ros2/hook/ld_library_path_lib.ps1'
[2.302s] INFO:colcon.colcon_core.shell:Creating environment descriptor '/home/mateozc/Diplomado/Lab2/install/stage_ros2/share/stage_ros2/hook/ld_library_path_lib.dsv'
[2.302s] INFO:colcon.colcon_core.shell:Creating environment hook '/home/mateozc/Diplomado/Lab2/install/stage_ros2/share/stage_ros2/hook/ld_library_path_lib.sh'
[2.303s] Level 1:colcon.colcon_core.environment:checking '/home/mateozc/Diplomado/Lab2/install/stage_ros2/bin'
[2.303s] Level 1:colcon.colcon_core.environment:checking '/home/mateozc/Diplomado/Lab2/install/stage_ros2/lib/pkgconfig/stage_ros2.pc'
[2.304s] Level 1:colcon.colcon_core.environment:checking '/home/mateozc/Diplomado/Lab2/install/stage_ros2/lib/python3.12/site-packages'
[2.304s] Level 1:colcon.colcon_core.environment:checking '/home/mateozc/Diplomado/Lab2/install/stage_ros2/bin'
[2.305s] INFO:colcon.colcon_core.shell:Creating package script '/home/mateozc/Diplomado/Lab2/install/stage_ros2/share/stage_ros2/package.ps1'
[2.306s] INFO:colcon.colcon_core.shell:Creating package descriptor '/home/mateozc/Diplomado/Lab2/install/stage_ros2/share/stage_ros2/package.dsv'
[2.307s] INFO:colcon.colcon_core.shell:Creating package script '/home/mateozc/Diplomado/Lab2/install/stage_ros2/share/stage_ros2/package.sh'
[2.308s] INFO:colcon.colcon_core.shell:Creating package script '/home/mateozc/Diplomado/Lab2/install/stage_ros2/share/stage_ros2/package.bash'
[2.308s] INFO:colcon.colcon_core.shell:Creating package script '/home/mateozc/Diplomado/Lab2/install/stage_ros2/share/stage_ros2/package.zsh'
[2.309s] Level 1:colcon.colcon_core.environment:create_file_with_runtime_dependencies(/home/mateozc/Diplomado/Lab2/install/stage_ros2/share/colcon-core/packages/stage_ros2)
[2.310s] Level 1:colcon.colcon_core.environment:create_environment_scripts_only(stage_ros2)
[2.311s] Level 1:colcon.colcon_core.environment:checking '/home/mateozc/Diplomado/Lab2/install/stage_ros2' for CMake module files
[2.312s] Level 1:colcon.colcon_core.environment:checking '/home/mateozc/Diplomado/Lab2/install/stage_ros2' for CMake config files
[2.313s] Level 1:colcon.colcon_core.shell:create_environment_hook('stage_ros2', 'cmake_prefix_path')
[2.314s] INFO:colcon.colcon_core.shell:Creating environment hook '/home/mateozc/Diplomado/Lab2/install/stage_ros2/share/stage_ros2/hook/cmake_prefix_path.ps1'
[2.315s] INFO:colcon.colcon_core.shell:Creating environment descriptor '/home/mateozc/Diplomado/Lab2/install/stage_ros2/share/stage_ros2/hook/cmake_prefix_path.dsv'
[2.316s] INFO:colcon.colcon_core.shell:Creating environment hook '/home/mateozc/Diplomado/Lab2/install/stage_ros2/share/stage_ros2/hook/cmake_prefix_path.sh'
[2.317s] Level 1:colcon.colcon_core.environment:checking '/home/mateozc/Diplomado/Lab2/install/stage_ros2/lib'
[2.317s] Level 1:colcon.colcon_core.shell:create_environment_hook('stage_ros2', 'ld_library_path_lib')
[2.317s] INFO:colcon.colcon_core.shell:Creating environment hook '/home/mateozc/Diplomado/Lab2/install/stage_ros2/share/stage_ros2/hook/ld_library_path_lib.ps1'
[2.318s] INFO:colcon.colcon_core.shell:Creating environment descriptor '/home/mateozc/Diplomado/Lab2/install/stage_ros2/share/stage_ros2/hook/ld_library_path_lib.dsv'
[2.319s] INFO:colcon.colcon_core.shell:Creating environment hook '/home/mateozc/Diplomado/Lab2/install/stage_ros2/share/stage_ros2/hook/ld_library_path_lib.sh'
[2.320s] Level 1:colcon.colcon_core.environment:checking '/home/mateozc/Diplomado/Lab2/install/stage_ros2/bin'
[2.320s] Level 1:colcon.colcon_core.environment:checking '/home/mateozc/Diplomado/Lab2/install/stage_ros2/lib/pkgconfig/stage_ros2.pc'
[2.320s] Level 1:colcon.colcon_core.environment:checking '/home/mateozc/Diplomado/Lab2/install/stage_ros2/lib/python3.12/site-packages'
[2.321s] Level 1:colcon.colcon_core.environment:checking '/home/mateozc/Diplomado/Lab2/install/stage_ros2/bin'
[2.322s] INFO:colcon.colcon_core.shell:Creating package script '/home/mateozc/Diplomado/Lab2/install/stage_ros2/share/stage_ros2/package.ps1'
[2.323s] INFO:colcon.colcon_core.shell:Creating package descriptor '/home/mateozc/Diplomado/Lab2/install/stage_ros2/share/stage_ros2/package.dsv'
[2.325s] INFO:colcon.colcon_core.shell:Creating package script '/home/mateozc/Diplomado/Lab2/install/stage_ros2/share/stage_ros2/package.sh'
[2.327s] INFO:colcon.colcon_core.shell:Creating package script '/home/mateozc/Diplomado/Lab2/install/stage_ros2/share/stage_ros2/package.bash'
[2.328s] INFO:colcon.colcon_core.shell:Creating package script '/home/mateozc/Diplomado/Lab2/install/stage_ros2/share/stage_ros2/package.zsh'
[2.329s] Level 1:colcon.colcon_core.environment:create_file_with_runtime_dependencies(/home/mateozc/Diplomado/Lab2/install/stage_ros2/share/colcon-core/packages/stage_ros2)
[3.485s] DEBUG:colcon.colcon_core.event_handler.log_command:Invoking command in '/home/mateozc/Diplomado/Lab2/build/dqn_robot_nav': DEBUGINFOD_URLS=https://debuginfod.ubuntu.com PYTHONPATH=/home/mateozc/Diplomado/Lab2/build/dqn_robot_nav/prefix_override:/usr/lib/python3/dist-packages/colcon_core/task/python/colcon_distutils_commands:/home/mateozc/Diplomado/Lab2/install/dqn_robot_nav/lib/python3.12/site-packages:${PYTHONPATH} /usr/bin/python3 -W ignore:setup.py install is deprecated -W ignore:easy_install command is deprecated setup.py develop --editable --build-directory /home/mateozc/Diplomado/Lab2/build/dqn_robot_nav/build --no-deps symlink_data
[5.453s] Level 1:colcon.colcon_core.shell:create_environment_hook('dqn_robot_nav', 'pythonpath_develop')
[5.454s] INFO:colcon.colcon_core.shell:Creating environment hook '/home/mateozc/Diplomado/Lab2/build/dqn_robot_nav/share/dqn_robot_nav/hook/pythonpath_develop.ps1'
[5.455s] DEBUG:colcon.colcon_core.event_handler.log_command:Invoked command in '/home/mateozc/Diplomado/Lab2/build/dqn_robot_nav' returned '0': DEBUGINFOD_URLS=https://debuginfod.ubuntu.com PYTHONPATH=/home/mateozc/Diplomado/Lab2/build/dqn_robot_nav/prefix_override:/usr/lib/python3/dist-packages/colcon_core/task/python/colcon_distutils_commands:/home/mateozc/Diplomado/Lab2/install/dqn_robot_nav/lib/python3.12/site-packages:${PYTHONPATH} /usr/bin/python3 -W ignore:setup.py install is deprecated -W ignore:easy_install command is deprecated setup.py develop --editable --build-directory /home/mateozc/Diplomado/Lab2/build/dqn_robot_nav/build --no-deps symlink_data
[5.456s] INFO:colcon.colcon_core.shell:Creating environment descriptor '/home/mateozc/Diplomado/Lab2/build/dqn_robot_nav/share/dqn_robot_nav/hook/pythonpath_develop.dsv'
[5.458s] INFO:colcon.colcon_core.shell:Creating environment hook '/home/mateozc/Diplomado/Lab2/build/dqn_robot_nav/share/dqn_robot_nav/hook/pythonpath_develop.sh'
[5.459s] Level 1:colcon.colcon_core.environment:checking '/home/mateozc/Diplomado/Lab2/install/dqn_robot_nav' for CMake module files
[5.461s] Level 1:colcon.colcon_core.environment:checking '/home/mateozc/Diplomado/Lab2/install/dqn_robot_nav' for CMake config files
[5.462s] Level 1:colcon.colcon_core.environment:checking '/home/mateozc/Diplomado/Lab2/install/dqn_robot_nav/lib'
[5.463s] Level 1:colcon.colcon_core.environment:checking '/home/mateozc/Diplomado/Lab2/install/dqn_robot_nav/bin'
[5.463s] Level 1:colcon.colcon_core.environment:checking '/home/mateozc/Diplomado/Lab2/install/dqn_robot_nav/lib/pkgconfig/dqn_robot_nav.pc'
[5.464s] Level 1:colcon.colcon_core.environment:checking '/home/mateozc/Diplomado/Lab2/install/dqn_robot_nav/lib/python3.12/site-packages'
[5.464s] Level 1:colcon.colcon_core.shell:create_environment_hook('dqn_robot_nav', 'pythonpath')
[5.465s] INFO:colcon.colcon_core.shell:Creating environment hook '/home/mateozc/Diplomado/Lab2/install/dqn_robot_nav/share/dqn_robot_nav/hook/pythonpath.ps1'
[5.466s] INFO:colcon.colcon_core.shell:Creating environment descriptor '/home/mateozc/Diplomado/Lab2/install/dqn_robot_nav/share/dqn_robot_nav/hook/pythonpath.dsv'
[5.467s] INFO:colcon.colcon_core.shell:Creating environment hook '/home/mateozc/Diplomado/Lab2/install/dqn_robot_nav/share/dqn_robot_nav/hook/pythonpath.sh'
[5.468s] Level 1:colcon.colcon_core.environment:checking '/home/mateozc/Diplomado/Lab2/install/dqn_robot_nav/bin'
[5.469s] Level 1:colcon.colcon_core.environment:create_environment_scripts_only(dqn_robot_nav)
[5.469s] INFO:colcon.colcon_core.shell:Creating package script '/home/mateozc/Diplomado/Lab2/install/dqn_robot_nav/share/dqn_robot_nav/package.ps1'
[5.471s] INFO:colcon.colcon_core.shell:Creating package descriptor '/home/mateozc/Diplomado/Lab2/install/dqn_robot_nav/share/dqn_robot_nav/package.dsv'
[5.472s] INFO:colcon.colcon_core.shell:Creating package script '/home/mateozc/Diplomado/Lab2/install/dqn_robot_nav/share/dqn_robot_nav/package.sh'
[5.474s] INFO:colcon.colcon_core.shell:Creating package script '/home/mateozc/Diplomado/Lab2/install/dqn_robot_nav/share/dqn_robot_nav/package.bash'
[5.475s] INFO:colcon.colcon_core.shell:Creating package script '/home/mateozc/Diplomado/Lab2/install/dqn_robot_nav/share/dqn_robot_nav/package.zsh'
[5.476s] Level 1:colcon.colcon_core.environment:create_file_with_runtime_dependencies(/home/mateozc/Diplomado/Lab2/install/dqn_robot_nav/share/colcon-core/packages/dqn_robot_nav)
[5.477s] DEBUG:colcon.colcon_parallel_executor.executor.parallel:closing loop
[5.477s] DEBUG:colcon.colcon_parallel_executor.executor.parallel:loop closed
[5.478s] DEBUG:colcon.colcon_parallel_executor.executor.parallel:run_until_complete finished with '0'
[5.478s] DEBUG:colcon.colcon_core.event_reactor:joining thread
[5.500s] INFO:colcon.colcon_core.plugin_system:Skipping extension 'colcon_notification.desktop_notification.terminal_notifier': Not used on non-Darwin systems
[5.501s] INFO:colcon.colcon_core.plugin_system:Skipping extension 'colcon_notification.desktop_notification.win32': Not used on non-Windows systems
[5.501s] INFO:colcon.colcon_notification.desktop_notification:Sending desktop notification using 'notify2'
[5.532s] DEBUG:colcon.colcon_core.event_reactor:joined thread
[5.533s] INFO:colcon.colcon_core.shell:Creating prefix script '/home/mateozc/Diplomado/Lab2/install/local_setup.ps1'
[5.536s] INFO:colcon.colcon_core.shell:Creating prefix util module '/home/mateozc/Diplomado/Lab2/install/_local_setup_util_ps1.py'
[5.542s] INFO:colcon.colcon_core.shell:Creating prefix chain script '/home/mateozc/Diplomado/Lab2/install/setup.ps1'
[5.547s] INFO:colcon.colcon_core.shell:Creating prefix script '/home/mateozc/Diplomado/Lab2/install/local_setup.sh'
[5.550s] INFO:colcon.colcon_core.shell:Creating prefix util module '/home/mateozc/Diplomado/Lab2/install/_local_setup_util_sh.py'
[5.553s] INFO:colcon.colcon_core.shell:Creating prefix chain script '/home/mateozc/Diplomado/Lab2/install/setup.sh'
[5.556s] INFO:colcon.colcon_core.shell:Creating prefix script '/home/mateozc/Diplomado/Lab2/install/local_setup.bash'
[5.558s] INFO:colcon.colcon_core.shell:Creating prefix chain script '/home/mateozc/Diplomado/Lab2/install/setup.bash'
[5.561s] INFO:colcon.colcon_core.shell:Creating prefix script '/home/mateozc/Diplomado/Lab2/install/local_setup.zsh'
[5.562s] INFO:colcon.colcon_core.shell:Creating prefix chain script '/home/mateozc/Diplomado/Lab2/install/setup.zsh'
