/home/mateozc/Diplomado/Lab2/install/dqn_robot_nav/lib/python3.12/site-packages/dqn_robot_nav/test_node.py
/home/mateozc/Diplomado/Lab2/install/dqn_robot_nav/lib/python3.12/site-packages/dqn_robot_nav/environment_1.py
/home/mateozc/Diplomado/Lab2/install/dqn_robot_nav/lib/python3.12/site-packages/dqn_robot_nav/__init__.py
/home/mateozc/Diplomado/Lab2/install/dqn_robot_nav/lib/python3.12/site-packages/dqn_robot_nav/state_processor.py
/home/mateozc/Diplomado/Lab2/install/dqn_robot_nav/lib/python3.12/site-packages/dqn_robot_nav/train_node.py
/home/mateozc/Diplomado/Lab2/install/dqn_robot_nav/lib/python3.12/site-packages/dqn_robot_nav/reset_stage.py
/home/mateozc/Diplomado/Lab2/install/dqn_robot_nav/lib/python3.12/site-packages/dqn_robot_nav/environment.py
/home/mateozc/Diplomado/Lab2/install/dqn_robot_nav/lib/python3.12/site-packages/dqn_robot_nav/reconstruct_history.py
/home/mateozc/Diplomado/Lab2/install/dqn_robot_nav/lib/python3.12/site-packages/dqn_robot_nav/dqn_agent.py
/home/mateozc/Diplomado/Lab2/install/dqn_robot_nav/lib/python3.12/site-packages/dqn_robot_nav/__pycache__/test_node.cpython-312.pyc
/home/mateozc/Diplomado/Lab2/install/dqn_robot_nav/lib/python3.12/site-packages/dqn_robot_nav/__pycache__/environment_1.cpython-312.pyc
/home/mateozc/Diplomado/Lab2/install/dqn_robot_nav/lib/python3.12/site-packages/dqn_robot_nav/__pycache__/__init__.cpython-312.pyc
/home/mateozc/Diplomado/Lab2/install/dqn_robot_nav/lib/python3.12/site-packages/dqn_robot_nav/__pycache__/state_processor.cpython-312.pyc
/home/mateozc/Diplomado/Lab2/install/dqn_robot_nav/lib/python3.12/site-packages/dqn_robot_nav/__pycache__/train_node.cpython-312.pyc
/home/mateozc/Diplomado/Lab2/install/dqn_robot_nav/lib/python3.12/site-packages/dqn_robot_nav/__pycache__/reset_stage.cpython-312.pyc
/home/mateozc/Diplomado/Lab2/install/dqn_robot_nav/lib/python3.12/site-packages/dqn_robot_nav/__pycache__/environment.cpython-312.pyc
/home/mateozc/Diplomado/Lab2/install/dqn_robot_nav/lib/python3.12/site-packages/dqn_robot_nav/__pycache__/reconstruct_history.cpython-312.pyc
/home/mateozc/Diplomado/Lab2/install/dqn_robot_nav/lib/python3.12/site-packages/dqn_robot_nav/__pycache__/dqn_agent.cpython-312.pyc
/home/mateozc/Diplomado/Lab2/install/dqn_robot_nav/share/ament_index/resource_index/packages/dqn_robot_nav
/home/mateozc/Diplomado/Lab2/install/dqn_robot_nav/share/dqn_robot_nav/package.xml
/home/mateozc/Diplomado/Lab2/install/dqn_robot_nav/share/dqn_robot_nav/launch/generate_graphs.launch.py
/home/mateozc/Diplomado/Lab2/install/dqn_robot_nav/share/dqn_robot_nav/launch/train_env.launch.py
/home/mateozc/Diplomado/Lab2/install/dqn_robot_nav/share/dqn_robot_nav/launch/test_env.launch.py
/home/mateozc/Diplomado/Lab2/install/dqn_robot_nav/lib/python3.12/site-packages/dqn_robot_nav-0.0.0-py3.12.egg-info/zip-safe
/home/mateozc/Diplomado/Lab2/install/dqn_robot_nav/lib/python3.12/site-packages/dqn_robot_nav-0.0.0-py3.12.egg-info/PKG-INFO
/home/mateozc/Diplomado/Lab2/install/dqn_robot_nav/lib/python3.12/site-packages/dqn_robot_nav-0.0.0-py3.12.egg-info/SOURCES.txt
/home/mateozc/Diplomado/Lab2/install/dqn_robot_nav/lib/python3.12/site-packages/dqn_robot_nav-0.0.0-py3.12.egg-info/top_level.txt
/home/mateozc/Diplomado/Lab2/install/dqn_robot_nav/lib/python3.12/site-packages/dqn_robot_nav-0.0.0-py3.12.egg-info/entry_points.txt
/home/mateozc/Diplomado/Lab2/install/dqn_robot_nav/lib/python3.12/site-packages/dqn_robot_nav-0.0.0-py3.12.egg-info/requires.txt
/home/mateozc/Diplomado/Lab2/install/dqn_robot_nav/lib/python3.12/site-packages/dqn_robot_nav-0.0.0-py3.12.egg-info/dependency_links.txt
/home/mateozc/Diplomado/Lab2/install/dqn_robot_nav/lib/dqn_robot_nav/reconstruct_history
/home/mateozc/Diplomado/Lab2/install/dqn_robot_nav/lib/dqn_robot_nav/reset_stage
/home/mateozc/Diplomado/Lab2/install/dqn_robot_nav/lib/dqn_robot_nav/test_node
/home/mateozc/Diplomado/Lab2/install/dqn_robot_nav/lib/dqn_robot_nav/train_node
