[0.158s] Invoking command in '/home/mateozc/Diplomado/Lab2/build/stage': DEBUGINFOD_URLS=https://debuginfod.ubuntu.com /usr/bin/cmake --build /home/mateozc/Diplomado/Lab2/build/stage -- -j4 -l4
[0.840s] [ 57%] Built target stage
[1.371s] [ 61%] Built target fasr
[1.373s] [ 64%] Built target source
[1.414s] [ 67%] Built target stagebinary
[1.496s] [ 71%] Built target sink
[1.821s] [ 74%] Built target pioneer_flocking
[1.835s] [ 77%] Built target wander
[2.036s] [ 81%] Built target rasterize
[2.071s] [ 84%] Built target lasernoise
[2.495s] [ 89%] Built target fasr2
[2.502s] [ 93%] Built target dynamic
[2.716s] [ 96%] Built target expand_swarm
[2.784s] [100%] Built target expand_pioneer
[3.414s] Invoked command in '/home/mateozc/Diplomado/Lab2/build/stage' returned '0': DEBUGINFOD_URLS=https://debuginfod.ubuntu.com /usr/bin/cmake --build /home/mateozc/Diplomado/Lab2/build/stage -- -j4 -l4
[3.555s] Invoking command in '/home/mateozc/Diplomado/Lab2/build/stage': DEBUGINFOD_URLS=https://debuginfod.ubuntu.com /usr/bin/cmake --install /home/mateozc/Diplomado/Lab2/build/stage
[3.652s] -- Install configuration: "RELEASE"
[3.655s] -- Up-to-date: /home/mateozc/Diplomado/Lab2/install/stage/lib/pkgconfig/stage.pc
[3.656s] -- Up-to-date: /home/mateozc/Diplomado/Lab2/install/stage/lib/cmake/Stage/stage-config.cmake
[3.656s] -- Up-to-date: /home/mateozc/Diplomado/Lab2/install/stage/lib/cmake/Stage/stage-config-version.cmake
[3.660s] -- Up-to-date: /home/mateozc/Diplomado/Lab2/install/stage/bin/stage
[3.666s] -- Up-to-date: /home/mateozc/Diplomado/Lab2/install/stage/lib/libstage.so.4.3.0
[3.666s] -- Up-to-date: /home/mateozc/Diplomado/Lab2/install/stage/lib/libstage.so
[3.667s] -- Up-to-date: /home/mateozc/Diplomado/Lab2/install/stage/include/Stage-4.3/stage.hh
[3.674s] -- Up-to-date: /home/mateozc/Diplomado/Lab2/install/stage/lib/Stage-4.3/fasr.so
[3.678s] -- Up-to-date: /home/mateozc/Diplomado/Lab2/install/stage/lib/Stage-4.3/sink.so
[3.681s] -- Up-to-date: /home/mateozc/Diplomado/Lab2/install/stage/lib/Stage-4.3/source.so
[3.685s] -- Up-to-date: /home/mateozc/Diplomado/Lab2/install/stage/lib/Stage-4.3/wander.so
[3.688s] -- Up-to-date: /home/mateozc/Diplomado/Lab2/install/stage/lib/Stage-4.3/pioneer_flocking.so
[3.691s] -- Up-to-date: /home/mateozc/Diplomado/Lab2/install/stage/lib/Stage-4.3/rasterize.so
[3.696s] -- Up-to-date: /home/mateozc/Diplomado/Lab2/install/stage/lib/Stage-4.3/lasernoise.so
[3.701s] -- Up-to-date: /home/mateozc/Diplomado/Lab2/install/stage/lib/Stage-4.3/dynamic.so
[3.706s] -- Up-to-date: /home/mateozc/Diplomado/Lab2/install/stage/lib/Stage-4.3/fasr2.so
[3.711s] -- Up-to-date: /home/mateozc/Diplomado/Lab2/install/stage/share/stage/assets/blue.png
[3.712s] -- Up-to-date: /home/mateozc/Diplomado/Lab2/install/stage/share/stage/assets/death.png
[3.713s] -- Up-to-date: /home/mateozc/Diplomado/Lab2/install/stage/share/stage/assets/green.png
[3.715s] -- Up-to-date: /home/mateozc/Diplomado/Lab2/install/stage/share/stage/assets/logo.png
[3.717s] -- Up-to-date: /home/mateozc/Diplomado/Lab2/install/stage/share/stage/assets/mains.png
[3.718s] -- Up-to-date: /home/mateozc/Diplomado/Lab2/install/stage/share/stage/assets/mainspower.png
[3.720s] -- Up-to-date: /home/mateozc/Diplomado/Lab2/install/stage/share/stage/assets/question_mark.png
[3.721s] -- Up-to-date: /home/mateozc/Diplomado/Lab2/install/stage/share/stage/assets/red.png
[3.722s] -- Up-to-date: /home/mateozc/Diplomado/Lab2/install/stage/share/stage/assets/stagelogo.png
[3.723s] -- Up-to-date: /home/mateozc/Diplomado/Lab2/install/stage/share/stage/assets/stall-old.png
[3.725s] -- Up-to-date: /home/mateozc/Diplomado/Lab2/install/stage/share/stage/assets/stall.png
[3.726s] -- Up-to-date: /home/mateozc/Diplomado/Lab2/install/stage/share/stage/assets/rgb.txt
[3.727s] -- Up-to-date: /home/mateozc/Diplomado/Lab2/install/stage/share/stage/rgb.txt
[3.728s] -- Up-to-date: /home/mateozc/Diplomado/Lab2/install/stage/share/stage/worlds/amcl-sonar.cfg
[3.729s] -- Up-to-date: /home/mateozc/Diplomado/Lab2/install/stage/share/stage/worlds/autolab.cfg
[3.733s] -- Up-to-date: /home/mateozc/Diplomado/Lab2/install/stage/share/stage/worlds/camera.cfg
[3.735s] -- Up-to-date: /home/mateozc/Diplomado/Lab2/install/stage/share/stage/worlds/everything.cfg
[3.737s] -- Up-to-date: /home/mateozc/Diplomado/Lab2/install/stage/share/stage/worlds/lsp_test.cfg
[3.738s] -- Up-to-date: /home/mateozc/Diplomado/Lab2/install/stage/share/stage/worlds/mbicp.cfg
[3.739s] -- Up-to-date: /home/mateozc/Diplomado/Lab2/install/stage/share/stage/worlds/nd.cfg
[3.740s] -- Up-to-date: /home/mateozc/Diplomado/Lab2/install/stage/share/stage/worlds/roomba.cfg
[3.741s] -- Up-to-date: /home/mateozc/Diplomado/Lab2/install/stage/share/stage/worlds/simple.cfg
[3.741s] -- Up-to-date: /home/mateozc/Diplomado/Lab2/install/stage/share/stage/worlds/test.cfg
[3.742s] -- Up-to-date: /home/mateozc/Diplomado/Lab2/install/stage/share/stage/worlds/uoa_robotics_lab.cfg
[3.743s] -- Up-to-date: /home/mateozc/Diplomado/Lab2/install/stage/share/stage/worlds/vfh.cfg
[3.743s] -- Up-to-date: /home/mateozc/Diplomado/Lab2/install/stage/share/stage/worlds/wavefront-remote.cfg
[3.744s] -- Up-to-date: /home/mateozc/Diplomado/Lab2/install/stage/share/stage/worlds/wavefront.cfg
[3.745s] -- Up-to-date: /home/mateozc/Diplomado/Lab2/install/stage/share/stage/worlds/wifi.cfg
[3.745s] -- Up-to-date: /home/mateozc/Diplomado/Lab2/install/stage/share/stage/worlds/SFU.world
[3.746s] -- Up-to-date: /home/mateozc/Diplomado/Lab2/install/stage/share/stage/worlds/autolab.world
[3.747s] -- Up-to-date: /home/mateozc/Diplomado/Lab2/install/stage/share/stage/worlds/camera.world
[3.747s] -- Up-to-date: /home/mateozc/Diplomado/Lab2/install/stage/share/stage/worlds/circuit.world
[3.748s] -- Up-to-date: /home/mateozc/Diplomado/Lab2/install/stage/share/stage/worlds/everything.world
[3.748s] -- Up-to-date: /home/mateozc/Diplomado/Lab2/install/stage/share/stage/worlds/fasr.world
[3.749s] -- Up-to-date: /home/mateozc/Diplomado/Lab2/install/stage/share/stage/worlds/fasr2.world
[3.750s] -- Up-to-date: /home/mateozc/Diplomado/Lab2/install/stage/share/stage/worlds/fasr_plan.world
[3.751s] -- Up-to-date: /home/mateozc/Diplomado/Lab2/install/stage/share/stage/worlds/large.world
[3.751s] -- Up-to-date: /home/mateozc/Diplomado/Lab2/install/stage/share/stage/worlds/lsp_test.world
[3.753s] -- Up-to-date: /home/mateozc/Diplomado/Lab2/install/stage/share/stage/worlds/mbicp.world
[3.754s] -- Up-to-date: /home/mateozc/Diplomado/Lab2/install/stage/share/stage/worlds/pioneer_flocking.world
[3.755s] -- Up-to-date: /home/mateozc/Diplomado/Lab2/install/stage/share/stage/worlds/pioneer_follow.world
[3.757s] -- Up-to-date: /home/mateozc/Diplomado/Lab2/install/stage/share/stage/worlds/pioneer_walle.world
[3.759s] -- Up-to-date: /home/mateozc/Diplomado/Lab2/install/stage/share/stage/worlds/roomba.world
[3.760s] -- Up-to-date: /home/mateozc/Diplomado/Lab2/install/stage/share/stage/worlds/sensor_noise_demo.world
[3.761s] -- Up-to-date: /home/mateozc/Diplomado/Lab2/install/stage/share/stage/worlds/sensor_noise_module_demo.world
[3.761s] -- Up-to-date: /home/mateozc/Diplomado/Lab2/install/stage/share/stage/worlds/simple.world
[3.762s] -- Up-to-date: /home/mateozc/Diplomado/Lab2/install/stage/share/stage/worlds/uoa_robotics_lab.world
[3.763s] -- Up-to-date: /home/mateozc/Diplomado/Lab2/install/stage/share/stage/worlds/wifi.world
[3.763s] -- Up-to-date: /home/mateozc/Diplomado/Lab2/install/stage/share/stage/worlds/beacons.inc
[3.764s] -- Up-to-date: /home/mateozc/Diplomado/Lab2/install/stage/share/stage/worlds/chatterbox.inc
[3.765s] -- Up-to-date: /home/mateozc/Diplomado/Lab2/install/stage/share/stage/worlds/hokuyo.inc
[3.767s] -- Up-to-date: /home/mateozc/Diplomado/Lab2/install/stage/share/stage/worlds/irobot.inc
[3.767s] -- Up-to-date: /home/mateozc/Diplomado/Lab2/install/stage/share/stage/worlds/map.inc
[3.768s] -- Up-to-date: /home/mateozc/Diplomado/Lab2/install/stage/share/stage/worlds/objects.inc
[3.777s] -- Up-to-date: /home/mateozc/Diplomado/Lab2/install/stage/share/stage/worlds/pantilt.inc
[3.777s] -- Up-to-date: /home/mateozc/Diplomado/Lab2/install/stage/share/stage/worlds/pioneer.inc
[3.778s] -- Up-to-date: /home/mateozc/Diplomado/Lab2/install/stage/share/stage/worlds/sick.inc
[3.778s] -- Up-to-date: /home/mateozc/Diplomado/Lab2/install/stage/share/stage/worlds/ubot.inc
[3.779s] -- Up-to-date: /home/mateozc/Diplomado/Lab2/install/stage/share/stage/worlds/uoa_robotics_lab_models.inc
[3.783s] -- Up-to-date: /home/mateozc/Diplomado/Lab2/install/stage/share/stage/worlds/walle.inc
[3.784s] -- Up-to-date: /home/mateozc/Diplomado/Lab2/install/stage/share/stage/worlds/cfggen.sh
[3.785s] -- Up-to-date: /home/mateozc/Diplomado/Lab2/install/stage/share/stage/worlds/test.sh
[3.789s] -- Up-to-date: /home/mateozc/Diplomado/Lab2/install/stage/share/stage/worlds/worldgen.sh
[3.789s] -- Up-to-date: /home/mateozc/Diplomado/Lab2/install/stage/lib/Stage-4.3/expand_swarm.so
[3.790s] -- Up-to-date: /home/mateozc/Diplomado/Lab2/install/stage/lib/Stage-4.3/expand_pioneer.so
[3.791s] -- Up-to-date: /home/mateozc/Diplomado/Lab2/install/stage/share/stage/worlds/bitmaps/889_05.png
[3.795s] -- Up-to-date: /home/mateozc/Diplomado/Lab2/install/stage/share/stage/worlds/bitmaps/SFU_1200x615.png
[3.797s] -- Up-to-date: /home/mateozc/Diplomado/Lab2/install/stage/share/stage/worlds/bitmaps/SRI-AIC-kwing.png
[3.797s] -- Up-to-date: /home/mateozc/Diplomado/Lab2/install/stage/share/stage/worlds/bitmaps/autolab.png
[3.802s] -- Up-to-date: /home/mateozc/Diplomado/Lab2/install/stage/share/stage/worlds/bitmaps/cave.png
[3.802s] -- Up-to-date: /home/mateozc/Diplomado/Lab2/install/stage/share/stage/worlds/bitmaps/cave_compact.png
[3.803s] -- Up-to-date: /home/mateozc/Diplomado/Lab2/install/stage/share/stage/worlds/bitmaps/cave_filled.png
[3.808s] -- Up-to-date: /home/mateozc/Diplomado/Lab2/install/stage/share/stage/worlds/bitmaps/frieburg.png
[3.809s] -- Up-to-date: /home/mateozc/Diplomado/Lab2/install/stage/share/stage/worlds/bitmaps/ghost.png
[3.809s] -- Up-to-date: /home/mateozc/Diplomado/Lab2/install/stage/share/stage/worlds/bitmaps/hospital.png
[3.810s] -- Up-to-date: /home/mateozc/Diplomado/Lab2/install/stage/share/stage/worlds/bitmaps/hospital_section.png
[3.814s] -- Up-to-date: /home/mateozc/Diplomado/Lab2/install/stage/share/stage/worlds/bitmaps/human_outline.png
[3.815s] -- Up-to-date: /home/mateozc/Diplomado/Lab2/install/stage/share/stage/worlds/bitmaps/mbicp.png
[3.819s] -- Up-to-date: /home/mateozc/Diplomado/Lab2/install/stage/share/stage/worlds/bitmaps/rink.png
[3.819s] -- Up-to-date: /home/mateozc/Diplomado/Lab2/install/stage/share/stage/worlds/bitmaps/sal2.png
[3.820s] -- Up-to-date: /home/mateozc/Diplomado/Lab2/install/stage/share/stage/worlds/bitmaps/simple_rooms.png
[3.821s] -- Up-to-date: /home/mateozc/Diplomado/Lab2/install/stage/share/stage/worlds/bitmaps/space_invader.png
[3.825s] -- Up-to-date: /home/mateozc/Diplomado/Lab2/install/stage/share/stage/worlds/bitmaps/submarine.png
[3.826s] -- Up-to-date: /home/mateozc/Diplomado/Lab2/install/stage/share/stage/worlds/bitmaps/submarine_small.png
[3.826s] -- Up-to-date: /home/mateozc/Diplomado/Lab2/install/stage/share/stage/worlds/bitmaps/table.png
[3.827s] -- Up-to-date: /home/mateozc/Diplomado/Lab2/install/stage/share/stage/worlds/bitmaps/uoa_robotics_lab.png
[3.829s] -- Up-to-date: /home/mateozc/Diplomado/Lab2/install/stage/share/stage/worlds/wifi/commando.world
[3.830s] -- Up-to-date: /home/mateozc/Diplomado/Lab2/install/stage/share/stage/worlds/wifi/hosp_wifi.world
[3.831s] -- Up-to-date: /home/mateozc/Diplomado/Lab2/install/stage/share/stage/worlds/wifi/hosp_wifi_5.world
[3.831s] -- Up-to-date: /home/mateozc/Diplomado/Lab2/install/stage/share/stage/worlds/wifi/wifi.world
[3.837s] -- Up-to-date: /home/mateozc/Diplomado/Lab2/install/stage/share/stage/worlds/wifi/wifi_itu.world
[3.838s] -- Up-to-date: /home/mateozc/Diplomado/Lab2/install/stage/share/stage/worlds/wifi/wifi_logdistance.world
[3.838s] -- Up-to-date: /home/mateozc/Diplomado/Lab2/install/stage/share/stage/worlds/wifi/wifi_ray.world
[3.846s] -- Up-to-date: /home/mateozc/Diplomado/Lab2/install/stage/share/stage/worlds/wifi/wifi_simple.world
[3.847s] -- Up-to-date: /home/mateozc/Diplomado/Lab2/install/stage/share/stage/worlds/wifi/map.inc
[3.852s] Invoked command in '/home/mateozc/Diplomado/Lab2/build/stage' returned '0': DEBUGINFOD_URLS=https://debuginfod.ubuntu.com /usr/bin/cmake --install /home/mateozc/Diplomado/Lab2/build/stage
