[8.272s] Invoking command in '/home/mateozc/Diplomado/Lab2/src/dqn_robot_nav': DEBUGINFOD_URLS=https://debuginfod.ubuntu.com PYTHONPATH=/home/mateozc/Diplomado/Lab2/build/dqn_robot_nav/prefix_override:/usr/lib/python3/dist-packages/colcon_core/task/python/colcon_distutils_commands:/home/mateozc/Diplomado/Lab2/install/dqn_robot_nav/lib/python3.12/site-packages:${PYTHONPATH} /usr/bin/python3 -W ignore:setup.py install is deprecated -W ignore:easy_install command is deprecated setup.py egg_info --egg-base ../../build/dqn_robot_nav build --build-base /home/mateozc/Diplomado/Lab2/build/dqn_robot_nav/build install --record /home/mateozc/Diplomado/Lab2/build/dqn_robot_nav/install.log --single-version-externally-managed install_data
[11.166s] running egg_info
[11.363s] writing ../../build/dqn_robot_nav/dqn_robot_nav.egg-info/PKG-INFO
[11.364s] writing dependency_links to ../../build/dqn_robot_nav/dqn_robot_nav.egg-info/dependency_links.txt
[11.365s] writing entry points to ../../build/dqn_robot_nav/dqn_robot_nav.egg-info/entry_points.txt
[11.366s] writing requirements to ../../build/dqn_robot_nav/dqn_robot_nav.egg-info/requires.txt
[11.367s] writing top-level names to ../../build/dqn_robot_nav/dqn_robot_nav.egg-info/top_level.txt
[11.761s] reading manifest file '../../build/dqn_robot_nav/dqn_robot_nav.egg-info/SOURCES.txt'
[11.769s] writing manifest file '../../build/dqn_robot_nav/dqn_robot_nav.egg-info/SOURCES.txt'
[11.770s] running build
[11.770s] running build_py
[11.772s] copying dqn_robot_nav/test_node.py -> /home/mateozc/Diplomado/Lab2/build/dqn_robot_nav/build/lib/dqn_robot_nav
[11.777s] running install
[11.820s] running install_lib
[12.029s] copying /home/mateozc/Diplomado/Lab2/build/dqn_robot_nav/build/lib/dqn_robot_nav/test_node.py -> /home/mateozc/Diplomado/Lab2/install/dqn_robot_nav/lib/python3.12/site-packages/dqn_robot_nav
[12.035s] byte-compiling /home/mateozc/Diplomado/Lab2/install/dqn_robot_nav/lib/python3.12/site-packages/dqn_robot_nav/test_node.py to test_node.cpython-312.pyc
[12.044s] running install_data
[12.045s] running install_egg_info
[12.381s] removing '/home/mateozc/Diplomado/Lab2/install/dqn_robot_nav/lib/python3.12/site-packages/dqn_robot_nav-0.0.0-py3.12.egg-info' (and everything under it)
[12.386s] Copying ../../build/dqn_robot_nav/dqn_robot_nav.egg-info to /home/mateozc/Diplomado/Lab2/install/dqn_robot_nav/lib/python3.12/site-packages/dqn_robot_nav-0.0.0-py3.12.egg-info
[12.419s] running install_scripts
[15.852s] Installing reset_stage script to /home/mateozc/Diplomado/Lab2/install/dqn_robot_nav/lib/dqn_robot_nav
[15.868s] Installing test_node script to /home/mateozc/Diplomado/Lab2/install/dqn_robot_nav/lib/dqn_robot_nav
[15.870s] Installing train_node script to /home/mateozc/Diplomado/Lab2/install/dqn_robot_nav/lib/dqn_robot_nav
[15.888s] writing list of installed files to '/home/mateozc/Diplomado/Lab2/build/dqn_robot_nav/install.log'
[16.198s] Invoked command in '/home/mateozc/Diplomado/Lab2/src/dqn_robot_nav' returned '0': DEBUGINFOD_URLS=https://debuginfod.ubuntu.com PYTHONPATH=/home/mateozc/Diplomado/Lab2/build/dqn_robot_nav/prefix_override:/usr/lib/python3/dist-packages/colcon_core/task/python/colcon_distutils_commands:/home/mateozc/Diplomado/Lab2/install/dqn_robot_nav/lib/python3.12/site-packages:${PYTHONPATH} /usr/bin/python3 -W ignore:setup.py install is deprecated -W ignore:easy_install command is deprecated setup.py egg_info --egg-base ../../build/dqn_robot_nav build --build-base /home/mateozc/Diplomado/Lab2/build/dqn_robot_nav/build install --record /home/mateozc/Diplomado/Lab2/build/dqn_robot_nav/install.log --single-version-externally-managed install_data
