[0.476s] Invoking command in '/home/mateozc/Diplomado/Lab2/build/stage_ros2': CMAKE_PREFIX_PATH=/home/mateozc/Diplomado/Lab2/install/dqn_robot_nav:/opt/ros/jazzy:/home/mateozc/Diplomado/Lab2/install/stage:/home/mateozc/Diplomado/Lab2/install/stage_ros2:/opt/ros/jazzy/opt/gz_sim_vendor:/opt/ros/jazzy/opt/gz_sensors_vendor:/opt/ros/jazzy/opt/gz_physics_vendor:/opt/ros/jazzy/opt/sdformat_vendor:/opt/ros/jazzy/opt/gz_gui_vendor:/opt/ros/jazzy/opt/gz_transport_vendor:/opt/ros/jazzy/opt/gz_rendering_vendor:/opt/ros/jazzy/opt/gz_plugin_vendor:/opt/ros/jazzy/opt/gz_fuel_tools_vendor:/opt/ros/jazzy/opt/gz_msgs_vendor:/opt/ros/jazzy/opt/gz_common_vendor:/opt/ros/jazzy/opt/gz_math_vendor:/opt/ros/jazzy/opt/gz_utils_vendor:/opt/ros/jazzy/opt/gz_tools_vendor:/opt/ros/jazzy/opt/gz_ogre_next_vendor:/opt/ros/jazzy/opt/gz_dartsim_vendor:/opt/ros/jazzy/opt/gz_cmake_vendor DEBUGINFOD_URLS=https://debuginfod.ubuntu.com LD_LIBRARY_PATH=/home/mateozc/Diplomado/Lab2/install/stage/lib:/home/mateozc/Diplomado/Lab2/install/stage_ros2/lib:/opt/ros/jazzy/opt/gz_sim_vendor/lib:/opt/ros/jazzy/opt/gz_sensors_vendor/lib:/opt/ros/jazzy/opt/gz_physics_vendor/lib:/opt/ros/jazzy/opt/sdformat_vendor/lib:/opt/ros/jazzy/opt/rviz_ogre_vendor/lib:/opt/ros/jazzy/lib/x86_64-linux-gnu:/opt/ros/jazzy/opt/gz_gui_vendor/lib:/opt/ros/jazzy/opt/gz_transport_vendor/lib:/opt/ros/jazzy/opt/gz_rendering_vendor/lib:/opt/ros/jazzy/opt/gz_plugin_vendor/lib:/opt/ros/jazzy/opt/gz_fuel_tools_vendor/lib:/opt/ros/jazzy/opt/gz_msgs_vendor/lib:/opt/ros/jazzy/opt/gz_common_vendor/lib:/opt/ros/jazzy/opt/gz_math_vendor/lib:/opt/ros/jazzy/opt/gz_utils_vendor/lib:/opt/ros/jazzy/opt/gz_tools_vendor/lib:/opt/ros/jazzy/opt/gz_ogre_next_vendor/lib:/opt/ros/jazzy/opt/gz_dartsim_vendor/lib:/opt/ros/jazzy/opt/gz_cmake_vendor/lib:/opt/ros/jazzy/lib /usr/bin/cmake --build /home/mateozc/Diplomado/Lab2/build/stage_ros2 -- -j4 -l4
[3.622s] [ 71%] Built target stage_node
[5.328s] [100%] Built target stage_ros2
[5.754s] Invoked command in '/home/mateozc/Diplomado/Lab2/build/stage_ros2' returned '0': CMAKE_PREFIX_PATH=/home/mateozc/Diplomado/Lab2/install/dqn_robot_nav:/opt/ros/jazzy:/home/mateozc/Diplomado/Lab2/install/stage:/home/mateozc/Diplomado/Lab2/install/stage_ros2:/opt/ros/jazzy/opt/gz_sim_vendor:/opt/ros/jazzy/opt/gz_sensors_vendor:/opt/ros/jazzy/opt/gz_physics_vendor:/opt/ros/jazzy/opt/sdformat_vendor:/opt/ros/jazzy/opt/gz_gui_vendor:/opt/ros/jazzy/opt/gz_transport_vendor:/opt/ros/jazzy/opt/gz_rendering_vendor:/opt/ros/jazzy/opt/gz_plugin_vendor:/opt/ros/jazzy/opt/gz_fuel_tools_vendor:/opt/ros/jazzy/opt/gz_msgs_vendor:/opt/ros/jazzy/opt/gz_common_vendor:/opt/ros/jazzy/opt/gz_math_vendor:/opt/ros/jazzy/opt/gz_utils_vendor:/opt/ros/jazzy/opt/gz_tools_vendor:/opt/ros/jazzy/opt/gz_ogre_next_vendor:/opt/ros/jazzy/opt/gz_dartsim_vendor:/opt/ros/jazzy/opt/gz_cmake_vendor DEBUGINFOD_URLS=https://debuginfod.ubuntu.com LD_LIBRARY_PATH=/home/mateozc/Diplomado/Lab2/install/stage/lib:/home/mateozc/Diplomado/Lab2/install/stage_ros2/lib:/opt/ros/jazzy/opt/gz_sim_vendor/lib:/opt/ros/jazzy/opt/gz_sensors_vendor/lib:/opt/ros/jazzy/opt/gz_physics_vendor/lib:/opt/ros/jazzy/opt/sdformat_vendor/lib:/opt/ros/jazzy/opt/rviz_ogre_vendor/lib:/opt/ros/jazzy/lib/x86_64-linux-gnu:/opt/ros/jazzy/opt/gz_gui_vendor/lib:/opt/ros/jazzy/opt/gz_transport_vendor/lib:/opt/ros/jazzy/opt/gz_rendering_vendor/lib:/opt/ros/jazzy/opt/gz_plugin_vendor/lib:/opt/ros/jazzy/opt/gz_fuel_tools_vendor/lib:/opt/ros/jazzy/opt/gz_msgs_vendor/lib:/opt/ros/jazzy/opt/gz_common_vendor/lib:/opt/ros/jazzy/opt/gz_math_vendor/lib:/opt/ros/jazzy/opt/gz_utils_vendor/lib:/opt/ros/jazzy/opt/gz_tools_vendor/lib:/opt/ros/jazzy/opt/gz_ogre_next_vendor/lib:/opt/ros/jazzy/opt/gz_dartsim_vendor/lib:/opt/ros/jazzy/opt/gz_cmake_vendor/lib:/opt/ros/jazzy/lib /usr/bin/cmake --build /home/mateozc/Diplomado/Lab2/build/stage_ros2 -- -j4 -l4
[5.833s] Invoking command in '/home/mateozc/Diplomado/Lab2/build/stage_ros2': CMAKE_PREFIX_PATH=/home/mateozc/Diplomado/Lab2/install/dqn_robot_nav:/opt/ros/jazzy:/home/mateozc/Diplomado/Lab2/install/stage:/home/mateozc/Diplomado/Lab2/install/stage_ros2:/opt/ros/jazzy/opt/gz_sim_vendor:/opt/ros/jazzy/opt/gz_sensors_vendor:/opt/ros/jazzy/opt/gz_physics_vendor:/opt/ros/jazzy/opt/sdformat_vendor:/opt/ros/jazzy/opt/gz_gui_vendor:/opt/ros/jazzy/opt/gz_transport_vendor:/opt/ros/jazzy/opt/gz_rendering_vendor:/opt/ros/jazzy/opt/gz_plugin_vendor:/opt/ros/jazzy/opt/gz_fuel_tools_vendor:/opt/ros/jazzy/opt/gz_msgs_vendor:/opt/ros/jazzy/opt/gz_common_vendor:/opt/ros/jazzy/opt/gz_math_vendor:/opt/ros/jazzy/opt/gz_utils_vendor:/opt/ros/jazzy/opt/gz_tools_vendor:/opt/ros/jazzy/opt/gz_ogre_next_vendor:/opt/ros/jazzy/opt/gz_dartsim_vendor:/opt/ros/jazzy/opt/gz_cmake_vendor DEBUGINFOD_URLS=https://debuginfod.ubuntu.com LD_LIBRARY_PATH=/home/mateozc/Diplomado/Lab2/install/stage/lib:/home/mateozc/Diplomado/Lab2/install/stage_ros2/lib:/opt/ros/jazzy/opt/gz_sim_vendor/lib:/opt/ros/jazzy/opt/gz_sensors_vendor/lib:/opt/ros/jazzy/opt/gz_physics_vendor/lib:/opt/ros/jazzy/opt/sdformat_vendor/lib:/opt/ros/jazzy/opt/rviz_ogre_vendor/lib:/opt/ros/jazzy/lib/x86_64-linux-gnu:/opt/ros/jazzy/opt/gz_gui_vendor/lib:/opt/ros/jazzy/opt/gz_transport_vendor/lib:/opt/ros/jazzy/opt/gz_rendering_vendor/lib:/opt/ros/jazzy/opt/gz_plugin_vendor/lib:/opt/ros/jazzy/opt/gz_fuel_tools_vendor/lib:/opt/ros/jazzy/opt/gz_msgs_vendor/lib:/opt/ros/jazzy/opt/gz_common_vendor/lib:/opt/ros/jazzy/opt/gz_math_vendor/lib:/opt/ros/jazzy/opt/gz_utils_vendor/lib:/opt/ros/jazzy/opt/gz_tools_vendor/lib:/opt/ros/jazzy/opt/gz_ogre_next_vendor/lib:/opt/ros/jazzy/opt/gz_dartsim_vendor/lib:/opt/ros/jazzy/opt/gz_cmake_vendor/lib:/opt/ros/jazzy/lib /usr/bin/cmake --install /home/mateozc/Diplomado/Lab2/build/stage_ros2
[6.136s] -- Install configuration: ""
[6.151s] -- Execute custom install script
[6.174s] -- Up-to-date symlink: /home/mateozc/Diplomado/Lab2/install/stage_ros2/share/stage_ros2/environment/library_path.sh
[6.178s] -- Up-to-date symlink: /home/mateozc/Diplomado/Lab2/install/stage_ros2/share/stage_ros2/environment/library_path.dsv
[6.228s] -- Up-to-date symlink: /home/mateozc/Diplomado/Lab2/install/stage_ros2/share/stage_ros2//launch/demo.launch.py
[6.244s] -- Up-to-date symlink: /home/mateozc/Diplomado/Lab2/install/stage_ros2/share/stage_ros2//launch/f710.launch.py
[6.245s] -- Up-to-date symlink: /home/mateozc/Diplomado/Lab2/install/stage_ros2/share/stage_ros2//launch/rviz.launch.py
[6.259s] -- Up-to-date symlink: /home/mateozc/Diplomado/Lab2/install/stage_ros2/share/stage_ros2//launch/rviz_ns.launch.py
[6.269s] -- Up-to-date symlink: /home/mateozc/Diplomado/Lab2/install/stage_ros2/share/stage_ros2//launch/stage.launch.py
[6.270s] -- Up-to-date symlink: /home/mateozc/Diplomado/Lab2/install/stage_ros2/share/stage_ros2//world/bitmaps/cave.png
[6.285s] -- Up-to-date symlink: /home/mateozc/Diplomado/Lab2/install/stage_ros2/share/stage_ros2//world/bitmaps/hallway.pgm
[6.286s] -- Up-to-date symlink: /home/mateozc/Diplomado/Lab2/install/stage_ros2/share/stage_ros2//world/bitmaps/hallway.png
[6.300s] -- Up-to-date symlink: /home/mateozc/Diplomado/Lab2/install/stage_ros2/share/stage_ros2//world/bitmaps/line.png
[6.310s] -- Up-to-date symlink: /home/mateozc/Diplomado/Lab2/install/stage_ros2/share/stage_ros2//world/bitmaps/straden.png
[6.311s] -- Up-to-date symlink: /home/mateozc/Diplomado/Lab2/install/stage_ros2/share/stage_ros2//world/bitmaps/warehouse008.pgm
[6.328s] -- Up-to-date symlink: /home/mateozc/Diplomado/Lab2/install/stage_ros2/share/stage_ros2//world/bitmaps/warehouse032.pgm
[6.337s] -- Up-to-date symlink: /home/mateozc/Diplomado/Lab2/install/stage_ros2/share/stage_ros2//world/bitmaps/warehouse200.pgm
[6.339s] -- Up-to-date symlink: /home/mateozc/Diplomado/Lab2/install/stage_ros2/share/stage_ros2//world/bitmaps/willow-full.pgm
[6.343s] -- Up-to-date symlink: /home/mateozc/Diplomado/Lab2/install/stage_ros2/share/stage_ros2//world/cave.world
[6.348s] -- Up-to-date symlink: /home/mateozc/Diplomado/Lab2/install/stage_ros2/share/stage_ros2//world/cave_multi.world
[6.352s] -- Up-to-date symlink: /home/mateozc/Diplomado/Lab2/install/stage_ros2/share/stage_ros2//world/cave_seven_robots.world
[6.355s] -- Up-to-date symlink: /home/mateozc/Diplomado/Lab2/install/stage_ros2/share/stage_ros2//world/cave_three_robots.world
[6.359s] -- Up-to-date symlink: /home/mateozc/Diplomado/Lab2/install/stage_ros2/share/stage_ros2//world/hallway.world
[6.366s] -- Up-to-date symlink: /home/mateozc/Diplomado/Lab2/install/stage_ros2/share/stage_ros2//world/include/pioneer2dx.inc
[6.381s] -- Up-to-date symlink: /home/mateozc/Diplomado/Lab2/install/stage_ros2/share/stage_ros2//world/include/robots.inc
[6.386s] -- Up-to-date symlink: /home/mateozc/Diplomado/Lab2/install/stage_ros2/share/stage_ros2//world/lines.world
[6.395s] -- Up-to-date symlink: /home/mateozc/Diplomado/Lab2/install/stage_ros2/share/stage_ros2//world/straden.world
[6.409s] -- Up-to-date symlink: /home/mateozc/Diplomado/Lab2/install/stage_ros2/share/stage_ros2//world/willow-four-erratics-multisensor.world
[6.428s] -- Up-to-date symlink: /home/mateozc/Diplomado/Lab2/install/stage_ros2/share/stage_ros2//config/rviz/cave.rviz
[6.445s] -- Up-to-date symlink: /home/mateozc/Diplomado/Lab2/install/stage_ros2/share/stage_ros2//config/rviz/cave_seven_robots.rviz
[6.453s] -- Up-to-date symlink: /home/mateozc/Diplomado/Lab2/install/stage_ros2/share/stage_ros2//config/rviz/cave_three_robots.rviz
[6.463s] -- Up-to-date symlink: /home/mateozc/Diplomado/Lab2/install/stage_ros2/share/stage_ros2//config/rviz/lines.rviz
[6.465s] -- Up-to-date symlink: /home/mateozc/Diplomado/Lab2/install/stage_ros2/share/stage_ros2//config/rviz/robot0.rviz
[6.471s] -- Up-to-date symlink: /home/mateozc/Diplomado/Lab2/install/stage_ros2/share/stage_ros2//config/rviz/robot_ns.rviz
[6.476s] -- Up-to-date symlink: /home/mateozc/Diplomado/Lab2/install/stage_ros2/share/stage_ros2//config/rviz/robot_ns_depth.rviz
[6.481s] -- Up-to-date symlink: /home/mateozc/Diplomado/Lab2/install/stage_ros2/share/stage_ros2//config/teleop_twist_joy/f710.config.yaml
[6.494s] -- Up-to-date symlink: /home/mateozc/Diplomado/Lab2/install/stage_ros2/lib/libstage_node.so
[6.520s] -- Up-to-date symlink: /home/mateozc/Diplomado/Lab2/install/stage_ros2/lib/stage_ros2/stage_ros2
[6.532s] -- Up-to-date symlink: /home/mateozc/Diplomado/Lab2/install/stage_ros2/share/ament_index/resource_index/package_run_dependencies/stage_ros2
[6.540s] -- Up-to-date symlink: /home/mateozc/Diplomado/Lab2/install/stage_ros2/share/ament_index/resource_index/parent_prefix_path/stage_ros2
[6.554s] -- Up-to-date symlink: /home/mateozc/Diplomado/Lab2/install/stage_ros2/share/stage_ros2/environment/ament_prefix_path.sh
[6.568s] -- Up-to-date symlink: /home/mateozc/Diplomado/Lab2/install/stage_ros2/share/stage_ros2/environment/ament_prefix_path.dsv
[6.579s] -- Up-to-date symlink: /home/mateozc/Diplomado/Lab2/install/stage_ros2/share/stage_ros2/environment/path.sh
[6.589s] -- Up-to-date symlink: /home/mateozc/Diplomado/Lab2/install/stage_ros2/share/stage_ros2/environment/path.dsv
[6.607s] -- Up-to-date symlink: /home/mateozc/Diplomado/Lab2/install/stage_ros2/share/stage_ros2/local_setup.bash
[6.619s] -- Up-to-date symlink: /home/mateozc/Diplomado/Lab2/install/stage_ros2/share/stage_ros2/local_setup.sh
[6.629s] -- Up-to-date symlink: /home/mateozc/Diplomado/Lab2/install/stage_ros2/share/stage_ros2/local_setup.zsh
[6.646s] -- Up-to-date symlink: /home/mateozc/Diplomado/Lab2/install/stage_ros2/share/stage_ros2/local_setup.dsv
[6.662s] -- Symlinking: /home/mateozc/Diplomado/Lab2/install/stage_ros2/share/stage_ros2/package.dsv
[6.890s] -- Up-to-date symlink: /home/mateozc/Diplomado/Lab2/install/stage_ros2/share/ament_index/resource_index/packages/stage_ros2
[6.895s] -- Up-to-date symlink: /home/mateozc/Diplomado/Lab2/install/stage_ros2/share/stage_ros2/cmake/stage_ros2Config.cmake
[6.934s] -- Up-to-date symlink: /home/mateozc/Diplomado/Lab2/install/stage_ros2/share/stage_ros2/cmake/stage_ros2Config-version.cmake
[6.948s] -- Up-to-date symlink: /home/mateozc/Diplomado/Lab2/install/stage_ros2/share/stage_ros2/package.xml
[7.016s] Invoked command in '/home/mateozc/Diplomado/Lab2/build/stage_ros2' returned '0': CMAKE_PREFIX_PATH=/home/mateozc/Diplomado/Lab2/install/dqn_robot_nav:/opt/ros/jazzy:/home/mateozc/Diplomado/Lab2/install/stage:/home/mateozc/Diplomado/Lab2/install/stage_ros2:/opt/ros/jazzy/opt/gz_sim_vendor:/opt/ros/jazzy/opt/gz_sensors_vendor:/opt/ros/jazzy/opt/gz_physics_vendor:/opt/ros/jazzy/opt/sdformat_vendor:/opt/ros/jazzy/opt/gz_gui_vendor:/opt/ros/jazzy/opt/gz_transport_vendor:/opt/ros/jazzy/opt/gz_rendering_vendor:/opt/ros/jazzy/opt/gz_plugin_vendor:/opt/ros/jazzy/opt/gz_fuel_tools_vendor:/opt/ros/jazzy/opt/gz_msgs_vendor:/opt/ros/jazzy/opt/gz_common_vendor:/opt/ros/jazzy/opt/gz_math_vendor:/opt/ros/jazzy/opt/gz_utils_vendor:/opt/ros/jazzy/opt/gz_tools_vendor:/opt/ros/jazzy/opt/gz_ogre_next_vendor:/opt/ros/jazzy/opt/gz_dartsim_vendor:/opt/ros/jazzy/opt/gz_cmake_vendor DEBUGINFOD_URLS=https://debuginfod.ubuntu.com LD_LIBRARY_PATH=/home/mateozc/Diplomado/Lab2/install/stage/lib:/home/mateozc/Diplomado/Lab2/install/stage_ros2/lib:/opt/ros/jazzy/opt/gz_sim_vendor/lib:/opt/ros/jazzy/opt/gz_sensors_vendor/lib:/opt/ros/jazzy/opt/gz_physics_vendor/lib:/opt/ros/jazzy/opt/sdformat_vendor/lib:/opt/ros/jazzy/opt/rviz_ogre_vendor/lib:/opt/ros/jazzy/lib/x86_64-linux-gnu:/opt/ros/jazzy/opt/gz_gui_vendor/lib:/opt/ros/jazzy/opt/gz_transport_vendor/lib:/opt/ros/jazzy/opt/gz_rendering_vendor/lib:/opt/ros/jazzy/opt/gz_plugin_vendor/lib:/opt/ros/jazzy/opt/gz_fuel_tools_vendor/lib:/opt/ros/jazzy/opt/gz_msgs_vendor/lib:/opt/ros/jazzy/opt/gz_common_vendor/lib:/opt/ros/jazzy/opt/gz_math_vendor/lib:/opt/ros/jazzy/opt/gz_utils_vendor/lib:/opt/ros/jazzy/opt/gz_tools_vendor/lib:/opt/ros/jazzy/opt/gz_ogre_next_vendor/lib:/opt/ros/jazzy/opt/gz_dartsim_vendor/lib:/opt/ros/jazzy/opt/gz_cmake_vendor/lib:/opt/ros/jazzy/lib /usr/bin/cmake --install /home/mateozc/Diplomado/Lab2/build/stage_ros2
