[0.046s] Invoking command in '/home/mateozc/Diplomado/Lab2/build/stage': DEBUGINFOD_URLS=https://debuginfod.ubuntu.com /usr/bin/cmake --build /home/mateozc/Diplomado/Lab2/build/stage -- -j4 -l4
[0.227s] [ 57%] Built target stage
[0.361s] [ 61%] Built target source
[0.395s] [ 64%] Built target stagebinary
[0.427s] [ 67%] Built target sink
[0.494s] [ 71%] Built target fasr
[0.589s] [ 74%] Built target wander
[0.673s] [ 77%] Built target pioneer_flocking
[0.679s] [ 81%] Built target rasterize
[0.694s] [ 84%] Built target lasernoise
[0.774s] [ 88%] Built target dynamic
[0.793s] [ 91%] Built target expand_swarm
[0.808s] [ 94%] Built target expand_pioneer
[0.810s] [100%] Built target fasr2
[1.003s] Invoked command in '/home/mateozc/Diplomado/Lab2/build/stage' returned '0': DEBUGINFOD_URLS=https://debuginfod.ubuntu.com /usr/bin/cmake --build /home/mateozc/Diplomado/Lab2/build/stage -- -j4 -l4
[1.038s] Invoking command in '/home/mateozc/Diplomado/Lab2/build/stage': DEBUGINFOD_URLS=https://debuginfod.ubuntu.com /usr/bin/cmake --install /home/mateozc/Diplomado/Lab2/build/stage
[1.062s] -- Install configuration: "RELEASE"
[1.063s] -- Up-to-date: /home/mateozc/Diplomado/Lab2/install/stage/lib/pkgconfig/stage.pc
[1.063s] -- Up-to-date: /home/mateozc/Diplomado/Lab2/install/stage/lib/cmake/Stage/stage-config.cmake
[1.063s] -- Up-to-date: /home/mateozc/Diplomado/Lab2/install/stage/lib/cmake/Stage/stage-config-version.cmake
[1.064s] -- Up-to-date: /home/mateozc/Diplomado/Lab2/install/stage/bin/stage
[1.065s] -- Up-to-date: /home/mateozc/Diplomado/Lab2/install/stage/lib/libstage.so.4.3.0
[1.066s] -- Up-to-date: /home/mateozc/Diplomado/Lab2/install/stage/lib/libstage.so
[1.066s] -- Up-to-date: /home/mateozc/Diplomado/Lab2/install/stage/include/Stage-4.3/stage.hh
[1.068s] -- Up-to-date: /home/mateozc/Diplomado/Lab2/install/stage/lib/Stage-4.3/fasr.so
[1.069s] -- Up-to-date: /home/mateozc/Diplomado/Lab2/install/stage/lib/Stage-4.3/sink.so
[1.070s] -- Up-to-date: /home/mateozc/Diplomado/Lab2/install/stage/lib/Stage-4.3/source.so
[1.072s] -- Up-to-date: /home/mateozc/Diplomado/Lab2/install/stage/lib/Stage-4.3/wander.so
[1.073s] -- Up-to-date: /home/mateozc/Diplomado/Lab2/install/stage/lib/Stage-4.3/pioneer_flocking.so
[1.074s] -- Up-to-date: /home/mateozc/Diplomado/Lab2/install/stage/lib/Stage-4.3/rasterize.so
[1.075s] -- Up-to-date: /home/mateozc/Diplomado/Lab2/install/stage/lib/Stage-4.3/lasernoise.so
[1.076s] -- Up-to-date: /home/mateozc/Diplomado/Lab2/install/stage/lib/Stage-4.3/dynamic.so
[1.078s] -- Up-to-date: /home/mateozc/Diplomado/Lab2/install/stage/lib/Stage-4.3/fasr2.so
[1.080s] -- Up-to-date: /home/mateozc/Diplomado/Lab2/install/stage/share/stage/assets/blue.png
[1.080s] -- Up-to-date: /home/mateozc/Diplomado/Lab2/install/stage/share/stage/assets/death.png
[1.080s] -- Up-to-date: /home/mateozc/Diplomado/Lab2/install/stage/share/stage/assets/green.png
[1.081s] -- Up-to-date: /home/mateozc/Diplomado/Lab2/install/stage/share/stage/assets/logo.png
[1.082s] -- Up-to-date: /home/mateozc/Diplomado/Lab2/install/stage/share/stage/assets/mains.png
[1.083s] -- Up-to-date: /home/mateozc/Diplomado/Lab2/install/stage/share/stage/assets/mainspower.png
[1.083s] -- Up-to-date: /home/mateozc/Diplomado/Lab2/install/stage/share/stage/assets/question_mark.png
[1.084s] -- Up-to-date: /home/mateozc/Diplomado/Lab2/install/stage/share/stage/assets/red.png
[1.084s] -- Up-to-date: /home/mateozc/Diplomado/Lab2/install/stage/share/stage/assets/stagelogo.png
[1.084s] -- Up-to-date: /home/mateozc/Diplomado/Lab2/install/stage/share/stage/assets/stall-old.png
[1.085s] -- Up-to-date: /home/mateozc/Diplomado/Lab2/install/stage/share/stage/assets/stall.png
[1.085s] -- Up-to-date: /home/mateozc/Diplomado/Lab2/install/stage/share/stage/assets/rgb.txt
[1.085s] -- Up-to-date: /home/mateozc/Diplomado/Lab2/install/stage/share/stage/rgb.txt
[1.086s] -- Up-to-date: /home/mateozc/Diplomado/Lab2/install/stage/share/stage/worlds/amcl-sonar.cfg
[1.086s] -- Up-to-date: /home/mateozc/Diplomado/Lab2/install/stage/share/stage/worlds/autolab.cfg
[1.087s] -- Up-to-date: /home/mateozc/Diplomado/Lab2/install/stage/share/stage/worlds/camera.cfg
[1.087s] -- Up-to-date: /home/mateozc/Diplomado/Lab2/install/stage/share/stage/worlds/everything.cfg
[1.087s] -- Up-to-date: /home/mateozc/Diplomado/Lab2/install/stage/share/stage/worlds/lsp_test.cfg
[1.088s] -- Up-to-date: /home/mateozc/Diplomado/Lab2/install/stage/share/stage/worlds/mbicp.cfg
[1.088s] -- Up-to-date: /home/mateozc/Diplomado/Lab2/install/stage/share/stage/worlds/nd.cfg
[1.088s] -- Up-to-date: /home/mateozc/Diplomado/Lab2/install/stage/share/stage/worlds/roomba.cfg
[1.089s] -- Up-to-date: /home/mateozc/Diplomado/Lab2/install/stage/share/stage/worlds/simple.cfg
[1.089s] -- Up-to-date: /home/mateozc/Diplomado/Lab2/install/stage/share/stage/worlds/test.cfg
[1.090s] -- Up-to-date: /home/mateozc/Diplomado/Lab2/install/stage/share/stage/worlds/uoa_robotics_lab.cfg
[1.091s] -- Up-to-date: /home/mateozc/Diplomado/Lab2/install/stage/share/stage/worlds/vfh.cfg
[1.091s] -- Up-to-date: /home/mateozc/Diplomado/Lab2/install/stage/share/stage/worlds/wavefront-remote.cfg
[1.092s] -- Up-to-date: /home/mateozc/Diplomado/Lab2/install/stage/share/stage/worlds/wavefront.cfg
[1.093s] -- Up-to-date: /home/mateozc/Diplomado/Lab2/install/stage/share/stage/worlds/wifi.cfg
[1.093s] -- Up-to-date: /home/mateozc/Diplomado/Lab2/install/stage/share/stage/worlds/SFU.world
[1.094s] -- Up-to-date: /home/mateozc/Diplomado/Lab2/install/stage/share/stage/worlds/autolab.world
[1.094s] -- Up-to-date: /home/mateozc/Diplomado/Lab2/install/stage/share/stage/worlds/camera.world
[1.094s] -- Up-to-date: /home/mateozc/Diplomado/Lab2/install/stage/share/stage/worlds/circuit.world
[1.095s] -- Up-to-date: /home/mateozc/Diplomado/Lab2/install/stage/share/stage/worlds/everything.world
[1.095s] -- Up-to-date: /home/mateozc/Diplomado/Lab2/install/stage/share/stage/worlds/fasr.world
[1.095s] -- Up-to-date: /home/mateozc/Diplomado/Lab2/install/stage/share/stage/worlds/fasr2.world
[1.096s] -- Up-to-date: /home/mateozc/Diplomado/Lab2/install/stage/share/stage/worlds/fasr_plan.world
[1.096s] -- Up-to-date: /home/mateozc/Diplomado/Lab2/install/stage/share/stage/worlds/large.world
[1.096s] -- Up-to-date: /home/mateozc/Diplomado/Lab2/install/stage/share/stage/worlds/lsp_test.world
[1.097s] -- Up-to-date: /home/mateozc/Diplomado/Lab2/install/stage/share/stage/worlds/mbicp.world
[1.098s] -- Up-to-date: /home/mateozc/Diplomado/Lab2/install/stage/share/stage/worlds/pioneer_flocking.world
[1.099s] -- Up-to-date: /home/mateozc/Diplomado/Lab2/install/stage/share/stage/worlds/pioneer_follow.world
[1.100s] -- Up-to-date: /home/mateozc/Diplomado/Lab2/install/stage/share/stage/worlds/pioneer_walle.world
[1.100s] -- Up-to-date: /home/mateozc/Diplomado/Lab2/install/stage/share/stage/worlds/roomba.world
[1.101s] -- Up-to-date: /home/mateozc/Diplomado/Lab2/install/stage/share/stage/worlds/sensor_noise_demo.world
[1.102s] -- Up-to-date: /home/mateozc/Diplomado/Lab2/install/stage/share/stage/worlds/sensor_noise_module_demo.world
[1.102s] -- Up-to-date: /home/mateozc/Diplomado/Lab2/install/stage/share/stage/worlds/simple.world
[1.103s] -- Up-to-date: /home/mateozc/Diplomado/Lab2/install/stage/share/stage/worlds/uoa_robotics_lab.world
[1.103s] -- Up-to-date: /home/mateozc/Diplomado/Lab2/install/stage/share/stage/worlds/wifi.world
[1.103s] -- Up-to-date: /home/mateozc/Diplomado/Lab2/install/stage/share/stage/worlds/beacons.inc
[1.103s] -- Up-to-date: /home/mateozc/Diplomado/Lab2/install/stage/share/stage/worlds/chatterbox.inc
[1.104s] -- Up-to-date: /home/mateozc/Diplomado/Lab2/install/stage/share/stage/worlds/hokuyo.inc
[1.104s] -- Up-to-date: /home/mateozc/Diplomado/Lab2/install/stage/share/stage/worlds/irobot.inc
[1.104s] -- Up-to-date: /home/mateozc/Diplomado/Lab2/install/stage/share/stage/worlds/map.inc
[1.105s] -- Up-to-date: /home/mateozc/Diplomado/Lab2/install/stage/share/stage/worlds/objects.inc
[1.108s] -- Up-to-date: /home/mateozc/Diplomado/Lab2/install/stage/share/stage/worlds/pantilt.inc
[1.109s] -- Up-to-date: /home/mateozc/Diplomado/Lab2/install/stage/share/stage/worlds/pioneer.inc
[1.109s] -- Up-to-date: /home/mateozc/Diplomado/Lab2/install/stage/share/stage/worlds/sick.inc
[1.109s] -- Up-to-date: /home/mateozc/Diplomado/Lab2/install/stage/share/stage/worlds/ubot.inc
[1.110s] -- Up-to-date: /home/mateozc/Diplomado/Lab2/install/stage/share/stage/worlds/uoa_robotics_lab_models.inc
[1.110s] -- Up-to-date: /home/mateozc/Diplomado/Lab2/install/stage/share/stage/worlds/walle.inc
[1.112s] -- Up-to-date: /home/mateozc/Diplomado/Lab2/install/stage/share/stage/worlds/cfggen.sh
[1.112s] -- Up-to-date: /home/mateozc/Diplomado/Lab2/install/stage/share/stage/worlds/test.sh
[1.112s] -- Up-to-date: /home/mateozc/Diplomado/Lab2/install/stage/share/stage/worlds/worldgen.sh
[1.113s] -- Up-to-date: /home/mateozc/Diplomado/Lab2/install/stage/lib/Stage-4.3/expand_swarm.so
[1.113s] -- Up-to-date: /home/mateozc/Diplomado/Lab2/install/stage/lib/Stage-4.3/expand_pioneer.so
[1.113s] -- Up-to-date: /home/mateozc/Diplomado/Lab2/install/stage/share/stage/worlds/bitmaps/889_05.png
[1.114s] -- Up-to-date: /home/mateozc/Diplomado/Lab2/install/stage/share/stage/worlds/bitmaps/SFU_1200x615.png
[1.114s] -- Up-to-date: /home/mateozc/Diplomado/Lab2/install/stage/share/stage/worlds/bitmaps/SRI-AIC-kwing.png
[1.118s] -- Up-to-date: /home/mateozc/Diplomado/Lab2/install/stage/share/stage/worlds/bitmaps/autolab.png
[1.118s] -- Up-to-date: /home/mateozc/Diplomado/Lab2/install/stage/share/stage/worlds/bitmaps/cave.png
[1.118s] -- Up-to-date: /home/mateozc/Diplomado/Lab2/install/stage/share/stage/worlds/bitmaps/cave_compact.png
[1.119s] -- Up-to-date: /home/mateozc/Diplomado/Lab2/install/stage/share/stage/worlds/bitmaps/cave_filled.png
[1.119s] -- Up-to-date: /home/mateozc/Diplomado/Lab2/install/stage/share/stage/worlds/bitmaps/frieburg.png
[1.119s] -- Up-to-date: /home/mateozc/Diplomado/Lab2/install/stage/share/stage/worlds/bitmaps/ghost.png
[1.119s] -- Up-to-date: /home/mateozc/Diplomado/Lab2/install/stage/share/stage/worlds/bitmaps/hospital.png
[1.120s] -- Up-to-date: /home/mateozc/Diplomado/Lab2/install/stage/share/stage/worlds/bitmaps/hospital_section.png
[1.120s] -- Up-to-date: /home/mateozc/Diplomado/Lab2/install/stage/share/stage/worlds/bitmaps/human_outline.png
[1.124s] -- Up-to-date: /home/mateozc/Diplomado/Lab2/install/stage/share/stage/worlds/bitmaps/mbicp.png
[1.125s] -- Up-to-date: /home/mateozc/Diplomado/Lab2/install/stage/share/stage/worlds/bitmaps/rink.png
[1.125s] -- Up-to-date: /home/mateozc/Diplomado/Lab2/install/stage/share/stage/worlds/bitmaps/sal2.png
[1.125s] -- Up-to-date: /home/mateozc/Diplomado/Lab2/install/stage/share/stage/worlds/bitmaps/simple_rooms.png
[1.126s] -- Up-to-date: /home/mateozc/Diplomado/Lab2/install/stage/share/stage/worlds/bitmaps/space_invader.png
[1.126s] -- Up-to-date: /home/mateozc/Diplomado/Lab2/install/stage/share/stage/worlds/bitmaps/submarine.png
[1.127s] -- Up-to-date: /home/mateozc/Diplomado/Lab2/install/stage/share/stage/worlds/bitmaps/submarine_small.png
[1.127s] -- Up-to-date: /home/mateozc/Diplomado/Lab2/install/stage/share/stage/worlds/bitmaps/table.png
[1.128s] -- Up-to-date: /home/mateozc/Diplomado/Lab2/install/stage/share/stage/worlds/bitmaps/uoa_robotics_lab.png
[1.128s] -- Up-to-date: /home/mateozc/Diplomado/Lab2/install/stage/share/stage/worlds/wifi/commando.world
[1.129s] -- Up-to-date: /home/mateozc/Diplomado/Lab2/install/stage/share/stage/worlds/wifi/hosp_wifi.world
[1.129s] -- Up-to-date: /home/mateozc/Diplomado/Lab2/install/stage/share/stage/worlds/wifi/hosp_wifi_5.world
[1.129s] -- Up-to-date: /home/mateozc/Diplomado/Lab2/install/stage/share/stage/worlds/wifi/wifi.world
[1.130s] -- Up-to-date: /home/mateozc/Diplomado/Lab2/install/stage/share/stage/worlds/wifi/wifi_itu.world
[1.130s] -- Up-to-date: /home/mateozc/Diplomado/Lab2/install/stage/share/stage/worlds/wifi/wifi_logdistance.world
[1.130s] -- Up-to-date: /home/mateozc/Diplomado/Lab2/install/stage/share/stage/worlds/wifi/wifi_ray.world
[1.131s] -- Up-to-date: /home/mateozc/Diplomado/Lab2/install/stage/share/stage/worlds/wifi/wifi_simple.world
[1.131s] -- Up-to-date: /home/mateozc/Diplomado/Lab2/install/stage/share/stage/worlds/wifi/map.inc
[1.132s] Invoked command in '/home/mateozc/Diplomado/Lab2/build/stage' returned '0': DEBUGINFOD_URLS=https://debuginfod.ubuntu.com /usr/bin/cmake --install /home/mateozc/Diplomado/Lab2/build/stage
