[0.042s] Invoking command in '/home/mateozc/Diplomado/Lab2/build/stage': DEBUGINFOD_URLS=https://debuginfod.ubuntu.com /usr/bin/cmake /home/mateozc/Diplomado/Lab2/src/Stage -DCATKIN_INSTALL_INTO_PREFIX_ROOT=0 -DCATKIN_SYMLINK_INSTALL=ON -DCMAKE_INSTALL_PREFIX=/home/mateozc/Diplomado/Lab2/install/stage
[0.181s] -- The C compiler identification is GNU 13.3.0
[0.347s] -- The CXX compiler identification is GNU 13.3.0
[0.385s] -- Detecting C compiler ABI info
[0.601s] -- Detecting C compiler ABI info - done
[0.628s] -- Check for working C compiler: /usr/bin/cc - skipped
[0.628s] -- Detecting C compile features
[0.630s] -- Detecting C compile features - done
[0.654s] -- Detecting CXX compiler ABI info
[0.950s] -- Detecting CXX compiler ABI info - done
[0.994s] -- Check for working CXX compiler: /usr/bin/c++ - skipped
[0.994s] -- Detecting CXX compile features
[0.994s] -- Detecting CXX compile features - done
[0.996s] -- Stage version 4.3.0
[0.997s] -- Operating system is Linux
[0.997s] -- Installing Libraries to /home/mateozc/Diplomado/Lab2/install/stage/lib
[0.997s] -- Installing Plugins to /home/mateozc/Diplomado/Lab2/install/stage/lib/Stage-4.3
[0.998s] -- Build type RELEASE
[1.000s] -- Checking for libtool
[1.028s] -- Checking for required libraries...
[1.110s] -- Found JPEG: /usr/lib/x86_64-linux-gnu/libjpeg.so (found version "80") 
[1.171s] -- Found ZLIB: /usr/lib/x86_64-linux-gnu/libz.so (found version "1.3")  
[1.241s] -- Found PNG: /usr/lib/x86_64-linux-gnu/libpng.so (found version "1.6.43") 
[1.271s] -- Found OpenGL: /usr/lib/x86_64-linux-gnu/libOpenGL.so   
[1.745s] -- Found X11: /usr/include   
[1.749s] -- Looking for XOpenDisplay in /usr/lib/x86_64-linux-gnu/libX11.so;/usr/lib/x86_64-linux-gnu/libXext.so
[2.008s] -- Looking for XOpenDisplay in /usr/lib/x86_64-linux-gnu/libX11.so;/usr/lib/x86_64-linux-gnu/libXext.so - found
[2.008s] -- Looking for gethostbyname
[2.229s] -- Looking for gethostbyname - found
[2.229s] -- Looking for connect
[2.484s] -- Looking for connect - found
[2.484s] -- Looking for remove
[2.752s] -- Looking for remove - found
[2.752s] -- Looking for shmat
[3.021s] -- Looking for shmat - found
[3.022s] -- Looking for IceConnectionNumber in ICE
[3.300s] -- Looking for IceConnectionNumber in ICE - found
[3.427s] -- Found FLTK: fltk_images;fltk_forms;fltk_gl;fltk  
[3.435s] -- Checking for optional libraries...
[3.436s] -- Installation path CMAKE_INSTALL_PREFIX=/home/mateozc/Diplomado/Lab2/install/stage
[3.439s] -- Configuring libstage
[3.474s] -- Found PkgConfig: /usr/bin/pkg-config (found version "1.8.1") 
[3.475s] -- Checking for one of the modules 'playercore>=2.1.0'
[3.708s] --   * Player not detected. If Player is installed but not detected, check your PKG_CONFIG_PATH.
[3.756s] -- Configuring done (3.7s)
[4.014s] -- Generating done (0.2s)
[4.020s] [33mCMake Warning:
[4.020s]   Manually-specified variables were not used by the project:
[4.021s] 
[4.021s]     CATKIN_INSTALL_INTO_PREFIX_ROOT
[4.021s]     CATKIN_SYMLINK_INSTALL
[4.021s] 
[4.022s] [0m
[4.040s] -- Build files have been written to: /home/mateozc/Diplomado/Lab2/build/stage
[4.073s] Invoked command in '/home/mateozc/Diplomado/Lab2/build/stage' returned '0': DEBUGINFOD_URLS=https://debuginfod.ubuntu.com /usr/bin/cmake /home/mateozc/Diplomado/Lab2/src/Stage -DCATKIN_INSTALL_INTO_PREFIX_ROOT=0 -DCATKIN_SYMLINK_INSTALL=ON -DCMAKE_INSTALL_PREFIX=/home/mateozc/Diplomado/Lab2/install/stage
[4.074s] Invoking command in '/home/mateozc/Diplomado/Lab2/build/stage': DEBUGINFOD_URLS=https://debuginfod.ubuntu.com /usr/bin/cmake --build /home/mateozc/Diplomado/Lab2/build/stage -- -j4 -l4
[4.305s] [  3%] [32mBuilding CXX object libstage/CMakeFiles/stage.dir/color.cc.o[0m
[4.305s] [  3%] [32mBuilding CXX object libstage/CMakeFiles/stage.dir/camera.cc.o[0m
[4.306s] [  5%] [32mBuilding CXX object libstage/CMakeFiles/stage.dir/block.cc.o[0m
[4.309s] [  6%] [32mBuilding CXX object libstage/CMakeFiles/stage.dir/blockgroup.cc.o[0m
[10.275s] [  8%] [32mBuilding CXX object libstage/CMakeFiles/stage.dir/file_manager.cc.o[0m
[10.671s] [ 10%] [32mBuilding CXX object libstage/CMakeFiles/stage.dir/gl.cc.o[0m
[11.160s] [ 11%] [32mBuilding CXX object libstage/CMakeFiles/stage.dir/logentry.cc.o[0m
[11.584s] [ 13%] [32mBuilding CXX object libstage/CMakeFiles/stage.dir/model.cc.o[0m
[14.507s] [ 15%] [32mBuilding CXX object libstage/CMakeFiles/stage.dir/model_actuator.cc.o[0m
[16.249s] [ 16%] [32mBuilding CXX object libstage/CMakeFiles/stage.dir/model_blinkenlight.cc.o[0m
[17.592s] [ 18%] [32mBuilding CXX object libstage/CMakeFiles/stage.dir/model_blobfinder.cc.o[0m
[18.311s] [ 20%] [32mBuilding CXX object libstage/CMakeFiles/stage.dir/model_bumper.cc.o[0m
[20.136s] [ 22%] [32mBuilding CXX object libstage/CMakeFiles/stage.dir/model_callbacks.cc.o[0m
[21.696s] [ 23%] [32mBuilding CXX object libstage/CMakeFiles/stage.dir/model_camera.cc.o[0m
[22.702s] [ 25%] [32mBuilding CXX object libstage/CMakeFiles/stage.dir/model_draw.cc.o[0m
[23.044s] [ 27%] [32mBuilding CXX object libstage/CMakeFiles/stage.dir/model_fiducial.cc.o[0m
[24.866s] [ 28%] [32mBuilding CXX object libstage/CMakeFiles/stage.dir/model_gripper.cc.o[0m
[26.992s] [ 30%] [32mBuilding CXX object libstage/CMakeFiles/stage.dir/model_lightindicator.cc.o[0m
[28.522s] [ 32%] [32mBuilding CXX object libstage/CMakeFiles/stage.dir/model_position.cc.o[0m
[28.705s] [ 33%] [32mBuilding CXX object libstage/CMakeFiles/stage.dir/model_ranger.cc.o[0m
[29.195s] [ 35%] [32mBuilding CXX object libstage/CMakeFiles/stage.dir/option.cc.o[0m
[31.506s] [ 37%] [32mBuilding CXX object libstage/CMakeFiles/stage.dir/powerpack.cc.o[0m
[32.638s] [ 38%] [32mBuilding CXX object libstage/CMakeFiles/stage.dir/region.cc.o[0m
[34.677s] [ 40%] [32mBuilding CXX object libstage/CMakeFiles/stage.dir/stage.cc.o[0m
[35.724s] [ 42%] [32mBuilding CXX object libstage/CMakeFiles/stage.dir/texture_manager.cc.o[0m
[36.741s] [ 44%] [32mBuilding CXX object libstage/CMakeFiles/stage.dir/typetable.cc.o[0m
[37.598s] [ 45%] [32mBuilding CXX object libstage/CMakeFiles/stage.dir/world.cc.o[0m
[44.310s] [ 47%] [32mBuilding CXX object libstage/CMakeFiles/stage.dir/options_dlg.cc.o[0m
[45.344s] [ 49%] [32mBuilding CXX object libstage/CMakeFiles/stage.dir/vis_strip.cc.o[0m
[46.378s] [ 50%] [32mBuilding CXX object libstage/CMakeFiles/stage.dir/canvas.cc.o[0m
[46.857s] [ 52%] [32mBuilding CXX object libstage/CMakeFiles/stage.dir/worldfile.cc.o[0m
[46.920s] [ 54%] [32mBuilding CXX object libstage/CMakeFiles/stage.dir/worldgui.cc.o[0m
[48.980s] [ 55%] [32mBuilding CXX object libstage/CMakeFiles/stage.dir/ancestor.cc.o[0m
[54.937s] [ 57%] [32m[1mLinking CXX shared library libstage.so[0m
[55.280s] [ 57%] Built target stage
[55.345s] [ 59%] [32mBuilding CXX object libstage/CMakeFiles/stagebinary.dir/main.cc.o[0m
[55.352s] [ 61%] [32mBuilding CXX object examples/ctrl/CMakeFiles/fasr.dir/fasr.cc.o[0m
[56.400s] [ 62%] [32mBuilding CXX object examples/ctrl/CMakeFiles/source.dir/source.cc.o[0m
[57.528s] [ 64%] [32mBuilding CXX object examples/ctrl/CMakeFiles/sink.dir/sink.cc.o[0m
[58.794s] [ 66%] [32m[1mLinking CXX executable stage[0m
[58.852s] [ 67%] [32m[1mLinking CXX shared module fasr.so[0m
[59.204s] [ 67%] Built target fasr
[59.290s] [ 69%] [32mBuilding CXX object examples/ctrl/CMakeFiles/wander.dir/wander.cc.o[0m
[59.431s] [ 69%] Built target stagebinary
[59.600s] [ 71%] [32mBuilding CXX object examples/ctrl/CMakeFiles/pioneer_flocking.dir/pioneer_flocking.cc.o[0m
[60.802s] [ 72%] [32m[1mLinking CXX shared module source.so[0m
[60.897s] [ 74%] [32m[1mLinking CXX shared module sink.so[0m
[61.267s] [ 74%] Built target source
[61.338s] [ 74%] Built target sink
[62.760s] [ 76%] [32m[1mLinking CXX shared module wander.so[0m
[63.045s] [ 76%] Built target wander
[63.050s] [ 77%] [32m[1mLinking CXX shared module pioneer_flocking.so[0m
[63.274s] [ 77%] Built target pioneer_flocking
[63.329s] [ 79%] [32mBuilding CXX object examples/ctrl/CMakeFiles/dynamic.dir/dynamic.cc.o[0m
[65.129s] [ 81%] [32m[1mLinking CXX shared module dynamic.so[0m
[65.327s] [ 81%] Built target dynamic
[65.373s] [ 83%] [32mBuilding CXX object examples/ctrl/CMakeFiles/fasr2.dir/fasr2.cc.o[0m
[65.384s] [ 84%] [32mBuilding CXX object examples/ctrl/CMakeFiles/lasernoise.dir/lasernoise.cc.o[0m
[66.448s] [ 86%] [32mBuilding CXX object worlds/benchmark/CMakeFiles/expand_swarm.dir/expand_swarm.cc.o[0m
[67.555s] [ 88%] [32mBuilding CXX object examples/ctrl/CMakeFiles/rasterize.dir/rasterize.cc.o[0m
[67.980s] [ 89%] [32m[1mLinking CXX shared module lasernoise.so[0m
[68.476s] [ 89%] Built target lasernoise
[68.603s] [ 91%] [32mBuilding CXX object worlds/benchmark/CMakeFiles/expand_pioneer.dir/expand_pioneer.cc.o[0m
[69.944s] [ 93%] [32m[1mLinking CXX shared module expand_swarm.so[0m
[70.346s] [ 93%] Built target expand_swarm
[71.243s] [ 94%] [32mBuilding CXX object examples/ctrl/CMakeFiles/fasr2.dir/astar/findpath.cpp.o[0m
[71.525s] [ 96%] [32m[1mLinking CXX shared module rasterize.so[0m
[71.773s] [ 98%] [32m[1mLinking CXX shared module expand_pioneer.so[0m
[71.867s] [ 98%] Built target rasterize
[72.070s] [ 98%] Built target expand_pioneer
[73.195s] [100%] [32m[1mLinking CXX shared module fasr2.so[0m
[73.427s] [100%] Built target fasr2
[73.462s] Invoked command in '/home/mateozc/Diplomado/Lab2/build/stage' returned '0': DEBUGINFOD_URLS=https://debuginfod.ubuntu.com /usr/bin/cmake --build /home/mateozc/Diplomado/Lab2/build/stage -- -j4 -l4
[73.496s] Invoking command in '/home/mateozc/Diplomado/Lab2/build/stage': DEBUGINFOD_URLS=https://debuginfod.ubuntu.com /usr/bin/cmake --install /home/mateozc/Diplomado/Lab2/build/stage
[73.520s] -- Install configuration: "RELEASE"
[73.520s] -- Installing: /home/mateozc/Diplomado/Lab2/install/stage/lib/pkgconfig/stage.pc
[73.521s] -- Installing: /home/mateozc/Diplomado/Lab2/install/stage/lib/cmake/Stage/stage-config.cmake
[73.524s] -- Installing: /home/mateozc/Diplomado/Lab2/install/stage/lib/cmake/Stage/stage-config-version.cmake
[73.526s] -- Installing: /home/mateozc/Diplomado/Lab2/install/stage/bin/stage
[73.527s] -- Set non-toolchain portion of runtime path of "/home/mateozc/Diplomado/Lab2/install/stage/bin/stage" to ""
[73.527s] -- Installing: /home/mateozc/Diplomado/Lab2/install/stage/lib/libstage.so.4.3.0
[73.529s] -- Installing: /home/mateozc/Diplomado/Lab2/install/stage/lib/libstage.so
[73.530s] -- Installing: /home/mateozc/Diplomado/Lab2/install/stage/include/Stage-4.3/stage.hh
[73.531s] -- Installing: /home/mateozc/Diplomado/Lab2/install/stage/lib/Stage-4.3/fasr.so
[73.532s] -- Set non-toolchain portion of runtime path of "/home/mateozc/Diplomado/Lab2/install/stage/lib/Stage-4.3/fasr.so" to ""
[73.533s] -- Installing: /home/mateozc/Diplomado/Lab2/install/stage/lib/Stage-4.3/sink.so
[73.534s] -- Set non-toolchain portion of runtime path of "/home/mateozc/Diplomado/Lab2/install/stage/lib/Stage-4.3/sink.so" to ""
[73.534s] -- Installing: /home/mateozc/Diplomado/Lab2/install/stage/lib/Stage-4.3/source.so
[73.535s] -- Set non-toolchain portion of runtime path of "/home/mateozc/Diplomado/Lab2/install/stage/lib/Stage-4.3/source.so" to ""
[73.536s] -- Installing: /home/mateozc/Diplomado/Lab2/install/stage/lib/Stage-4.3/wander.so
[73.537s] -- Set non-toolchain portion of runtime path of "/home/mateozc/Diplomado/Lab2/install/stage/lib/Stage-4.3/wander.so" to ""
[73.537s] -- Installing: /home/mateozc/Diplomado/Lab2/install/stage/lib/Stage-4.3/pioneer_flocking.so
[73.538s] -- Set non-toolchain portion of runtime path of "/home/mateozc/Diplomado/Lab2/install/stage/lib/Stage-4.3/pioneer_flocking.so" to ""
[73.539s] -- Installing: /home/mateozc/Diplomado/Lab2/install/stage/lib/Stage-4.3/rasterize.so
[73.540s] -- Set non-toolchain portion of runtime path of "/home/mateozc/Diplomado/Lab2/install/stage/lib/Stage-4.3/rasterize.so" to ""
[73.541s] -- Installing: /home/mateozc/Diplomado/Lab2/install/stage/lib/Stage-4.3/lasernoise.so
[73.542s] -- Set non-toolchain portion of runtime path of "/home/mateozc/Diplomado/Lab2/install/stage/lib/Stage-4.3/lasernoise.so" to ""
[73.542s] -- Installing: /home/mateozc/Diplomado/Lab2/install/stage/lib/Stage-4.3/dynamic.so
[73.543s] -- Set non-toolchain portion of runtime path of "/home/mateozc/Diplomado/Lab2/install/stage/lib/Stage-4.3/dynamic.so" to ""
[73.544s] -- Installing: /home/mateozc/Diplomado/Lab2/install/stage/lib/Stage-4.3/fasr2.so
[73.545s] -- Set non-toolchain portion of runtime path of "/home/mateozc/Diplomado/Lab2/install/stage/lib/Stage-4.3/fasr2.so" to ""
[73.546s] -- Installing: /home/mateozc/Diplomado/Lab2/install/stage/share/stage/assets/blue.png
[73.547s] -- Installing: /home/mateozc/Diplomado/Lab2/install/stage/share/stage/assets/death.png
[73.547s] -- Installing: /home/mateozc/Diplomado/Lab2/install/stage/share/stage/assets/green.png
[73.548s] -- Installing: /home/mateozc/Diplomado/Lab2/install/stage/share/stage/assets/logo.png
[73.548s] -- Installing: /home/mateozc/Diplomado/Lab2/install/stage/share/stage/assets/mains.png
[73.549s] -- Installing: /home/mateozc/Diplomado/Lab2/install/stage/share/stage/assets/mainspower.png
[73.549s] -- Installing: /home/mateozc/Diplomado/Lab2/install/stage/share/stage/assets/question_mark.png
[73.550s] -- Installing: /home/mateozc/Diplomado/Lab2/install/stage/share/stage/assets/red.png
[73.550s] -- Installing: /home/mateozc/Diplomado/Lab2/install/stage/share/stage/assets/stagelogo.png
[73.551s] -- Installing: /home/mateozc/Diplomado/Lab2/install/stage/share/stage/assets/stall-old.png
[73.551s] -- Installing: /home/mateozc/Diplomado/Lab2/install/stage/share/stage/assets/stall.png
[73.551s] -- Installing: /home/mateozc/Diplomado/Lab2/install/stage/share/stage/assets/rgb.txt
[73.552s] -- Installing: /home/mateozc/Diplomado/Lab2/install/stage/share/stage/rgb.txt
[73.552s] -- Installing: /home/mateozc/Diplomado/Lab2/install/stage/share/stage/worlds/amcl-sonar.cfg
[73.553s] -- Installing: /home/mateozc/Diplomado/Lab2/install/stage/share/stage/worlds/autolab.cfg
[73.553s] -- Installing: /home/mateozc/Diplomado/Lab2/install/stage/share/stage/worlds/camera.cfg
[73.554s] -- Installing: /home/mateozc/Diplomado/Lab2/install/stage/share/stage/worlds/everything.cfg
[73.554s] -- Installing: /home/mateozc/Diplomado/Lab2/install/stage/share/stage/worlds/lsp_test.cfg
[73.555s] -- Installing: /home/mateozc/Diplomado/Lab2/install/stage/share/stage/worlds/mbicp.cfg
[73.555s] -- Installing: /home/mateozc/Diplomado/Lab2/install/stage/share/stage/worlds/nd.cfg
[73.556s] -- Installing: /home/mateozc/Diplomado/Lab2/install/stage/share/stage/worlds/roomba.cfg
[73.556s] -- Installing: /home/mateozc/Diplomado/Lab2/install/stage/share/stage/worlds/simple.cfg
[73.557s] -- Installing: /home/mateozc/Diplomado/Lab2/install/stage/share/stage/worlds/test.cfg
[73.557s] -- Installing: /home/mateozc/Diplomado/Lab2/install/stage/share/stage/worlds/uoa_robotics_lab.cfg
[73.558s] -- Installing: /home/mateozc/Diplomado/Lab2/install/stage/share/stage/worlds/vfh.cfg
[73.558s] -- Installing: /home/mateozc/Diplomado/Lab2/install/stage/share/stage/worlds/wavefront-remote.cfg
[73.559s] -- Installing: /home/mateozc/Diplomado/Lab2/install/stage/share/stage/worlds/wavefront.cfg
[73.559s] -- Installing: /home/mateozc/Diplomado/Lab2/install/stage/share/stage/worlds/wifi.cfg
[73.559s] -- Installing: /home/mateozc/Diplomado/Lab2/install/stage/share/stage/worlds/SFU.world
[73.560s] -- Installing: /home/mateozc/Diplomado/Lab2/install/stage/share/stage/worlds/autolab.world
[73.560s] -- Installing: /home/mateozc/Diplomado/Lab2/install/stage/share/stage/worlds/camera.world
[73.561s] -- Installing: /home/mateozc/Diplomado/Lab2/install/stage/share/stage/worlds/circuit.world
[73.561s] -- Installing: /home/mateozc/Diplomado/Lab2/install/stage/share/stage/worlds/everything.world
[73.562s] -- Installing: /home/mateozc/Diplomado/Lab2/install/stage/share/stage/worlds/fasr.world
[73.562s] -- Installing: /home/mateozc/Diplomado/Lab2/install/stage/share/stage/worlds/fasr2.world
[73.562s] -- Installing: /home/mateozc/Diplomado/Lab2/install/stage/share/stage/worlds/fasr_plan.world
[73.563s] -- Installing: /home/mateozc/Diplomado/Lab2/install/stage/share/stage/worlds/large.world
[73.563s] -- Installing: /home/mateozc/Diplomado/Lab2/install/stage/share/stage/worlds/lsp_test.world
[73.564s] -- Installing: /home/mateozc/Diplomado/Lab2/install/stage/share/stage/worlds/mbicp.world
[73.564s] -- Installing: /home/mateozc/Diplomado/Lab2/install/stage/share/stage/worlds/pioneer_flocking.world
[73.565s] -- Installing: /home/mateozc/Diplomado/Lab2/install/stage/share/stage/worlds/pioneer_follow.world
[73.565s] -- Installing: /home/mateozc/Diplomado/Lab2/install/stage/share/stage/worlds/pioneer_walle.world
[73.566s] -- Installing: /home/mateozc/Diplomado/Lab2/install/stage/share/stage/worlds/roomba.world
[73.566s] -- Installing: /home/mateozc/Diplomado/Lab2/install/stage/share/stage/worlds/sensor_noise_demo.world
[73.567s] -- Installing: /home/mateozc/Diplomado/Lab2/install/stage/share/stage/worlds/sensor_noise_module_demo.world
[73.567s] -- Installing: /home/mateozc/Diplomado/Lab2/install/stage/share/stage/worlds/simple.world
[73.568s] -- Installing: /home/mateozc/Diplomado/Lab2/install/stage/share/stage/worlds/uoa_robotics_lab.world
[73.568s] -- Installing: /home/mateozc/Diplomado/Lab2/install/stage/share/stage/worlds/wifi.world
[73.568s] -- Installing: /home/mateozc/Diplomado/Lab2/install/stage/share/stage/worlds/beacons.inc
[73.569s] -- Installing: /home/mateozc/Diplomado/Lab2/install/stage/share/stage/worlds/chatterbox.inc
[73.569s] -- Installing: /home/mateozc/Diplomado/Lab2/install/stage/share/stage/worlds/hokuyo.inc
[73.570s] -- Installing: /home/mateozc/Diplomado/Lab2/install/stage/share/stage/worlds/irobot.inc
[73.570s] -- Installing: /home/mateozc/Diplomado/Lab2/install/stage/share/stage/worlds/map.inc
[73.570s] -- Installing: /home/mateozc/Diplomado/Lab2/install/stage/share/stage/worlds/objects.inc
[73.571s] -- Installing: /home/mateozc/Diplomado/Lab2/install/stage/share/stage/worlds/pantilt.inc
[73.571s] -- Installing: /home/mateozc/Diplomado/Lab2/install/stage/share/stage/worlds/pioneer.inc
[73.571s] -- Installing: /home/mateozc/Diplomado/Lab2/install/stage/share/stage/worlds/sick.inc
[73.572s] -- Installing: /home/mateozc/Diplomado/Lab2/install/stage/share/stage/worlds/ubot.inc
[73.572s] -- Installing: /home/mateozc/Diplomado/Lab2/install/stage/share/stage/worlds/uoa_robotics_lab_models.inc
[73.573s] -- Installing: /home/mateozc/Diplomado/Lab2/install/stage/share/stage/worlds/walle.inc
[73.573s] -- Installing: /home/mateozc/Diplomado/Lab2/install/stage/share/stage/worlds/cfggen.sh
[73.573s] -- Installing: /home/mateozc/Diplomado/Lab2/install/stage/share/stage/worlds/test.sh
[73.574s] -- Installing: /home/mateozc/Diplomado/Lab2/install/stage/share/stage/worlds/worldgen.sh
[73.574s] -- Installing: /home/mateozc/Diplomado/Lab2/install/stage/lib/Stage-4.3/expand_swarm.so
[73.574s] -- Set non-toolchain portion of runtime path of "/home/mateozc/Diplomado/Lab2/install/stage/lib/Stage-4.3/expand_swarm.so" to ""
[73.575s] -- Installing: /home/mateozc/Diplomado/Lab2/install/stage/lib/Stage-4.3/expand_pioneer.so
[73.575s] -- Set non-toolchain portion of runtime path of "/home/mateozc/Diplomado/Lab2/install/stage/lib/Stage-4.3/expand_pioneer.so" to ""
[73.576s] -- Installing: /home/mateozc/Diplomado/Lab2/install/stage/share/stage/worlds/bitmaps/889_05.png
[73.576s] -- Installing: /home/mateozc/Diplomado/Lab2/install/stage/share/stage/worlds/bitmaps/SFU_1200x615.png
[73.576s] -- Installing: /home/mateozc/Diplomado/Lab2/install/stage/share/stage/worlds/bitmaps/SRI-AIC-kwing.png
[73.577s] -- Installing: /home/mateozc/Diplomado/Lab2/install/stage/share/stage/worlds/bitmaps/autolab.png
[73.578s] -- Installing: /home/mateozc/Diplomado/Lab2/install/stage/share/stage/worlds/bitmaps/cave.png
[73.578s] -- Installing: /home/mateozc/Diplomado/Lab2/install/stage/share/stage/worlds/bitmaps/cave_compact.png
[73.579s] -- Installing: /home/mateozc/Diplomado/Lab2/install/stage/share/stage/worlds/bitmaps/cave_filled.png
[73.579s] -- Installing: /home/mateozc/Diplomado/Lab2/install/stage/share/stage/worlds/bitmaps/frieburg.png
[73.580s] -- Installing: /home/mateozc/Diplomado/Lab2/install/stage/share/stage/worlds/bitmaps/ghost.png
[73.580s] -- Installing: /home/mateozc/Diplomado/Lab2/install/stage/share/stage/worlds/bitmaps/hospital.png
[73.581s] -- Installing: /home/mateozc/Diplomado/Lab2/install/stage/share/stage/worlds/bitmaps/hospital_section.png
[73.581s] -- Installing: /home/mateozc/Diplomado/Lab2/install/stage/share/stage/worlds/bitmaps/human_outline.png
[73.582s] -- Installing: /home/mateozc/Diplomado/Lab2/install/stage/share/stage/worlds/bitmaps/mbicp.png
[73.582s] -- Installing: /home/mateozc/Diplomado/Lab2/install/stage/share/stage/worlds/bitmaps/rink.png
[73.582s] -- Installing: /home/mateozc/Diplomado/Lab2/install/stage/share/stage/worlds/bitmaps/sal2.png
[73.583s] -- Installing: /home/mateozc/Diplomado/Lab2/install/stage/share/stage/worlds/bitmaps/simple_rooms.png
[73.583s] -- Installing: /home/mateozc/Diplomado/Lab2/install/stage/share/stage/worlds/bitmaps/space_invader.png
[73.584s] -- Installing: /home/mateozc/Diplomado/Lab2/install/stage/share/stage/worlds/bitmaps/submarine.png
[73.585s] -- Installing: /home/mateozc/Diplomado/Lab2/install/stage/share/stage/worlds/bitmaps/submarine_small.png
[73.585s] -- Installing: /home/mateozc/Diplomado/Lab2/install/stage/share/stage/worlds/bitmaps/table.png
[73.586s] -- Installing: /home/mateozc/Diplomado/Lab2/install/stage/share/stage/worlds/bitmaps/uoa_robotics_lab.png
[73.586s] -- Installing: /home/mateozc/Diplomado/Lab2/install/stage/share/stage/worlds/wifi/commando.world
[73.587s] -- Installing: /home/mateozc/Diplomado/Lab2/install/stage/share/stage/worlds/wifi/hosp_wifi.world
[73.587s] -- Installing: /home/mateozc/Diplomado/Lab2/install/stage/share/stage/worlds/wifi/hosp_wifi_5.world
[73.588s] -- Installing: /home/mateozc/Diplomado/Lab2/install/stage/share/stage/worlds/wifi/wifi.world
[73.588s] -- Installing: /home/mateozc/Diplomado/Lab2/install/stage/share/stage/worlds/wifi/wifi_itu.world
[73.588s] -- Installing: /home/mateozc/Diplomado/Lab2/install/stage/share/stage/worlds/wifi/wifi_logdistance.world
[73.588s] -- Installing: /home/mateozc/Diplomado/Lab2/install/stage/share/stage/worlds/wifi/wifi_ray.world
[73.589s] -- Installing: /home/mateozc/Diplomado/Lab2/install/stage/share/stage/worlds/wifi/wifi_simple.world
[73.589s] -- Installing: /home/mateozc/Diplomado/Lab2/install/stage/share/stage/worlds/wifi/map.inc
[73.592s] Invoked command in '/home/mateozc/Diplomado/Lab2/build/stage' returned '0': DEBUGINFOD_URLS=https://debuginfod.ubuntu.com /usr/bin/cmake --install /home/mateozc/Diplomado/Lab2/build/stage
