[0.753s] DEBUG:colcon:Command line arguments: ['/usr/bin/colcon', 'build']
[0.754s] DEBUG:colcon:Parsed command line arguments: Namespace(log_base=None, log_level=None, verb_name='build', build_base='build', install_base='install', merge_install=False, symlink_install=False, test_result_base=None, continue_on_error=False, executor='parallel', parallel_workers=4, event_handlers=None, ignore_user_meta=False, metas=['./colcon.meta'], base_paths=['.'], packages_ignore=None, packages_ignore_regex=None, paths=None, packages_up_to=None, packages_up_to_regex=None, packages_above=None, packages_above_and_dependencies=None, packages_above_depth=None, packages_select_by_dep=None, packages_skip_by_dep=None, packages_skip_up_to=None, packages_select_build_failed=False, packages_skip_build_finished=False, packages_select_test_failures=False, packages_skip_test_passed=False, packages_select=None, packages_skip=None, packages_select_regex=None, packages_skip_regex=None, packages_start=None, packages_end=None, allow_overriding=[], cmake_args=None, cmake_target=None, cmake_target_skip_unavailable=False, cmake_clean_cache=False, cmake_clean_first=False, cmake_force_configure=False, ament_cmake_args=None, catkin_cmake_args=None, catkin_skip_building_tests=False, mixin_files=None, mixin=None, verb_parser=<colcon_mixin.mixin.mixin_argument.MixinArgumentDecorator object at 0x7e0d20fa6360>, verb_extension=<colcon_core.verb.build.BuildVerb object at 0x7e0d20fa5be0>, main=<bound method BuildVerb.main of <colcon_core.verb.build.BuildVerb object at 0x7e0d20fa5be0>>, mixin_verb=('build',))
[1.008s] Level 1:colcon.colcon_core.package_discovery:discover_packages(colcon_meta) check parameters
[1.008s] Level 1:colcon.colcon_core.package_discovery:discover_packages(recursive) check parameters
[1.009s] Level 1:colcon.colcon_core.package_discovery:discover_packages(ignore) check parameters
[1.009s] Level 1:colcon.colcon_core.package_discovery:discover_packages(path) check parameters
[1.009s] Level 1:colcon.colcon_core.package_discovery:discover_packages(colcon_meta) discover
[1.010s] Level 1:colcon.colcon_core.package_discovery:discover_packages(recursive) discover
[1.010s] INFO:colcon.colcon_core.package_discovery:Crawling recursively for packages in '/home/mateozc/Diplomado/Lab2'
[1.011s] Level 1:colcon.colcon_core.package_identification:_identify(.) by extensions ['ignore', 'ignore_ament_install']
[1.011s] Level 1:colcon.colcon_core.package_identification:_identify(.) by extension 'ignore'
[1.012s] Level 1:colcon.colcon_core.package_identification:_identify(.) by extension 'ignore_ament_install'
[1.012s] Level 1:colcon.colcon_core.package_identification:_identify(.) by extensions ['colcon_pkg']
[1.012s] Level 1:colcon.colcon_core.package_identification:_identify(.) by extension 'colcon_pkg'
[1.013s] Level 1:colcon.colcon_core.package_identification:_identify(.) by extensions ['colcon_meta']
[1.013s] Level 1:colcon.colcon_core.package_identification:_identify(.) by extension 'colcon_meta'
[1.013s] Level 1:colcon.colcon_core.package_identification:_identify(.) by extensions ['ros']
[1.013s] Level 1:colcon.colcon_core.package_identification:_identify(.) by extension 'ros'
[1.174s] Level 1:colcon.colcon_core.package_identification:_identify(.) by extensions ['cmake', 'python']
[1.175s] Level 1:colcon.colcon_core.package_identification:_identify(.) by extension 'cmake'
[1.175s] Level 1:colcon.colcon_core.package_identification:_identify(.) by extension 'python'
[1.175s] Level 1:colcon.colcon_core.package_identification:_identify(.) by extensions ['python_setup_py']
[1.175s] Level 1:colcon.colcon_core.package_identification:_identify(.) by extension 'python_setup_py'
[1.176s] Level 1:colcon.colcon_core.package_identification:_identify(build) by extensions ['ignore', 'ignore_ament_install']
[1.177s] Level 1:colcon.colcon_core.package_identification:_identify(build) by extension 'ignore'
[1.177s] Level 1:colcon.colcon_core.package_identification:_identify(build) ignored
[1.178s] Level 1:colcon.colcon_core.package_identification:_identify(install) by extensions ['ignore', 'ignore_ament_install']
[1.178s] Level 1:colcon.colcon_core.package_identification:_identify(install) by extension 'ignore'
[1.179s] Level 1:colcon.colcon_core.package_identification:_identify(install) ignored
[1.179s] Level 1:colcon.colcon_core.package_identification:_identify(log) by extensions ['ignore', 'ignore_ament_install']
[1.180s] Level 1:colcon.colcon_core.package_identification:_identify(log) by extension 'ignore'
[1.180s] Level 1:colcon.colcon_core.package_identification:_identify(log) ignored
[1.181s] Level 1:colcon.colcon_core.package_identification:_identify(saved_models) by extensions ['ignore', 'ignore_ament_install']
[1.181s] Level 1:colcon.colcon_core.package_identification:_identify(saved_models) by extension 'ignore'
[1.181s] Level 1:colcon.colcon_core.package_identification:_identify(saved_models) by extension 'ignore_ament_install'
[1.182s] Level 1:colcon.colcon_core.package_identification:_identify(saved_models) by extensions ['colcon_pkg']
[1.182s] Level 1:colcon.colcon_core.package_identification:_identify(saved_models) by extension 'colcon_pkg'
[1.182s] Level 1:colcon.colcon_core.package_identification:_identify(saved_models) by extensions ['colcon_meta']
[1.182s] Level 1:colcon.colcon_core.package_identification:_identify(saved_models) by extension 'colcon_meta'
[1.183s] Level 1:colcon.colcon_core.package_identification:_identify(saved_models) by extensions ['ros']
[1.183s] Level 1:colcon.colcon_core.package_identification:_identify(saved_models) by extension 'ros'
[1.184s] Level 1:colcon.colcon_core.package_identification:_identify(saved_models) by extensions ['cmake', 'python']
[1.184s] Level 1:colcon.colcon_core.package_identification:_identify(saved_models) by extension 'cmake'
[1.185s] Level 1:colcon.colcon_core.package_identification:_identify(saved_models) by extension 'python'
[1.185s] Level 1:colcon.colcon_core.package_identification:_identify(saved_models) by extensions ['python_setup_py']
[1.186s] Level 1:colcon.colcon_core.package_identification:_identify(saved_models) by extension 'python_setup_py'
[1.186s] Level 1:colcon.colcon_core.package_identification:_identify(src) by extensions ['ignore', 'ignore_ament_install']
[1.187s] Level 1:colcon.colcon_core.package_identification:_identify(src) by extension 'ignore'
[1.187s] Level 1:colcon.colcon_core.package_identification:_identify(src) by extension 'ignore_ament_install'
[1.188s] Level 1:colcon.colcon_core.package_identification:_identify(src) by extensions ['colcon_pkg']
[1.188s] Level 1:colcon.colcon_core.package_identification:_identify(src) by extension 'colcon_pkg'
[1.188s] Level 1:colcon.colcon_core.package_identification:_identify(src) by extensions ['colcon_meta']
[1.188s] Level 1:colcon.colcon_core.package_identification:_identify(src) by extension 'colcon_meta'
[1.189s] Level 1:colcon.colcon_core.package_identification:_identify(src) by extensions ['ros']
[1.189s] Level 1:colcon.colcon_core.package_identification:_identify(src) by extension 'ros'
[1.190s] Level 1:colcon.colcon_core.package_identification:_identify(src) by extensions ['cmake', 'python']
[1.191s] Level 1:colcon.colcon_core.package_identification:_identify(src) by extension 'cmake'
[1.191s] Level 1:colcon.colcon_core.package_identification:_identify(src) by extension 'python'
[1.192s] Level 1:colcon.colcon_core.package_identification:_identify(src) by extensions ['python_setup_py']
[1.192s] Level 1:colcon.colcon_core.package_identification:_identify(src) by extension 'python_setup_py'
[1.193s] Level 1:colcon.colcon_core.package_identification:_identify(src/Stage) by extensions ['ignore', 'ignore_ament_install']
[1.194s] Level 1:colcon.colcon_core.package_identification:_identify(src/Stage) by extension 'ignore'
[1.194s] Level 1:colcon.colcon_core.package_identification:_identify(src/Stage) by extension 'ignore_ament_install'
[1.195s] Level 1:colcon.colcon_core.package_identification:_identify(src/Stage) by extensions ['colcon_pkg']
[1.195s] Level 1:colcon.colcon_core.package_identification:_identify(src/Stage) by extension 'colcon_pkg'
[1.195s] Level 1:colcon.colcon_core.package_identification:_identify(src/Stage) by extensions ['colcon_meta']
[1.195s] Level 1:colcon.colcon_core.package_identification:_identify(src/Stage) by extension 'colcon_meta'
[1.196s] Level 1:colcon.colcon_core.package_identification:_identify(src/Stage) by extensions ['ros']
[1.196s] Level 1:colcon.colcon_core.package_identification:_identify(src/Stage) by extension 'ros'
[1.210s] DEBUG:colcon.colcon_core.package_identification:Package 'src/Stage' with type 'ros.catkin' and name 'stage'
[1.211s] Level 1:colcon.colcon_core.package_identification:_identify(src/dqn_robot_nav) by extensions ['ignore', 'ignore_ament_install']
[1.212s] Level 1:colcon.colcon_core.package_identification:_identify(src/dqn_robot_nav) by extension 'ignore'
[1.212s] Level 1:colcon.colcon_core.package_identification:_identify(src/dqn_robot_nav) by extension 'ignore_ament_install'
[1.212s] Level 1:colcon.colcon_core.package_identification:_identify(src/dqn_robot_nav) by extensions ['colcon_pkg']
[1.213s] Level 1:colcon.colcon_core.package_identification:_identify(src/dqn_robot_nav) by extension 'colcon_pkg'
[1.213s] Level 1:colcon.colcon_core.package_identification:_identify(src/dqn_robot_nav) by extensions ['colcon_meta']
[1.213s] Level 1:colcon.colcon_core.package_identification:_identify(src/dqn_robot_nav) by extension 'colcon_meta'
[1.213s] Level 1:colcon.colcon_core.package_identification:_identify(src/dqn_robot_nav) by extensions ['ros']
[1.214s] Level 1:colcon.colcon_core.package_identification:_identify(src/dqn_robot_nav) by extension 'ros'
[1.218s] DEBUG:colcon.colcon_core.package_identification:Package 'src/dqn_robot_nav' with type 'ros.ament_python' and name 'dqn_robot_nav'
[1.218s] Level 1:colcon.colcon_core.package_identification:_identify(src/stage_ros2) by extensions ['ignore', 'ignore_ament_install']
[1.219s] Level 1:colcon.colcon_core.package_identification:_identify(src/stage_ros2) by extension 'ignore'
[1.220s] Level 1:colcon.colcon_core.package_identification:_identify(src/stage_ros2) by extension 'ignore_ament_install'
[1.220s] Level 1:colcon.colcon_core.package_identification:_identify(src/stage_ros2) by extensions ['colcon_pkg']
[1.220s] Level 1:colcon.colcon_core.package_identification:_identify(src/stage_ros2) by extension 'colcon_pkg'
[1.220s] Level 1:colcon.colcon_core.package_identification:_identify(src/stage_ros2) by extensions ['colcon_meta']
[1.221s] Level 1:colcon.colcon_core.package_identification:_identify(src/stage_ros2) by extension 'colcon_meta'
[1.221s] Level 1:colcon.colcon_core.package_identification:_identify(src/stage_ros2) by extensions ['ros']
[1.221s] Level 1:colcon.colcon_core.package_identification:_identify(src/stage_ros2) by extension 'ros'
[1.227s] DEBUG:colcon.colcon_core.package_identification:Package 'src/stage_ros2' with type 'ros.ament_cmake' and name 'stage_ros2'
[1.228s] Level 1:colcon.colcon_core.package_discovery:discover_packages(recursive) using defaults
[1.228s] Level 1:colcon.colcon_core.package_discovery:discover_packages(ignore) discover
[1.228s] Level 1:colcon.colcon_core.package_discovery:discover_packages(ignore) using defaults
[1.228s] Level 1:colcon.colcon_core.package_discovery:discover_packages(path) discover
[1.228s] Level 1:colcon.colcon_core.package_discovery:discover_packages(path) using defaults
[1.340s] Level 1:colcon.colcon_core.package_discovery:discover_packages(prefix_path) check parameters
[1.340s] Level 1:colcon.colcon_core.package_discovery:discover_packages(prefix_path) discover
[1.352s] DEBUG:colcon.colcon_installed_package_information.package_discovery:Found 3 installed packages in /home/mateozc/Diplomado/Lab2/install
[1.369s] DEBUG:colcon.colcon_installed_package_information.package_discovery:Found 505 installed packages in /opt/ros/jazzy
[1.380s] Level 1:colcon.colcon_core.package_discovery:discover_packages(prefix_path) using defaults
[1.856s] Level 5:colcon.colcon_core.verb:set package 'dqn_robot_nav' build argument 'cmake_args' from command line to 'None'
[1.856s] Level 5:colcon.colcon_core.verb:set package 'dqn_robot_nav' build argument 'cmake_target' from command line to 'None'
[1.856s] Level 5:colcon.colcon_core.verb:set package 'dqn_robot_nav' build argument 'cmake_target_skip_unavailable' from command line to 'False'
[1.856s] Level 5:colcon.colcon_core.verb:set package 'dqn_robot_nav' build argument 'cmake_clean_cache' from command line to 'False'
[1.856s] Level 5:colcon.colcon_core.verb:set package 'dqn_robot_nav' build argument 'cmake_clean_first' from command line to 'False'
[1.857s] Level 5:colcon.colcon_core.verb:set package 'dqn_robot_nav' build argument 'cmake_force_configure' from command line to 'False'
[1.857s] Level 5:colcon.colcon_core.verb:set package 'dqn_robot_nav' build argument 'ament_cmake_args' from command line to 'None'
[1.857s] Level 5:colcon.colcon_core.verb:set package 'dqn_robot_nav' build argument 'catkin_cmake_args' from command line to 'None'
[1.857s] Level 5:colcon.colcon_core.verb:set package 'dqn_robot_nav' build argument 'catkin_skip_building_tests' from command line to 'False'
[1.857s] DEBUG:colcon.colcon_core.verb:Building package 'dqn_robot_nav' with the following arguments: {'ament_cmake_args': None, 'build_base': '/home/mateozc/Diplomado/Lab2/build/dqn_robot_nav', 'catkin_cmake_args': None, 'catkin_skip_building_tests': False, 'cmake_args': None, 'cmake_clean_cache': False, 'cmake_clean_first': False, 'cmake_force_configure': False, 'cmake_target': None, 'cmake_target_skip_unavailable': False, 'install_base': '/home/mateozc/Diplomado/Lab2/install/dqn_robot_nav', 'merge_install': False, 'path': '/home/mateozc/Diplomado/Lab2/src/dqn_robot_nav', 'symlink_install': False, 'test_result_base': None}
[1.859s] Level 5:colcon.colcon_core.verb:set package 'stage' build argument 'cmake_args' from command line to 'None'
[1.859s] Level 5:colcon.colcon_core.verb:set package 'stage' build argument 'cmake_target' from command line to 'None'
[1.859s] Level 5:colcon.colcon_core.verb:set package 'stage' build argument 'cmake_target_skip_unavailable' from command line to 'False'
[1.860s] Level 5:colcon.colcon_core.verb:set package 'stage' build argument 'cmake_clean_cache' from command line to 'False'
[1.860s] Level 5:colcon.colcon_core.verb:set package 'stage' build argument 'cmake_clean_first' from command line to 'False'
[1.860s] Level 5:colcon.colcon_core.verb:set package 'stage' build argument 'cmake_force_configure' from command line to 'False'
[1.860s] Level 5:colcon.colcon_core.verb:set package 'stage' build argument 'ament_cmake_args' from command line to 'None'
[1.861s] Level 5:colcon.colcon_core.verb:set package 'stage' build argument 'catkin_cmake_args' from command line to 'None'
[1.861s] Level 5:colcon.colcon_core.verb:set package 'stage' build argument 'catkin_skip_building_tests' from command line to 'False'
[1.861s] DEBUG:colcon.colcon_core.verb:Building package 'stage' with the following arguments: {'ament_cmake_args': None, 'build_base': '/home/mateozc/Diplomado/Lab2/build/stage', 'catkin_cmake_args': None, 'catkin_skip_building_tests': False, 'cmake_args': None, 'cmake_clean_cache': False, 'cmake_clean_first': False, 'cmake_force_configure': False, 'cmake_target': None, 'cmake_target_skip_unavailable': False, 'install_base': '/home/mateozc/Diplomado/Lab2/install/stage', 'merge_install': False, 'path': '/home/mateozc/Diplomado/Lab2/src/Stage', 'symlink_install': False, 'test_result_base': None}
[1.863s] Level 5:colcon.colcon_core.verb:set package 'stage_ros2' build argument 'cmake_args' from command line to 'None'
[1.863s] Level 5:colcon.colcon_core.verb:set package 'stage_ros2' build argument 'cmake_target' from command line to 'None'
[1.863s] Level 5:colcon.colcon_core.verb:set package 'stage_ros2' build argument 'cmake_target_skip_unavailable' from command line to 'False'
[1.864s] Level 5:colcon.colcon_core.verb:set package 'stage_ros2' build argument 'cmake_clean_cache' from command line to 'False'
[1.864s] Level 5:colcon.colcon_core.verb:set package 'stage_ros2' build argument 'cmake_clean_first' from command line to 'False'
[1.864s] Level 5:colcon.colcon_core.verb:set package 'stage_ros2' build argument 'cmake_force_configure' from command line to 'False'
[1.864s] Level 5:colcon.colcon_core.verb:set package 'stage_ros2' build argument 'ament_cmake_args' from command line to 'None'
[1.864s] Level 5:colcon.colcon_core.verb:set package 'stage_ros2' build argument 'catkin_cmake_args' from command line to 'None'
[1.864s] Level 5:colcon.colcon_core.verb:set package 'stage_ros2' build argument 'catkin_skip_building_tests' from command line to 'False'
[1.865s] DEBUG:colcon.colcon_core.verb:Building package 'stage_ros2' with the following arguments: {'ament_cmake_args': None, 'build_base': '/home/mateozc/Diplomado/Lab2/build/stage_ros2', 'catkin_cmake_args': None, 'catkin_skip_building_tests': False, 'cmake_args': None, 'cmake_clean_cache': False, 'cmake_clean_first': False, 'cmake_force_configure': False, 'cmake_target': None, 'cmake_target_skip_unavailable': False, 'install_base': '/home/mateozc/Diplomado/Lab2/install/stage_ros2', 'merge_install': False, 'path': '/home/mateozc/Diplomado/Lab2/src/stage_ros2', 'symlink_install': False, 'test_result_base': None}
[1.865s] INFO:colcon.colcon_core.executor:Executing jobs using 'parallel' executor
[1.871s] DEBUG:colcon.colcon_parallel_executor.executor.parallel:run_until_complete
[1.872s] INFO:colcon.colcon_ros.task.catkin.build:Building ROS package in '/home/mateozc/Diplomado/Lab2/src/Stage' with build type 'catkin'
[1.873s] INFO:colcon.colcon_cmake.task.cmake.build:Building CMake package in '/home/mateozc/Diplomado/Lab2/src/Stage'
[1.888s] INFO:colcon.colcon_core.plugin_system:Skipping extension 'colcon_core.shell.bat': Not used on non-Windows systems
[1.889s] INFO:colcon.colcon_core.shell:Skip shell extension 'powershell' for command environment: Not usable outside of PowerShell
[1.889s] DEBUG:colcon.colcon_core.shell:Skip shell extension 'dsv' for command environment
[1.924s] INFO:colcon.colcon_ros.task.ament_python.build:Building ROS package in '/home/mateozc/Diplomado/Lab2/src/dqn_robot_nav' with build type 'ament_python'
[1.925s] Level 1:colcon.colcon_core.shell:create_environment_hook('dqn_robot_nav', 'ament_prefix_path')
[1.927s] INFO:colcon.colcon_core.shell:Creating environment hook '/home/mateozc/Diplomado/Lab2/install/dqn_robot_nav/share/dqn_robot_nav/hook/ament_prefix_path.ps1'
[1.932s] INFO:colcon.colcon_core.shell:Creating environment descriptor '/home/mateozc/Diplomado/Lab2/install/dqn_robot_nav/share/dqn_robot_nav/hook/ament_prefix_path.dsv'
[1.935s] INFO:colcon.colcon_core.shell:Creating environment hook '/home/mateozc/Diplomado/Lab2/install/dqn_robot_nav/share/dqn_robot_nav/hook/ament_prefix_path.sh'
[1.939s] INFO:colcon.colcon_core.shell:Skip shell extension 'powershell' for command environment: Not usable outside of PowerShell
[1.939s] DEBUG:colcon.colcon_core.shell:Skip shell extension 'dsv' for command environment
[2.019s] DEBUG:colcon.colcon_core.event_handler.log_command:Invoking command in '/home/mateozc/Diplomado/Lab2/build/stage': DEBUGINFOD_URLS=https://debuginfod.ubuntu.com /usr/bin/cmake --build /home/mateozc/Diplomado/Lab2/build/stage -- -j4 -l4
[3.752s] INFO:colcon.colcon_core.task.python.build:Building Python package in '/home/mateozc/Diplomado/Lab2/src/dqn_robot_nav'
[3.753s] INFO:colcon.colcon_core.shell:Skip shell extension 'powershell' for command environment: Not usable outside of PowerShell
[3.754s] DEBUG:colcon.colcon_core.shell:Skip shell extension 'dsv' for command environment
[4.488s] DEBUG:colcon.colcon_core.event_handler.log_command:Invoked command in '/home/mateozc/Diplomado/Lab2/build/stage' returned '0': DEBUGINFOD_URLS=https://debuginfod.ubuntu.com /usr/bin/cmake --build /home/mateozc/Diplomado/Lab2/build/stage -- -j4 -l4
[4.550s] DEBUG:colcon.colcon_core.event_handler.log_command:Invoking command in '/home/mateozc/Diplomado/Lab2/build/stage': DEBUGINFOD_URLS=https://debuginfod.ubuntu.com /usr/bin/cmake --install /home/mateozc/Diplomado/Lab2/build/stage
[4.704s] Level 1:colcon.colcon_core.shell:create_environment_hook('stage', 'ros_package_path')
[4.706s] INFO:colcon.colcon_core.shell:Creating environment hook '/home/mateozc/Diplomado/Lab2/install/stage/share/stage/hook/ros_package_path.ps1'
[4.718s] DEBUG:colcon.colcon_core.event_handler.log_command:Invoked command in '/home/mateozc/Diplomado/Lab2/build/stage' returned '0': DEBUGINFOD_URLS=https://debuginfod.ubuntu.com /usr/bin/cmake --install /home/mateozc/Diplomado/Lab2/build/stage
[4.719s] INFO:colcon.colcon_core.shell:Creating environment descriptor '/home/mateozc/Diplomado/Lab2/install/stage/share/stage/hook/ros_package_path.dsv'
[4.720s] INFO:colcon.colcon_core.shell:Creating environment hook '/home/mateozc/Diplomado/Lab2/install/stage/share/stage/hook/ros_package_path.sh'
[4.723s] Level 1:colcon.colcon_core.shell:create_environment_hook('stage', 'pkg_config_path')
[4.724s] INFO:colcon.colcon_core.shell:Creating environment hook '/home/mateozc/Diplomado/Lab2/install/stage/share/stage/hook/pkg_config_path.ps1'
[4.726s] INFO:colcon.colcon_core.shell:Creating environment descriptor '/home/mateozc/Diplomado/Lab2/install/stage/share/stage/hook/pkg_config_path.dsv'
[4.727s] INFO:colcon.colcon_core.shell:Creating environment hook '/home/mateozc/Diplomado/Lab2/install/stage/share/stage/hook/pkg_config_path.sh'
[4.735s] Level 1:colcon.colcon_core.shell:create_environment_hook('stage', 'pkg_config_path_multiarch')
[4.736s] INFO:colcon.colcon_core.shell:Creating environment hook '/home/mateozc/Diplomado/Lab2/install/stage/share/stage/hook/pkg_config_path_multiarch.ps1'
[4.738s] INFO:colcon.colcon_core.shell:Creating environment descriptor '/home/mateozc/Diplomado/Lab2/install/stage/share/stage/hook/pkg_config_path_multiarch.dsv'
[4.739s] INFO:colcon.colcon_core.shell:Creating environment hook '/home/mateozc/Diplomado/Lab2/install/stage/share/stage/hook/pkg_config_path_multiarch.sh'
[4.743s] Level 1:colcon.colcon_core.environment:create_environment_scripts_only(stage)
[4.752s] Level 1:colcon.colcon_core.environment:checking '/home/mateozc/Diplomado/Lab2/install/stage' for CMake module files
[4.755s] Level 1:colcon.colcon_core.environment:checking '/home/mateozc/Diplomado/Lab2/install/stage' for CMake config files
[4.756s] Level 1:colcon.colcon_core.shell:create_environment_hook('stage', 'cmake_prefix_path')
[4.757s] INFO:colcon.colcon_core.shell:Creating environment hook '/home/mateozc/Diplomado/Lab2/install/stage/share/stage/hook/cmake_prefix_path.ps1'
[4.759s] INFO:colcon.colcon_core.shell:Creating environment descriptor '/home/mateozc/Diplomado/Lab2/install/stage/share/stage/hook/cmake_prefix_path.dsv'
[4.761s] INFO:colcon.colcon_core.shell:Creating environment hook '/home/mateozc/Diplomado/Lab2/install/stage/share/stage/hook/cmake_prefix_path.sh'
[4.764s] Level 1:colcon.colcon_core.environment:checking '/home/mateozc/Diplomado/Lab2/install/stage/lib'
[4.765s] Level 1:colcon.colcon_core.shell:create_environment_hook('stage', 'ld_library_path_lib')
[4.805s] INFO:colcon.colcon_core.shell:Creating environment hook '/home/mateozc/Diplomado/Lab2/install/stage/share/stage/hook/ld_library_path_lib.ps1'
[4.809s] INFO:colcon.colcon_core.shell:Creating environment descriptor '/home/mateozc/Diplomado/Lab2/install/stage/share/stage/hook/ld_library_path_lib.dsv'
[4.811s] INFO:colcon.colcon_core.shell:Creating environment hook '/home/mateozc/Diplomado/Lab2/install/stage/share/stage/hook/ld_library_path_lib.sh'
[4.815s] Level 1:colcon.colcon_core.environment:checking '/home/mateozc/Diplomado/Lab2/install/stage/bin'
[4.815s] Level 1:colcon.colcon_core.shell:create_environment_hook('stage', 'path')
[4.816s] INFO:colcon.colcon_core.shell:Creating environment hook '/home/mateozc/Diplomado/Lab2/install/stage/share/stage/hook/path.ps1'
[4.819s] INFO:colcon.colcon_core.shell:Creating environment descriptor '/home/mateozc/Diplomado/Lab2/install/stage/share/stage/hook/path.dsv'
[4.821s] INFO:colcon.colcon_core.shell:Creating environment hook '/home/mateozc/Diplomado/Lab2/install/stage/share/stage/hook/path.sh'
[4.823s] Level 1:colcon.colcon_core.environment:checking '/home/mateozc/Diplomado/Lab2/install/stage/lib/pkgconfig/stage.pc'
[4.823s] Level 1:colcon.colcon_core.shell:create_environment_hook('stage', 'pkg_config')
[4.824s] INFO:colcon.colcon_core.shell:Creating environment hook '/home/mateozc/Diplomado/Lab2/install/stage/share/stage/hook/pkg_config.ps1'
[4.827s] INFO:colcon.colcon_core.shell:Creating environment descriptor '/home/mateozc/Diplomado/Lab2/install/stage/share/stage/hook/pkg_config.dsv'
[4.830s] INFO:colcon.colcon_core.shell:Creating environment hook '/home/mateozc/Diplomado/Lab2/install/stage/share/stage/hook/pkg_config.sh'
[4.833s] Level 1:colcon.colcon_core.environment:checking '/home/mateozc/Diplomado/Lab2/install/stage/lib/python3.12/site-packages'
[4.834s] Level 1:colcon.colcon_core.environment:checking '/home/mateozc/Diplomado/Lab2/install/stage/bin'
[4.835s] Level 1:colcon.colcon_core.shell:create_environment_hook('stage', 'pythonscriptspath')
[4.836s] INFO:colcon.colcon_core.shell:Creating environment hook '/home/mateozc/Diplomado/Lab2/install/stage/share/stage/hook/pythonscriptspath.ps1'
[4.838s] INFO:colcon.colcon_core.shell:Creating environment descriptor '/home/mateozc/Diplomado/Lab2/install/stage/share/stage/hook/pythonscriptspath.dsv'
[4.840s] INFO:colcon.colcon_core.shell:Creating environment hook '/home/mateozc/Diplomado/Lab2/install/stage/share/stage/hook/pythonscriptspath.sh'
[4.843s] INFO:colcon.colcon_core.shell:Creating package script '/home/mateozc/Diplomado/Lab2/install/stage/share/stage/package.ps1'
[4.847s] INFO:colcon.colcon_core.shell:Creating package descriptor '/home/mateozc/Diplomado/Lab2/install/stage/share/stage/package.dsv'
[4.851s] INFO:colcon.colcon_core.shell:Creating package script '/home/mateozc/Diplomado/Lab2/install/stage/share/stage/package.sh'
[4.854s] INFO:colcon.colcon_core.shell:Creating package script '/home/mateozc/Diplomado/Lab2/install/stage/share/stage/package.bash'
[4.857s] INFO:colcon.colcon_core.shell:Creating package script '/home/mateozc/Diplomado/Lab2/install/stage/share/stage/package.zsh'
[4.859s] Level 1:colcon.colcon_core.environment:create_file_with_runtime_dependencies(/home/mateozc/Diplomado/Lab2/install/stage/share/colcon-core/packages/stage)
[4.862s] INFO:colcon.colcon_ros.task.ament_cmake.build:Building ROS package in '/home/mateozc/Diplomado/Lab2/src/stage_ros2' with build type 'ament_cmake'
[4.862s] INFO:colcon.colcon_cmake.task.cmake.build:Building CMake package in '/home/mateozc/Diplomado/Lab2/src/stage_ros2'
[4.863s] INFO:colcon.colcon_core.shell:Skip shell extension 'powershell' for command environment: Not usable outside of PowerShell
[4.863s] DEBUG:colcon.colcon_core.shell:Skip shell extension 'dsv' for command environment
[4.938s] DEBUG:colcon.colcon_core.event_handler.log_command:Invoking command in '/home/mateozc/Diplomado/Lab2/build/stage_ros2': CMAKE_PREFIX_PATH=/home/mateozc/Diplomado/Lab2/install/dqn_robot_nav:/opt/ros/jazzy:/home/mateozc/Diplomado/Lab2/install/stage:/home/mateozc/Diplomado/Lab2/install/stage_ros2:/opt/ros/jazzy/opt/gz_sim_vendor:/opt/ros/jazzy/opt/gz_sensors_vendor:/opt/ros/jazzy/opt/gz_physics_vendor:/opt/ros/jazzy/opt/sdformat_vendor:/opt/ros/jazzy/opt/gz_gui_vendor:/opt/ros/jazzy/opt/gz_transport_vendor:/opt/ros/jazzy/opt/gz_rendering_vendor:/opt/ros/jazzy/opt/gz_plugin_vendor:/opt/ros/jazzy/opt/gz_fuel_tools_vendor:/opt/ros/jazzy/opt/gz_msgs_vendor:/opt/ros/jazzy/opt/gz_common_vendor:/opt/ros/jazzy/opt/gz_math_vendor:/opt/ros/jazzy/opt/gz_utils_vendor:/opt/ros/jazzy/opt/gz_tools_vendor:/opt/ros/jazzy/opt/gz_ogre_next_vendor:/opt/ros/jazzy/opt/gz_dartsim_vendor:/opt/ros/jazzy/opt/gz_cmake_vendor DEBUGINFOD_URLS=https://debuginfod.ubuntu.com LD_LIBRARY_PATH=/home/mateozc/Diplomado/Lab2/install/stage/lib:/home/mateozc/Diplomado/Lab2/install/stage_ros2/lib:/opt/ros/jazzy/opt/gz_sim_vendor/lib:/opt/ros/jazzy/opt/gz_sensors_vendor/lib:/opt/ros/jazzy/opt/gz_physics_vendor/lib:/opt/ros/jazzy/opt/sdformat_vendor/lib:/opt/ros/jazzy/opt/rviz_ogre_vendor/lib:/opt/ros/jazzy/lib/x86_64-linux-gnu:/opt/ros/jazzy/opt/gz_gui_vendor/lib:/opt/ros/jazzy/opt/gz_transport_vendor/lib:/opt/ros/jazzy/opt/gz_rendering_vendor/lib:/opt/ros/jazzy/opt/gz_plugin_vendor/lib:/opt/ros/jazzy/opt/gz_fuel_tools_vendor/lib:/opt/ros/jazzy/opt/gz_msgs_vendor/lib:/opt/ros/jazzy/opt/gz_common_vendor/lib:/opt/ros/jazzy/opt/gz_math_vendor/lib:/opt/ros/jazzy/opt/gz_utils_vendor/lib:/opt/ros/jazzy/opt/gz_tools_vendor/lib:/opt/ros/jazzy/opt/gz_ogre_next_vendor/lib:/opt/ros/jazzy/opt/gz_dartsim_vendor/lib:/opt/ros/jazzy/opt/gz_cmake_vendor/lib:/opt/ros/jazzy/lib /usr/bin/cmake --build /home/mateozc/Diplomado/Lab2/build/stage_ros2 -- -j4 -l4
[5.548s] DEBUG:colcon.colcon_core.event_handler.log_command:Invoked command in '/home/mateozc/Diplomado/Lab2/build/stage_ros2' returned '0': CMAKE_PREFIX_PATH=/home/mateozc/Diplomado/Lab2/install/dqn_robot_nav:/opt/ros/jazzy:/home/mateozc/Diplomado/Lab2/install/stage:/home/mateozc/Diplomado/Lab2/install/stage_ros2:/opt/ros/jazzy/opt/gz_sim_vendor:/opt/ros/jazzy/opt/gz_sensors_vendor:/opt/ros/jazzy/opt/gz_physics_vendor:/opt/ros/jazzy/opt/sdformat_vendor:/opt/ros/jazzy/opt/gz_gui_vendor:/opt/ros/jazzy/opt/gz_transport_vendor:/opt/ros/jazzy/opt/gz_rendering_vendor:/opt/ros/jazzy/opt/gz_plugin_vendor:/opt/ros/jazzy/opt/gz_fuel_tools_vendor:/opt/ros/jazzy/opt/gz_msgs_vendor:/opt/ros/jazzy/opt/gz_common_vendor:/opt/ros/jazzy/opt/gz_math_vendor:/opt/ros/jazzy/opt/gz_utils_vendor:/opt/ros/jazzy/opt/gz_tools_vendor:/opt/ros/jazzy/opt/gz_ogre_next_vendor:/opt/ros/jazzy/opt/gz_dartsim_vendor:/opt/ros/jazzy/opt/gz_cmake_vendor DEBUGINFOD_URLS=https://debuginfod.ubuntu.com LD_LIBRARY_PATH=/home/mateozc/Diplomado/Lab2/install/stage/lib:/home/mateozc/Diplomado/Lab2/install/stage_ros2/lib:/opt/ros/jazzy/opt/gz_sim_vendor/lib:/opt/ros/jazzy/opt/gz_sensors_vendor/lib:/opt/ros/jazzy/opt/gz_physics_vendor/lib:/opt/ros/jazzy/opt/sdformat_vendor/lib:/opt/ros/jazzy/opt/rviz_ogre_vendor/lib:/opt/ros/jazzy/lib/x86_64-linux-gnu:/opt/ros/jazzy/opt/gz_gui_vendor/lib:/opt/ros/jazzy/opt/gz_transport_vendor/lib:/opt/ros/jazzy/opt/gz_rendering_vendor/lib:/opt/ros/jazzy/opt/gz_plugin_vendor/lib:/opt/ros/jazzy/opt/gz_fuel_tools_vendor/lib:/opt/ros/jazzy/opt/gz_msgs_vendor/lib:/opt/ros/jazzy/opt/gz_common_vendor/lib:/opt/ros/jazzy/opt/gz_math_vendor/lib:/opt/ros/jazzy/opt/gz_utils_vendor/lib:/opt/ros/jazzy/opt/gz_tools_vendor/lib:/opt/ros/jazzy/opt/gz_ogre_next_vendor/lib:/opt/ros/jazzy/opt/gz_dartsim_vendor/lib:/opt/ros/jazzy/opt/gz_cmake_vendor/lib:/opt/ros/jazzy/lib /usr/bin/cmake --build /home/mateozc/Diplomado/Lab2/build/stage_ros2 -- -j4 -l4
[5.555s] DEBUG:colcon.colcon_core.event_handler.log_command:Invoking command in '/home/mateozc/Diplomado/Lab2/build/stage_ros2': CMAKE_PREFIX_PATH=/home/mateozc/Diplomado/Lab2/install/dqn_robot_nav:/opt/ros/jazzy:/home/mateozc/Diplomado/Lab2/install/stage:/home/mateozc/Diplomado/Lab2/install/stage_ros2:/opt/ros/jazzy/opt/gz_sim_vendor:/opt/ros/jazzy/opt/gz_sensors_vendor:/opt/ros/jazzy/opt/gz_physics_vendor:/opt/ros/jazzy/opt/sdformat_vendor:/opt/ros/jazzy/opt/gz_gui_vendor:/opt/ros/jazzy/opt/gz_transport_vendor:/opt/ros/jazzy/opt/gz_rendering_vendor:/opt/ros/jazzy/opt/gz_plugin_vendor:/opt/ros/jazzy/opt/gz_fuel_tools_vendor:/opt/ros/jazzy/opt/gz_msgs_vendor:/opt/ros/jazzy/opt/gz_common_vendor:/opt/ros/jazzy/opt/gz_math_vendor:/opt/ros/jazzy/opt/gz_utils_vendor:/opt/ros/jazzy/opt/gz_tools_vendor:/opt/ros/jazzy/opt/gz_ogre_next_vendor:/opt/ros/jazzy/opt/gz_dartsim_vendor:/opt/ros/jazzy/opt/gz_cmake_vendor DEBUGINFOD_URLS=https://debuginfod.ubuntu.com LD_LIBRARY_PATH=/home/mateozc/Diplomado/Lab2/install/stage/lib:/home/mateozc/Diplomado/Lab2/install/stage_ros2/lib:/opt/ros/jazzy/opt/gz_sim_vendor/lib:/opt/ros/jazzy/opt/gz_sensors_vendor/lib:/opt/ros/jazzy/opt/gz_physics_vendor/lib:/opt/ros/jazzy/opt/sdformat_vendor/lib:/opt/ros/jazzy/opt/rviz_ogre_vendor/lib:/opt/ros/jazzy/lib/x86_64-linux-gnu:/opt/ros/jazzy/opt/gz_gui_vendor/lib:/opt/ros/jazzy/opt/gz_transport_vendor/lib:/opt/ros/jazzy/opt/gz_rendering_vendor/lib:/opt/ros/jazzy/opt/gz_plugin_vendor/lib:/opt/ros/jazzy/opt/gz_fuel_tools_vendor/lib:/opt/ros/jazzy/opt/gz_msgs_vendor/lib:/opt/ros/jazzy/opt/gz_common_vendor/lib:/opt/ros/jazzy/opt/gz_math_vendor/lib:/opt/ros/jazzy/opt/gz_utils_vendor/lib:/opt/ros/jazzy/opt/gz_tools_vendor/lib:/opt/ros/jazzy/opt/gz_ogre_next_vendor/lib:/opt/ros/jazzy/opt/gz_dartsim_vendor/lib:/opt/ros/jazzy/opt/gz_cmake_vendor/lib:/opt/ros/jazzy/lib /usr/bin/cmake --install /home/mateozc/Diplomado/Lab2/build/stage_ros2
[5.729s] Level 1:colcon.colcon_core.environment:create_environment_scripts_only(stage_ros2)
[5.730s] Level 1:colcon.colcon_core.environment:checking '/home/mateozc/Diplomado/Lab2/install/stage_ros2' for CMake module files
[5.733s] DEBUG:colcon.colcon_core.event_handler.log_command:Invoked command in '/home/mateozc/Diplomado/Lab2/build/stage_ros2' returned '0': CMAKE_PREFIX_PATH=/home/mateozc/Diplomado/Lab2/install/dqn_robot_nav:/opt/ros/jazzy:/home/mateozc/Diplomado/Lab2/install/stage:/home/mateozc/Diplomado/Lab2/install/stage_ros2:/opt/ros/jazzy/opt/gz_sim_vendor:/opt/ros/jazzy/opt/gz_sensors_vendor:/opt/ros/jazzy/opt/gz_physics_vendor:/opt/ros/jazzy/opt/sdformat_vendor:/opt/ros/jazzy/opt/gz_gui_vendor:/opt/ros/jazzy/opt/gz_transport_vendor:/opt/ros/jazzy/opt/gz_rendering_vendor:/opt/ros/jazzy/opt/gz_plugin_vendor:/opt/ros/jazzy/opt/gz_fuel_tools_vendor:/opt/ros/jazzy/opt/gz_msgs_vendor:/opt/ros/jazzy/opt/gz_common_vendor:/opt/ros/jazzy/opt/gz_math_vendor:/opt/ros/jazzy/opt/gz_utils_vendor:/opt/ros/jazzy/opt/gz_tools_vendor:/opt/ros/jazzy/opt/gz_ogre_next_vendor:/opt/ros/jazzy/opt/gz_dartsim_vendor:/opt/ros/jazzy/opt/gz_cmake_vendor DEBUGINFOD_URLS=https://debuginfod.ubuntu.com LD_LIBRARY_PATH=/home/mateozc/Diplomado/Lab2/install/stage/lib:/home/mateozc/Diplomado/Lab2/install/stage_ros2/lib:/opt/ros/jazzy/opt/gz_sim_vendor/lib:/opt/ros/jazzy/opt/gz_sensors_vendor/lib:/opt/ros/jazzy/opt/gz_physics_vendor/lib:/opt/ros/jazzy/opt/sdformat_vendor/lib:/opt/ros/jazzy/opt/rviz_ogre_vendor/lib:/opt/ros/jazzy/lib/x86_64-linux-gnu:/opt/ros/jazzy/opt/gz_gui_vendor/lib:/opt/ros/jazzy/opt/gz_transport_vendor/lib:/opt/ros/jazzy/opt/gz_rendering_vendor/lib:/opt/ros/jazzy/opt/gz_plugin_vendor/lib:/opt/ros/jazzy/opt/gz_fuel_tools_vendor/lib:/opt/ros/jazzy/opt/gz_msgs_vendor/lib:/opt/ros/jazzy/opt/gz_common_vendor/lib:/opt/ros/jazzy/opt/gz_math_vendor/lib:/opt/ros/jazzy/opt/gz_utils_vendor/lib:/opt/ros/jazzy/opt/gz_tools_vendor/lib:/opt/ros/jazzy/opt/gz_ogre_next_vendor/lib:/opt/ros/jazzy/opt/gz_dartsim_vendor/lib:/opt/ros/jazzy/opt/gz_cmake_vendor/lib:/opt/ros/jazzy/lib /usr/bin/cmake --install /home/mateozc/Diplomado/Lab2/build/stage_ros2
[5.737s] Level 1:colcon.colcon_core.environment:checking '/home/mateozc/Diplomado/Lab2/install/stage_ros2' for CMake config files
[5.740s] Level 1:colcon.colcon_core.shell:create_environment_hook('stage_ros2', 'cmake_prefix_path')
[5.741s] INFO:colcon.colcon_core.shell:Creating environment hook '/home/mateozc/Diplomado/Lab2/install/stage_ros2/share/stage_ros2/hook/cmake_prefix_path.ps1'
[5.744s] INFO:colcon.colcon_core.shell:Creating environment descriptor '/home/mateozc/Diplomado/Lab2/install/stage_ros2/share/stage_ros2/hook/cmake_prefix_path.dsv'
[5.747s] INFO:colcon.colcon_core.shell:Creating environment hook '/home/mateozc/Diplomado/Lab2/install/stage_ros2/share/stage_ros2/hook/cmake_prefix_path.sh'
[5.750s] Level 1:colcon.colcon_core.environment:checking '/home/mateozc/Diplomado/Lab2/install/stage_ros2/lib'
[5.751s] Level 1:colcon.colcon_core.shell:create_environment_hook('stage_ros2', 'ld_library_path_lib')
[5.752s] INFO:colcon.colcon_core.shell:Creating environment hook '/home/mateozc/Diplomado/Lab2/install/stage_ros2/share/stage_ros2/hook/ld_library_path_lib.ps1'
[5.754s] INFO:colcon.colcon_core.shell:Creating environment descriptor '/home/mateozc/Diplomado/Lab2/install/stage_ros2/share/stage_ros2/hook/ld_library_path_lib.dsv'
[5.756s] INFO:colcon.colcon_core.shell:Creating environment hook '/home/mateozc/Diplomado/Lab2/install/stage_ros2/share/stage_ros2/hook/ld_library_path_lib.sh'
[5.758s] Level 1:colcon.colcon_core.environment:checking '/home/mateozc/Diplomado/Lab2/install/stage_ros2/bin'
[5.759s] Level 1:colcon.colcon_core.environment:checking '/home/mateozc/Diplomado/Lab2/install/stage_ros2/lib/pkgconfig/stage_ros2.pc'
[5.760s] Level 1:colcon.colcon_core.environment:checking '/home/mateozc/Diplomado/Lab2/install/stage_ros2/lib/python3.12/site-packages'
[5.761s] Level 1:colcon.colcon_core.environment:checking '/home/mateozc/Diplomado/Lab2/install/stage_ros2/bin'
[5.762s] INFO:colcon.colcon_core.shell:Creating package script '/home/mateozc/Diplomado/Lab2/install/stage_ros2/share/stage_ros2/package.ps1'
[5.765s] INFO:colcon.colcon_core.shell:Creating package descriptor '/home/mateozc/Diplomado/Lab2/install/stage_ros2/share/stage_ros2/package.dsv'
[5.767s] INFO:colcon.colcon_core.shell:Creating package script '/home/mateozc/Diplomado/Lab2/install/stage_ros2/share/stage_ros2/package.sh'
[5.769s] INFO:colcon.colcon_core.shell:Creating package script '/home/mateozc/Diplomado/Lab2/install/stage_ros2/share/stage_ros2/package.bash'
[5.771s] INFO:colcon.colcon_core.shell:Creating package script '/home/mateozc/Diplomado/Lab2/install/stage_ros2/share/stage_ros2/package.zsh'
[5.773s] Level 1:colcon.colcon_core.environment:create_file_with_runtime_dependencies(/home/mateozc/Diplomado/Lab2/install/stage_ros2/share/colcon-core/packages/stage_ros2)
[5.775s] Level 1:colcon.colcon_core.environment:create_environment_scripts_only(stage_ros2)
[5.776s] Level 1:colcon.colcon_core.environment:checking '/home/mateozc/Diplomado/Lab2/install/stage_ros2' for CMake module files
[5.778s] Level 1:colcon.colcon_core.environment:checking '/home/mateozc/Diplomado/Lab2/install/stage_ros2' for CMake config files
[5.780s] Level 1:colcon.colcon_core.shell:create_environment_hook('stage_ros2', 'cmake_prefix_path')
[5.780s] INFO:colcon.colcon_core.shell:Creating environment hook '/home/mateozc/Diplomado/Lab2/install/stage_ros2/share/stage_ros2/hook/cmake_prefix_path.ps1'
[5.782s] INFO:colcon.colcon_core.shell:Creating environment descriptor '/home/mateozc/Diplomado/Lab2/install/stage_ros2/share/stage_ros2/hook/cmake_prefix_path.dsv'
[5.784s] INFO:colcon.colcon_core.shell:Creating environment hook '/home/mateozc/Diplomado/Lab2/install/stage_ros2/share/stage_ros2/hook/cmake_prefix_path.sh'
[5.787s] Level 1:colcon.colcon_core.environment:checking '/home/mateozc/Diplomado/Lab2/install/stage_ros2/lib'
[5.788s] Level 1:colcon.colcon_core.shell:create_environment_hook('stage_ros2', 'ld_library_path_lib')
[5.788s] INFO:colcon.colcon_core.shell:Creating environment hook '/home/mateozc/Diplomado/Lab2/install/stage_ros2/share/stage_ros2/hook/ld_library_path_lib.ps1'
[5.791s] INFO:colcon.colcon_core.shell:Creating environment descriptor '/home/mateozc/Diplomado/Lab2/install/stage_ros2/share/stage_ros2/hook/ld_library_path_lib.dsv'
[5.793s] INFO:colcon.colcon_core.shell:Creating environment hook '/home/mateozc/Diplomado/Lab2/install/stage_ros2/share/stage_ros2/hook/ld_library_path_lib.sh'
[5.795s] Level 1:colcon.colcon_core.environment:checking '/home/mateozc/Diplomado/Lab2/install/stage_ros2/bin'
[5.795s] Level 1:colcon.colcon_core.environment:checking '/home/mateozc/Diplomado/Lab2/install/stage_ros2/lib/pkgconfig/stage_ros2.pc'
[5.796s] Level 1:colcon.colcon_core.environment:checking '/home/mateozc/Diplomado/Lab2/install/stage_ros2/lib/python3.12/site-packages'
[5.797s] Level 1:colcon.colcon_core.environment:checking '/home/mateozc/Diplomado/Lab2/install/stage_ros2/bin'
[5.798s] INFO:colcon.colcon_core.shell:Creating package script '/home/mateozc/Diplomado/Lab2/install/stage_ros2/share/stage_ros2/package.ps1'
[5.801s] INFO:colcon.colcon_core.shell:Creating package descriptor '/home/mateozc/Diplomado/Lab2/install/stage_ros2/share/stage_ros2/package.dsv'
[5.803s] INFO:colcon.colcon_core.shell:Creating package script '/home/mateozc/Diplomado/Lab2/install/stage_ros2/share/stage_ros2/package.sh'
[5.805s] INFO:colcon.colcon_core.shell:Creating package script '/home/mateozc/Diplomado/Lab2/install/stage_ros2/share/stage_ros2/package.bash'
[5.807s] INFO:colcon.colcon_core.shell:Creating package script '/home/mateozc/Diplomado/Lab2/install/stage_ros2/share/stage_ros2/package.zsh'
[5.808s] Level 1:colcon.colcon_core.environment:create_file_with_runtime_dependencies(/home/mateozc/Diplomado/Lab2/install/stage_ros2/share/colcon-core/packages/stage_ros2)
[7.441s] DEBUG:colcon.colcon_core.event_handler.log_command:Invoking command in '/home/mateozc/Diplomado/Lab2/src/dqn_robot_nav': DEBUGINFOD_URLS=https://debuginfod.ubuntu.com PYTHONPATH=/home/mateozc/Diplomado/Lab2/build/dqn_robot_nav/prefix_override:/usr/lib/python3/dist-packages/colcon_core/task/python/colcon_distutils_commands:/home/mateozc/Diplomado/Lab2/install/dqn_robot_nav/lib/python3.12/site-packages:${PYTHONPATH} /usr/bin/python3 -W ignore:setup.py install is deprecated -W ignore:easy_install command is deprecated setup.py egg_info --egg-base ../../build/dqn_robot_nav build --build-base /home/mateozc/Diplomado/Lab2/build/dqn_robot_nav/build install --record /home/mateozc/Diplomado/Lab2/build/dqn_robot_nav/install.log --single-version-externally-managed install_data
[10.411s] Level 1:colcon.colcon_core.environment:checking '/home/mateozc/Diplomado/Lab2/install/dqn_robot_nav' for CMake module files
[10.414s] Level 1:colcon.colcon_core.environment:checking '/home/mateozc/Diplomado/Lab2/install/dqn_robot_nav' for CMake config files
[10.415s] DEBUG:colcon.colcon_core.event_handler.log_command:Invoked command in '/home/mateozc/Diplomado/Lab2/src/dqn_robot_nav' returned '0': DEBUGINFOD_URLS=https://debuginfod.ubuntu.com PYTHONPATH=/home/mateozc/Diplomado/Lab2/build/dqn_robot_nav/prefix_override:/usr/lib/python3/dist-packages/colcon_core/task/python/colcon_distutils_commands:/home/mateozc/Diplomado/Lab2/install/dqn_robot_nav/lib/python3.12/site-packages:${PYTHONPATH} /usr/bin/python3 -W ignore:setup.py install is deprecated -W ignore:easy_install command is deprecated setup.py egg_info --egg-base ../../build/dqn_robot_nav build --build-base /home/mateozc/Diplomado/Lab2/build/dqn_robot_nav/build install --record /home/mateozc/Diplomado/Lab2/build/dqn_robot_nav/install.log --single-version-externally-managed install_data
[10.418s] Level 1:colcon.colcon_core.environment:checking '/home/mateozc/Diplomado/Lab2/install/dqn_robot_nav/lib'
[10.419s] Level 1:colcon.colcon_core.environment:checking '/home/mateozc/Diplomado/Lab2/install/dqn_robot_nav/bin'
[10.419s] Level 1:colcon.colcon_core.environment:checking '/home/mateozc/Diplomado/Lab2/install/dqn_robot_nav/lib/pkgconfig/dqn_robot_nav.pc'
[10.420s] Level 1:colcon.colcon_core.environment:checking '/home/mateozc/Diplomado/Lab2/install/dqn_robot_nav/lib/python3.12/site-packages'
[10.420s] Level 1:colcon.colcon_core.shell:create_environment_hook('dqn_robot_nav', 'pythonpath')
[10.421s] INFO:colcon.colcon_core.shell:Creating environment hook '/home/mateozc/Diplomado/Lab2/install/dqn_robot_nav/share/dqn_robot_nav/hook/pythonpath.ps1'
[10.423s] INFO:colcon.colcon_core.shell:Creating environment descriptor '/home/mateozc/Diplomado/Lab2/install/dqn_robot_nav/share/dqn_robot_nav/hook/pythonpath.dsv'
[10.425s] INFO:colcon.colcon_core.shell:Creating environment hook '/home/mateozc/Diplomado/Lab2/install/dqn_robot_nav/share/dqn_robot_nav/hook/pythonpath.sh'
[10.427s] Level 1:colcon.colcon_core.environment:checking '/home/mateozc/Diplomado/Lab2/install/dqn_robot_nav/bin'
[10.427s] Level 1:colcon.colcon_core.environment:create_environment_scripts_only(dqn_robot_nav)
[10.428s] INFO:colcon.colcon_core.shell:Creating package script '/home/mateozc/Diplomado/Lab2/install/dqn_robot_nav/share/dqn_robot_nav/package.ps1'
[10.429s] INFO:colcon.colcon_core.shell:Creating package descriptor '/home/mateozc/Diplomado/Lab2/install/dqn_robot_nav/share/dqn_robot_nav/package.dsv'
[10.431s] INFO:colcon.colcon_core.shell:Creating package script '/home/mateozc/Diplomado/Lab2/install/dqn_robot_nav/share/dqn_robot_nav/package.sh'
[10.433s] INFO:colcon.colcon_core.shell:Creating package script '/home/mateozc/Diplomado/Lab2/install/dqn_robot_nav/share/dqn_robot_nav/package.bash'
[10.434s] INFO:colcon.colcon_core.shell:Creating package script '/home/mateozc/Diplomado/Lab2/install/dqn_robot_nav/share/dqn_robot_nav/package.zsh'
[10.435s] Level 1:colcon.colcon_core.environment:create_file_with_runtime_dependencies(/home/mateozc/Diplomado/Lab2/install/dqn_robot_nav/share/colcon-core/packages/dqn_robot_nav)
[10.437s] DEBUG:colcon.colcon_parallel_executor.executor.parallel:closing loop
[10.438s] DEBUG:colcon.colcon_parallel_executor.executor.parallel:loop closed
[10.438s] DEBUG:colcon.colcon_parallel_executor.executor.parallel:run_until_complete finished with '0'
[10.438s] DEBUG:colcon.colcon_core.event_reactor:joining thread
[10.467s] INFO:colcon.colcon_core.plugin_system:Skipping extension 'colcon_notification.desktop_notification.terminal_notifier': Not used on non-Darwin systems
[10.468s] INFO:colcon.colcon_core.plugin_system:Skipping extension 'colcon_notification.desktop_notification.win32': Not used on non-Windows systems
[10.468s] INFO:colcon.colcon_notification.desktop_notification:Sending desktop notification using 'notify2'
[10.524s] DEBUG:colcon.colcon_core.event_reactor:joined thread
[10.525s] INFO:colcon.colcon_core.shell:Creating prefix script '/home/mateozc/Diplomado/Lab2/install/local_setup.ps1'
[10.529s] INFO:colcon.colcon_core.shell:Creating prefix util module '/home/mateozc/Diplomado/Lab2/install/_local_setup_util_ps1.py'
[10.537s] INFO:colcon.colcon_core.shell:Creating prefix chain script '/home/mateozc/Diplomado/Lab2/install/setup.ps1'
[10.544s] INFO:colcon.colcon_core.shell:Creating prefix script '/home/mateozc/Diplomado/Lab2/install/local_setup.sh'
[10.547s] INFO:colcon.colcon_core.shell:Creating prefix util module '/home/mateozc/Diplomado/Lab2/install/_local_setup_util_sh.py'
[10.551s] INFO:colcon.colcon_core.shell:Creating prefix chain script '/home/mateozc/Diplomado/Lab2/install/setup.sh'
[10.556s] INFO:colcon.colcon_core.shell:Creating prefix script '/home/mateozc/Diplomado/Lab2/install/local_setup.bash'
[10.558s] INFO:colcon.colcon_core.shell:Creating prefix chain script '/home/mateozc/Diplomado/Lab2/install/setup.bash'
[10.563s] INFO:colcon.colcon_core.shell:Creating prefix script '/home/mateozc/Diplomado/Lab2/install/local_setup.zsh'
[10.565s] INFO:colcon.colcon_core.shell:Creating prefix chain script '/home/mateozc/Diplomado/Lab2/install/setup.zsh'
