[0.124s] Invoking command in '/home/mateozc/Diplomado/Lab2/build/stage_ros2': CMAKE_PREFIX_PATH=/home/mateozc/Diplomado/Lab2/install/dqn_robot_nav:/opt/ros/jazzy:/home/mateozc/Diplomado/Lab2/install/stage:/home/mateozc/Diplomado/Lab2/install/stage_ros2:/opt/ros/jazzy/opt/gz_sim_vendor:/opt/ros/jazzy/opt/gz_sensors_vendor:/opt/ros/jazzy/opt/gz_physics_vendor:/opt/ros/jazzy/opt/sdformat_vendor:/opt/ros/jazzy/opt/gz_gui_vendor:/opt/ros/jazzy/opt/gz_transport_vendor:/opt/ros/jazzy/opt/gz_rendering_vendor:/opt/ros/jazzy/opt/gz_plugin_vendor:/opt/ros/jazzy/opt/gz_fuel_tools_vendor:/opt/ros/jazzy/opt/gz_msgs_vendor:/opt/ros/jazzy/opt/gz_common_vendor:/opt/ros/jazzy/opt/gz_math_vendor:/opt/ros/jazzy/opt/gz_utils_vendor:/opt/ros/jazzy/opt/gz_tools_vendor:/opt/ros/jazzy/opt/gz_ogre_next_vendor:/opt/ros/jazzy/opt/gz_dartsim_vendor:/opt/ros/jazzy/opt/gz_cmake_vendor DEBUGINFOD_URLS=https://debuginfod.ubuntu.com LD_LIBRARY_PATH=/home/mateozc/Diplomado/Lab2/install/stage/lib:/home/mateozc/Diplomado/Lab2/install/stage_ros2/lib:/opt/ros/jazzy/opt/gz_sim_vendor/lib:/opt/ros/jazzy/opt/gz_sensors_vendor/lib:/opt/ros/jazzy/opt/gz_physics_vendor/lib:/opt/ros/jazzy/opt/sdformat_vendor/lib:/opt/ros/jazzy/opt/rviz_ogre_vendor/lib:/opt/ros/jazzy/lib/x86_64-linux-gnu:/opt/ros/jazzy/opt/gz_gui_vendor/lib:/opt/ros/jazzy/opt/gz_transport_vendor/lib:/opt/ros/jazzy/opt/gz_rendering_vendor/lib:/opt/ros/jazzy/opt/gz_plugin_vendor/lib:/opt/ros/jazzy/opt/gz_fuel_tools_vendor/lib:/opt/ros/jazzy/opt/gz_msgs_vendor/lib:/opt/ros/jazzy/opt/gz_common_vendor/lib:/opt/ros/jazzy/opt/gz_math_vendor/lib:/opt/ros/jazzy/opt/gz_utils_vendor/lib:/opt/ros/jazzy/opt/gz_tools_vendor/lib:/opt/ros/jazzy/opt/gz_ogre_next_vendor/lib:/opt/ros/jazzy/opt/gz_dartsim_vendor/lib:/opt/ros/jazzy/opt/gz_cmake_vendor/lib:/opt/ros/jazzy/lib /usr/bin/cmake --build /home/mateozc/Diplomado/Lab2/build/stage_ros2 -- -j4 -l4
[0.830s] [ 71%] Built target stage_node
[1.097s] [100%] Built target stage_ros2
[1.202s] Invoked command in '/home/mateozc/Diplomado/Lab2/build/stage_ros2' returned '0': CMAKE_PREFIX_PATH=/home/mateozc/Diplomado/Lab2/install/dqn_robot_nav:/opt/ros/jazzy:/home/mateozc/Diplomado/Lab2/install/stage:/home/mateozc/Diplomado/Lab2/install/stage_ros2:/opt/ros/jazzy/opt/gz_sim_vendor:/opt/ros/jazzy/opt/gz_sensors_vendor:/opt/ros/jazzy/opt/gz_physics_vendor:/opt/ros/jazzy/opt/sdformat_vendor:/opt/ros/jazzy/opt/gz_gui_vendor:/opt/ros/jazzy/opt/gz_transport_vendor:/opt/ros/jazzy/opt/gz_rendering_vendor:/opt/ros/jazzy/opt/gz_plugin_vendor:/opt/ros/jazzy/opt/gz_fuel_tools_vendor:/opt/ros/jazzy/opt/gz_msgs_vendor:/opt/ros/jazzy/opt/gz_common_vendor:/opt/ros/jazzy/opt/gz_math_vendor:/opt/ros/jazzy/opt/gz_utils_vendor:/opt/ros/jazzy/opt/gz_tools_vendor:/opt/ros/jazzy/opt/gz_ogre_next_vendor:/opt/ros/jazzy/opt/gz_dartsim_vendor:/opt/ros/jazzy/opt/gz_cmake_vendor DEBUGINFOD_URLS=https://debuginfod.ubuntu.com LD_LIBRARY_PATH=/home/mateozc/Diplomado/Lab2/install/stage/lib:/home/mateozc/Diplomado/Lab2/install/stage_ros2/lib:/opt/ros/jazzy/opt/gz_sim_vendor/lib:/opt/ros/jazzy/opt/gz_sensors_vendor/lib:/opt/ros/jazzy/opt/gz_physics_vendor/lib:/opt/ros/jazzy/opt/sdformat_vendor/lib:/opt/ros/jazzy/opt/rviz_ogre_vendor/lib:/opt/ros/jazzy/lib/x86_64-linux-gnu:/opt/ros/jazzy/opt/gz_gui_vendor/lib:/opt/ros/jazzy/opt/gz_transport_vendor/lib:/opt/ros/jazzy/opt/gz_rendering_vendor/lib:/opt/ros/jazzy/opt/gz_plugin_vendor/lib:/opt/ros/jazzy/opt/gz_fuel_tools_vendor/lib:/opt/ros/jazzy/opt/gz_msgs_vendor/lib:/opt/ros/jazzy/opt/gz_common_vendor/lib:/opt/ros/jazzy/opt/gz_math_vendor/lib:/opt/ros/jazzy/opt/gz_utils_vendor/lib:/opt/ros/jazzy/opt/gz_tools_vendor/lib:/opt/ros/jazzy/opt/gz_ogre_next_vendor/lib:/opt/ros/jazzy/opt/gz_dartsim_vendor/lib:/opt/ros/jazzy/opt/gz_cmake_vendor/lib:/opt/ros/jazzy/lib /usr/bin/cmake --build /home/mateozc/Diplomado/Lab2/build/stage_ros2 -- -j4 -l4
[1.211s] Invoking command in '/home/mateozc/Diplomado/Lab2/build/stage_ros2': CMAKE_PREFIX_PATH=/home/mateozc/Diplomado/Lab2/install/dqn_robot_nav:/opt/ros/jazzy:/home/mateozc/Diplomado/Lab2/install/stage:/home/mateozc/Diplomado/Lab2/install/stage_ros2:/opt/ros/jazzy/opt/gz_sim_vendor:/opt/ros/jazzy/opt/gz_sensors_vendor:/opt/ros/jazzy/opt/gz_physics_vendor:/opt/ros/jazzy/opt/sdformat_vendor:/opt/ros/jazzy/opt/gz_gui_vendor:/opt/ros/jazzy/opt/gz_transport_vendor:/opt/ros/jazzy/opt/gz_rendering_vendor:/opt/ros/jazzy/opt/gz_plugin_vendor:/opt/ros/jazzy/opt/gz_fuel_tools_vendor:/opt/ros/jazzy/opt/gz_msgs_vendor:/opt/ros/jazzy/opt/gz_common_vendor:/opt/ros/jazzy/opt/gz_math_vendor:/opt/ros/jazzy/opt/gz_utils_vendor:/opt/ros/jazzy/opt/gz_tools_vendor:/opt/ros/jazzy/opt/gz_ogre_next_vendor:/opt/ros/jazzy/opt/gz_dartsim_vendor:/opt/ros/jazzy/opt/gz_cmake_vendor DEBUGINFOD_URLS=https://debuginfod.ubuntu.com LD_LIBRARY_PATH=/home/mateozc/Diplomado/Lab2/install/stage/lib:/home/mateozc/Diplomado/Lab2/install/stage_ros2/lib:/opt/ros/jazzy/opt/gz_sim_vendor/lib:/opt/ros/jazzy/opt/gz_sensors_vendor/lib:/opt/ros/jazzy/opt/gz_physics_vendor/lib:/opt/ros/jazzy/opt/sdformat_vendor/lib:/opt/ros/jazzy/opt/rviz_ogre_vendor/lib:/opt/ros/jazzy/lib/x86_64-linux-gnu:/opt/ros/jazzy/opt/gz_gui_vendor/lib:/opt/ros/jazzy/opt/gz_transport_vendor/lib:/opt/ros/jazzy/opt/gz_rendering_vendor/lib:/opt/ros/jazzy/opt/gz_plugin_vendor/lib:/opt/ros/jazzy/opt/gz_fuel_tools_vendor/lib:/opt/ros/jazzy/opt/gz_msgs_vendor/lib:/opt/ros/jazzy/opt/gz_common_vendor/lib:/opt/ros/jazzy/opt/gz_math_vendor/lib:/opt/ros/jazzy/opt/gz_utils_vendor/lib:/opt/ros/jazzy/opt/gz_tools_vendor/lib:/opt/ros/jazzy/opt/gz_ogre_next_vendor/lib:/opt/ros/jazzy/opt/gz_dartsim_vendor/lib:/opt/ros/jazzy/opt/gz_cmake_vendor/lib:/opt/ros/jazzy/lib /usr/bin/cmake --install /home/mateozc/Diplomado/Lab2/build/stage_ros2
[1.288s] -- Install configuration: ""
[1.294s] -- Execute custom install script
[1.297s] -- Up-to-date symlink: /home/mateozc/Diplomado/Lab2/install/stage_ros2/share/stage_ros2/environment/library_path.sh
[1.298s] -- Up-to-date symlink: /home/mateozc/Diplomado/Lab2/install/stage_ros2/share/stage_ros2/environment/library_path.dsv
[1.302s] -- Up-to-date symlink: /home/mateozc/Diplomado/Lab2/install/stage_ros2/share/stage_ros2//launch/demo.launch.py
[1.305s] -- Up-to-date symlink: /home/mateozc/Diplomado/Lab2/install/stage_ros2/share/stage_ros2//launch/f710.launch.py
[1.306s] -- Up-to-date symlink: /home/mateozc/Diplomado/Lab2/install/stage_ros2/share/stage_ros2//launch/rviz.launch.py
[1.310s] -- Up-to-date symlink: /home/mateozc/Diplomado/Lab2/install/stage_ros2/share/stage_ros2//launch/rviz_ns.launch.py
[1.313s] -- Up-to-date symlink: /home/mateozc/Diplomado/Lab2/install/stage_ros2/share/stage_ros2//launch/stage.launch.py
[1.315s] -- Up-to-date symlink: /home/mateozc/Diplomado/Lab2/install/stage_ros2/share/stage_ros2//world/bitmaps/cave.png
[1.318s] -- Up-to-date symlink: /home/mateozc/Diplomado/Lab2/install/stage_ros2/share/stage_ros2//world/bitmaps/hallway.pgm
[1.322s] -- Up-to-date symlink: /home/mateozc/Diplomado/Lab2/install/stage_ros2/share/stage_ros2//world/bitmaps/hallway.png
[1.324s] -- Up-to-date symlink: /home/mateozc/Diplomado/Lab2/install/stage_ros2/share/stage_ros2//world/bitmaps/line.png
[1.331s] -- Up-to-date symlink: /home/mateozc/Diplomado/Lab2/install/stage_ros2/share/stage_ros2//world/bitmaps/straden.png
[1.333s] -- Up-to-date symlink: /home/mateozc/Diplomado/Lab2/install/stage_ros2/share/stage_ros2//world/bitmaps/warehouse008.pgm
[1.334s] -- Up-to-date symlink: /home/mateozc/Diplomado/Lab2/install/stage_ros2/share/stage_ros2//world/bitmaps/warehouse032.pgm
[1.335s] -- Up-to-date symlink: /home/mateozc/Diplomado/Lab2/install/stage_ros2/share/stage_ros2//world/bitmaps/warehouse200.pgm
[1.337s] -- Up-to-date symlink: /home/mateozc/Diplomado/Lab2/install/stage_ros2/share/stage_ros2//world/bitmaps/willow-full.pgm
[1.338s] -- Up-to-date symlink: /home/mateozc/Diplomado/Lab2/install/stage_ros2/share/stage_ros2//world/cave.world
[1.339s] -- Up-to-date symlink: /home/mateozc/Diplomado/Lab2/install/stage_ros2/share/stage_ros2//world/cave_multi.world
[1.340s] -- Up-to-date symlink: /home/mateozc/Diplomado/Lab2/install/stage_ros2/share/stage_ros2//world/cave_seven_robots.world
[1.342s] -- Up-to-date symlink: /home/mateozc/Diplomado/Lab2/install/stage_ros2/share/stage_ros2//world/cave_three_robots.world
[1.343s] -- Up-to-date symlink: /home/mateozc/Diplomado/Lab2/install/stage_ros2/share/stage_ros2//world/hallway.world
[1.345s] -- Up-to-date symlink: /home/mateozc/Diplomado/Lab2/install/stage_ros2/share/stage_ros2//world/include/pioneer2dx.inc
[1.346s] -- Up-to-date symlink: /home/mateozc/Diplomado/Lab2/install/stage_ros2/share/stage_ros2//world/include/robots.inc
[1.347s] -- Up-to-date symlink: /home/mateozc/Diplomado/Lab2/install/stage_ros2/share/stage_ros2//world/lines.world
[1.348s] -- Up-to-date symlink: /home/mateozc/Diplomado/Lab2/install/stage_ros2/share/stage_ros2//world/straden.world
[1.349s] -- Up-to-date symlink: /home/mateozc/Diplomado/Lab2/install/stage_ros2/share/stage_ros2//world/willow-four-erratics-multisensor.world
[1.351s] -- Up-to-date symlink: /home/mateozc/Diplomado/Lab2/install/stage_ros2/share/stage_ros2//config/rviz/cave.rviz
[1.352s] -- Up-to-date symlink: /home/mateozc/Diplomado/Lab2/install/stage_ros2/share/stage_ros2//config/rviz/cave_seven_robots.rviz
[1.353s] -- Up-to-date symlink: /home/mateozc/Diplomado/Lab2/install/stage_ros2/share/stage_ros2//config/rviz/cave_three_robots.rviz
[1.354s] -- Up-to-date symlink: /home/mateozc/Diplomado/Lab2/install/stage_ros2/share/stage_ros2//config/rviz/lines.rviz
[1.355s] -- Up-to-date symlink: /home/mateozc/Diplomado/Lab2/install/stage_ros2/share/stage_ros2//config/rviz/robot0.rviz
[1.356s] -- Up-to-date symlink: /home/mateozc/Diplomado/Lab2/install/stage_ros2/share/stage_ros2//config/rviz/robot_ns.rviz
[1.358s] -- Up-to-date symlink: /home/mateozc/Diplomado/Lab2/install/stage_ros2/share/stage_ros2//config/rviz/robot_ns_depth.rviz
[1.359s] -- Up-to-date symlink: /home/mateozc/Diplomado/Lab2/install/stage_ros2/share/stage_ros2//config/teleop_twist_joy/f710.config.yaml
[1.360s] -- Up-to-date symlink: /home/mateozc/Diplomado/Lab2/install/stage_ros2/lib/libstage_node.so
[1.364s] -- Up-to-date symlink: /home/mateozc/Diplomado/Lab2/install/stage_ros2/lib/stage_ros2/stage_ros2
[1.365s] -- Up-to-date symlink: /home/mateozc/Diplomado/Lab2/install/stage_ros2/share/ament_index/resource_index/package_run_dependencies/stage_ros2
[1.366s] -- Up-to-date symlink: /home/mateozc/Diplomado/Lab2/install/stage_ros2/share/ament_index/resource_index/parent_prefix_path/stage_ros2
[1.367s] -- Up-to-date symlink: /home/mateozc/Diplomado/Lab2/install/stage_ros2/share/stage_ros2/environment/ament_prefix_path.sh
[1.369s] -- Up-to-date symlink: /home/mateozc/Diplomado/Lab2/install/stage_ros2/share/stage_ros2/environment/ament_prefix_path.dsv
[1.370s] -- Up-to-date symlink: /home/mateozc/Diplomado/Lab2/install/stage_ros2/share/stage_ros2/environment/path.sh
[1.372s] -- Up-to-date symlink: /home/mateozc/Diplomado/Lab2/install/stage_ros2/share/stage_ros2/environment/path.dsv
[1.374s] -- Up-to-date symlink: /home/mateozc/Diplomado/Lab2/install/stage_ros2/share/stage_ros2/local_setup.bash
[1.375s] -- Up-to-date symlink: /home/mateozc/Diplomado/Lab2/install/stage_ros2/share/stage_ros2/local_setup.sh
[1.376s] -- Up-to-date symlink: /home/mateozc/Diplomado/Lab2/install/stage_ros2/share/stage_ros2/local_setup.zsh
[1.378s] -- Up-to-date symlink: /home/mateozc/Diplomado/Lab2/install/stage_ros2/share/stage_ros2/local_setup.dsv
[1.379s] -- Symlinking: /home/mateozc/Diplomado/Lab2/install/stage_ros2/share/stage_ros2/package.dsv
[1.465s] -- Up-to-date symlink: /home/mateozc/Diplomado/Lab2/install/stage_ros2/share/ament_index/resource_index/packages/stage_ros2
[1.469s] -- Up-to-date symlink: /home/mateozc/Diplomado/Lab2/install/stage_ros2/share/stage_ros2/cmake/stage_ros2Config.cmake
[1.471s] -- Up-to-date symlink: /home/mateozc/Diplomado/Lab2/install/stage_ros2/share/stage_ros2/cmake/stage_ros2Config-version.cmake
[1.474s] -- Up-to-date symlink: /home/mateozc/Diplomado/Lab2/install/stage_ros2/share/stage_ros2/package.xml
[1.494s] Invoked command in '/home/mateozc/Diplomado/Lab2/build/stage_ros2' returned '0': CMAKE_PREFIX_PATH=/home/mateozc/Diplomado/Lab2/install/dqn_robot_nav:/opt/ros/jazzy:/home/mateozc/Diplomado/Lab2/install/stage:/home/mateozc/Diplomado/Lab2/install/stage_ros2:/opt/ros/jazzy/opt/gz_sim_vendor:/opt/ros/jazzy/opt/gz_sensors_vendor:/opt/ros/jazzy/opt/gz_physics_vendor:/opt/ros/jazzy/opt/sdformat_vendor:/opt/ros/jazzy/opt/gz_gui_vendor:/opt/ros/jazzy/opt/gz_transport_vendor:/opt/ros/jazzy/opt/gz_rendering_vendor:/opt/ros/jazzy/opt/gz_plugin_vendor:/opt/ros/jazzy/opt/gz_fuel_tools_vendor:/opt/ros/jazzy/opt/gz_msgs_vendor:/opt/ros/jazzy/opt/gz_common_vendor:/opt/ros/jazzy/opt/gz_math_vendor:/opt/ros/jazzy/opt/gz_utils_vendor:/opt/ros/jazzy/opt/gz_tools_vendor:/opt/ros/jazzy/opt/gz_ogre_next_vendor:/opt/ros/jazzy/opt/gz_dartsim_vendor:/opt/ros/jazzy/opt/gz_cmake_vendor DEBUGINFOD_URLS=https://debuginfod.ubuntu.com LD_LIBRARY_PATH=/home/mateozc/Diplomado/Lab2/install/stage/lib:/home/mateozc/Diplomado/Lab2/install/stage_ros2/lib:/opt/ros/jazzy/opt/gz_sim_vendor/lib:/opt/ros/jazzy/opt/gz_sensors_vendor/lib:/opt/ros/jazzy/opt/gz_physics_vendor/lib:/opt/ros/jazzy/opt/sdformat_vendor/lib:/opt/ros/jazzy/opt/rviz_ogre_vendor/lib:/opt/ros/jazzy/lib/x86_64-linux-gnu:/opt/ros/jazzy/opt/gz_gui_vendor/lib:/opt/ros/jazzy/opt/gz_transport_vendor/lib:/opt/ros/jazzy/opt/gz_rendering_vendor/lib:/opt/ros/jazzy/opt/gz_plugin_vendor/lib:/opt/ros/jazzy/opt/gz_fuel_tools_vendor/lib:/opt/ros/jazzy/opt/gz_msgs_vendor/lib:/opt/ros/jazzy/opt/gz_common_vendor/lib:/opt/ros/jazzy/opt/gz_math_vendor/lib:/opt/ros/jazzy/opt/gz_utils_vendor/lib:/opt/ros/jazzy/opt/gz_tools_vendor/lib:/opt/ros/jazzy/opt/gz_ogre_next_vendor/lib:/opt/ros/jazzy/opt/gz_dartsim_vendor/lib:/opt/ros/jazzy/opt/gz_cmake_vendor/lib:/opt/ros/jazzy/lib /usr/bin/cmake --install /home/mateozc/Diplomado/Lab2/build/stage_ros2
