[0.649s] DEBUG:colcon:Command line arguments: ['/usr/bin/colcon', 'build']
[0.649s] DEBUG:colcon:Parsed command line arguments: Namespace(log_base=None, log_level=None, verb_name='build', build_base='build', install_base='install', merge_install=False, symlink_install=False, test_result_base=None, continue_on_error=False, executor='parallel', parallel_workers=4, event_handlers=None, ignore_user_meta=False, metas=['./colcon.meta'], base_paths=['.'], packages_ignore=None, packages_ignore_regex=None, paths=None, packages_up_to=None, packages_up_to_regex=None, packages_above=None, packages_above_and_dependencies=None, packages_above_depth=None, packages_select_by_dep=None, packages_skip_by_dep=None, packages_skip_up_to=None, packages_select_build_failed=False, packages_skip_build_finished=False, packages_select_test_failures=False, packages_skip_test_passed=False, packages_select=None, packages_skip=None, packages_select_regex=None, packages_skip_regex=None, packages_start=None, packages_end=None, allow_overriding=[], cmake_args=None, cmake_target=None, cmake_target_skip_unavailable=False, cmake_clean_cache=False, cmake_clean_first=False, cmake_force_configure=False, ament_cmake_args=None, catkin_cmake_args=None, catkin_skip_building_tests=False, mixin_files=None, mixin=None, verb_parser=<colcon_mixin.mixin.mixin_argument.MixinArgumentDecorator object at 0x7f5429c72630>, verb_extension=<colcon_core.verb.build.BuildVerb object at 0x7f5429c71f40>, main=<bound method BuildVerb.main of <colcon_core.verb.build.BuildVerb object at 0x7f5429c71f40>>, mixin_verb=('build',))
[0.931s] Level 1:colcon.colcon_core.package_discovery:discover_packages(colcon_meta) check parameters
[0.931s] Level 1:colcon.colcon_core.package_discovery:discover_packages(recursive) check parameters
[0.932s] Level 1:colcon.colcon_core.package_discovery:discover_packages(ignore) check parameters
[0.932s] Level 1:colcon.colcon_core.package_discovery:discover_packages(path) check parameters
[0.932s] Level 1:colcon.colcon_core.package_discovery:discover_packages(colcon_meta) discover
[0.933s] Level 1:colcon.colcon_core.package_discovery:discover_packages(recursive) discover
[0.933s] INFO:colcon.colcon_core.package_discovery:Crawling recursively for packages in '/home/mateozc/Diplomado/Lab2'
[0.934s] Level 1:colcon.colcon_core.package_identification:_identify(.) by extensions ['ignore', 'ignore_ament_install']
[0.934s] Level 1:colcon.colcon_core.package_identification:_identify(.) by extension 'ignore'
[0.935s] Level 1:colcon.colcon_core.package_identification:_identify(.) by extension 'ignore_ament_install'
[0.935s] Level 1:colcon.colcon_core.package_identification:_identify(.) by extensions ['colcon_pkg']
[0.935s] Level 1:colcon.colcon_core.package_identification:_identify(.) by extension 'colcon_pkg'
[0.935s] Level 1:colcon.colcon_core.package_identification:_identify(.) by extensions ['colcon_meta']
[0.936s] Level 1:colcon.colcon_core.package_identification:_identify(.) by extension 'colcon_meta'
[0.936s] Level 1:colcon.colcon_core.package_identification:_identify(.) by extensions ['ros']
[0.936s] Level 1:colcon.colcon_core.package_identification:_identify(.) by extension 'ros'
[1.077s] Level 1:colcon.colcon_core.package_identification:_identify(.) by extensions ['cmake', 'python']
[1.077s] Level 1:colcon.colcon_core.package_identification:_identify(.) by extension 'cmake'
[1.078s] Level 1:colcon.colcon_core.package_identification:_identify(.) by extension 'python'
[1.078s] Level 1:colcon.colcon_core.package_identification:_identify(.) by extensions ['python_setup_py']
[1.078s] Level 1:colcon.colcon_core.package_identification:_identify(.) by extension 'python_setup_py'
[1.079s] Level 1:colcon.colcon_core.package_identification:_identify(build) by extensions ['ignore', 'ignore_ament_install']
[1.079s] Level 1:colcon.colcon_core.package_identification:_identify(build) by extension 'ignore'
[1.080s] Level 1:colcon.colcon_core.package_identification:_identify(build) ignored
[1.080s] Level 1:colcon.colcon_core.package_identification:_identify(install) by extensions ['ignore', 'ignore_ament_install']
[1.081s] Level 1:colcon.colcon_core.package_identification:_identify(install) by extension 'ignore'
[1.081s] Level 1:colcon.colcon_core.package_identification:_identify(install) ignored
[1.082s] Level 1:colcon.colcon_core.package_identification:_identify(log) by extensions ['ignore', 'ignore_ament_install']
[1.082s] Level 1:colcon.colcon_core.package_identification:_identify(log) by extension 'ignore'
[1.082s] Level 1:colcon.colcon_core.package_identification:_identify(log) ignored
[1.083s] Level 1:colcon.colcon_core.package_identification:_identify(saved_model_final) by extensions ['ignore', 'ignore_ament_install']
[1.083s] Level 1:colcon.colcon_core.package_identification:_identify(saved_model_final) by extension 'ignore'
[1.084s] Level 1:colcon.colcon_core.package_identification:_identify(saved_model_final) by extension 'ignore_ament_install'
[1.084s] Level 1:colcon.colcon_core.package_identification:_identify(saved_model_final) by extensions ['colcon_pkg']
[1.084s] Level 1:colcon.colcon_core.package_identification:_identify(saved_model_final) by extension 'colcon_pkg'
[1.085s] Level 1:colcon.colcon_core.package_identification:_identify(saved_model_final) by extensions ['colcon_meta']
[1.085s] Level 1:colcon.colcon_core.package_identification:_identify(saved_model_final) by extension 'colcon_meta'
[1.085s] Level 1:colcon.colcon_core.package_identification:_identify(saved_model_final) by extensions ['ros']
[1.085s] Level 1:colcon.colcon_core.package_identification:_identify(saved_model_final) by extension 'ros'
[1.086s] Level 1:colcon.colcon_core.package_identification:_identify(saved_model_final) by extensions ['cmake', 'python']
[1.086s] Level 1:colcon.colcon_core.package_identification:_identify(saved_model_final) by extension 'cmake'
[1.087s] Level 1:colcon.colcon_core.package_identification:_identify(saved_model_final) by extension 'python'
[1.087s] Level 1:colcon.colcon_core.package_identification:_identify(saved_model_final) by extensions ['python_setup_py']
[1.087s] Level 1:colcon.colcon_core.package_identification:_identify(saved_model_final) by extension 'python_setup_py'
[1.088s] Level 1:colcon.colcon_core.package_identification:_identify(saved_models) by extensions ['ignore', 'ignore_ament_install']
[1.089s] Level 1:colcon.colcon_core.package_identification:_identify(saved_models) by extension 'ignore'
[1.089s] Level 1:colcon.colcon_core.package_identification:_identify(saved_models) by extension 'ignore_ament_install'
[1.089s] Level 1:colcon.colcon_core.package_identification:_identify(saved_models) by extensions ['colcon_pkg']
[1.090s] Level 1:colcon.colcon_core.package_identification:_identify(saved_models) by extension 'colcon_pkg'
[1.090s] Level 1:colcon.colcon_core.package_identification:_identify(saved_models) by extensions ['colcon_meta']
[1.090s] Level 1:colcon.colcon_core.package_identification:_identify(saved_models) by extension 'colcon_meta'
[1.091s] Level 1:colcon.colcon_core.package_identification:_identify(saved_models) by extensions ['ros']
[1.091s] Level 1:colcon.colcon_core.package_identification:_identify(saved_models) by extension 'ros'
[1.091s] Level 1:colcon.colcon_core.package_identification:_identify(saved_models) by extensions ['cmake', 'python']
[1.092s] Level 1:colcon.colcon_core.package_identification:_identify(saved_models) by extension 'cmake'
[1.092s] Level 1:colcon.colcon_core.package_identification:_identify(saved_models) by extension 'python'
[1.092s] Level 1:colcon.colcon_core.package_identification:_identify(saved_models) by extensions ['python_setup_py']
[1.092s] Level 1:colcon.colcon_core.package_identification:_identify(saved_models) by extension 'python_setup_py'
[1.093s] Level 1:colcon.colcon_core.package_identification:_identify(saved_models_2) by extensions ['ignore', 'ignore_ament_install']
[1.094s] Level 1:colcon.colcon_core.package_identification:_identify(saved_models_2) by extension 'ignore'
[1.094s] Level 1:colcon.colcon_core.package_identification:_identify(saved_models_2) by extension 'ignore_ament_install'
[1.095s] Level 1:colcon.colcon_core.package_identification:_identify(saved_models_2) by extensions ['colcon_pkg']
[1.095s] Level 1:colcon.colcon_core.package_identification:_identify(saved_models_2) by extension 'colcon_pkg'
[1.095s] Level 1:colcon.colcon_core.package_identification:_identify(saved_models_2) by extensions ['colcon_meta']
[1.096s] Level 1:colcon.colcon_core.package_identification:_identify(saved_models_2) by extension 'colcon_meta'
[1.096s] Level 1:colcon.colcon_core.package_identification:_identify(saved_models_2) by extensions ['ros']
[1.096s] Level 1:colcon.colcon_core.package_identification:_identify(saved_models_2) by extension 'ros'
[1.097s] Level 1:colcon.colcon_core.package_identification:_identify(saved_models_2) by extensions ['cmake', 'python']
[1.097s] Level 1:colcon.colcon_core.package_identification:_identify(saved_models_2) by extension 'cmake'
[1.097s] Level 1:colcon.colcon_core.package_identification:_identify(saved_models_2) by extension 'python'
[1.097s] Level 1:colcon.colcon_core.package_identification:_identify(saved_models_2) by extensions ['python_setup_py']
[1.098s] Level 1:colcon.colcon_core.package_identification:_identify(saved_models_2) by extension 'python_setup_py'
[1.098s] Level 1:colcon.colcon_core.package_identification:_identify(src) by extensions ['ignore', 'ignore_ament_install']
[1.099s] Level 1:colcon.colcon_core.package_identification:_identify(src) by extension 'ignore'
[1.099s] Level 1:colcon.colcon_core.package_identification:_identify(src) by extension 'ignore_ament_install'
[1.100s] Level 1:colcon.colcon_core.package_identification:_identify(src) by extensions ['colcon_pkg']
[1.100s] Level 1:colcon.colcon_core.package_identification:_identify(src) by extension 'colcon_pkg'
[1.100s] Level 1:colcon.colcon_core.package_identification:_identify(src) by extensions ['colcon_meta']
[1.100s] Level 1:colcon.colcon_core.package_identification:_identify(src) by extension 'colcon_meta'
[1.101s] Level 1:colcon.colcon_core.package_identification:_identify(src) by extensions ['ros']
[1.101s] Level 1:colcon.colcon_core.package_identification:_identify(src) by extension 'ros'
[1.102s] Level 1:colcon.colcon_core.package_identification:_identify(src) by extensions ['cmake', 'python']
[1.102s] Level 1:colcon.colcon_core.package_identification:_identify(src) by extension 'cmake'
[1.102s] Level 1:colcon.colcon_core.package_identification:_identify(src) by extension 'python'
[1.102s] Level 1:colcon.colcon_core.package_identification:_identify(src) by extensions ['python_setup_py']
[1.103s] Level 1:colcon.colcon_core.package_identification:_identify(src) by extension 'python_setup_py'
[1.103s] Level 1:colcon.colcon_core.package_identification:_identify(src/Stage) by extensions ['ignore', 'ignore_ament_install']
[1.104s] Level 1:colcon.colcon_core.package_identification:_identify(src/Stage) by extension 'ignore'
[1.104s] Level 1:colcon.colcon_core.package_identification:_identify(src/Stage) by extension 'ignore_ament_install'
[1.105s] Level 1:colcon.colcon_core.package_identification:_identify(src/Stage) by extensions ['colcon_pkg']
[1.105s] Level 1:colcon.colcon_core.package_identification:_identify(src/Stage) by extension 'colcon_pkg'
[1.105s] Level 1:colcon.colcon_core.package_identification:_identify(src/Stage) by extensions ['colcon_meta']
[1.106s] Level 1:colcon.colcon_core.package_identification:_identify(src/Stage) by extension 'colcon_meta'
[1.106s] Level 1:colcon.colcon_core.package_identification:_identify(src/Stage) by extensions ['ros']
[1.106s] Level 1:colcon.colcon_core.package_identification:_identify(src/Stage) by extension 'ros'
[1.120s] DEBUG:colcon.colcon_core.package_identification:Package 'src/Stage' with type 'ros.catkin' and name 'stage'
[1.121s] Level 1:colcon.colcon_core.package_identification:_identify(src/dqn_robot_nav) by extensions ['ignore', 'ignore_ament_install']
[1.121s] Level 1:colcon.colcon_core.package_identification:_identify(src/dqn_robot_nav) by extension 'ignore'
[1.122s] Level 1:colcon.colcon_core.package_identification:_identify(src/dqn_robot_nav) by extension 'ignore_ament_install'
[1.122s] Level 1:colcon.colcon_core.package_identification:_identify(src/dqn_robot_nav) by extensions ['colcon_pkg']
[1.123s] Level 1:colcon.colcon_core.package_identification:_identify(src/dqn_robot_nav) by extension 'colcon_pkg'
[1.123s] Level 1:colcon.colcon_core.package_identification:_identify(src/dqn_robot_nav) by extensions ['colcon_meta']
[1.123s] Level 1:colcon.colcon_core.package_identification:_identify(src/dqn_robot_nav) by extension 'colcon_meta'
[1.123s] Level 1:colcon.colcon_core.package_identification:_identify(src/dqn_robot_nav) by extensions ['ros']
[1.124s] Level 1:colcon.colcon_core.package_identification:_identify(src/dqn_robot_nav) by extension 'ros'
[1.127s] DEBUG:colcon.colcon_core.package_identification:Package 'src/dqn_robot_nav' with type 'ros.ament_python' and name 'dqn_robot_nav'
[1.128s] Level 1:colcon.colcon_core.package_identification:_identify(src/stage_ros2) by extensions ['ignore', 'ignore_ament_install']
[1.128s] Level 1:colcon.colcon_core.package_identification:_identify(src/stage_ros2) by extension 'ignore'
[1.129s] Level 1:colcon.colcon_core.package_identification:_identify(src/stage_ros2) by extension 'ignore_ament_install'
[1.129s] Level 1:colcon.colcon_core.package_identification:_identify(src/stage_ros2) by extensions ['colcon_pkg']
[1.129s] Level 1:colcon.colcon_core.package_identification:_identify(src/stage_ros2) by extension 'colcon_pkg'
[1.130s] Level 1:colcon.colcon_core.package_identification:_identify(src/stage_ros2) by extensions ['colcon_meta']
[1.130s] Level 1:colcon.colcon_core.package_identification:_identify(src/stage_ros2) by extension 'colcon_meta'
[1.130s] Level 1:colcon.colcon_core.package_identification:_identify(src/stage_ros2) by extensions ['ros']
[1.130s] Level 1:colcon.colcon_core.package_identification:_identify(src/stage_ros2) by extension 'ros'
[1.135s] DEBUG:colcon.colcon_core.package_identification:Package 'src/stage_ros2' with type 'ros.ament_cmake' and name 'stage_ros2'
[1.136s] Level 1:colcon.colcon_core.package_discovery:discover_packages(recursive) using defaults
[1.136s] Level 1:colcon.colcon_core.package_discovery:discover_packages(ignore) discover
[1.137s] Level 1:colcon.colcon_core.package_discovery:discover_packages(ignore) using defaults
[1.137s] Level 1:colcon.colcon_core.package_discovery:discover_packages(path) discover
[1.137s] Level 1:colcon.colcon_core.package_discovery:discover_packages(path) using defaults
[1.244s] Level 1:colcon.colcon_core.package_discovery:discover_packages(prefix_path) check parameters
[1.244s] Level 1:colcon.colcon_core.package_discovery:discover_packages(prefix_path) discover
[1.276s] DEBUG:colcon.colcon_installed_package_information.package_discovery:Found 3 installed packages in /home/mateozc/Diplomado/Lab2/install
[1.305s] DEBUG:colcon.colcon_installed_package_information.package_discovery:Found 505 installed packages in /opt/ros/jazzy
[1.325s] Level 1:colcon.colcon_core.package_discovery:discover_packages(prefix_path) using defaults
[1.735s] Level 5:colcon.colcon_core.verb:set package 'dqn_robot_nav' build argument 'cmake_args' from command line to 'None'
[1.735s] Level 5:colcon.colcon_core.verb:set package 'dqn_robot_nav' build argument 'cmake_target' from command line to 'None'
[1.735s] Level 5:colcon.colcon_core.verb:set package 'dqn_robot_nav' build argument 'cmake_target_skip_unavailable' from command line to 'False'
[1.735s] Level 5:colcon.colcon_core.verb:set package 'dqn_robot_nav' build argument 'cmake_clean_cache' from command line to 'False'
[1.736s] Level 5:colcon.colcon_core.verb:set package 'dqn_robot_nav' build argument 'cmake_clean_first' from command line to 'False'
[1.736s] Level 5:colcon.colcon_core.verb:set package 'dqn_robot_nav' build argument 'cmake_force_configure' from command line to 'False'
[1.736s] Level 5:colcon.colcon_core.verb:set package 'dqn_robot_nav' build argument 'ament_cmake_args' from command line to 'None'
[1.736s] Level 5:colcon.colcon_core.verb:set package 'dqn_robot_nav' build argument 'catkin_cmake_args' from command line to 'None'
[1.736s] Level 5:colcon.colcon_core.verb:set package 'dqn_robot_nav' build argument 'catkin_skip_building_tests' from command line to 'False'
[1.737s] DEBUG:colcon.colcon_core.verb:Building package 'dqn_robot_nav' with the following arguments: {'ament_cmake_args': None, 'build_base': '/home/mateozc/Diplomado/Lab2/build/dqn_robot_nav', 'catkin_cmake_args': None, 'catkin_skip_building_tests': False, 'cmake_args': None, 'cmake_clean_cache': False, 'cmake_clean_first': False, 'cmake_force_configure': False, 'cmake_target': None, 'cmake_target_skip_unavailable': False, 'install_base': '/home/mateozc/Diplomado/Lab2/install/dqn_robot_nav', 'merge_install': False, 'path': '/home/mateozc/Diplomado/Lab2/src/dqn_robot_nav', 'symlink_install': False, 'test_result_base': None}
[1.738s] Level 5:colcon.colcon_core.verb:set package 'stage' build argument 'cmake_args' from command line to 'None'
[1.738s] Level 5:colcon.colcon_core.verb:set package 'stage' build argument 'cmake_target' from command line to 'None'
[1.739s] Level 5:colcon.colcon_core.verb:set package 'stage' build argument 'cmake_target_skip_unavailable' from command line to 'False'
[1.739s] Level 5:colcon.colcon_core.verb:set package 'stage' build argument 'cmake_clean_cache' from command line to 'False'
[1.739s] Level 5:colcon.colcon_core.verb:set package 'stage' build argument 'cmake_clean_first' from command line to 'False'
[1.739s] Level 5:colcon.colcon_core.verb:set package 'stage' build argument 'cmake_force_configure' from command line to 'False'
[1.739s] Level 5:colcon.colcon_core.verb:set package 'stage' build argument 'ament_cmake_args' from command line to 'None'
[1.739s] Level 5:colcon.colcon_core.verb:set package 'stage' build argument 'catkin_cmake_args' from command line to 'None'
[1.739s] Level 5:colcon.colcon_core.verb:set package 'stage' build argument 'catkin_skip_building_tests' from command line to 'False'
[1.739s] DEBUG:colcon.colcon_core.verb:Building package 'stage' with the following arguments: {'ament_cmake_args': None, 'build_base': '/home/mateozc/Diplomado/Lab2/build/stage', 'catkin_cmake_args': None, 'catkin_skip_building_tests': False, 'cmake_args': None, 'cmake_clean_cache': False, 'cmake_clean_first': False, 'cmake_force_configure': False, 'cmake_target': None, 'cmake_target_skip_unavailable': False, 'install_base': '/home/mateozc/Diplomado/Lab2/install/stage', 'merge_install': False, 'path': '/home/mateozc/Diplomado/Lab2/src/Stage', 'symlink_install': False, 'test_result_base': None}
[1.741s] Level 5:colcon.colcon_core.verb:set package 'stage_ros2' build argument 'cmake_args' from command line to 'None'
[1.741s] Level 5:colcon.colcon_core.verb:set package 'stage_ros2' build argument 'cmake_target' from command line to 'None'
[1.741s] Level 5:colcon.colcon_core.verb:set package 'stage_ros2' build argument 'cmake_target_skip_unavailable' from command line to 'False'
[1.741s] Level 5:colcon.colcon_core.verb:set package 'stage_ros2' build argument 'cmake_clean_cache' from command line to 'False'
[1.741s] Level 5:colcon.colcon_core.verb:set package 'stage_ros2' build argument 'cmake_clean_first' from command line to 'False'
[1.741s] Level 5:colcon.colcon_core.verb:set package 'stage_ros2' build argument 'cmake_force_configure' from command line to 'False'
[1.741s] Level 5:colcon.colcon_core.verb:set package 'stage_ros2' build argument 'ament_cmake_args' from command line to 'None'
[1.742s] Level 5:colcon.colcon_core.verb:set package 'stage_ros2' build argument 'catkin_cmake_args' from command line to 'None'
[1.742s] Level 5:colcon.colcon_core.verb:set package 'stage_ros2' build argument 'catkin_skip_building_tests' from command line to 'False'
[1.742s] DEBUG:colcon.colcon_core.verb:Building package 'stage_ros2' with the following arguments: {'ament_cmake_args': None, 'build_base': '/home/mateozc/Diplomado/Lab2/build/stage_ros2', 'catkin_cmake_args': None, 'catkin_skip_building_tests': False, 'cmake_args': None, 'cmake_clean_cache': False, 'cmake_clean_first': False, 'cmake_force_configure': False, 'cmake_target': None, 'cmake_target_skip_unavailable': False, 'install_base': '/home/mateozc/Diplomado/Lab2/install/stage_ros2', 'merge_install': False, 'path': '/home/mateozc/Diplomado/Lab2/src/stage_ros2', 'symlink_install': False, 'test_result_base': None}
[1.742s] INFO:colcon.colcon_core.executor:Executing jobs using 'parallel' executor
[1.747s] DEBUG:colcon.colcon_parallel_executor.executor.parallel:run_until_complete
[1.748s] INFO:colcon.colcon_ros.task.catkin.build:Building ROS package in '/home/mateozc/Diplomado/Lab2/src/Stage' with build type 'catkin'
[1.749s] INFO:colcon.colcon_cmake.task.cmake.build:Building CMake package in '/home/mateozc/Diplomado/Lab2/src/Stage'
[1.768s] INFO:colcon.colcon_core.plugin_system:Skipping extension 'colcon_core.shell.bat': Not used on non-Windows systems
[1.769s] INFO:colcon.colcon_core.shell:Skip shell extension 'powershell' for command environment: Not usable outside of PowerShell
[1.770s] DEBUG:colcon.colcon_core.shell:Skip shell extension 'dsv' for command environment
[1.802s] INFO:colcon.colcon_ros.task.ament_python.build:Building ROS package in '/home/mateozc/Diplomado/Lab2/src/dqn_robot_nav' with build type 'ament_python'
[1.803s] Level 1:colcon.colcon_core.shell:create_environment_hook('dqn_robot_nav', 'ament_prefix_path')
[1.805s] INFO:colcon.colcon_core.shell:Creating environment hook '/home/mateozc/Diplomado/Lab2/install/dqn_robot_nav/share/dqn_robot_nav/hook/ament_prefix_path.ps1'
[1.810s] INFO:colcon.colcon_core.shell:Creating environment descriptor '/home/mateozc/Diplomado/Lab2/install/dqn_robot_nav/share/dqn_robot_nav/hook/ament_prefix_path.dsv'
[1.813s] INFO:colcon.colcon_core.shell:Creating environment hook '/home/mateozc/Diplomado/Lab2/install/dqn_robot_nav/share/dqn_robot_nav/hook/ament_prefix_path.sh'
[1.818s] INFO:colcon.colcon_core.shell:Skip shell extension 'powershell' for command environment: Not usable outside of PowerShell
[1.819s] DEBUG:colcon.colcon_core.shell:Skip shell extension 'dsv' for command environment
[1.890s] DEBUG:colcon.colcon_core.event_handler.log_command:Invoking command in '/home/mateozc/Diplomado/Lab2/build/stage': DEBUGINFOD_URLS=https://debuginfod.ubuntu.com /usr/bin/cmake --build /home/mateozc/Diplomado/Lab2/build/stage -- -j4 -l4
[4.855s] INFO:colcon.colcon_core.task.python.build:Building Python package in '/home/mateozc/Diplomado/Lab2/src/dqn_robot_nav'
[4.857s] INFO:colcon.colcon_core.shell:Skip shell extension 'powershell' for command environment: Not usable outside of PowerShell
[4.857s] DEBUG:colcon.colcon_core.shell:Skip shell extension 'dsv' for command environment
[4.893s] DEBUG:colcon.colcon_core.event_handler.log_command:Invoked command in '/home/mateozc/Diplomado/Lab2/build/stage' returned '0': DEBUGINFOD_URLS=https://debuginfod.ubuntu.com /usr/bin/cmake --build /home/mateozc/Diplomado/Lab2/build/stage -- -j4 -l4
[4.969s] DEBUG:colcon.colcon_core.event_handler.log_command:Invoking command in '/home/mateozc/Diplomado/Lab2/build/stage': DEBUGINFOD_URLS=https://debuginfod.ubuntu.com /usr/bin/cmake --install /home/mateozc/Diplomado/Lab2/build/stage
[5.149s] Level 1:colcon.colcon_core.shell:create_environment_hook('stage', 'ros_package_path')
[5.151s] INFO:colcon.colcon_core.shell:Creating environment hook '/home/mateozc/Diplomado/Lab2/install/stage/share/stage/hook/ros_package_path.ps1'
[5.168s] INFO:colcon.colcon_core.shell:Creating environment descriptor '/home/mateozc/Diplomado/Lab2/install/stage/share/stage/hook/ros_package_path.dsv'
[5.178s] INFO:colcon.colcon_core.shell:Creating environment hook '/home/mateozc/Diplomado/Lab2/install/stage/share/stage/hook/ros_package_path.sh'
[5.191s] Level 1:colcon.colcon_core.shell:create_environment_hook('stage', 'pkg_config_path')
[5.195s] INFO:colcon.colcon_core.shell:Creating environment hook '/home/mateozc/Diplomado/Lab2/install/stage/share/stage/hook/pkg_config_path.ps1'
[5.204s] INFO:colcon.colcon_core.shell:Creating environment descriptor '/home/mateozc/Diplomado/Lab2/install/stage/share/stage/hook/pkg_config_path.dsv'
[5.210s] INFO:colcon.colcon_core.shell:Creating environment hook '/home/mateozc/Diplomado/Lab2/install/stage/share/stage/hook/pkg_config_path.sh'
[5.240s] Level 1:colcon.colcon_core.shell:create_environment_hook('stage', 'pkg_config_path_multiarch')
[5.242s] INFO:colcon.colcon_core.shell:Creating environment hook '/home/mateozc/Diplomado/Lab2/install/stage/share/stage/hook/pkg_config_path_multiarch.ps1'
[5.254s] INFO:colcon.colcon_core.shell:Creating environment descriptor '/home/mateozc/Diplomado/Lab2/install/stage/share/stage/hook/pkg_config_path_multiarch.dsv'
[5.269s] INFO:colcon.colcon_core.shell:Creating environment hook '/home/mateozc/Diplomado/Lab2/install/stage/share/stage/hook/pkg_config_path_multiarch.sh'
[5.289s] Level 1:colcon.colcon_core.environment:create_environment_scripts_only(stage)
[5.339s] DEBUG:colcon.colcon_core.event_handler.log_command:Invoked command in '/home/mateozc/Diplomado/Lab2/build/stage' returned '0': DEBUGINFOD_URLS=https://debuginfod.ubuntu.com /usr/bin/cmake --install /home/mateozc/Diplomado/Lab2/build/stage
[5.359s] Level 1:colcon.colcon_core.environment:checking '/home/mateozc/Diplomado/Lab2/install/stage' for CMake module files
[5.364s] Level 1:colcon.colcon_core.environment:checking '/home/mateozc/Diplomado/Lab2/install/stage' for CMake config files
[5.369s] Level 1:colcon.colcon_core.shell:create_environment_hook('stage', 'cmake_prefix_path')
[5.370s] INFO:colcon.colcon_core.shell:Creating environment hook '/home/mateozc/Diplomado/Lab2/install/stage/share/stage/hook/cmake_prefix_path.ps1'
[5.374s] INFO:colcon.colcon_core.shell:Creating environment descriptor '/home/mateozc/Diplomado/Lab2/install/stage/share/stage/hook/cmake_prefix_path.dsv'
[5.376s] INFO:colcon.colcon_core.shell:Creating environment hook '/home/mateozc/Diplomado/Lab2/install/stage/share/stage/hook/cmake_prefix_path.sh'
[5.382s] Level 1:colcon.colcon_core.environment:checking '/home/mateozc/Diplomado/Lab2/install/stage/lib'
[5.486s] Level 1:colcon.colcon_core.shell:create_environment_hook('stage', 'ld_library_path_lib')
[5.488s] INFO:colcon.colcon_core.shell:Creating environment hook '/home/mateozc/Diplomado/Lab2/install/stage/share/stage/hook/ld_library_path_lib.ps1'
[5.494s] INFO:colcon.colcon_core.shell:Creating environment descriptor '/home/mateozc/Diplomado/Lab2/install/stage/share/stage/hook/ld_library_path_lib.dsv'
[5.499s] INFO:colcon.colcon_core.shell:Creating environment hook '/home/mateozc/Diplomado/Lab2/install/stage/share/stage/hook/ld_library_path_lib.sh'
[5.503s] Level 1:colcon.colcon_core.environment:checking '/home/mateozc/Diplomado/Lab2/install/stage/bin'
[5.504s] Level 1:colcon.colcon_core.shell:create_environment_hook('stage', 'path')
[5.506s] INFO:colcon.colcon_core.shell:Creating environment hook '/home/mateozc/Diplomado/Lab2/install/stage/share/stage/hook/path.ps1'
[5.510s] INFO:colcon.colcon_core.shell:Creating environment descriptor '/home/mateozc/Diplomado/Lab2/install/stage/share/stage/hook/path.dsv'
[5.513s] INFO:colcon.colcon_core.shell:Creating environment hook '/home/mateozc/Diplomado/Lab2/install/stage/share/stage/hook/path.sh'
[5.516s] Level 1:colcon.colcon_core.environment:checking '/home/mateozc/Diplomado/Lab2/install/stage/lib/pkgconfig/stage.pc'
[5.517s] Level 1:colcon.colcon_core.shell:create_environment_hook('stage', 'pkg_config')
[5.518s] INFO:colcon.colcon_core.shell:Creating environment hook '/home/mateozc/Diplomado/Lab2/install/stage/share/stage/hook/pkg_config.ps1'
[5.522s] INFO:colcon.colcon_core.shell:Creating environment descriptor '/home/mateozc/Diplomado/Lab2/install/stage/share/stage/hook/pkg_config.dsv'
[5.525s] INFO:colcon.colcon_core.shell:Creating environment hook '/home/mateozc/Diplomado/Lab2/install/stage/share/stage/hook/pkg_config.sh'
[5.530s] Level 1:colcon.colcon_core.environment:checking '/home/mateozc/Diplomado/Lab2/install/stage/lib/python3.12/site-packages'
[5.532s] Level 1:colcon.colcon_core.environment:checking '/home/mateozc/Diplomado/Lab2/install/stage/bin'
[5.534s] Level 1:colcon.colcon_core.shell:create_environment_hook('stage', 'pythonscriptspath')
[5.535s] INFO:colcon.colcon_core.shell:Creating environment hook '/home/mateozc/Diplomado/Lab2/install/stage/share/stage/hook/pythonscriptspath.ps1'
[5.539s] INFO:colcon.colcon_core.shell:Creating environment descriptor '/home/mateozc/Diplomado/Lab2/install/stage/share/stage/hook/pythonscriptspath.dsv'
[5.542s] INFO:colcon.colcon_core.shell:Creating environment hook '/home/mateozc/Diplomado/Lab2/install/stage/share/stage/hook/pythonscriptspath.sh'
[5.549s] INFO:colcon.colcon_core.shell:Creating package script '/home/mateozc/Diplomado/Lab2/install/stage/share/stage/package.ps1'
[5.559s] INFO:colcon.colcon_core.shell:Creating package descriptor '/home/mateozc/Diplomado/Lab2/install/stage/share/stage/package.dsv'
[5.568s] INFO:colcon.colcon_core.shell:Creating package script '/home/mateozc/Diplomado/Lab2/install/stage/share/stage/package.sh'
[5.577s] INFO:colcon.colcon_core.shell:Creating package script '/home/mateozc/Diplomado/Lab2/install/stage/share/stage/package.bash'
[5.584s] INFO:colcon.colcon_core.shell:Creating package script '/home/mateozc/Diplomado/Lab2/install/stage/share/stage/package.zsh'
[5.591s] Level 1:colcon.colcon_core.environment:create_file_with_runtime_dependencies(/home/mateozc/Diplomado/Lab2/install/stage/share/colcon-core/packages/stage)
[5.594s] INFO:colcon.colcon_ros.task.ament_cmake.build:Building ROS package in '/home/mateozc/Diplomado/Lab2/src/stage_ros2' with build type 'ament_cmake'
[5.595s] INFO:colcon.colcon_cmake.task.cmake.build:Building CMake package in '/home/mateozc/Diplomado/Lab2/src/stage_ros2'
[5.596s] INFO:colcon.colcon_core.shell:Skip shell extension 'powershell' for command environment: Not usable outside of PowerShell
[5.597s] DEBUG:colcon.colcon_core.shell:Skip shell extension 'dsv' for command environment
[5.727s] DEBUG:colcon.colcon_core.event_handler.log_command:Invoking command in '/home/mateozc/Diplomado/Lab2/build/stage_ros2': CMAKE_PREFIX_PATH=/home/mateozc/Diplomado/Lab2/install/dqn_robot_nav:/opt/ros/jazzy:/home/mateozc/Diplomado/Lab2/install/stage:/home/mateozc/Diplomado/Lab2/install/stage_ros2:/opt/ros/jazzy/opt/gz_sim_vendor:/opt/ros/jazzy/opt/gz_sensors_vendor:/opt/ros/jazzy/opt/gz_physics_vendor:/opt/ros/jazzy/opt/sdformat_vendor:/opt/ros/jazzy/opt/gz_gui_vendor:/opt/ros/jazzy/opt/gz_transport_vendor:/opt/ros/jazzy/opt/gz_rendering_vendor:/opt/ros/jazzy/opt/gz_plugin_vendor:/opt/ros/jazzy/opt/gz_fuel_tools_vendor:/opt/ros/jazzy/opt/gz_msgs_vendor:/opt/ros/jazzy/opt/gz_common_vendor:/opt/ros/jazzy/opt/gz_math_vendor:/opt/ros/jazzy/opt/gz_utils_vendor:/opt/ros/jazzy/opt/gz_tools_vendor:/opt/ros/jazzy/opt/gz_ogre_next_vendor:/opt/ros/jazzy/opt/gz_dartsim_vendor:/opt/ros/jazzy/opt/gz_cmake_vendor DEBUGINFOD_URLS=https://debuginfod.ubuntu.com LD_LIBRARY_PATH=/home/mateozc/Diplomado/Lab2/install/stage/lib:/home/mateozc/Diplomado/Lab2/install/stage_ros2/lib:/opt/ros/jazzy/opt/gz_sim_vendor/lib:/opt/ros/jazzy/opt/gz_sensors_vendor/lib:/opt/ros/jazzy/opt/gz_physics_vendor/lib:/opt/ros/jazzy/opt/sdformat_vendor/lib:/opt/ros/jazzy/opt/rviz_ogre_vendor/lib:/opt/ros/jazzy/lib/x86_64-linux-gnu:/opt/ros/jazzy/opt/gz_gui_vendor/lib:/opt/ros/jazzy/opt/gz_transport_vendor/lib:/opt/ros/jazzy/opt/gz_rendering_vendor/lib:/opt/ros/jazzy/opt/gz_plugin_vendor/lib:/opt/ros/jazzy/opt/gz_fuel_tools_vendor/lib:/opt/ros/jazzy/opt/gz_msgs_vendor/lib:/opt/ros/jazzy/opt/gz_common_vendor/lib:/opt/ros/jazzy/opt/gz_math_vendor/lib:/opt/ros/jazzy/opt/gz_utils_vendor/lib:/opt/ros/jazzy/opt/gz_tools_vendor/lib:/opt/ros/jazzy/opt/gz_ogre_next_vendor/lib:/opt/ros/jazzy/opt/gz_dartsim_vendor/lib:/opt/ros/jazzy/opt/gz_cmake_vendor/lib:/opt/ros/jazzy/lib /usr/bin/cmake --build /home/mateozc/Diplomado/Lab2/build/stage_ros2 -- -j4 -l4
[6.805s] DEBUG:colcon.colcon_core.event_handler.log_command:Invoked command in '/home/mateozc/Diplomado/Lab2/build/stage_ros2' returned '0': CMAKE_PREFIX_PATH=/home/mateozc/Diplomado/Lab2/install/dqn_robot_nav:/opt/ros/jazzy:/home/mateozc/Diplomado/Lab2/install/stage:/home/mateozc/Diplomado/Lab2/install/stage_ros2:/opt/ros/jazzy/opt/gz_sim_vendor:/opt/ros/jazzy/opt/gz_sensors_vendor:/opt/ros/jazzy/opt/gz_physics_vendor:/opt/ros/jazzy/opt/sdformat_vendor:/opt/ros/jazzy/opt/gz_gui_vendor:/opt/ros/jazzy/opt/gz_transport_vendor:/opt/ros/jazzy/opt/gz_rendering_vendor:/opt/ros/jazzy/opt/gz_plugin_vendor:/opt/ros/jazzy/opt/gz_fuel_tools_vendor:/opt/ros/jazzy/opt/gz_msgs_vendor:/opt/ros/jazzy/opt/gz_common_vendor:/opt/ros/jazzy/opt/gz_math_vendor:/opt/ros/jazzy/opt/gz_utils_vendor:/opt/ros/jazzy/opt/gz_tools_vendor:/opt/ros/jazzy/opt/gz_ogre_next_vendor:/opt/ros/jazzy/opt/gz_dartsim_vendor:/opt/ros/jazzy/opt/gz_cmake_vendor DEBUGINFOD_URLS=https://debuginfod.ubuntu.com LD_LIBRARY_PATH=/home/mateozc/Diplomado/Lab2/install/stage/lib:/home/mateozc/Diplomado/Lab2/install/stage_ros2/lib:/opt/ros/jazzy/opt/gz_sim_vendor/lib:/opt/ros/jazzy/opt/gz_sensors_vendor/lib:/opt/ros/jazzy/opt/gz_physics_vendor/lib:/opt/ros/jazzy/opt/sdformat_vendor/lib:/opt/ros/jazzy/opt/rviz_ogre_vendor/lib:/opt/ros/jazzy/lib/x86_64-linux-gnu:/opt/ros/jazzy/opt/gz_gui_vendor/lib:/opt/ros/jazzy/opt/gz_transport_vendor/lib:/opt/ros/jazzy/opt/gz_rendering_vendor/lib:/opt/ros/jazzy/opt/gz_plugin_vendor/lib:/opt/ros/jazzy/opt/gz_fuel_tools_vendor/lib:/opt/ros/jazzy/opt/gz_msgs_vendor/lib:/opt/ros/jazzy/opt/gz_common_vendor/lib:/opt/ros/jazzy/opt/gz_math_vendor/lib:/opt/ros/jazzy/opt/gz_utils_vendor/lib:/opt/ros/jazzy/opt/gz_tools_vendor/lib:/opt/ros/jazzy/opt/gz_ogre_next_vendor/lib:/opt/ros/jazzy/opt/gz_dartsim_vendor/lib:/opt/ros/jazzy/opt/gz_cmake_vendor/lib:/opt/ros/jazzy/lib /usr/bin/cmake --build /home/mateozc/Diplomado/Lab2/build/stage_ros2 -- -j4 -l4
[6.817s] DEBUG:colcon.colcon_core.event_handler.log_command:Invoking command in '/home/mateozc/Diplomado/Lab2/build/stage_ros2': CMAKE_PREFIX_PATH=/home/mateozc/Diplomado/Lab2/install/dqn_robot_nav:/opt/ros/jazzy:/home/mateozc/Diplomado/Lab2/install/stage:/home/mateozc/Diplomado/Lab2/install/stage_ros2:/opt/ros/jazzy/opt/gz_sim_vendor:/opt/ros/jazzy/opt/gz_sensors_vendor:/opt/ros/jazzy/opt/gz_physics_vendor:/opt/ros/jazzy/opt/sdformat_vendor:/opt/ros/jazzy/opt/gz_gui_vendor:/opt/ros/jazzy/opt/gz_transport_vendor:/opt/ros/jazzy/opt/gz_rendering_vendor:/opt/ros/jazzy/opt/gz_plugin_vendor:/opt/ros/jazzy/opt/gz_fuel_tools_vendor:/opt/ros/jazzy/opt/gz_msgs_vendor:/opt/ros/jazzy/opt/gz_common_vendor:/opt/ros/jazzy/opt/gz_math_vendor:/opt/ros/jazzy/opt/gz_utils_vendor:/opt/ros/jazzy/opt/gz_tools_vendor:/opt/ros/jazzy/opt/gz_ogre_next_vendor:/opt/ros/jazzy/opt/gz_dartsim_vendor:/opt/ros/jazzy/opt/gz_cmake_vendor DEBUGINFOD_URLS=https://debuginfod.ubuntu.com LD_LIBRARY_PATH=/home/mateozc/Diplomado/Lab2/install/stage/lib:/home/mateozc/Diplomado/Lab2/install/stage_ros2/lib:/opt/ros/jazzy/opt/gz_sim_vendor/lib:/opt/ros/jazzy/opt/gz_sensors_vendor/lib:/opt/ros/jazzy/opt/gz_physics_vendor/lib:/opt/ros/jazzy/opt/sdformat_vendor/lib:/opt/ros/jazzy/opt/rviz_ogre_vendor/lib:/opt/ros/jazzy/lib/x86_64-linux-gnu:/opt/ros/jazzy/opt/gz_gui_vendor/lib:/opt/ros/jazzy/opt/gz_transport_vendor/lib:/opt/ros/jazzy/opt/gz_rendering_vendor/lib:/opt/ros/jazzy/opt/gz_plugin_vendor/lib:/opt/ros/jazzy/opt/gz_fuel_tools_vendor/lib:/opt/ros/jazzy/opt/gz_msgs_vendor/lib:/opt/ros/jazzy/opt/gz_common_vendor/lib:/opt/ros/jazzy/opt/gz_math_vendor/lib:/opt/ros/jazzy/opt/gz_utils_vendor/lib:/opt/ros/jazzy/opt/gz_tools_vendor/lib:/opt/ros/jazzy/opt/gz_ogre_next_vendor/lib:/opt/ros/jazzy/opt/gz_dartsim_vendor/lib:/opt/ros/jazzy/opt/gz_cmake_vendor/lib:/opt/ros/jazzy/lib /usr/bin/cmake --install /home/mateozc/Diplomado/Lab2/build/stage_ros2
[7.091s] Level 1:colcon.colcon_core.environment:create_environment_scripts_only(stage_ros2)
[7.106s] Level 1:colcon.colcon_core.environment:checking '/home/mateozc/Diplomado/Lab2/install/stage_ros2' for CMake module files
[7.097s] DEBUG:colcon.colcon_core.event_handler.log_command:Invoked command in '/home/mateozc/Diplomado/Lab2/build/stage_ros2' returned '0': CMAKE_PREFIX_PATH=/home/mateozc/Diplomado/Lab2/install/dqn_robot_nav:/opt/ros/jazzy:/home/mateozc/Diplomado/Lab2/install/stage:/home/mateozc/Diplomado/Lab2/install/stage_ros2:/opt/ros/jazzy/opt/gz_sim_vendor:/opt/ros/jazzy/opt/gz_sensors_vendor:/opt/ros/jazzy/opt/gz_physics_vendor:/opt/ros/jazzy/opt/sdformat_vendor:/opt/ros/jazzy/opt/gz_gui_vendor:/opt/ros/jazzy/opt/gz_transport_vendor:/opt/ros/jazzy/opt/gz_rendering_vendor:/opt/ros/jazzy/opt/gz_plugin_vendor:/opt/ros/jazzy/opt/gz_fuel_tools_vendor:/opt/ros/jazzy/opt/gz_msgs_vendor:/opt/ros/jazzy/opt/gz_common_vendor:/opt/ros/jazzy/opt/gz_math_vendor:/opt/ros/jazzy/opt/gz_utils_vendor:/opt/ros/jazzy/opt/gz_tools_vendor:/opt/ros/jazzy/opt/gz_ogre_next_vendor:/opt/ros/jazzy/opt/gz_dartsim_vendor:/opt/ros/jazzy/opt/gz_cmake_vendor DEBUGINFOD_URLS=https://debuginfod.ubuntu.com LD_LIBRARY_PATH=/home/mateozc/Diplomado/Lab2/install/stage/lib:/home/mateozc/Diplomado/Lab2/install/stage_ros2/lib:/opt/ros/jazzy/opt/gz_sim_vendor/lib:/opt/ros/jazzy/opt/gz_sensors_vendor/lib:/opt/ros/jazzy/opt/gz_physics_vendor/lib:/opt/ros/jazzy/opt/sdformat_vendor/lib:/opt/ros/jazzy/opt/rviz_ogre_vendor/lib:/opt/ros/jazzy/lib/x86_64-linux-gnu:/opt/ros/jazzy/opt/gz_gui_vendor/lib:/opt/ros/jazzy/opt/gz_transport_vendor/lib:/opt/ros/jazzy/opt/gz_rendering_vendor/lib:/opt/ros/jazzy/opt/gz_plugin_vendor/lib:/opt/ros/jazzy/opt/gz_fuel_tools_vendor/lib:/opt/ros/jazzy/opt/gz_msgs_vendor/lib:/opt/ros/jazzy/opt/gz_common_vendor/lib:/opt/ros/jazzy/opt/gz_math_vendor/lib:/opt/ros/jazzy/opt/gz_utils_vendor/lib:/opt/ros/jazzy/opt/gz_tools_vendor/lib:/opt/ros/jazzy/opt/gz_ogre_next_vendor/lib:/opt/ros/jazzy/opt/gz_dartsim_vendor/lib:/opt/ros/jazzy/opt/gz_cmake_vendor/lib:/opt/ros/jazzy/lib /usr/bin/cmake --install /home/mateozc/Diplomado/Lab2/build/stage_ros2
[7.161s] Level 1:colcon.colcon_core.environment:checking '/home/mateozc/Diplomado/Lab2/install/stage_ros2' for CMake config files
[7.166s] Level 1:colcon.colcon_core.shell:create_environment_hook('stage_ros2', 'cmake_prefix_path')
[7.168s] INFO:colcon.colcon_core.shell:Creating environment hook '/home/mateozc/Diplomado/Lab2/install/stage_ros2/share/stage_ros2/hook/cmake_prefix_path.ps1'
[7.171s] INFO:colcon.colcon_core.shell:Creating environment descriptor '/home/mateozc/Diplomado/Lab2/install/stage_ros2/share/stage_ros2/hook/cmake_prefix_path.dsv'
[7.174s] INFO:colcon.colcon_core.shell:Creating environment hook '/home/mateozc/Diplomado/Lab2/install/stage_ros2/share/stage_ros2/hook/cmake_prefix_path.sh'
[7.178s] Level 1:colcon.colcon_core.environment:checking '/home/mateozc/Diplomado/Lab2/install/stage_ros2/lib'
[7.178s] Level 1:colcon.colcon_core.shell:create_environment_hook('stage_ros2', 'ld_library_path_lib')
[7.179s] INFO:colcon.colcon_core.shell:Creating environment hook '/home/mateozc/Diplomado/Lab2/install/stage_ros2/share/stage_ros2/hook/ld_library_path_lib.ps1'
[7.182s] INFO:colcon.colcon_core.shell:Creating environment descriptor '/home/mateozc/Diplomado/Lab2/install/stage_ros2/share/stage_ros2/hook/ld_library_path_lib.dsv'
[7.185s] INFO:colcon.colcon_core.shell:Creating environment hook '/home/mateozc/Diplomado/Lab2/install/stage_ros2/share/stage_ros2/hook/ld_library_path_lib.sh'
[7.187s] Level 1:colcon.colcon_core.environment:checking '/home/mateozc/Diplomado/Lab2/install/stage_ros2/bin'
[7.188s] Level 1:colcon.colcon_core.environment:checking '/home/mateozc/Diplomado/Lab2/install/stage_ros2/lib/pkgconfig/stage_ros2.pc'
[7.189s] Level 1:colcon.colcon_core.environment:checking '/home/mateozc/Diplomado/Lab2/install/stage_ros2/lib/python3.12/site-packages'
[7.190s] Level 1:colcon.colcon_core.environment:checking '/home/mateozc/Diplomado/Lab2/install/stage_ros2/bin'
[7.191s] INFO:colcon.colcon_core.shell:Creating package script '/home/mateozc/Diplomado/Lab2/install/stage_ros2/share/stage_ros2/package.ps1'
[7.194s] INFO:colcon.colcon_core.shell:Creating package descriptor '/home/mateozc/Diplomado/Lab2/install/stage_ros2/share/stage_ros2/package.dsv'
[7.197s] INFO:colcon.colcon_core.shell:Creating package script '/home/mateozc/Diplomado/Lab2/install/stage_ros2/share/stage_ros2/package.sh'
[7.200s] INFO:colcon.colcon_core.shell:Creating package script '/home/mateozc/Diplomado/Lab2/install/stage_ros2/share/stage_ros2/package.bash'
[7.203s] INFO:colcon.colcon_core.shell:Creating package script '/home/mateozc/Diplomado/Lab2/install/stage_ros2/share/stage_ros2/package.zsh'
[7.205s] Level 1:colcon.colcon_core.environment:create_file_with_runtime_dependencies(/home/mateozc/Diplomado/Lab2/install/stage_ros2/share/colcon-core/packages/stage_ros2)
[7.208s] Level 1:colcon.colcon_core.environment:create_environment_scripts_only(stage_ros2)
[7.208s] Level 1:colcon.colcon_core.environment:checking '/home/mateozc/Diplomado/Lab2/install/stage_ros2' for CMake module files
[7.212s] Level 1:colcon.colcon_core.environment:checking '/home/mateozc/Diplomado/Lab2/install/stage_ros2' for CMake config files
[7.214s] Level 1:colcon.colcon_core.shell:create_environment_hook('stage_ros2', 'cmake_prefix_path')
[7.215s] INFO:colcon.colcon_core.shell:Creating environment hook '/home/mateozc/Diplomado/Lab2/install/stage_ros2/share/stage_ros2/hook/cmake_prefix_path.ps1'
[7.218s] INFO:colcon.colcon_core.shell:Creating environment descriptor '/home/mateozc/Diplomado/Lab2/install/stage_ros2/share/stage_ros2/hook/cmake_prefix_path.dsv'
[7.220s] INFO:colcon.colcon_core.shell:Creating environment hook '/home/mateozc/Diplomado/Lab2/install/stage_ros2/share/stage_ros2/hook/cmake_prefix_path.sh'
[7.223s] Level 1:colcon.colcon_core.environment:checking '/home/mateozc/Diplomado/Lab2/install/stage_ros2/lib'
[7.224s] Level 1:colcon.colcon_core.shell:create_environment_hook('stage_ros2', 'ld_library_path_lib')
[7.225s] INFO:colcon.colcon_core.shell:Creating environment hook '/home/mateozc/Diplomado/Lab2/install/stage_ros2/share/stage_ros2/hook/ld_library_path_lib.ps1'
[7.227s] INFO:colcon.colcon_core.shell:Creating environment descriptor '/home/mateozc/Diplomado/Lab2/install/stage_ros2/share/stage_ros2/hook/ld_library_path_lib.dsv'
[7.233s] INFO:colcon.colcon_core.shell:Creating environment hook '/home/mateozc/Diplomado/Lab2/install/stage_ros2/share/stage_ros2/hook/ld_library_path_lib.sh'
[7.237s] Level 1:colcon.colcon_core.environment:checking '/home/mateozc/Diplomado/Lab2/install/stage_ros2/bin'
[7.238s] Level 1:colcon.colcon_core.environment:checking '/home/mateozc/Diplomado/Lab2/install/stage_ros2/lib/pkgconfig/stage_ros2.pc'
[7.240s] Level 1:colcon.colcon_core.environment:checking '/home/mateozc/Diplomado/Lab2/install/stage_ros2/lib/python3.12/site-packages'
[7.242s] Level 1:colcon.colcon_core.environment:checking '/home/mateozc/Diplomado/Lab2/install/stage_ros2/bin'
[7.245s] INFO:colcon.colcon_core.shell:Creating package script '/home/mateozc/Diplomado/Lab2/install/stage_ros2/share/stage_ros2/package.ps1'
[7.250s] INFO:colcon.colcon_core.shell:Creating package descriptor '/home/mateozc/Diplomado/Lab2/install/stage_ros2/share/stage_ros2/package.dsv'
[7.256s] INFO:colcon.colcon_core.shell:Creating package script '/home/mateozc/Diplomado/Lab2/install/stage_ros2/share/stage_ros2/package.sh'
[7.261s] INFO:colcon.colcon_core.shell:Creating package script '/home/mateozc/Diplomado/Lab2/install/stage_ros2/share/stage_ros2/package.bash'
[7.265s] INFO:colcon.colcon_core.shell:Creating package script '/home/mateozc/Diplomado/Lab2/install/stage_ros2/share/stage_ros2/package.zsh'
[7.269s] Level 1:colcon.colcon_core.environment:create_file_with_runtime_dependencies(/home/mateozc/Diplomado/Lab2/install/stage_ros2/share/colcon-core/packages/stage_ros2)
[11.328s] DEBUG:colcon.colcon_core.event_handler.log_command:Invoking command in '/home/mateozc/Diplomado/Lab2/src/dqn_robot_nav': DEBUGINFOD_URLS=https://debuginfod.ubuntu.com PYTHONPATH=/home/mateozc/Diplomado/Lab2/build/dqn_robot_nav/prefix_override:/usr/lib/python3/dist-packages/colcon_core/task/python/colcon_distutils_commands:/home/mateozc/Diplomado/Lab2/install/dqn_robot_nav/lib/python3.12/site-packages:${PYTHONPATH} /usr/bin/python3 -W ignore:setup.py install is deprecated -W ignore:easy_install command is deprecated setup.py egg_info --egg-base ../../build/dqn_robot_nav build --build-base /home/mateozc/Diplomado/Lab2/build/dqn_robot_nav/build install --record /home/mateozc/Diplomado/Lab2/build/dqn_robot_nav/install.log --single-version-externally-managed install_data
[15.377s] Level 1:colcon.colcon_core.environment:checking '/home/mateozc/Diplomado/Lab2/install/dqn_robot_nav' for CMake module files
[15.383s] DEBUG:colcon.colcon_core.event_handler.log_command:Invoked command in '/home/mateozc/Diplomado/Lab2/src/dqn_robot_nav' returned '0': DEBUGINFOD_URLS=https://debuginfod.ubuntu.com PYTHONPATH=/home/mateozc/Diplomado/Lab2/build/dqn_robot_nav/prefix_override:/usr/lib/python3/dist-packages/colcon_core/task/python/colcon_distutils_commands:/home/mateozc/Diplomado/Lab2/install/dqn_robot_nav/lib/python3.12/site-packages:${PYTHONPATH} /usr/bin/python3 -W ignore:setup.py install is deprecated -W ignore:easy_install command is deprecated setup.py egg_info --egg-base ../../build/dqn_robot_nav build --build-base /home/mateozc/Diplomado/Lab2/build/dqn_robot_nav/build install --record /home/mateozc/Diplomado/Lab2/build/dqn_robot_nav/install.log --single-version-externally-managed install_data
[15.388s] Level 1:colcon.colcon_core.environment:checking '/home/mateozc/Diplomado/Lab2/install/dqn_robot_nav' for CMake config files
[15.394s] Level 1:colcon.colcon_core.environment:checking '/home/mateozc/Diplomado/Lab2/install/dqn_robot_nav/lib'
[15.395s] Level 1:colcon.colcon_core.environment:checking '/home/mateozc/Diplomado/Lab2/install/dqn_robot_nav/bin'
[15.395s] Level 1:colcon.colcon_core.environment:checking '/home/mateozc/Diplomado/Lab2/install/dqn_robot_nav/lib/pkgconfig/dqn_robot_nav.pc'
[15.397s] Level 1:colcon.colcon_core.environment:checking '/home/mateozc/Diplomado/Lab2/install/dqn_robot_nav/lib/python3.12/site-packages'
[15.398s] Level 1:colcon.colcon_core.shell:create_environment_hook('dqn_robot_nav', 'pythonpath')
[15.399s] INFO:colcon.colcon_core.shell:Creating environment hook '/home/mateozc/Diplomado/Lab2/install/dqn_robot_nav/share/dqn_robot_nav/hook/pythonpath.ps1'
[15.401s] INFO:colcon.colcon_core.shell:Creating environment descriptor '/home/mateozc/Diplomado/Lab2/install/dqn_robot_nav/share/dqn_robot_nav/hook/pythonpath.dsv'
[15.404s] INFO:colcon.colcon_core.shell:Creating environment hook '/home/mateozc/Diplomado/Lab2/install/dqn_robot_nav/share/dqn_robot_nav/hook/pythonpath.sh'
[15.409s] Level 1:colcon.colcon_core.environment:checking '/home/mateozc/Diplomado/Lab2/install/dqn_robot_nav/bin'
[15.409s] Level 1:colcon.colcon_core.environment:create_environment_scripts_only(dqn_robot_nav)
[15.411s] INFO:colcon.colcon_core.shell:Creating package script '/home/mateozc/Diplomado/Lab2/install/dqn_robot_nav/share/dqn_robot_nav/package.ps1'
[15.414s] INFO:colcon.colcon_core.shell:Creating package descriptor '/home/mateozc/Diplomado/Lab2/install/dqn_robot_nav/share/dqn_robot_nav/package.dsv'
[15.417s] INFO:colcon.colcon_core.shell:Creating package script '/home/mateozc/Diplomado/Lab2/install/dqn_robot_nav/share/dqn_robot_nav/package.sh'
[15.419s] INFO:colcon.colcon_core.shell:Creating package script '/home/mateozc/Diplomado/Lab2/install/dqn_robot_nav/share/dqn_robot_nav/package.bash'
[15.422s] INFO:colcon.colcon_core.shell:Creating package script '/home/mateozc/Diplomado/Lab2/install/dqn_robot_nav/share/dqn_robot_nav/package.zsh'
[15.425s] Level 1:colcon.colcon_core.environment:create_file_with_runtime_dependencies(/home/mateozc/Diplomado/Lab2/install/dqn_robot_nav/share/colcon-core/packages/dqn_robot_nav)
[15.427s] DEBUG:colcon.colcon_parallel_executor.executor.parallel:closing loop
[15.429s] DEBUG:colcon.colcon_parallel_executor.executor.parallel:loop closed
[15.430s] DEBUG:colcon.colcon_parallel_executor.executor.parallel:run_until_complete finished with '0'
[15.430s] DEBUG:colcon.colcon_core.event_reactor:joining thread
[15.473s] INFO:colcon.colcon_core.plugin_system:Skipping extension 'colcon_notification.desktop_notification.terminal_notifier': Not used on non-Darwin systems
[15.474s] INFO:colcon.colcon_core.plugin_system:Skipping extension 'colcon_notification.desktop_notification.win32': Not used on non-Windows systems
[15.474s] INFO:colcon.colcon_notification.desktop_notification:Sending desktop notification using 'notify2'
[15.556s] DEBUG:colcon.colcon_core.event_reactor:joined thread
[15.557s] INFO:colcon.colcon_core.shell:Creating prefix script '/home/mateozc/Diplomado/Lab2/install/local_setup.ps1'
[15.565s] INFO:colcon.colcon_core.shell:Creating prefix util module '/home/mateozc/Diplomado/Lab2/install/_local_setup_util_ps1.py'
[15.576s] INFO:colcon.colcon_core.shell:Creating prefix chain script '/home/mateozc/Diplomado/Lab2/install/setup.ps1'
[15.583s] INFO:colcon.colcon_core.shell:Creating prefix script '/home/mateozc/Diplomado/Lab2/install/local_setup.sh'
[15.586s] INFO:colcon.colcon_core.shell:Creating prefix util module '/home/mateozc/Diplomado/Lab2/install/_local_setup_util_sh.py'
[15.590s] INFO:colcon.colcon_core.shell:Creating prefix chain script '/home/mateozc/Diplomado/Lab2/install/setup.sh'
[15.598s] INFO:colcon.colcon_core.shell:Creating prefix script '/home/mateozc/Diplomado/Lab2/install/local_setup.bash'
[15.601s] INFO:colcon.colcon_core.shell:Creating prefix chain script '/home/mateozc/Diplomado/Lab2/install/setup.bash'
[15.615s] INFO:colcon.colcon_core.shell:Creating prefix script '/home/mateozc/Diplomado/Lab2/install/local_setup.zsh'
[15.620s] INFO:colcon.colcon_core.shell:Creating prefix chain script '/home/mateozc/Diplomado/Lab2/install/setup.zsh'
