[2.563s] Invoking command in '/home/mateozc/Diplomado/Lab2/src/dqn_robot_nav': DEBUGINFOD_URLS=https://debuginfod.ubuntu.com PYTHONPATH=/home/mateozc/Diplomado/Lab2/build/dqn_robot_nav/prefix_override:/usr/lib/python3/dist-packages/colcon_core/task/python/colcon_distutils_commands:/home/mateozc/Diplomado/Lab2/install/dqn_robot_nav/lib/python3.12/site-packages:${PYTHONPATH} /usr/bin/python3 -W ignore:setup.py install is deprecated -W ignore:easy_install command is deprecated setup.py egg_info --egg-base ../../build/dqn_robot_nav build --build-base /home/mateozc/Diplomado/Lab2/build/dqn_robot_nav/build install --record /home/mateozc/Diplomado/Lab2/build/dqn_robot_nav/install.log --single-version-externally-managed install_data
[3.162s] running egg_info
[3.207s] writing ../../build/dqn_robot_nav/dqn_robot_nav.egg-info/PKG-INFO
[3.208s] writing dependency_links to ../../build/dqn_robot_nav/dqn_robot_nav.egg-info/dependency_links.txt
[3.208s] writing entry points to ../../build/dqn_robot_nav/dqn_robot_nav.egg-info/entry_points.txt
[3.209s] writing requirements to ../../build/dqn_robot_nav/dqn_robot_nav.egg-info/requires.txt
[3.209s] writing top-level names to ../../build/dqn_robot_nav/dqn_robot_nav.egg-info/top_level.txt
[3.304s] reading manifest file '../../build/dqn_robot_nav/dqn_robot_nav.egg-info/SOURCES.txt'
[3.306s] writing manifest file '../../build/dqn_robot_nav/dqn_robot_nav.egg-info/SOURCES.txt'
[3.306s] running build
[3.307s] running build_py
[3.308s] running install
[3.321s] running install_lib
[3.372s] running install_data
[3.372s] copying launch/generate_graphs.launch.py -> /home/mateozc/Diplomado/Lab2/install/dqn_robot_nav/share/dqn_robot_nav/launch
[3.373s] running install_egg_info
[3.425s] removing '/home/mateozc/Diplomado/Lab2/install/dqn_robot_nav/lib/python3.12/site-packages/dqn_robot_nav-0.0.0-py3.12.egg-info' (and everything under it)
[3.426s] Copying ../../build/dqn_robot_nav/dqn_robot_nav.egg-info to /home/mateozc/Diplomado/Lab2/install/dqn_robot_nav/lib/python3.12/site-packages/dqn_robot_nav-0.0.0-py3.12.egg-info
[3.428s] running install_scripts
[3.748s] Installing reconstruct_history script to /home/mateozc/Diplomado/Lab2/install/dqn_robot_nav/lib/dqn_robot_nav
[3.749s] Installing reset_stage script to /home/mateozc/Diplomado/Lab2/install/dqn_robot_nav/lib/dqn_robot_nav
[3.749s] Installing test_node script to /home/mateozc/Diplomado/Lab2/install/dqn_robot_nav/lib/dqn_robot_nav
[3.749s] Installing train_node script to /home/mateozc/Diplomado/Lab2/install/dqn_robot_nav/lib/dqn_robot_nav
[3.750s] writing list of installed files to '/home/mateozc/Diplomado/Lab2/build/dqn_robot_nav/install.log'
[3.800s] Invoked command in '/home/mateozc/Diplomado/Lab2/src/dqn_robot_nav' returned '0': DEBUGINFOD_URLS=https://debuginfod.ubuntu.com PYTHONPATH=/home/mateozc/Diplomado/Lab2/build/dqn_robot_nav/prefix_override:/usr/lib/python3/dist-packages/colcon_core/task/python/colcon_distutils_commands:/home/mateozc/Diplomado/Lab2/install/dqn_robot_nav/lib/python3.12/site-packages:${PYTHONPATH} /usr/bin/python3 -W ignore:setup.py install is deprecated -W ignore:easy_install command is deprecated setup.py egg_info --egg-base ../../build/dqn_robot_nav build --build-base /home/mateozc/Diplomado/Lab2/build/dqn_robot_nav/build install --record /home/mateozc/Diplomado/Lab2/build/dqn_robot_nav/install.log --single-version-externally-managed install_data
