running develop
running egg_info
creating dqn_robot_nav.egg-info
writing dqn_robot_nav.egg-info/PKG-INFO
writing dependency_links to dqn_robot_nav.egg-info/dependency_links.txt
writing entry points to dqn_robot_nav.egg-info/entry_points.txt
writing requirements to dqn_robot_nav.egg-info/requires.txt
writing top-level names to dqn_robot_nav.egg-info/top_level.txt
writing manifest file 'dqn_robot_nav.egg-info/SOURCES.txt'
reading manifest file 'dqn_robot_nav.egg-info/SOURCES.txt'
writing manifest file 'dqn_robot_nav.egg-info/SOURCES.txt'
running build_ext
Creating /home/mateozc/Diplomado/Lab2/install/dqn_robot_nav/lib/python3.12/site-packages/dqn-robot-nav.egg-link (link to .)
Installing reset_stage script to /home/mateozc/Diplomado/Lab2/install/dqn_robot_nav/lib/dqn_robot_nav
Installing test_node script to /home/mateozc/Diplomado/Lab2/install/dqn_robot_nav/lib/dqn_robot_nav
Installing train_node script to /home/mateozc/Diplomado/Lab2/install/dqn_robot_nav/lib/dqn_robot_nav

Installed /home/mateozc/Diplomado/Lab2/build/dqn_robot_nav
running symlink_data
creating /home/mateozc/Diplomado/Lab2/install/dqn_robot_nav/share/ament_index
creating /home/mateozc/Diplomado/Lab2/install/dqn_robot_nav/share/ament_index/resource_index
creating /home/mateozc/Diplomado/Lab2/install/dqn_robot_nav/share/ament_index/resource_index/packages
symbolically linking /home/mateozc/Diplomado/Lab2/build/dqn_robot_nav/resource/dqn_robot_nav -> /home/mateozc/Diplomado/Lab2/install/dqn_robot_nav/share/ament_index/resource_index/packages
symbolically linking /home/mateozc/Diplomado/Lab2/build/dqn_robot_nav/package.xml -> /home/mateozc/Diplomado/Lab2/install/dqn_robot_nav/share/dqn_robot_nav
creating /home/mateozc/Diplomado/Lab2/install/dqn_robot_nav/share/dqn_robot_nav/launch
symbolically linking /home/mateozc/Diplomado/Lab2/build/dqn_robot_nav/launch/stage_env.launch.py -> /home/mateozc/Diplomado/Lab2/install/dqn_robot_nav/share/dqn_robot_nav/launch
