[3.121s] Invoking command in '/home/mateozc/Diplomado/Lab2/build/dqn_robot_nav': DEBUGINFOD_URLS=https://debuginfod.ubuntu.com PYTHONPATH=/home/mateozc/Diplomado/Lab2/build/dqn_robot_nav/prefix_override:/usr/lib/python3/dist-packages/colcon_core/task/python/colcon_distutils_commands:/home/mateozc/Diplomado/Lab2/install/dqn_robot_nav/lib/python3.12/site-packages:${PYTHONPATH} /usr/bin/python3 -W ignore:setup.py install is deprecated -W ignore:easy_install command is deprecated setup.py develop --editable --build-directory /home/mateozc/Diplomado/Lab2/build/dqn_robot_nav/build --no-deps symlink_data
[4.878s] running develop
[8.178s] running egg_info
[8.187s] creating dqn_robot_nav.egg-info
[8.621s] writing dqn_robot_nav.egg-info/PKG-INFO
[8.623s] writing dependency_links to dqn_robot_nav.egg-info/dependency_links.txt
[8.637s] writing entry points to dqn_robot_nav.egg-info/entry_points.txt
[8.637s] writing requirements to dqn_robot_nav.egg-info/requires.txt
[8.637s] writing top-level names to dqn_robot_nav.egg-info/top_level.txt
[8.637s] writing manifest file 'dqn_robot_nav.egg-info/SOURCES.txt'
[9.185s] reading manifest file 'dqn_robot_nav.egg-info/SOURCES.txt'
[9.191s] writing manifest file 'dqn_robot_nav.egg-info/SOURCES.txt'
[9.544s] running build_ext
[9.550s] Creating /home/mateozc/Diplomado/Lab2/install/dqn_robot_nav/lib/python3.12/site-packages/dqn-robot-nav.egg-link (link to .)
[9.555s] Installing reset_stage script to /home/mateozc/Diplomado/Lab2/install/dqn_robot_nav/lib/dqn_robot_nav
[9.556s] Installing test_node script to /home/mateozc/Diplomado/Lab2/install/dqn_robot_nav/lib/dqn_robot_nav
[9.556s] Installing train_node script to /home/mateozc/Diplomado/Lab2/install/dqn_robot_nav/lib/dqn_robot_nav
[9.562s] 
[9.562s] Installed /home/mateozc/Diplomado/Lab2/build/dqn_robot_nav
[9.570s] running symlink_data
[9.574s] creating /home/mateozc/Diplomado/Lab2/install/dqn_robot_nav/share/ament_index
[9.574s] creating /home/mateozc/Diplomado/Lab2/install/dqn_robot_nav/share/ament_index/resource_index
[9.575s] creating /home/mateozc/Diplomado/Lab2/install/dqn_robot_nav/share/ament_index/resource_index/packages
[9.575s] symbolically linking /home/mateozc/Diplomado/Lab2/build/dqn_robot_nav/resource/dqn_robot_nav -> /home/mateozc/Diplomado/Lab2/install/dqn_robot_nav/share/ament_index/resource_index/packages
[9.575s] symbolically linking /home/mateozc/Diplomado/Lab2/build/dqn_robot_nav/package.xml -> /home/mateozc/Diplomado/Lab2/install/dqn_robot_nav/share/dqn_robot_nav
[9.576s] creating /home/mateozc/Diplomado/Lab2/install/dqn_robot_nav/share/dqn_robot_nav/launch
[9.576s] symbolically linking /home/mateozc/Diplomado/Lab2/build/dqn_robot_nav/launch/stage_env.launch.py -> /home/mateozc/Diplomado/Lab2/install/dqn_robot_nav/share/dqn_robot_nav/launch
[9.856s] Invoked command in '/home/mateozc/Diplomado/Lab2/build/dqn_robot_nav' returned '0': DEBUGINFOD_URLS=https://debuginfod.ubuntu.com PYTHONPATH=/home/mateozc/Diplomado/Lab2/build/dqn_robot_nav/prefix_override:/usr/lib/python3/dist-packages/colcon_core/task/python/colcon_distutils_commands:/home/mateozc/Diplomado/Lab2/install/dqn_robot_nav/lib/python3.12/site-packages:${PYTHONPATH} /usr/bin/python3 -W ignore:setup.py install is deprecated -W ignore:easy_install command is deprecated setup.py develop --editable --build-directory /home/mateozc/Diplomado/Lab2/build/dqn_robot_nav/build --no-deps symlink_data
