[0.572s] DEBUG:colcon:Command line arguments: ['/usr/bin/colcon', 'build']
[0.573s] DEBUG:colcon:Parsed command line arguments: Namespace(log_base=None, log_level=None, verb_name='build', build_base='build', install_base='install', merge_install=False, symlink_install=False, test_result_base=None, continue_on_error=False, executor='parallel', parallel_workers=4, event_handlers=None, ignore_user_meta=False, metas=['./colcon.meta'], base_paths=['.'], packages_ignore=None, packages_ignore_regex=None, paths=None, packages_up_to=None, packages_up_to_regex=None, packages_above=None, packages_above_and_dependencies=None, packages_above_depth=None, packages_select_by_dep=None, packages_skip_by_dep=None, packages_skip_up_to=None, packages_select_build_failed=False, packages_skip_build_finished=False, packages_select_test_failures=False, packages_skip_test_passed=False, packages_select=None, packages_skip=None, packages_select_regex=None, packages_skip_regex=None, packages_start=None, packages_end=None, allow_overriding=[], cmake_args=None, cmake_target=None, cmake_target_skip_unavailable=False, cmake_clean_cache=False, cmake_clean_first=False, cmake_force_configure=False, ament_cmake_args=None, catkin_cmake_args=None, catkin_skip_building_tests=False, mixin_files=None, mixin=None, verb_parser=<colcon_mixin.mixin.mixin_argument.MixinArgumentDecorator object at 0x78a259eae750>, verb_extension=<colcon_core.verb.build.BuildVerb object at 0x78a259eae120>, main=<bound method BuildVerb.main of <colcon_core.verb.build.BuildVerb object at 0x78a259eae120>>, mixin_verb=('build',))
[0.787s] Level 1:colcon.colcon_core.package_discovery:discover_packages(colcon_meta) check parameters
[0.787s] Level 1:colcon.colcon_core.package_discovery:discover_packages(recursive) check parameters
[0.788s] Level 1:colcon.colcon_core.package_discovery:discover_packages(ignore) check parameters
[0.788s] Level 1:colcon.colcon_core.package_discovery:discover_packages(path) check parameters
[0.788s] Level 1:colcon.colcon_core.package_discovery:discover_packages(colcon_meta) discover
[0.789s] Level 1:colcon.colcon_core.package_discovery:discover_packages(recursive) discover
[0.789s] INFO:colcon.colcon_core.package_discovery:Crawling recursively for packages in '/home/mateozc/Diplomado/Lab2'
[0.790s] Level 1:colcon.colcon_core.package_identification:_identify(.) by extensions ['ignore', 'ignore_ament_install']
[0.791s] Level 1:colcon.colcon_core.package_identification:_identify(.) by extension 'ignore'
[0.791s] Level 1:colcon.colcon_core.package_identification:_identify(.) by extension 'ignore_ament_install'
[0.792s] Level 1:colcon.colcon_core.package_identification:_identify(.) by extensions ['colcon_pkg']
[0.792s] Level 1:colcon.colcon_core.package_identification:_identify(.) by extension 'colcon_pkg'
[0.792s] Level 1:colcon.colcon_core.package_identification:_identify(.) by extensions ['colcon_meta']
[0.793s] Level 1:colcon.colcon_core.package_identification:_identify(.) by extension 'colcon_meta'
[0.793s] Level 1:colcon.colcon_core.package_identification:_identify(.) by extensions ['ros']
[0.793s] Level 1:colcon.colcon_core.package_identification:_identify(.) by extension 'ros'
[0.915s] Level 1:colcon.colcon_core.package_identification:_identify(.) by extensions ['cmake', 'python']
[0.915s] Level 1:colcon.colcon_core.package_identification:_identify(.) by extension 'cmake'
[0.915s] Level 1:colcon.colcon_core.package_identification:_identify(.) by extension 'python'
[0.915s] Level 1:colcon.colcon_core.package_identification:_identify(.) by extensions ['python_setup_py']
[0.916s] Level 1:colcon.colcon_core.package_identification:_identify(.) by extension 'python_setup_py'
[0.916s] Level 1:colcon.colcon_core.package_identification:_identify(build) by extensions ['ignore', 'ignore_ament_install']
[0.917s] Level 1:colcon.colcon_core.package_identification:_identify(build) by extension 'ignore'
[0.917s] Level 1:colcon.colcon_core.package_identification:_identify(build) ignored
[0.917s] Level 1:colcon.colcon_core.package_identification:_identify(install) by extensions ['ignore', 'ignore_ament_install']
[0.918s] Level 1:colcon.colcon_core.package_identification:_identify(install) by extension 'ignore'
[0.918s] Level 1:colcon.colcon_core.package_identification:_identify(install) ignored
[0.919s] Level 1:colcon.colcon_core.package_identification:_identify(log) by extensions ['ignore', 'ignore_ament_install']
[0.919s] Level 1:colcon.colcon_core.package_identification:_identify(log) by extension 'ignore'
[0.919s] Level 1:colcon.colcon_core.package_identification:_identify(log) ignored
[0.920s] Level 1:colcon.colcon_core.package_identification:_identify(saved_model_final) by extensions ['ignore', 'ignore_ament_install']
[0.920s] Level 1:colcon.colcon_core.package_identification:_identify(saved_model_final) by extension 'ignore'
[0.920s] Level 1:colcon.colcon_core.package_identification:_identify(saved_model_final) by extension 'ignore_ament_install'
[0.921s] Level 1:colcon.colcon_core.package_identification:_identify(saved_model_final) by extensions ['colcon_pkg']
[0.921s] Level 1:colcon.colcon_core.package_identification:_identify(saved_model_final) by extension 'colcon_pkg'
[0.921s] Level 1:colcon.colcon_core.package_identification:_identify(saved_model_final) by extensions ['colcon_meta']
[0.921s] Level 1:colcon.colcon_core.package_identification:_identify(saved_model_final) by extension 'colcon_meta'
[0.922s] Level 1:colcon.colcon_core.package_identification:_identify(saved_model_final) by extensions ['ros']
[0.922s] Level 1:colcon.colcon_core.package_identification:_identify(saved_model_final) by extension 'ros'
[0.922s] Level 1:colcon.colcon_core.package_identification:_identify(saved_model_final) by extensions ['cmake', 'python']
[0.923s] Level 1:colcon.colcon_core.package_identification:_identify(saved_model_final) by extension 'cmake'
[0.923s] Level 1:colcon.colcon_core.package_identification:_identify(saved_model_final) by extension 'python'
[0.923s] Level 1:colcon.colcon_core.package_identification:_identify(saved_model_final) by extensions ['python_setup_py']
[0.924s] Level 1:colcon.colcon_core.package_identification:_identify(saved_model_final) by extension 'python_setup_py'
[0.924s] Level 1:colcon.colcon_core.package_identification:_identify(saved_models) by extensions ['ignore', 'ignore_ament_install']
[0.925s] Level 1:colcon.colcon_core.package_identification:_identify(saved_models) by extension 'ignore'
[0.925s] Level 1:colcon.colcon_core.package_identification:_identify(saved_models) by extension 'ignore_ament_install'
[0.926s] Level 1:colcon.colcon_core.package_identification:_identify(saved_models) by extensions ['colcon_pkg']
[0.926s] Level 1:colcon.colcon_core.package_identification:_identify(saved_models) by extension 'colcon_pkg'
[0.926s] Level 1:colcon.colcon_core.package_identification:_identify(saved_models) by extensions ['colcon_meta']
[0.926s] Level 1:colcon.colcon_core.package_identification:_identify(saved_models) by extension 'colcon_meta'
[0.926s] Level 1:colcon.colcon_core.package_identification:_identify(saved_models) by extensions ['ros']
[0.926s] Level 1:colcon.colcon_core.package_identification:_identify(saved_models) by extension 'ros'
[0.927s] Level 1:colcon.colcon_core.package_identification:_identify(saved_models) by extensions ['cmake', 'python']
[0.927s] Level 1:colcon.colcon_core.package_identification:_identify(saved_models) by extension 'cmake'
[0.927s] Level 1:colcon.colcon_core.package_identification:_identify(saved_models) by extension 'python'
[0.927s] Level 1:colcon.colcon_core.package_identification:_identify(saved_models) by extensions ['python_setup_py']
[0.928s] Level 1:colcon.colcon_core.package_identification:_identify(saved_models) by extension 'python_setup_py'
[0.928s] Level 1:colcon.colcon_core.package_identification:_identify(saved_models_2) by extensions ['ignore', 'ignore_ament_install']
[0.929s] Level 1:colcon.colcon_core.package_identification:_identify(saved_models_2) by extension 'ignore'
[0.929s] Level 1:colcon.colcon_core.package_identification:_identify(saved_models_2) by extension 'ignore_ament_install'
[0.929s] Level 1:colcon.colcon_core.package_identification:_identify(saved_models_2) by extensions ['colcon_pkg']
[0.929s] Level 1:colcon.colcon_core.package_identification:_identify(saved_models_2) by extension 'colcon_pkg'
[0.930s] Level 1:colcon.colcon_core.package_identification:_identify(saved_models_2) by extensions ['colcon_meta']
[0.930s] Level 1:colcon.colcon_core.package_identification:_identify(saved_models_2) by extension 'colcon_meta'
[0.930s] Level 1:colcon.colcon_core.package_identification:_identify(saved_models_2) by extensions ['ros']
[0.930s] Level 1:colcon.colcon_core.package_identification:_identify(saved_models_2) by extension 'ros'
[0.931s] Level 1:colcon.colcon_core.package_identification:_identify(saved_models_2) by extensions ['cmake', 'python']
[0.931s] Level 1:colcon.colcon_core.package_identification:_identify(saved_models_2) by extension 'cmake'
[0.931s] Level 1:colcon.colcon_core.package_identification:_identify(saved_models_2) by extension 'python'
[0.931s] Level 1:colcon.colcon_core.package_identification:_identify(saved_models_2) by extensions ['python_setup_py']
[0.931s] Level 1:colcon.colcon_core.package_identification:_identify(saved_models_2) by extension 'python_setup_py'
[0.932s] Level 1:colcon.colcon_core.package_identification:_identify(src) by extensions ['ignore', 'ignore_ament_install']
[0.932s] Level 1:colcon.colcon_core.package_identification:_identify(src) by extension 'ignore'
[0.932s] Level 1:colcon.colcon_core.package_identification:_identify(src) by extension 'ignore_ament_install'
[0.933s] Level 1:colcon.colcon_core.package_identification:_identify(src) by extensions ['colcon_pkg']
[0.933s] Level 1:colcon.colcon_core.package_identification:_identify(src) by extension 'colcon_pkg'
[0.933s] Level 1:colcon.colcon_core.package_identification:_identify(src) by extensions ['colcon_meta']
[0.933s] Level 1:colcon.colcon_core.package_identification:_identify(src) by extension 'colcon_meta'
[0.933s] Level 1:colcon.colcon_core.package_identification:_identify(src) by extensions ['ros']
[0.933s] Level 1:colcon.colcon_core.package_identification:_identify(src) by extension 'ros'
[0.934s] Level 1:colcon.colcon_core.package_identification:_identify(src) by extensions ['cmake', 'python']
[0.934s] Level 1:colcon.colcon_core.package_identification:_identify(src) by extension 'cmake'
[0.934s] Level 1:colcon.colcon_core.package_identification:_identify(src) by extension 'python'
[0.934s] Level 1:colcon.colcon_core.package_identification:_identify(src) by extensions ['python_setup_py']
[0.935s] Level 1:colcon.colcon_core.package_identification:_identify(src) by extension 'python_setup_py'
[0.935s] Level 1:colcon.colcon_core.package_identification:_identify(src/Stage) by extensions ['ignore', 'ignore_ament_install']
[0.936s] Level 1:colcon.colcon_core.package_identification:_identify(src/Stage) by extension 'ignore'
[0.936s] Level 1:colcon.colcon_core.package_identification:_identify(src/Stage) by extension 'ignore_ament_install'
[0.936s] Level 1:colcon.colcon_core.package_identification:_identify(src/Stage) by extensions ['colcon_pkg']
[0.936s] Level 1:colcon.colcon_core.package_identification:_identify(src/Stage) by extension 'colcon_pkg'
[0.936s] Level 1:colcon.colcon_core.package_identification:_identify(src/Stage) by extensions ['colcon_meta']
[0.937s] Level 1:colcon.colcon_core.package_identification:_identify(src/Stage) by extension 'colcon_meta'
[0.937s] Level 1:colcon.colcon_core.package_identification:_identify(src/Stage) by extensions ['ros']
[0.937s] Level 1:colcon.colcon_core.package_identification:_identify(src/Stage) by extension 'ros'
[0.951s] DEBUG:colcon.colcon_core.package_identification:Package 'src/Stage' with type 'ros.catkin' and name 'stage'
[0.952s] Level 1:colcon.colcon_core.package_identification:_identify(src/dqn_robot_nav) by extensions ['ignore', 'ignore_ament_install']
[0.952s] Level 1:colcon.colcon_core.package_identification:_identify(src/dqn_robot_nav) by extension 'ignore'
[0.952s] Level 1:colcon.colcon_core.package_identification:_identify(src/dqn_robot_nav) by extension 'ignore_ament_install'
[0.953s] Level 1:colcon.colcon_core.package_identification:_identify(src/dqn_robot_nav) by extensions ['colcon_pkg']
[0.953s] Level 1:colcon.colcon_core.package_identification:_identify(src/dqn_robot_nav) by extension 'colcon_pkg'
[0.953s] Level 1:colcon.colcon_core.package_identification:_identify(src/dqn_robot_nav) by extensions ['colcon_meta']
[0.953s] Level 1:colcon.colcon_core.package_identification:_identify(src/dqn_robot_nav) by extension 'colcon_meta'
[0.954s] Level 1:colcon.colcon_core.package_identification:_identify(src/dqn_robot_nav) by extensions ['ros']
[0.954s] Level 1:colcon.colcon_core.package_identification:_identify(src/dqn_robot_nav) by extension 'ros'
[0.957s] DEBUG:colcon.colcon_core.package_identification:Package 'src/dqn_robot_nav' with type 'ros.ament_python' and name 'dqn_robot_nav'
[0.958s] Level 1:colcon.colcon_core.package_identification:_identify(src/stage_ros2) by extensions ['ignore', 'ignore_ament_install']
[0.958s] Level 1:colcon.colcon_core.package_identification:_identify(src/stage_ros2) by extension 'ignore'
[0.958s] Level 1:colcon.colcon_core.package_identification:_identify(src/stage_ros2) by extension 'ignore_ament_install'
[0.959s] Level 1:colcon.colcon_core.package_identification:_identify(src/stage_ros2) by extensions ['colcon_pkg']
[0.959s] Level 1:colcon.colcon_core.package_identification:_identify(src/stage_ros2) by extension 'colcon_pkg'
[0.959s] Level 1:colcon.colcon_core.package_identification:_identify(src/stage_ros2) by extensions ['colcon_meta']
[0.959s] Level 1:colcon.colcon_core.package_identification:_identify(src/stage_ros2) by extension 'colcon_meta'
[0.959s] Level 1:colcon.colcon_core.package_identification:_identify(src/stage_ros2) by extensions ['ros']
[0.960s] Level 1:colcon.colcon_core.package_identification:_identify(src/stage_ros2) by extension 'ros'
[0.964s] DEBUG:colcon.colcon_core.package_identification:Package 'src/stage_ros2' with type 'ros.ament_cmake' and name 'stage_ros2'
[0.964s] Level 1:colcon.colcon_core.package_discovery:discover_packages(recursive) using defaults
[0.965s] Level 1:colcon.colcon_core.package_discovery:discover_packages(ignore) discover
[0.965s] Level 1:colcon.colcon_core.package_discovery:discover_packages(ignore) using defaults
[0.965s] Level 1:colcon.colcon_core.package_discovery:discover_packages(path) discover
[0.965s] Level 1:colcon.colcon_core.package_discovery:discover_packages(path) using defaults
[1.066s] Level 1:colcon.colcon_core.package_discovery:discover_packages(prefix_path) check parameters
[1.066s] Level 1:colcon.colcon_core.package_discovery:discover_packages(prefix_path) discover
[1.075s] DEBUG:colcon.colcon_installed_package_information.package_discovery:Found 3 installed packages in /home/mateozc/Diplomado/Lab2/install
[1.087s] DEBUG:colcon.colcon_installed_package_information.package_discovery:Found 505 installed packages in /opt/ros/jazzy
[1.097s] Level 1:colcon.colcon_core.package_discovery:discover_packages(prefix_path) using defaults
[1.465s] Level 5:colcon.colcon_core.verb:set package 'dqn_robot_nav' build argument 'cmake_args' from command line to 'None'
[1.465s] Level 5:colcon.colcon_core.verb:set package 'dqn_robot_nav' build argument 'cmake_target' from command line to 'None'
[1.465s] Level 5:colcon.colcon_core.verb:set package 'dqn_robot_nav' build argument 'cmake_target_skip_unavailable' from command line to 'False'
[1.466s] Level 5:colcon.colcon_core.verb:set package 'dqn_robot_nav' build argument 'cmake_clean_cache' from command line to 'False'
[1.466s] Level 5:colcon.colcon_core.verb:set package 'dqn_robot_nav' build argument 'cmake_clean_first' from command line to 'False'
[1.466s] Level 5:colcon.colcon_core.verb:set package 'dqn_robot_nav' build argument 'cmake_force_configure' from command line to 'False'
[1.466s] Level 5:colcon.colcon_core.verb:set package 'dqn_robot_nav' build argument 'ament_cmake_args' from command line to 'None'
[1.466s] Level 5:colcon.colcon_core.verb:set package 'dqn_robot_nav' build argument 'catkin_cmake_args' from command line to 'None'
[1.467s] Level 5:colcon.colcon_core.verb:set package 'dqn_robot_nav' build argument 'catkin_skip_building_tests' from command line to 'False'
[1.467s] DEBUG:colcon.colcon_core.verb:Building package 'dqn_robot_nav' with the following arguments: {'ament_cmake_args': None, 'build_base': '/home/mateozc/Diplomado/Lab2/build/dqn_robot_nav', 'catkin_cmake_args': None, 'catkin_skip_building_tests': False, 'cmake_args': None, 'cmake_clean_cache': False, 'cmake_clean_first': False, 'cmake_force_configure': False, 'cmake_target': None, 'cmake_target_skip_unavailable': False, 'install_base': '/home/mateozc/Diplomado/Lab2/install/dqn_robot_nav', 'merge_install': False, 'path': '/home/mateozc/Diplomado/Lab2/src/dqn_robot_nav', 'symlink_install': False, 'test_result_base': None}
[1.468s] Level 5:colcon.colcon_core.verb:set package 'stage' build argument 'cmake_args' from command line to 'None'
[1.469s] Level 5:colcon.colcon_core.verb:set package 'stage' build argument 'cmake_target' from command line to 'None'
[1.469s] Level 5:colcon.colcon_core.verb:set package 'stage' build argument 'cmake_target_skip_unavailable' from command line to 'False'
[1.469s] Level 5:colcon.colcon_core.verb:set package 'stage' build argument 'cmake_clean_cache' from command line to 'False'
[1.469s] Level 5:colcon.colcon_core.verb:set package 'stage' build argument 'cmake_clean_first' from command line to 'False'
[1.469s] Level 5:colcon.colcon_core.verb:set package 'stage' build argument 'cmake_force_configure' from command line to 'False'
[1.469s] Level 5:colcon.colcon_core.verb:set package 'stage' build argument 'ament_cmake_args' from command line to 'None'
[1.470s] Level 5:colcon.colcon_core.verb:set package 'stage' build argument 'catkin_cmake_args' from command line to 'None'
[1.470s] Level 5:colcon.colcon_core.verb:set package 'stage' build argument 'catkin_skip_building_tests' from command line to 'False'
[1.470s] DEBUG:colcon.colcon_core.verb:Building package 'stage' with the following arguments: {'ament_cmake_args': None, 'build_base': '/home/mateozc/Diplomado/Lab2/build/stage', 'catkin_cmake_args': None, 'catkin_skip_building_tests': False, 'cmake_args': None, 'cmake_clean_cache': False, 'cmake_clean_first': False, 'cmake_force_configure': False, 'cmake_target': None, 'cmake_target_skip_unavailable': False, 'install_base': '/home/mateozc/Diplomado/Lab2/install/stage', 'merge_install': False, 'path': '/home/mateozc/Diplomado/Lab2/src/Stage', 'symlink_install': False, 'test_result_base': None}
[1.471s] Level 5:colcon.colcon_core.verb:set package 'stage_ros2' build argument 'cmake_args' from command line to 'None'
[1.472s] Level 5:colcon.colcon_core.verb:set package 'stage_ros2' build argument 'cmake_target' from command line to 'None'
[1.472s] Level 5:colcon.colcon_core.verb:set package 'stage_ros2' build argument 'cmake_target_skip_unavailable' from command line to 'False'
[1.472s] Level 5:colcon.colcon_core.verb:set package 'stage_ros2' build argument 'cmake_clean_cache' from command line to 'False'
[1.472s] Level 5:colcon.colcon_core.verb:set package 'stage_ros2' build argument 'cmake_clean_first' from command line to 'False'
[1.472s] Level 5:colcon.colcon_core.verb:set package 'stage_ros2' build argument 'cmake_force_configure' from command line to 'False'
[1.472s] Level 5:colcon.colcon_core.verb:set package 'stage_ros2' build argument 'ament_cmake_args' from command line to 'None'
[1.473s] Level 5:colcon.colcon_core.verb:set package 'stage_ros2' build argument 'catkin_cmake_args' from command line to 'None'
[1.473s] Level 5:colcon.colcon_core.verb:set package 'stage_ros2' build argument 'catkin_skip_building_tests' from command line to 'False'
[1.473s] DEBUG:colcon.colcon_core.verb:Building package 'stage_ros2' with the following arguments: {'ament_cmake_args': None, 'build_base': '/home/mateozc/Diplomado/Lab2/build/stage_ros2', 'catkin_cmake_args': None, 'catkin_skip_building_tests': False, 'cmake_args': None, 'cmake_clean_cache': False, 'cmake_clean_first': False, 'cmake_force_configure': False, 'cmake_target': None, 'cmake_target_skip_unavailable': False, 'install_base': '/home/mateozc/Diplomado/Lab2/install/stage_ros2', 'merge_install': False, 'path': '/home/mateozc/Diplomado/Lab2/src/stage_ros2', 'symlink_install': False, 'test_result_base': None}
[1.473s] INFO:colcon.colcon_core.executor:Executing jobs using 'parallel' executor
[1.476s] DEBUG:colcon.colcon_parallel_executor.executor.parallel:run_until_complete
[1.477s] INFO:colcon.colcon_ros.task.catkin.build:Building ROS package in '/home/mateozc/Diplomado/Lab2/src/Stage' with build type 'catkin'
[1.478s] INFO:colcon.colcon_cmake.task.cmake.build:Building CMake package in '/home/mateozc/Diplomado/Lab2/src/Stage'
[1.489s] INFO:colcon.colcon_core.plugin_system:Skipping extension 'colcon_core.shell.bat': Not used on non-Windows systems
[1.490s] INFO:colcon.colcon_core.shell:Skip shell extension 'powershell' for command environment: Not usable outside of PowerShell
[1.490s] DEBUG:colcon.colcon_core.shell:Skip shell extension 'dsv' for command environment
[1.518s] INFO:colcon.colcon_ros.task.ament_python.build:Building ROS package in '/home/mateozc/Diplomado/Lab2/src/dqn_robot_nav' with build type 'ament_python'
[1.519s] Level 1:colcon.colcon_core.shell:create_environment_hook('dqn_robot_nav', 'ament_prefix_path')
[1.520s] INFO:colcon.colcon_core.shell:Creating environment hook '/home/mateozc/Diplomado/Lab2/install/dqn_robot_nav/share/dqn_robot_nav/hook/ament_prefix_path.ps1'
[1.523s] INFO:colcon.colcon_core.shell:Creating environment descriptor '/home/mateozc/Diplomado/Lab2/install/dqn_robot_nav/share/dqn_robot_nav/hook/ament_prefix_path.dsv'
[1.526s] INFO:colcon.colcon_core.shell:Creating environment hook '/home/mateozc/Diplomado/Lab2/install/dqn_robot_nav/share/dqn_robot_nav/hook/ament_prefix_path.sh'
[1.529s] INFO:colcon.colcon_core.shell:Skip shell extension 'powershell' for command environment: Not usable outside of PowerShell
[1.529s] DEBUG:colcon.colcon_core.shell:Skip shell extension 'dsv' for command environment
[1.594s] DEBUG:colcon.colcon_core.event_handler.log_command:Invoking command in '/home/mateozc/Diplomado/Lab2/build/stage': DEBUGINFOD_URLS=https://debuginfod.ubuntu.com /usr/bin/cmake --build /home/mateozc/Diplomado/Lab2/build/stage -- -j4 -l4
[4.157s] INFO:colcon.colcon_core.task.python.build:Building Python package in '/home/mateozc/Diplomado/Lab2/src/dqn_robot_nav'
[4.158s] INFO:colcon.colcon_core.shell:Skip shell extension 'powershell' for command environment: Not usable outside of PowerShell
[4.159s] DEBUG:colcon.colcon_core.shell:Skip shell extension 'dsv' for command environment
[4.196s] DEBUG:colcon.colcon_core.event_handler.log_command:Invoked command in '/home/mateozc/Diplomado/Lab2/build/stage' returned '0': DEBUGINFOD_URLS=https://debuginfod.ubuntu.com /usr/bin/cmake --build /home/mateozc/Diplomado/Lab2/build/stage -- -j4 -l4
[4.275s] DEBUG:colcon.colcon_core.event_handler.log_command:Invoking command in '/home/mateozc/Diplomado/Lab2/build/stage': DEBUGINFOD_URLS=https://debuginfod.ubuntu.com /usr/bin/cmake --install /home/mateozc/Diplomado/Lab2/build/stage
[4.451s] Level 1:colcon.colcon_core.shell:create_environment_hook('stage', 'ros_package_path')
[4.453s] INFO:colcon.colcon_core.shell:Creating environment hook '/home/mateozc/Diplomado/Lab2/install/stage/share/stage/hook/ros_package_path.ps1'
[4.459s] INFO:colcon.colcon_core.shell:Creating environment descriptor '/home/mateozc/Diplomado/Lab2/install/stage/share/stage/hook/ros_package_path.dsv'
[4.465s] INFO:colcon.colcon_core.shell:Creating environment hook '/home/mateozc/Diplomado/Lab2/install/stage/share/stage/hook/ros_package_path.sh'
[4.479s] Level 1:colcon.colcon_core.shell:create_environment_hook('stage', 'pkg_config_path')
[4.483s] INFO:colcon.colcon_core.shell:Creating environment hook '/home/mateozc/Diplomado/Lab2/install/stage/share/stage/hook/pkg_config_path.ps1'
[4.492s] INFO:colcon.colcon_core.shell:Creating environment descriptor '/home/mateozc/Diplomado/Lab2/install/stage/share/stage/hook/pkg_config_path.dsv'
[4.499s] INFO:colcon.colcon_core.shell:Creating environment hook '/home/mateozc/Diplomado/Lab2/install/stage/share/stage/hook/pkg_config_path.sh'
[4.531s] Level 1:colcon.colcon_core.shell:create_environment_hook('stage', 'pkg_config_path_multiarch')
[4.532s] INFO:colcon.colcon_core.shell:Creating environment hook '/home/mateozc/Diplomado/Lab2/install/stage/share/stage/hook/pkg_config_path_multiarch.ps1'
[4.539s] INFO:colcon.colcon_core.shell:Creating environment descriptor '/home/mateozc/Diplomado/Lab2/install/stage/share/stage/hook/pkg_config_path_multiarch.dsv'
[4.545s] INFO:colcon.colcon_core.shell:Creating environment hook '/home/mateozc/Diplomado/Lab2/install/stage/share/stage/hook/pkg_config_path_multiarch.sh'
[4.561s] Level 1:colcon.colcon_core.environment:create_environment_scripts_only(stage)
[4.603s] DEBUG:colcon.colcon_core.event_handler.log_command:Invoked command in '/home/mateozc/Diplomado/Lab2/build/stage' returned '0': DEBUGINFOD_URLS=https://debuginfod.ubuntu.com /usr/bin/cmake --install /home/mateozc/Diplomado/Lab2/build/stage
[4.607s] Level 1:colcon.colcon_core.environment:checking '/home/mateozc/Diplomado/Lab2/install/stage' for CMake module files
[4.612s] Level 1:colcon.colcon_core.environment:checking '/home/mateozc/Diplomado/Lab2/install/stage' for CMake config files
[4.616s] Level 1:colcon.colcon_core.shell:create_environment_hook('stage', 'cmake_prefix_path')
[4.618s] INFO:colcon.colcon_core.shell:Creating environment hook '/home/mateozc/Diplomado/Lab2/install/stage/share/stage/hook/cmake_prefix_path.ps1'
[4.622s] INFO:colcon.colcon_core.shell:Creating environment descriptor '/home/mateozc/Diplomado/Lab2/install/stage/share/stage/hook/cmake_prefix_path.dsv'
[4.626s] INFO:colcon.colcon_core.shell:Creating environment hook '/home/mateozc/Diplomado/Lab2/install/stage/share/stage/hook/cmake_prefix_path.sh'
[4.632s] Level 1:colcon.colcon_core.environment:checking '/home/mateozc/Diplomado/Lab2/install/stage/lib'
[4.634s] Level 1:colcon.colcon_core.shell:create_environment_hook('stage', 'ld_library_path_lib')
[4.703s] INFO:colcon.colcon_core.shell:Creating environment hook '/home/mateozc/Diplomado/Lab2/install/stage/share/stage/hook/ld_library_path_lib.ps1'
[4.714s] INFO:colcon.colcon_core.shell:Creating environment descriptor '/home/mateozc/Diplomado/Lab2/install/stage/share/stage/hook/ld_library_path_lib.dsv'
[4.726s] INFO:colcon.colcon_core.shell:Creating environment hook '/home/mateozc/Diplomado/Lab2/install/stage/share/stage/hook/ld_library_path_lib.sh'
[4.734s] Level 1:colcon.colcon_core.environment:checking '/home/mateozc/Diplomado/Lab2/install/stage/bin'
[4.735s] Level 1:colcon.colcon_core.shell:create_environment_hook('stage', 'path')
[4.738s] INFO:colcon.colcon_core.shell:Creating environment hook '/home/mateozc/Diplomado/Lab2/install/stage/share/stage/hook/path.ps1'
[4.743s] INFO:colcon.colcon_core.shell:Creating environment descriptor '/home/mateozc/Diplomado/Lab2/install/stage/share/stage/hook/path.dsv'
[4.750s] INFO:colcon.colcon_core.shell:Creating environment hook '/home/mateozc/Diplomado/Lab2/install/stage/share/stage/hook/path.sh'
[4.754s] Level 1:colcon.colcon_core.environment:checking '/home/mateozc/Diplomado/Lab2/install/stage/lib/pkgconfig/stage.pc'
[4.754s] Level 1:colcon.colcon_core.shell:create_environment_hook('stage', 'pkg_config')
[4.756s] INFO:colcon.colcon_core.shell:Creating environment hook '/home/mateozc/Diplomado/Lab2/install/stage/share/stage/hook/pkg_config.ps1'
[4.761s] INFO:colcon.colcon_core.shell:Creating environment descriptor '/home/mateozc/Diplomado/Lab2/install/stage/share/stage/hook/pkg_config.dsv'
[4.765s] INFO:colcon.colcon_core.shell:Creating environment hook '/home/mateozc/Diplomado/Lab2/install/stage/share/stage/hook/pkg_config.sh'
[4.771s] Level 1:colcon.colcon_core.environment:checking '/home/mateozc/Diplomado/Lab2/install/stage/lib/python3.12/site-packages'
[4.774s] Level 1:colcon.colcon_core.environment:checking '/home/mateozc/Diplomado/Lab2/install/stage/bin'
[4.775s] Level 1:colcon.colcon_core.shell:create_environment_hook('stage', 'pythonscriptspath')
[4.777s] INFO:colcon.colcon_core.shell:Creating environment hook '/home/mateozc/Diplomado/Lab2/install/stage/share/stage/hook/pythonscriptspath.ps1'
[4.781s] INFO:colcon.colcon_core.shell:Creating environment descriptor '/home/mateozc/Diplomado/Lab2/install/stage/share/stage/hook/pythonscriptspath.dsv'
[4.785s] INFO:colcon.colcon_core.shell:Creating environment hook '/home/mateozc/Diplomado/Lab2/install/stage/share/stage/hook/pythonscriptspath.sh'
[4.792s] INFO:colcon.colcon_core.shell:Creating package script '/home/mateozc/Diplomado/Lab2/install/stage/share/stage/package.ps1'
[4.808s] INFO:colcon.colcon_core.shell:Creating package descriptor '/home/mateozc/Diplomado/Lab2/install/stage/share/stage/package.dsv'
[4.817s] INFO:colcon.colcon_core.shell:Creating package script '/home/mateozc/Diplomado/Lab2/install/stage/share/stage/package.sh'
[4.826s] INFO:colcon.colcon_core.shell:Creating package script '/home/mateozc/Diplomado/Lab2/install/stage/share/stage/package.bash'
[4.833s] INFO:colcon.colcon_core.shell:Creating package script '/home/mateozc/Diplomado/Lab2/install/stage/share/stage/package.zsh'
[4.839s] Level 1:colcon.colcon_core.environment:create_file_with_runtime_dependencies(/home/mateozc/Diplomado/Lab2/install/stage/share/colcon-core/packages/stage)
[4.844s] INFO:colcon.colcon_ros.task.ament_cmake.build:Building ROS package in '/home/mateozc/Diplomado/Lab2/src/stage_ros2' with build type 'ament_cmake'
[4.845s] INFO:colcon.colcon_cmake.task.cmake.build:Building CMake package in '/home/mateozc/Diplomado/Lab2/src/stage_ros2'
[4.846s] INFO:colcon.colcon_core.shell:Skip shell extension 'powershell' for command environment: Not usable outside of PowerShell
[4.849s] DEBUG:colcon.colcon_core.shell:Skip shell extension 'dsv' for command environment
[4.957s] DEBUG:colcon.colcon_core.event_handler.log_command:Invoking command in '/home/mateozc/Diplomado/Lab2/build/stage_ros2': CMAKE_PREFIX_PATH=/home/mateozc/Diplomado/Lab2/install/dqn_robot_nav:/opt/ros/jazzy:/home/mateozc/Diplomado/Lab2/install/stage:/home/mateozc/Diplomado/Lab2/install/stage_ros2:/opt/ros/jazzy/opt/gz_sim_vendor:/opt/ros/jazzy/opt/gz_sensors_vendor:/opt/ros/jazzy/opt/gz_physics_vendor:/opt/ros/jazzy/opt/sdformat_vendor:/opt/ros/jazzy/opt/gz_gui_vendor:/opt/ros/jazzy/opt/gz_transport_vendor:/opt/ros/jazzy/opt/gz_rendering_vendor:/opt/ros/jazzy/opt/gz_plugin_vendor:/opt/ros/jazzy/opt/gz_fuel_tools_vendor:/opt/ros/jazzy/opt/gz_msgs_vendor:/opt/ros/jazzy/opt/gz_common_vendor:/opt/ros/jazzy/opt/gz_math_vendor:/opt/ros/jazzy/opt/gz_utils_vendor:/opt/ros/jazzy/opt/gz_tools_vendor:/opt/ros/jazzy/opt/gz_ogre_next_vendor:/opt/ros/jazzy/opt/gz_dartsim_vendor:/opt/ros/jazzy/opt/gz_cmake_vendor DEBUGINFOD_URLS=https://debuginfod.ubuntu.com LD_LIBRARY_PATH=/home/mateozc/Diplomado/Lab2/install/stage/lib:/home/mateozc/Diplomado/Lab2/install/stage_ros2/lib:/opt/ros/jazzy/opt/gz_sim_vendor/lib:/opt/ros/jazzy/opt/gz_sensors_vendor/lib:/opt/ros/jazzy/opt/gz_physics_vendor/lib:/opt/ros/jazzy/opt/sdformat_vendor/lib:/opt/ros/jazzy/opt/rviz_ogre_vendor/lib:/opt/ros/jazzy/lib/x86_64-linux-gnu:/opt/ros/jazzy/opt/gz_gui_vendor/lib:/opt/ros/jazzy/opt/gz_transport_vendor/lib:/opt/ros/jazzy/opt/gz_rendering_vendor/lib:/opt/ros/jazzy/opt/gz_plugin_vendor/lib:/opt/ros/jazzy/opt/gz_fuel_tools_vendor/lib:/opt/ros/jazzy/opt/gz_msgs_vendor/lib:/opt/ros/jazzy/opt/gz_common_vendor/lib:/opt/ros/jazzy/opt/gz_math_vendor/lib:/opt/ros/jazzy/opt/gz_utils_vendor/lib:/opt/ros/jazzy/opt/gz_tools_vendor/lib:/opt/ros/jazzy/opt/gz_ogre_next_vendor/lib:/opt/ros/jazzy/opt/gz_dartsim_vendor/lib:/opt/ros/jazzy/opt/gz_cmake_vendor/lib:/opt/ros/jazzy/lib /usr/bin/cmake --build /home/mateozc/Diplomado/Lab2/build/stage_ros2 -- -j4 -l4
[6.095s] DEBUG:colcon.colcon_core.event_handler.log_command:Invoked command in '/home/mateozc/Diplomado/Lab2/build/stage_ros2' returned '0': CMAKE_PREFIX_PATH=/home/mateozc/Diplomado/Lab2/install/dqn_robot_nav:/opt/ros/jazzy:/home/mateozc/Diplomado/Lab2/install/stage:/home/mateozc/Diplomado/Lab2/install/stage_ros2:/opt/ros/jazzy/opt/gz_sim_vendor:/opt/ros/jazzy/opt/gz_sensors_vendor:/opt/ros/jazzy/opt/gz_physics_vendor:/opt/ros/jazzy/opt/sdformat_vendor:/opt/ros/jazzy/opt/gz_gui_vendor:/opt/ros/jazzy/opt/gz_transport_vendor:/opt/ros/jazzy/opt/gz_rendering_vendor:/opt/ros/jazzy/opt/gz_plugin_vendor:/opt/ros/jazzy/opt/gz_fuel_tools_vendor:/opt/ros/jazzy/opt/gz_msgs_vendor:/opt/ros/jazzy/opt/gz_common_vendor:/opt/ros/jazzy/opt/gz_math_vendor:/opt/ros/jazzy/opt/gz_utils_vendor:/opt/ros/jazzy/opt/gz_tools_vendor:/opt/ros/jazzy/opt/gz_ogre_next_vendor:/opt/ros/jazzy/opt/gz_dartsim_vendor:/opt/ros/jazzy/opt/gz_cmake_vendor DEBUGINFOD_URLS=https://debuginfod.ubuntu.com LD_LIBRARY_PATH=/home/mateozc/Diplomado/Lab2/install/stage/lib:/home/mateozc/Diplomado/Lab2/install/stage_ros2/lib:/opt/ros/jazzy/opt/gz_sim_vendor/lib:/opt/ros/jazzy/opt/gz_sensors_vendor/lib:/opt/ros/jazzy/opt/gz_physics_vendor/lib:/opt/ros/jazzy/opt/sdformat_vendor/lib:/opt/ros/jazzy/opt/rviz_ogre_vendor/lib:/opt/ros/jazzy/lib/x86_64-linux-gnu:/opt/ros/jazzy/opt/gz_gui_vendor/lib:/opt/ros/jazzy/opt/gz_transport_vendor/lib:/opt/ros/jazzy/opt/gz_rendering_vendor/lib:/opt/ros/jazzy/opt/gz_plugin_vendor/lib:/opt/ros/jazzy/opt/gz_fuel_tools_vendor/lib:/opt/ros/jazzy/opt/gz_msgs_vendor/lib:/opt/ros/jazzy/opt/gz_common_vendor/lib:/opt/ros/jazzy/opt/gz_math_vendor/lib:/opt/ros/jazzy/opt/gz_utils_vendor/lib:/opt/ros/jazzy/opt/gz_tools_vendor/lib:/opt/ros/jazzy/opt/gz_ogre_next_vendor/lib:/opt/ros/jazzy/opt/gz_dartsim_vendor/lib:/opt/ros/jazzy/opt/gz_cmake_vendor/lib:/opt/ros/jazzy/lib /usr/bin/cmake --build /home/mateozc/Diplomado/Lab2/build/stage_ros2 -- -j4 -l4
[6.103s] DEBUG:colcon.colcon_core.event_handler.log_command:Invoking command in '/home/mateozc/Diplomado/Lab2/build/stage_ros2': CMAKE_PREFIX_PATH=/home/mateozc/Diplomado/Lab2/install/dqn_robot_nav:/opt/ros/jazzy:/home/mateozc/Diplomado/Lab2/install/stage:/home/mateozc/Diplomado/Lab2/install/stage_ros2:/opt/ros/jazzy/opt/gz_sim_vendor:/opt/ros/jazzy/opt/gz_sensors_vendor:/opt/ros/jazzy/opt/gz_physics_vendor:/opt/ros/jazzy/opt/sdformat_vendor:/opt/ros/jazzy/opt/gz_gui_vendor:/opt/ros/jazzy/opt/gz_transport_vendor:/opt/ros/jazzy/opt/gz_rendering_vendor:/opt/ros/jazzy/opt/gz_plugin_vendor:/opt/ros/jazzy/opt/gz_fuel_tools_vendor:/opt/ros/jazzy/opt/gz_msgs_vendor:/opt/ros/jazzy/opt/gz_common_vendor:/opt/ros/jazzy/opt/gz_math_vendor:/opt/ros/jazzy/opt/gz_utils_vendor:/opt/ros/jazzy/opt/gz_tools_vendor:/opt/ros/jazzy/opt/gz_ogre_next_vendor:/opt/ros/jazzy/opt/gz_dartsim_vendor:/opt/ros/jazzy/opt/gz_cmake_vendor DEBUGINFOD_URLS=https://debuginfod.ubuntu.com LD_LIBRARY_PATH=/home/mateozc/Diplomado/Lab2/install/stage/lib:/home/mateozc/Diplomado/Lab2/install/stage_ros2/lib:/opt/ros/jazzy/opt/gz_sim_vendor/lib:/opt/ros/jazzy/opt/gz_sensors_vendor/lib:/opt/ros/jazzy/opt/gz_physics_vendor/lib:/opt/ros/jazzy/opt/sdformat_vendor/lib:/opt/ros/jazzy/opt/rviz_ogre_vendor/lib:/opt/ros/jazzy/lib/x86_64-linux-gnu:/opt/ros/jazzy/opt/gz_gui_vendor/lib:/opt/ros/jazzy/opt/gz_transport_vendor/lib:/opt/ros/jazzy/opt/gz_rendering_vendor/lib:/opt/ros/jazzy/opt/gz_plugin_vendor/lib:/opt/ros/jazzy/opt/gz_fuel_tools_vendor/lib:/opt/ros/jazzy/opt/gz_msgs_vendor/lib:/opt/ros/jazzy/opt/gz_common_vendor/lib:/opt/ros/jazzy/opt/gz_math_vendor/lib:/opt/ros/jazzy/opt/gz_utils_vendor/lib:/opt/ros/jazzy/opt/gz_tools_vendor/lib:/opt/ros/jazzy/opt/gz_ogre_next_vendor/lib:/opt/ros/jazzy/opt/gz_dartsim_vendor/lib:/opt/ros/jazzy/opt/gz_cmake_vendor/lib:/opt/ros/jazzy/lib /usr/bin/cmake --install /home/mateozc/Diplomado/Lab2/build/stage_ros2
[6.367s] Level 1:colcon.colcon_core.environment:create_environment_scripts_only(stage_ros2)
[6.369s] Level 1:colcon.colcon_core.environment:checking '/home/mateozc/Diplomado/Lab2/install/stage_ros2' for CMake module files
[6.372s] DEBUG:colcon.colcon_core.event_handler.log_command:Invoked command in '/home/mateozc/Diplomado/Lab2/build/stage_ros2' returned '0': CMAKE_PREFIX_PATH=/home/mateozc/Diplomado/Lab2/install/dqn_robot_nav:/opt/ros/jazzy:/home/mateozc/Diplomado/Lab2/install/stage:/home/mateozc/Diplomado/Lab2/install/stage_ros2:/opt/ros/jazzy/opt/gz_sim_vendor:/opt/ros/jazzy/opt/gz_sensors_vendor:/opt/ros/jazzy/opt/gz_physics_vendor:/opt/ros/jazzy/opt/sdformat_vendor:/opt/ros/jazzy/opt/gz_gui_vendor:/opt/ros/jazzy/opt/gz_transport_vendor:/opt/ros/jazzy/opt/gz_rendering_vendor:/opt/ros/jazzy/opt/gz_plugin_vendor:/opt/ros/jazzy/opt/gz_fuel_tools_vendor:/opt/ros/jazzy/opt/gz_msgs_vendor:/opt/ros/jazzy/opt/gz_common_vendor:/opt/ros/jazzy/opt/gz_math_vendor:/opt/ros/jazzy/opt/gz_utils_vendor:/opt/ros/jazzy/opt/gz_tools_vendor:/opt/ros/jazzy/opt/gz_ogre_next_vendor:/opt/ros/jazzy/opt/gz_dartsim_vendor:/opt/ros/jazzy/opt/gz_cmake_vendor DEBUGINFOD_URLS=https://debuginfod.ubuntu.com LD_LIBRARY_PATH=/home/mateozc/Diplomado/Lab2/install/stage/lib:/home/mateozc/Diplomado/Lab2/install/stage_ros2/lib:/opt/ros/jazzy/opt/gz_sim_vendor/lib:/opt/ros/jazzy/opt/gz_sensors_vendor/lib:/opt/ros/jazzy/opt/gz_physics_vendor/lib:/opt/ros/jazzy/opt/sdformat_vendor/lib:/opt/ros/jazzy/opt/rviz_ogre_vendor/lib:/opt/ros/jazzy/lib/x86_64-linux-gnu:/opt/ros/jazzy/opt/gz_gui_vendor/lib:/opt/ros/jazzy/opt/gz_transport_vendor/lib:/opt/ros/jazzy/opt/gz_rendering_vendor/lib:/opt/ros/jazzy/opt/gz_plugin_vendor/lib:/opt/ros/jazzy/opt/gz_fuel_tools_vendor/lib:/opt/ros/jazzy/opt/gz_msgs_vendor/lib:/opt/ros/jazzy/opt/gz_common_vendor/lib:/opt/ros/jazzy/opt/gz_math_vendor/lib:/opt/ros/jazzy/opt/gz_utils_vendor/lib:/opt/ros/jazzy/opt/gz_tools_vendor/lib:/opt/ros/jazzy/opt/gz_ogre_next_vendor/lib:/opt/ros/jazzy/opt/gz_dartsim_vendor/lib:/opt/ros/jazzy/opt/gz_cmake_vendor/lib:/opt/ros/jazzy/lib /usr/bin/cmake --install /home/mateozc/Diplomado/Lab2/build/stage_ros2
[6.379s] Level 1:colcon.colcon_core.environment:checking '/home/mateozc/Diplomado/Lab2/install/stage_ros2' for CMake config files
[6.384s] Level 1:colcon.colcon_core.shell:create_environment_hook('stage_ros2', 'cmake_prefix_path')
[6.385s] INFO:colcon.colcon_core.shell:Creating environment hook '/home/mateozc/Diplomado/Lab2/install/stage_ros2/share/stage_ros2/hook/cmake_prefix_path.ps1'
[6.388s] INFO:colcon.colcon_core.shell:Creating environment descriptor '/home/mateozc/Diplomado/Lab2/install/stage_ros2/share/stage_ros2/hook/cmake_prefix_path.dsv'
[6.391s] INFO:colcon.colcon_core.shell:Creating environment hook '/home/mateozc/Diplomado/Lab2/install/stage_ros2/share/stage_ros2/hook/cmake_prefix_path.sh'
[6.395s] Level 1:colcon.colcon_core.environment:checking '/home/mateozc/Diplomado/Lab2/install/stage_ros2/lib'
[6.396s] Level 1:colcon.colcon_core.shell:create_environment_hook('stage_ros2', 'ld_library_path_lib')
[6.397s] INFO:colcon.colcon_core.shell:Creating environment hook '/home/mateozc/Diplomado/Lab2/install/stage_ros2/share/stage_ros2/hook/ld_library_path_lib.ps1'
[6.400s] INFO:colcon.colcon_core.shell:Creating environment descriptor '/home/mateozc/Diplomado/Lab2/install/stage_ros2/share/stage_ros2/hook/ld_library_path_lib.dsv'
[6.403s] INFO:colcon.colcon_core.shell:Creating environment hook '/home/mateozc/Diplomado/Lab2/install/stage_ros2/share/stage_ros2/hook/ld_library_path_lib.sh'
[6.406s] Level 1:colcon.colcon_core.environment:checking '/home/mateozc/Diplomado/Lab2/install/stage_ros2/bin'
[6.406s] Level 1:colcon.colcon_core.environment:checking '/home/mateozc/Diplomado/Lab2/install/stage_ros2/lib/pkgconfig/stage_ros2.pc'
[6.408s] Level 1:colcon.colcon_core.environment:checking '/home/mateozc/Diplomado/Lab2/install/stage_ros2/lib/python3.12/site-packages'
[6.410s] Level 1:colcon.colcon_core.environment:checking '/home/mateozc/Diplomado/Lab2/install/stage_ros2/bin'
[6.412s] INFO:colcon.colcon_core.shell:Creating package script '/home/mateozc/Diplomado/Lab2/install/stage_ros2/share/stage_ros2/package.ps1'
[6.417s] INFO:colcon.colcon_core.shell:Creating package descriptor '/home/mateozc/Diplomado/Lab2/install/stage_ros2/share/stage_ros2/package.dsv'
[6.420s] INFO:colcon.colcon_core.shell:Creating package script '/home/mateozc/Diplomado/Lab2/install/stage_ros2/share/stage_ros2/package.sh'
[6.424s] INFO:colcon.colcon_core.shell:Creating package script '/home/mateozc/Diplomado/Lab2/install/stage_ros2/share/stage_ros2/package.bash'
[6.427s] INFO:colcon.colcon_core.shell:Creating package script '/home/mateozc/Diplomado/Lab2/install/stage_ros2/share/stage_ros2/package.zsh'
[6.430s] Level 1:colcon.colcon_core.environment:create_file_with_runtime_dependencies(/home/mateozc/Diplomado/Lab2/install/stage_ros2/share/colcon-core/packages/stage_ros2)
[6.433s] Level 1:colcon.colcon_core.environment:create_environment_scripts_only(stage_ros2)
[6.434s] Level 1:colcon.colcon_core.environment:checking '/home/mateozc/Diplomado/Lab2/install/stage_ros2' for CMake module files
[6.437s] Level 1:colcon.colcon_core.environment:checking '/home/mateozc/Diplomado/Lab2/install/stage_ros2' for CMake config files
[6.441s] Level 1:colcon.colcon_core.shell:create_environment_hook('stage_ros2', 'cmake_prefix_path')
[6.441s] INFO:colcon.colcon_core.shell:Creating environment hook '/home/mateozc/Diplomado/Lab2/install/stage_ros2/share/stage_ros2/hook/cmake_prefix_path.ps1'
[6.444s] INFO:colcon.colcon_core.shell:Creating environment descriptor '/home/mateozc/Diplomado/Lab2/install/stage_ros2/share/stage_ros2/hook/cmake_prefix_path.dsv'
[6.446s] INFO:colcon.colcon_core.shell:Creating environment hook '/home/mateozc/Diplomado/Lab2/install/stage_ros2/share/stage_ros2/hook/cmake_prefix_path.sh'
[6.449s] Level 1:colcon.colcon_core.environment:checking '/home/mateozc/Diplomado/Lab2/install/stage_ros2/lib'
[6.450s] Level 1:colcon.colcon_core.shell:create_environment_hook('stage_ros2', 'ld_library_path_lib')
[6.451s] INFO:colcon.colcon_core.shell:Creating environment hook '/home/mateozc/Diplomado/Lab2/install/stage_ros2/share/stage_ros2/hook/ld_library_path_lib.ps1'
[6.453s] INFO:colcon.colcon_core.shell:Creating environment descriptor '/home/mateozc/Diplomado/Lab2/install/stage_ros2/share/stage_ros2/hook/ld_library_path_lib.dsv'
[6.455s] INFO:colcon.colcon_core.shell:Creating environment hook '/home/mateozc/Diplomado/Lab2/install/stage_ros2/share/stage_ros2/hook/ld_library_path_lib.sh'
[6.458s] Level 1:colcon.colcon_core.environment:checking '/home/mateozc/Diplomado/Lab2/install/stage_ros2/bin'
[6.458s] Level 1:colcon.colcon_core.environment:checking '/home/mateozc/Diplomado/Lab2/install/stage_ros2/lib/pkgconfig/stage_ros2.pc'
[6.459s] Level 1:colcon.colcon_core.environment:checking '/home/mateozc/Diplomado/Lab2/install/stage_ros2/lib/python3.12/site-packages'
[6.461s] Level 1:colcon.colcon_core.environment:checking '/home/mateozc/Diplomado/Lab2/install/stage_ros2/bin'
[6.462s] INFO:colcon.colcon_core.shell:Creating package script '/home/mateozc/Diplomado/Lab2/install/stage_ros2/share/stage_ros2/package.ps1'
[6.467s] INFO:colcon.colcon_core.shell:Creating package descriptor '/home/mateozc/Diplomado/Lab2/install/stage_ros2/share/stage_ros2/package.dsv'
[6.472s] INFO:colcon.colcon_core.shell:Creating package script '/home/mateozc/Diplomado/Lab2/install/stage_ros2/share/stage_ros2/package.sh'
[6.476s] INFO:colcon.colcon_core.shell:Creating package script '/home/mateozc/Diplomado/Lab2/install/stage_ros2/share/stage_ros2/package.bash'
[6.480s] INFO:colcon.colcon_core.shell:Creating package script '/home/mateozc/Diplomado/Lab2/install/stage_ros2/share/stage_ros2/package.zsh'
[6.484s] Level 1:colcon.colcon_core.environment:create_file_with_runtime_dependencies(/home/mateozc/Diplomado/Lab2/install/stage_ros2/share/colcon-core/packages/stage_ros2)
[10.338s] DEBUG:colcon.colcon_core.event_handler.log_command:Invoking command in '/home/mateozc/Diplomado/Lab2/src/dqn_robot_nav': DEBUGINFOD_URLS=https://debuginfod.ubuntu.com PYTHONPATH=/home/mateozc/Diplomado/Lab2/build/dqn_robot_nav/prefix_override:/usr/lib/python3/dist-packages/colcon_core/task/python/colcon_distutils_commands:/home/mateozc/Diplomado/Lab2/install/dqn_robot_nav/lib/python3.12/site-packages:${PYTHONPATH} /usr/bin/python3 -W ignore:setup.py install is deprecated -W ignore:easy_install command is deprecated setup.py egg_info --egg-base ../../build/dqn_robot_nav build --build-base /home/mateozc/Diplomado/Lab2/build/dqn_robot_nav/build install --record /home/mateozc/Diplomado/Lab2/build/dqn_robot_nav/install.log --single-version-externally-managed install_data
[15.771s] Level 1:colcon.colcon_core.environment:checking '/home/mateozc/Diplomado/Lab2/install/dqn_robot_nav' for CMake module files
[15.777s] DEBUG:colcon.colcon_core.event_handler.log_command:Invoked command in '/home/mateozc/Diplomado/Lab2/src/dqn_robot_nav' returned '0': DEBUGINFOD_URLS=https://debuginfod.ubuntu.com PYTHONPATH=/home/mateozc/Diplomado/Lab2/build/dqn_robot_nav/prefix_override:/usr/lib/python3/dist-packages/colcon_core/task/python/colcon_distutils_commands:/home/mateozc/Diplomado/Lab2/install/dqn_robot_nav/lib/python3.12/site-packages:${PYTHONPATH} /usr/bin/python3 -W ignore:setup.py install is deprecated -W ignore:easy_install command is deprecated setup.py egg_info --egg-base ../../build/dqn_robot_nav build --build-base /home/mateozc/Diplomado/Lab2/build/dqn_robot_nav/build install --record /home/mateozc/Diplomado/Lab2/build/dqn_robot_nav/install.log --single-version-externally-managed install_data
[15.793s] Level 1:colcon.colcon_core.environment:checking '/home/mateozc/Diplomado/Lab2/install/dqn_robot_nav' for CMake config files
[15.811s] Level 1:colcon.colcon_core.environment:checking '/home/mateozc/Diplomado/Lab2/install/dqn_robot_nav/lib'
[15.812s] Level 1:colcon.colcon_core.environment:checking '/home/mateozc/Diplomado/Lab2/install/dqn_robot_nav/bin'
[15.813s] Level 1:colcon.colcon_core.environment:checking '/home/mateozc/Diplomado/Lab2/install/dqn_robot_nav/lib/pkgconfig/dqn_robot_nav.pc'
[15.820s] Level 1:colcon.colcon_core.environment:checking '/home/mateozc/Diplomado/Lab2/install/dqn_robot_nav/lib/python3.12/site-packages'
[15.823s] Level 1:colcon.colcon_core.shell:create_environment_hook('dqn_robot_nav', 'pythonpath')
[15.826s] INFO:colcon.colcon_core.shell:Creating environment hook '/home/mateozc/Diplomado/Lab2/install/dqn_robot_nav/share/dqn_robot_nav/hook/pythonpath.ps1'
[15.837s] INFO:colcon.colcon_core.shell:Creating environment descriptor '/home/mateozc/Diplomado/Lab2/install/dqn_robot_nav/share/dqn_robot_nav/hook/pythonpath.dsv'
[15.843s] INFO:colcon.colcon_core.shell:Creating environment hook '/home/mateozc/Diplomado/Lab2/install/dqn_robot_nav/share/dqn_robot_nav/hook/pythonpath.sh'
[15.857s] Level 1:colcon.colcon_core.environment:checking '/home/mateozc/Diplomado/Lab2/install/dqn_robot_nav/bin'
[15.857s] Level 1:colcon.colcon_core.environment:create_environment_scripts_only(dqn_robot_nav)
[15.864s] INFO:colcon.colcon_core.shell:Creating package script '/home/mateozc/Diplomado/Lab2/install/dqn_robot_nav/share/dqn_robot_nav/package.ps1'
[15.877s] INFO:colcon.colcon_core.shell:Creating package descriptor '/home/mateozc/Diplomado/Lab2/install/dqn_robot_nav/share/dqn_robot_nav/package.dsv'
[15.892s] INFO:colcon.colcon_core.shell:Creating package script '/home/mateozc/Diplomado/Lab2/install/dqn_robot_nav/share/dqn_robot_nav/package.sh'
[15.901s] INFO:colcon.colcon_core.shell:Creating package script '/home/mateozc/Diplomado/Lab2/install/dqn_robot_nav/share/dqn_robot_nav/package.bash'
[15.908s] INFO:colcon.colcon_core.shell:Creating package script '/home/mateozc/Diplomado/Lab2/install/dqn_robot_nav/share/dqn_robot_nav/package.zsh'
[15.914s] Level 1:colcon.colcon_core.environment:create_file_with_runtime_dependencies(/home/mateozc/Diplomado/Lab2/install/dqn_robot_nav/share/colcon-core/packages/dqn_robot_nav)
[15.919s] DEBUG:colcon.colcon_parallel_executor.executor.parallel:closing loop
[15.920s] DEBUG:colcon.colcon_parallel_executor.executor.parallel:loop closed
[15.920s] DEBUG:colcon.colcon_parallel_executor.executor.parallel:run_until_complete finished with '0'
[15.920s] DEBUG:colcon.colcon_core.event_reactor:joining thread
[15.974s] INFO:colcon.colcon_core.plugin_system:Skipping extension 'colcon_notification.desktop_notification.terminal_notifier': Not used on non-Darwin systems
[15.975s] INFO:colcon.colcon_core.plugin_system:Skipping extension 'colcon_notification.desktop_notification.win32': Not used on non-Windows systems
[15.976s] INFO:colcon.colcon_notification.desktop_notification:Sending desktop notification using 'notify2'
[16.225s] DEBUG:colcon.colcon_core.event_reactor:joined thread
[16.243s] INFO:colcon.colcon_core.shell:Creating prefix script '/home/mateozc/Diplomado/Lab2/install/local_setup.ps1'
[16.328s] INFO:colcon.colcon_core.shell:Creating prefix util module '/home/mateozc/Diplomado/Lab2/install/_local_setup_util_ps1.py'
[16.561s] INFO:colcon.colcon_core.shell:Creating prefix chain script '/home/mateozc/Diplomado/Lab2/install/setup.ps1'
[16.575s] INFO:colcon.colcon_core.shell:Creating prefix script '/home/mateozc/Diplomado/Lab2/install/local_setup.sh'
[16.584s] INFO:colcon.colcon_core.shell:Creating prefix util module '/home/mateozc/Diplomado/Lab2/install/_local_setup_util_sh.py'
[16.592s] INFO:colcon.colcon_core.shell:Creating prefix chain script '/home/mateozc/Diplomado/Lab2/install/setup.sh'
[16.611s] INFO:colcon.colcon_core.shell:Creating prefix script '/home/mateozc/Diplomado/Lab2/install/local_setup.bash'
[16.619s] INFO:colcon.colcon_core.shell:Creating prefix chain script '/home/mateozc/Diplomado/Lab2/install/setup.bash'
[16.632s] INFO:colcon.colcon_core.shell:Creating prefix script '/home/mateozc/Diplomado/Lab2/install/local_setup.zsh'
[16.637s] INFO:colcon.colcon_core.shell:Creating prefix chain script '/home/mateozc/Diplomado/Lab2/install/setup.zsh'
