running egg_info
writing ../../build/dqn_robot_nav/dqn_robot_nav.egg-info/PKG-INFO
writing dependency_links to ../../build/dqn_robot_nav/dqn_robot_nav.egg-info/dependency_links.txt
writing entry points to ../../build/dqn_robot_nav/dqn_robot_nav.egg-info/entry_points.txt
writing requirements to ../../build/dqn_robot_nav/dqn_robot_nav.egg-info/requires.txt
writing top-level names to ../../build/dqn_robot_nav/dqn_robot_nav.egg-info/top_level.txt
reading manifest file '../../build/dqn_robot_nav/dqn_robot_nav.egg-info/SOURCES.txt'
writing manifest file '../../build/dqn_robot_nav/dqn_robot_nav.egg-info/SOURCES.txt'
running build
running build_py
copying dqn_robot_nav/train_node_1.py -> /home/mateozc/Diplomado/Lab2/build/dqn_robot_nav/build/lib/dqn_robot_nav
copying dqn_robot_nav/train_node.py -> /home/mateozc/Diplomado/Lab2/build/dqn_robot_nav/build/lib/dqn_robot_nav
running install
running install_lib
copying /home/mateozc/Diplomado/Lab2/build/dqn_robot_nav/build/lib/dqn_robot_nav/train_node_1.py -> /home/mateozc/Diplomado/Lab2/install/dqn_robot_nav/lib/python3.12/site-packages/dqn_robot_nav
copying /home/mateozc/Diplomado/Lab2/build/dqn_robot_nav/build/lib/dqn_robot_nav/train_node.py -> /home/mateozc/Diplomado/Lab2/install/dqn_robot_nav/lib/python3.12/site-packages/dqn_robot_nav
byte-compiling /home/mateozc/Diplomado/Lab2/install/dqn_robot_nav/lib/python3.12/site-packages/dqn_robot_nav/train_node_1.py to train_node_1.cpython-312.pyc
byte-compiling /home/mateozc/Diplomado/Lab2/install/dqn_robot_nav/lib/python3.12/site-packages/dqn_robot_nav/train_node.py to train_node.cpython-312.pyc
running install_data
running install_egg_info
removing '/home/mateozc/Diplomado/Lab2/install/dqn_robot_nav/lib/python3.12/site-packages/dqn_robot_nav-0.0.0-py3.12.egg-info' (and everything under it)
Copying ../../build/dqn_robot_nav/dqn_robot_nav.egg-info to /home/mateozc/Diplomado/Lab2/install/dqn_robot_nav/lib/python3.12/site-packages/dqn_robot_nav-0.0.0-py3.12.egg-info
running install_scripts
Installing reset_stage script to /home/mateozc/Diplomado/Lab2/install/dqn_robot_nav/lib/dqn_robot_nav
Installing test_node script to /home/mateozc/Diplomado/Lab2/install/dqn_robot_nav/lib/dqn_robot_nav
Installing train_node script to /home/mateozc/Diplomado/Lab2/install/dqn_robot_nav/lib/dqn_robot_nav
writing list of installed files to '/home/mateozc/Diplomado/Lab2/build/dqn_robot_nav/install.log'
