[11.293s] Invoking command in '/home/mateozc/Diplomado/Lab2/src/dqn_robot_nav': DEBUGINFOD_URLS=https://debuginfod.ubuntu.com PYTHONPATH=/home/mateozc/Diplomado/Lab2/build/dqn_robot_nav/prefix_override:/usr/lib/python3/dist-packages/colcon_core/task/python/colcon_distutils_commands:/home/mateozc/Diplomado/Lab2/install/dqn_robot_nav/lib/python3.12/site-packages:${PYTHONPATH} /usr/bin/python3 -W ignore:setup.py install is deprecated -W ignore:easy_install command is deprecated setup.py egg_info --egg-base ../../build/dqn_robot_nav build --build-base /home/mateozc/Diplomado/Lab2/build/dqn_robot_nav/build install --record /home/mateozc/Diplomado/Lab2/build/dqn_robot_nav/install.log --single-version-externally-managed install_data
[13.787s] running egg_info
[13.976s] writing ../../build/dqn_robot_nav/dqn_robot_nav.egg-info/PKG-INFO
[13.980s] writing dependency_links to ../../build/dqn_robot_nav/dqn_robot_nav.egg-info/dependency_links.txt
[13.982s] writing entry points to ../../build/dqn_robot_nav/dqn_robot_nav.egg-info/entry_points.txt
[13.983s] writing requirements to ../../build/dqn_robot_nav/dqn_robot_nav.egg-info/requires.txt
[13.984s] writing top-level names to ../../build/dqn_robot_nav/dqn_robot_nav.egg-info/top_level.txt
[14.360s] reading manifest file '../../build/dqn_robot_nav/dqn_robot_nav.egg-info/SOURCES.txt'
[14.371s] writing manifest file '../../build/dqn_robot_nav/dqn_robot_nav.egg-info/SOURCES.txt'
[14.372s] running build
[14.374s] running build_py
[14.375s] copying dqn_robot_nav/train_node_1.py -> /home/mateozc/Diplomado/Lab2/build/dqn_robot_nav/build/lib/dqn_robot_nav
[14.377s] copying dqn_robot_nav/train_node.py -> /home/mateozc/Diplomado/Lab2/build/dqn_robot_nav/build/lib/dqn_robot_nav
[14.382s] running install
[14.424s] running install_lib
[14.622s] copying /home/mateozc/Diplomado/Lab2/build/dqn_robot_nav/build/lib/dqn_robot_nav/train_node_1.py -> /home/mateozc/Diplomado/Lab2/install/dqn_robot_nav/lib/python3.12/site-packages/dqn_robot_nav
[14.623s] copying /home/mateozc/Diplomado/Lab2/build/dqn_robot_nav/build/lib/dqn_robot_nav/train_node.py -> /home/mateozc/Diplomado/Lab2/install/dqn_robot_nav/lib/python3.12/site-packages/dqn_robot_nav
[14.630s] byte-compiling /home/mateozc/Diplomado/Lab2/install/dqn_robot_nav/lib/python3.12/site-packages/dqn_robot_nav/train_node_1.py to train_node_1.cpython-312.pyc
[14.637s] byte-compiling /home/mateozc/Diplomado/Lab2/install/dqn_robot_nav/lib/python3.12/site-packages/dqn_robot_nav/train_node.py to train_node.cpython-312.pyc
[14.643s] running install_data
[14.645s] running install_egg_info
[14.923s] removing '/home/mateozc/Diplomado/Lab2/install/dqn_robot_nav/lib/python3.12/site-packages/dqn_robot_nav-0.0.0-py3.12.egg-info' (and everything under it)
[14.925s] Copying ../../build/dqn_robot_nav/dqn_robot_nav.egg-info to /home/mateozc/Diplomado/Lab2/install/dqn_robot_nav/lib/python3.12/site-packages/dqn_robot_nav-0.0.0-py3.12.egg-info
[14.934s] running install_scripts
[16.255s] Installing reset_stage script to /home/mateozc/Diplomado/Lab2/install/dqn_robot_nav/lib/dqn_robot_nav
[16.256s] Installing test_node script to /home/mateozc/Diplomado/Lab2/install/dqn_robot_nav/lib/dqn_robot_nav
[16.258s] Installing train_node script to /home/mateozc/Diplomado/Lab2/install/dqn_robot_nav/lib/dqn_robot_nav
[16.260s] writing list of installed files to '/home/mateozc/Diplomado/Lab2/build/dqn_robot_nav/install.log'
[16.439s] Invoked command in '/home/mateozc/Diplomado/Lab2/src/dqn_robot_nav' returned '0': DEBUGINFOD_URLS=https://debuginfod.ubuntu.com PYTHONPATH=/home/mateozc/Diplomado/Lab2/build/dqn_robot_nav/prefix_override:/usr/lib/python3/dist-packages/colcon_core/task/python/colcon_distutils_commands:/home/mateozc/Diplomado/Lab2/install/dqn_robot_nav/lib/python3.12/site-packages:${PYTHONPATH} /usr/bin/python3 -W ignore:setup.py install is deprecated -W ignore:easy_install command is deprecated setup.py egg_info --egg-base ../../build/dqn_robot_nav build --build-base /home/mateozc/Diplomado/Lab2/build/dqn_robot_nav/build install --record /home/mateozc/Diplomado/Lab2/build/dqn_robot_nav/install.log --single-version-externally-managed install_data
