[0.805s] DEBUG:colcon:Command line arguments: ['/usr/bin/colcon', 'build']
[0.806s] DEBUG:colcon:Parsed command line arguments: Namespace(log_base=None, log_level=None, verb_name='build', build_base='build', install_base='install', merge_install=False, symlink_install=False, test_result_base=None, continue_on_error=False, executor='parallel', parallel_workers=4, event_handlers=None, ignore_user_meta=False, metas=['./colcon.meta'], base_paths=['.'], packages_ignore=None, packages_ignore_regex=None, paths=None, packages_up_to=None, packages_up_to_regex=None, packages_above=None, packages_above_and_dependencies=None, packages_above_depth=None, packages_select_by_dep=None, packages_skip_by_dep=None, packages_skip_up_to=None, packages_select_build_failed=False, packages_skip_build_finished=False, packages_select_test_failures=False, packages_skip_test_passed=False, packages_select=None, packages_skip=None, packages_select_regex=None, packages_skip_regex=None, packages_start=None, packages_end=None, allow_overriding=[], cmake_args=None, cmake_target=None, cmake_target_skip_unavailable=False, cmake_clean_cache=False, cmake_clean_first=False, cmake_force_configure=False, ament_cmake_args=None, catkin_cmake_args=None, catkin_skip_building_tests=False, mixin_files=None, mixin=None, verb_parser=<colcon_mixin.mixin.mixin_argument.MixinArgumentDecorator object at 0x7f0c11672510>, verb_extension=<colcon_core.verb.build.BuildVerb object at 0x7f0c11671dc0>, main=<bound method BuildVerb.main of <colcon_core.verb.build.BuildVerb object at 0x7f0c11671dc0>>, mixin_verb=('build',))
[1.063s] Level 1:colcon.colcon_core.package_discovery:discover_packages(colcon_meta) check parameters
[1.064s] Level 1:colcon.colcon_core.package_discovery:discover_packages(recursive) check parameters
[1.064s] Level 1:colcon.colcon_core.package_discovery:discover_packages(ignore) check parameters
[1.064s] Level 1:colcon.colcon_core.package_discovery:discover_packages(path) check parameters
[1.064s] Level 1:colcon.colcon_core.package_discovery:discover_packages(colcon_meta) discover
[1.065s] Level 1:colcon.colcon_core.package_discovery:discover_packages(recursive) discover
[1.065s] INFO:colcon.colcon_core.package_discovery:Crawling recursively for packages in '/home/mateozc/Diplomado/Lab2'
[1.066s] Level 1:colcon.colcon_core.package_identification:_identify(.) by extensions ['ignore', 'ignore_ament_install']
[1.066s] Level 1:colcon.colcon_core.package_identification:_identify(.) by extension 'ignore'
[1.067s] Level 1:colcon.colcon_core.package_identification:_identify(.) by extension 'ignore_ament_install'
[1.067s] Level 1:colcon.colcon_core.package_identification:_identify(.) by extensions ['colcon_pkg']
[1.067s] Level 1:colcon.colcon_core.package_identification:_identify(.) by extension 'colcon_pkg'
[1.068s] Level 1:colcon.colcon_core.package_identification:_identify(.) by extensions ['colcon_meta']
[1.068s] Level 1:colcon.colcon_core.package_identification:_identify(.) by extension 'colcon_meta'
[1.068s] Level 1:colcon.colcon_core.package_identification:_identify(.) by extensions ['ros']
[1.068s] Level 1:colcon.colcon_core.package_identification:_identify(.) by extension 'ros'
[1.231s] Level 1:colcon.colcon_core.package_identification:_identify(.) by extensions ['cmake', 'python']
[1.232s] Level 1:colcon.colcon_core.package_identification:_identify(.) by extension 'cmake'
[1.232s] Level 1:colcon.colcon_core.package_identification:_identify(.) by extension 'python'
[1.232s] Level 1:colcon.colcon_core.package_identification:_identify(.) by extensions ['python_setup_py']
[1.233s] Level 1:colcon.colcon_core.package_identification:_identify(.) by extension 'python_setup_py'
[1.233s] Level 1:colcon.colcon_core.package_identification:_identify(build) by extensions ['ignore', 'ignore_ament_install']
[1.234s] Level 1:colcon.colcon_core.package_identification:_identify(build) by extension 'ignore'
[1.234s] Level 1:colcon.colcon_core.package_identification:_identify(build) ignored
[1.235s] Level 1:colcon.colcon_core.package_identification:_identify(install) by extensions ['ignore', 'ignore_ament_install']
[1.235s] Level 1:colcon.colcon_core.package_identification:_identify(install) by extension 'ignore'
[1.236s] Level 1:colcon.colcon_core.package_identification:_identify(install) ignored
[1.236s] Level 1:colcon.colcon_core.package_identification:_identify(log) by extensions ['ignore', 'ignore_ament_install']
[1.237s] Level 1:colcon.colcon_core.package_identification:_identify(log) by extension 'ignore'
[1.237s] Level 1:colcon.colcon_core.package_identification:_identify(log) ignored
[1.238s] Level 1:colcon.colcon_core.package_identification:_identify(saved_models) by extensions ['ignore', 'ignore_ament_install']
[1.238s] Level 1:colcon.colcon_core.package_identification:_identify(saved_models) by extension 'ignore'
[1.239s] Level 1:colcon.colcon_core.package_identification:_identify(saved_models) by extension 'ignore_ament_install'
[1.239s] Level 1:colcon.colcon_core.package_identification:_identify(saved_models) by extensions ['colcon_pkg']
[1.239s] Level 1:colcon.colcon_core.package_identification:_identify(saved_models) by extension 'colcon_pkg'
[1.239s] Level 1:colcon.colcon_core.package_identification:_identify(saved_models) by extensions ['colcon_meta']
[1.240s] Level 1:colcon.colcon_core.package_identification:_identify(saved_models) by extension 'colcon_meta'
[1.240s] Level 1:colcon.colcon_core.package_identification:_identify(saved_models) by extensions ['ros']
[1.240s] Level 1:colcon.colcon_core.package_identification:_identify(saved_models) by extension 'ros'
[1.241s] Level 1:colcon.colcon_core.package_identification:_identify(saved_models) by extensions ['cmake', 'python']
[1.241s] Level 1:colcon.colcon_core.package_identification:_identify(saved_models) by extension 'cmake'
[1.241s] Level 1:colcon.colcon_core.package_identification:_identify(saved_models) by extension 'python'
[1.241s] Level 1:colcon.colcon_core.package_identification:_identify(saved_models) by extensions ['python_setup_py']
[1.241s] Level 1:colcon.colcon_core.package_identification:_identify(saved_models) by extension 'python_setup_py'
[1.242s] Level 1:colcon.colcon_core.package_identification:_identify(src) by extensions ['ignore', 'ignore_ament_install']
[1.242s] Level 1:colcon.colcon_core.package_identification:_identify(src) by extension 'ignore'
[1.243s] Level 1:colcon.colcon_core.package_identification:_identify(src) by extension 'ignore_ament_install'
[1.243s] Level 1:colcon.colcon_core.package_identification:_identify(src) by extensions ['colcon_pkg']
[1.243s] Level 1:colcon.colcon_core.package_identification:_identify(src) by extension 'colcon_pkg'
[1.244s] Level 1:colcon.colcon_core.package_identification:_identify(src) by extensions ['colcon_meta']
[1.244s] Level 1:colcon.colcon_core.package_identification:_identify(src) by extension 'colcon_meta'
[1.244s] Level 1:colcon.colcon_core.package_identification:_identify(src) by extensions ['ros']
[1.244s] Level 1:colcon.colcon_core.package_identification:_identify(src) by extension 'ros'
[1.245s] Level 1:colcon.colcon_core.package_identification:_identify(src) by extensions ['cmake', 'python']
[1.245s] Level 1:colcon.colcon_core.package_identification:_identify(src) by extension 'cmake'
[1.245s] Level 1:colcon.colcon_core.package_identification:_identify(src) by extension 'python'
[1.245s] Level 1:colcon.colcon_core.package_identification:_identify(src) by extensions ['python_setup_py']
[1.246s] Level 1:colcon.colcon_core.package_identification:_identify(src) by extension 'python_setup_py'
[1.246s] Level 1:colcon.colcon_core.package_identification:_identify(src/Stage) by extensions ['ignore', 'ignore_ament_install']
[1.247s] Level 1:colcon.colcon_core.package_identification:_identify(src/Stage) by extension 'ignore'
[1.247s] Level 1:colcon.colcon_core.package_identification:_identify(src/Stage) by extension 'ignore_ament_install'
[1.248s] Level 1:colcon.colcon_core.package_identification:_identify(src/Stage) by extensions ['colcon_pkg']
[1.248s] Level 1:colcon.colcon_core.package_identification:_identify(src/Stage) by extension 'colcon_pkg'
[1.248s] Level 1:colcon.colcon_core.package_identification:_identify(src/Stage) by extensions ['colcon_meta']
[1.248s] Level 1:colcon.colcon_core.package_identification:_identify(src/Stage) by extension 'colcon_meta'
[1.249s] Level 1:colcon.colcon_core.package_identification:_identify(src/Stage) by extensions ['ros']
[1.249s] Level 1:colcon.colcon_core.package_identification:_identify(src/Stage) by extension 'ros'
[1.263s] DEBUG:colcon.colcon_core.package_identification:Package 'src/Stage' with type 'ros.catkin' and name 'stage'
[1.263s] Level 1:colcon.colcon_core.package_identification:_identify(src/dqn_robot_nav) by extensions ['ignore', 'ignore_ament_install']
[1.264s] Level 1:colcon.colcon_core.package_identification:_identify(src/dqn_robot_nav) by extension 'ignore'
[1.264s] Level 1:colcon.colcon_core.package_identification:_identify(src/dqn_robot_nav) by extension 'ignore_ament_install'
[1.265s] Level 1:colcon.colcon_core.package_identification:_identify(src/dqn_robot_nav) by extensions ['colcon_pkg']
[1.265s] Level 1:colcon.colcon_core.package_identification:_identify(src/dqn_robot_nav) by extension 'colcon_pkg'
[1.265s] Level 1:colcon.colcon_core.package_identification:_identify(src/dqn_robot_nav) by extensions ['colcon_meta']
[1.265s] Level 1:colcon.colcon_core.package_identification:_identify(src/dqn_robot_nav) by extension 'colcon_meta'
[1.266s] Level 1:colcon.colcon_core.package_identification:_identify(src/dqn_robot_nav) by extensions ['ros']
[1.266s] Level 1:colcon.colcon_core.package_identification:_identify(src/dqn_robot_nav) by extension 'ros'
[1.270s] DEBUG:colcon.colcon_core.package_identification:Package 'src/dqn_robot_nav' with type 'ros.ament_python' and name 'dqn_robot_nav'
[1.271s] Level 1:colcon.colcon_core.package_identification:_identify(src/stage_ros2) by extensions ['ignore', 'ignore_ament_install']
[1.271s] Level 1:colcon.colcon_core.package_identification:_identify(src/stage_ros2) by extension 'ignore'
[1.272s] Level 1:colcon.colcon_core.package_identification:_identify(src/stage_ros2) by extension 'ignore_ament_install'
[1.272s] Level 1:colcon.colcon_core.package_identification:_identify(src/stage_ros2) by extensions ['colcon_pkg']
[1.272s] Level 1:colcon.colcon_core.package_identification:_identify(src/stage_ros2) by extension 'colcon_pkg'
[1.273s] Level 1:colcon.colcon_core.package_identification:_identify(src/stage_ros2) by extensions ['colcon_meta']
[1.273s] Level 1:colcon.colcon_core.package_identification:_identify(src/stage_ros2) by extension 'colcon_meta'
[1.273s] Level 1:colcon.colcon_core.package_identification:_identify(src/stage_ros2) by extensions ['ros']
[1.273s] Level 1:colcon.colcon_core.package_identification:_identify(src/stage_ros2) by extension 'ros'
[1.280s] DEBUG:colcon.colcon_core.package_identification:Package 'src/stage_ros2' with type 'ros.ament_cmake' and name 'stage_ros2'
[1.280s] Level 1:colcon.colcon_core.package_discovery:discover_packages(recursive) using defaults
[1.280s] Level 1:colcon.colcon_core.package_discovery:discover_packages(ignore) discover
[1.281s] Level 1:colcon.colcon_core.package_discovery:discover_packages(ignore) using defaults
[1.281s] Level 1:colcon.colcon_core.package_discovery:discover_packages(path) discover
[1.281s] Level 1:colcon.colcon_core.package_discovery:discover_packages(path) using defaults
[1.397s] Level 1:colcon.colcon_core.package_discovery:discover_packages(prefix_path) check parameters
[1.397s] Level 1:colcon.colcon_core.package_discovery:discover_packages(prefix_path) discover
[1.417s] DEBUG:colcon.colcon_installed_package_information.package_discovery:Found 3 installed packages in /home/mateozc/Diplomado/Lab2/install
[1.435s] DEBUG:colcon.colcon_installed_package_information.package_discovery:Found 505 installed packages in /opt/ros/jazzy
[1.445s] Level 1:colcon.colcon_core.package_discovery:discover_packages(prefix_path) using defaults
[1.930s] Level 5:colcon.colcon_core.verb:set package 'dqn_robot_nav' build argument 'cmake_args' from command line to 'None'
[1.930s] Level 5:colcon.colcon_core.verb:set package 'dqn_robot_nav' build argument 'cmake_target' from command line to 'None'
[1.930s] Level 5:colcon.colcon_core.verb:set package 'dqn_robot_nav' build argument 'cmake_target_skip_unavailable' from command line to 'False'
[1.930s] Level 5:colcon.colcon_core.verb:set package 'dqn_robot_nav' build argument 'cmake_clean_cache' from command line to 'False'
[1.931s] Level 5:colcon.colcon_core.verb:set package 'dqn_robot_nav' build argument 'cmake_clean_first' from command line to 'False'
[1.931s] Level 5:colcon.colcon_core.verb:set package 'dqn_robot_nav' build argument 'cmake_force_configure' from command line to 'False'
[1.931s] Level 5:colcon.colcon_core.verb:set package 'dqn_robot_nav' build argument 'ament_cmake_args' from command line to 'None'
[1.931s] Level 5:colcon.colcon_core.verb:set package 'dqn_robot_nav' build argument 'catkin_cmake_args' from command line to 'None'
[1.931s] Level 5:colcon.colcon_core.verb:set package 'dqn_robot_nav' build argument 'catkin_skip_building_tests' from command line to 'False'
[1.931s] DEBUG:colcon.colcon_core.verb:Building package 'dqn_robot_nav' with the following arguments: {'ament_cmake_args': None, 'build_base': '/home/mateozc/Diplomado/Lab2/build/dqn_robot_nav', 'catkin_cmake_args': None, 'catkin_skip_building_tests': False, 'cmake_args': None, 'cmake_clean_cache': False, 'cmake_clean_first': False, 'cmake_force_configure': False, 'cmake_target': None, 'cmake_target_skip_unavailable': False, 'install_base': '/home/mateozc/Diplomado/Lab2/install/dqn_robot_nav', 'merge_install': False, 'path': '/home/mateozc/Diplomado/Lab2/src/dqn_robot_nav', 'symlink_install': False, 'test_result_base': None}
[1.933s] Level 5:colcon.colcon_core.verb:set package 'stage' build argument 'cmake_args' from command line to 'None'
[1.933s] Level 5:colcon.colcon_core.verb:set package 'stage' build argument 'cmake_target' from command line to 'None'
[1.934s] Level 5:colcon.colcon_core.verb:set package 'stage' build argument 'cmake_target_skip_unavailable' from command line to 'False'
[1.934s] Level 5:colcon.colcon_core.verb:set package 'stage' build argument 'cmake_clean_cache' from command line to 'False'
[1.934s] Level 5:colcon.colcon_core.verb:set package 'stage' build argument 'cmake_clean_first' from command line to 'False'
[1.934s] Level 5:colcon.colcon_core.verb:set package 'stage' build argument 'cmake_force_configure' from command line to 'False'
[1.934s] Level 5:colcon.colcon_core.verb:set package 'stage' build argument 'ament_cmake_args' from command line to 'None'
[1.934s] Level 5:colcon.colcon_core.verb:set package 'stage' build argument 'catkin_cmake_args' from command line to 'None'
[1.934s] Level 5:colcon.colcon_core.verb:set package 'stage' build argument 'catkin_skip_building_tests' from command line to 'False'
[1.935s] DEBUG:colcon.colcon_core.verb:Building package 'stage' with the following arguments: {'ament_cmake_args': None, 'build_base': '/home/mateozc/Diplomado/Lab2/build/stage', 'catkin_cmake_args': None, 'catkin_skip_building_tests': False, 'cmake_args': None, 'cmake_clean_cache': False, 'cmake_clean_first': False, 'cmake_force_configure': False, 'cmake_target': None, 'cmake_target_skip_unavailable': False, 'install_base': '/home/mateozc/Diplomado/Lab2/install/stage', 'merge_install': False, 'path': '/home/mateozc/Diplomado/Lab2/src/Stage', 'symlink_install': False, 'test_result_base': None}
[1.936s] Level 5:colcon.colcon_core.verb:set package 'stage_ros2' build argument 'cmake_args' from command line to 'None'
[1.936s] Level 5:colcon.colcon_core.verb:set package 'stage_ros2' build argument 'cmake_target' from command line to 'None'
[1.936s] Level 5:colcon.colcon_core.verb:set package 'stage_ros2' build argument 'cmake_target_skip_unavailable' from command line to 'False'
[1.937s] Level 5:colcon.colcon_core.verb:set package 'stage_ros2' build argument 'cmake_clean_cache' from command line to 'False'
[1.937s] Level 5:colcon.colcon_core.verb:set package 'stage_ros2' build argument 'cmake_clean_first' from command line to 'False'
[1.937s] Level 5:colcon.colcon_core.verb:set package 'stage_ros2' build argument 'cmake_force_configure' from command line to 'False'
[1.937s] Level 5:colcon.colcon_core.verb:set package 'stage_ros2' build argument 'ament_cmake_args' from command line to 'None'
[1.937s] Level 5:colcon.colcon_core.verb:set package 'stage_ros2' build argument 'catkin_cmake_args' from command line to 'None'
[1.937s] Level 5:colcon.colcon_core.verb:set package 'stage_ros2' build argument 'catkin_skip_building_tests' from command line to 'False'
[1.938s] DEBUG:colcon.colcon_core.verb:Building package 'stage_ros2' with the following arguments: {'ament_cmake_args': None, 'build_base': '/home/mateozc/Diplomado/Lab2/build/stage_ros2', 'catkin_cmake_args': None, 'catkin_skip_building_tests': False, 'cmake_args': None, 'cmake_clean_cache': False, 'cmake_clean_first': False, 'cmake_force_configure': False, 'cmake_target': None, 'cmake_target_skip_unavailable': False, 'install_base': '/home/mateozc/Diplomado/Lab2/install/stage_ros2', 'merge_install': False, 'path': '/home/mateozc/Diplomado/Lab2/src/stage_ros2', 'symlink_install': False, 'test_result_base': None}
[1.938s] INFO:colcon.colcon_core.executor:Executing jobs using 'parallel' executor
[1.942s] DEBUG:colcon.colcon_parallel_executor.executor.parallel:run_until_complete
[1.943s] INFO:colcon.colcon_ros.task.catkin.build:Building ROS package in '/home/mateozc/Diplomado/Lab2/src/Stage' with build type 'catkin'
[1.944s] INFO:colcon.colcon_cmake.task.cmake.build:Building CMake package in '/home/mateozc/Diplomado/Lab2/src/Stage'
[1.965s] INFO:colcon.colcon_core.plugin_system:Skipping extension 'colcon_core.shell.bat': Not used on non-Windows systems
[1.966s] INFO:colcon.colcon_core.shell:Skip shell extension 'powershell' for command environment: Not usable outside of PowerShell
[1.966s] DEBUG:colcon.colcon_core.shell:Skip shell extension 'dsv' for command environment
[2.009s] INFO:colcon.colcon_ros.task.ament_python.build:Building ROS package in '/home/mateozc/Diplomado/Lab2/src/dqn_robot_nav' with build type 'ament_python'
[2.010s] Level 1:colcon.colcon_core.shell:create_environment_hook('dqn_robot_nav', 'ament_prefix_path')
[2.012s] INFO:colcon.colcon_core.shell:Creating environment hook '/home/mateozc/Diplomado/Lab2/install/dqn_robot_nav/share/dqn_robot_nav/hook/ament_prefix_path.ps1'
[2.020s] INFO:colcon.colcon_core.shell:Creating environment descriptor '/home/mateozc/Diplomado/Lab2/install/dqn_robot_nav/share/dqn_robot_nav/hook/ament_prefix_path.dsv'
[2.024s] INFO:colcon.colcon_core.shell:Creating environment hook '/home/mateozc/Diplomado/Lab2/install/dqn_robot_nav/share/dqn_robot_nav/hook/ament_prefix_path.sh'
[2.029s] INFO:colcon.colcon_core.shell:Skip shell extension 'powershell' for command environment: Not usable outside of PowerShell
[2.030s] DEBUG:colcon.colcon_core.shell:Skip shell extension 'dsv' for command environment
[2.107s] DEBUG:colcon.colcon_core.event_handler.log_command:Invoking command in '/home/mateozc/Diplomado/Lab2/build/stage': DEBUGINFOD_URLS=https://debuginfod.ubuntu.com /usr/bin/cmake /home/mateozc/Diplomado/Lab2/src/Stage -DCATKIN_INSTALL_INTO_PREFIX_ROOT=0 -DCMAKE_INSTALL_PREFIX=/home/mateozc/Diplomado/Lab2/install/stage
[3.714s] INFO:colcon.colcon_core.task.python.build:Building Python package in '/home/mateozc/Diplomado/Lab2/src/dqn_robot_nav'
[3.715s] INFO:colcon.colcon_core.shell:Skip shell extension 'powershell' for command environment: Not usable outside of PowerShell
[3.716s] DEBUG:colcon.colcon_core.shell:Skip shell extension 'dsv' for command environment
[4.651s] DEBUG:colcon.colcon_core.event_handler.log_command:Invoked command in '/home/mateozc/Diplomado/Lab2/build/stage' returned '0': DEBUGINFOD_URLS=https://debuginfod.ubuntu.com /usr/bin/cmake /home/mateozc/Diplomado/Lab2/src/Stage -DCATKIN_INSTALL_INTO_PREFIX_ROOT=0 -DCMAKE_INSTALL_PREFIX=/home/mateozc/Diplomado/Lab2/install/stage
[4.661s] DEBUG:colcon.colcon_core.event_handler.log_command:Invoking command in '/home/mateozc/Diplomado/Lab2/build/stage': DEBUGINFOD_URLS=https://debuginfod.ubuntu.com /usr/bin/cmake --build /home/mateozc/Diplomado/Lab2/build/stage -- -j4 -l4
[6.044s] DEBUG:colcon.colcon_core.event_handler.log_command:Invoked command in '/home/mateozc/Diplomado/Lab2/build/stage' returned '0': DEBUGINFOD_URLS=https://debuginfod.ubuntu.com /usr/bin/cmake --build /home/mateozc/Diplomado/Lab2/build/stage -- -j4 -l4
[6.110s] DEBUG:colcon.colcon_core.event_handler.log_command:Invoking command in '/home/mateozc/Diplomado/Lab2/build/stage': DEBUGINFOD_URLS=https://debuginfod.ubuntu.com /usr/bin/cmake --install /home/mateozc/Diplomado/Lab2/build/stage
[6.266s] DEBUG:colcon.colcon_core.event_handler.log_command:Invoked command in '/home/mateozc/Diplomado/Lab2/build/stage' returned '0': DEBUGINFOD_URLS=https://debuginfod.ubuntu.com /usr/bin/cmake --install /home/mateozc/Diplomado/Lab2/build/stage
[6.268s] Level 1:colcon.colcon_core.shell:create_environment_hook('stage', 'ros_package_path')
[6.269s] INFO:colcon.colcon_core.shell:Creating environment hook '/home/mateozc/Diplomado/Lab2/install/stage/share/stage/hook/ros_package_path.ps1'
[6.271s] INFO:colcon.colcon_core.shell:Creating environment descriptor '/home/mateozc/Diplomado/Lab2/install/stage/share/stage/hook/ros_package_path.dsv'
[6.272s] INFO:colcon.colcon_core.shell:Creating environment hook '/home/mateozc/Diplomado/Lab2/install/stage/share/stage/hook/ros_package_path.sh'
[6.275s] Level 1:colcon.colcon_core.shell:create_environment_hook('stage', 'pkg_config_path')
[6.275s] INFO:colcon.colcon_core.shell:Creating environment hook '/home/mateozc/Diplomado/Lab2/install/stage/share/stage/hook/pkg_config_path.ps1'
[6.277s] INFO:colcon.colcon_core.shell:Creating environment descriptor '/home/mateozc/Diplomado/Lab2/install/stage/share/stage/hook/pkg_config_path.dsv'
[6.279s] INFO:colcon.colcon_core.shell:Creating environment hook '/home/mateozc/Diplomado/Lab2/install/stage/share/stage/hook/pkg_config_path.sh'
[6.289s] Level 1:colcon.colcon_core.shell:create_environment_hook('stage', 'pkg_config_path_multiarch')
[6.290s] INFO:colcon.colcon_core.shell:Creating environment hook '/home/mateozc/Diplomado/Lab2/install/stage/share/stage/hook/pkg_config_path_multiarch.ps1'
[6.293s] INFO:colcon.colcon_core.shell:Creating environment descriptor '/home/mateozc/Diplomado/Lab2/install/stage/share/stage/hook/pkg_config_path_multiarch.dsv'
[6.296s] INFO:colcon.colcon_core.shell:Creating environment hook '/home/mateozc/Diplomado/Lab2/install/stage/share/stage/hook/pkg_config_path_multiarch.sh'
[6.304s] Level 1:colcon.colcon_core.environment:create_environment_scripts_only(stage)
[6.324s] Level 1:colcon.colcon_core.environment:checking '/home/mateozc/Diplomado/Lab2/install/stage' for CMake module files
[6.328s] Level 1:colcon.colcon_core.environment:checking '/home/mateozc/Diplomado/Lab2/install/stage' for CMake config files
[6.331s] Level 1:colcon.colcon_core.shell:create_environment_hook('stage', 'cmake_prefix_path')
[6.332s] INFO:colcon.colcon_core.shell:Creating environment hook '/home/mateozc/Diplomado/Lab2/install/stage/share/stage/hook/cmake_prefix_path.ps1'
[6.334s] INFO:colcon.colcon_core.shell:Creating environment descriptor '/home/mateozc/Diplomado/Lab2/install/stage/share/stage/hook/cmake_prefix_path.dsv'
[6.370s] INFO:colcon.colcon_core.shell:Creating environment hook '/home/mateozc/Diplomado/Lab2/install/stage/share/stage/hook/cmake_prefix_path.sh'
[6.373s] Level 1:colcon.colcon_core.environment:checking '/home/mateozc/Diplomado/Lab2/install/stage/lib'
[6.374s] Level 1:colcon.colcon_core.shell:create_environment_hook('stage', 'ld_library_path_lib')
[6.374s] INFO:colcon.colcon_core.shell:Creating environment hook '/home/mateozc/Diplomado/Lab2/install/stage/share/stage/hook/ld_library_path_lib.ps1'
[6.376s] INFO:colcon.colcon_core.shell:Creating environment descriptor '/home/mateozc/Diplomado/Lab2/install/stage/share/stage/hook/ld_library_path_lib.dsv'
[6.378s] INFO:colcon.colcon_core.shell:Creating environment hook '/home/mateozc/Diplomado/Lab2/install/stage/share/stage/hook/ld_library_path_lib.sh'
[6.380s] Level 1:colcon.colcon_core.environment:checking '/home/mateozc/Diplomado/Lab2/install/stage/bin'
[6.380s] Level 1:colcon.colcon_core.shell:create_environment_hook('stage', 'path')
[6.381s] INFO:colcon.colcon_core.shell:Creating environment hook '/home/mateozc/Diplomado/Lab2/install/stage/share/stage/hook/path.ps1'
[6.383s] INFO:colcon.colcon_core.shell:Creating environment descriptor '/home/mateozc/Diplomado/Lab2/install/stage/share/stage/hook/path.dsv'
[6.384s] INFO:colcon.colcon_core.shell:Creating environment hook '/home/mateozc/Diplomado/Lab2/install/stage/share/stage/hook/path.sh'
[6.388s] Level 1:colcon.colcon_core.environment:checking '/home/mateozc/Diplomado/Lab2/install/stage/lib/pkgconfig/stage.pc'
[6.388s] Level 1:colcon.colcon_core.shell:create_environment_hook('stage', 'pkg_config')
[6.389s] INFO:colcon.colcon_core.shell:Creating environment hook '/home/mateozc/Diplomado/Lab2/install/stage/share/stage/hook/pkg_config.ps1'
[6.392s] INFO:colcon.colcon_core.shell:Creating environment descriptor '/home/mateozc/Diplomado/Lab2/install/stage/share/stage/hook/pkg_config.dsv'
[6.394s] INFO:colcon.colcon_core.shell:Creating environment hook '/home/mateozc/Diplomado/Lab2/install/stage/share/stage/hook/pkg_config.sh'
[6.396s] Level 1:colcon.colcon_core.environment:checking '/home/mateozc/Diplomado/Lab2/install/stage/lib/python3.12/site-packages'
[6.398s] Level 1:colcon.colcon_core.environment:checking '/home/mateozc/Diplomado/Lab2/install/stage/bin'
[6.398s] Level 1:colcon.colcon_core.shell:create_environment_hook('stage', 'pythonscriptspath')
[6.399s] INFO:colcon.colcon_core.shell:Creating environment hook '/home/mateozc/Diplomado/Lab2/install/stage/share/stage/hook/pythonscriptspath.ps1'
[6.402s] INFO:colcon.colcon_core.shell:Creating environment descriptor '/home/mateozc/Diplomado/Lab2/install/stage/share/stage/hook/pythonscriptspath.dsv'
[6.405s] INFO:colcon.colcon_core.shell:Creating environment hook '/home/mateozc/Diplomado/Lab2/install/stage/share/stage/hook/pythonscriptspath.sh'
[6.409s] INFO:colcon.colcon_core.shell:Creating package script '/home/mateozc/Diplomado/Lab2/install/stage/share/stage/package.ps1'
[6.414s] INFO:colcon.colcon_core.shell:Creating package descriptor '/home/mateozc/Diplomado/Lab2/install/stage/share/stage/package.dsv'
[6.419s] INFO:colcon.colcon_core.shell:Creating package script '/home/mateozc/Diplomado/Lab2/install/stage/share/stage/package.sh'
[6.422s] INFO:colcon.colcon_core.shell:Creating package script '/home/mateozc/Diplomado/Lab2/install/stage/share/stage/package.bash'
[6.426s] INFO:colcon.colcon_core.shell:Creating package script '/home/mateozc/Diplomado/Lab2/install/stage/share/stage/package.zsh'
[6.428s] Level 1:colcon.colcon_core.environment:create_file_with_runtime_dependencies(/home/mateozc/Diplomado/Lab2/install/stage/share/colcon-core/packages/stage)
[6.430s] INFO:colcon.colcon_ros.task.ament_cmake.build:Building ROS package in '/home/mateozc/Diplomado/Lab2/src/stage_ros2' with build type 'ament_cmake'
[6.431s] INFO:colcon.colcon_cmake.task.cmake.build:Building CMake package in '/home/mateozc/Diplomado/Lab2/src/stage_ros2'
[6.431s] INFO:colcon.colcon_core.shell:Skip shell extension 'powershell' for command environment: Not usable outside of PowerShell
[6.431s] DEBUG:colcon.colcon_core.shell:Skip shell extension 'dsv' for command environment
[6.502s] DEBUG:colcon.colcon_core.event_handler.log_command:Invoking command in '/home/mateozc/Diplomado/Lab2/build/stage_ros2': CMAKE_PREFIX_PATH=/home/mateozc/Diplomado/Lab2/install/dqn_robot_nav:/opt/ros/jazzy:/home/mateozc/Diplomado/Lab2/install/stage:/home/mateozc/Diplomado/Lab2/install/stage_ros2:/opt/ros/jazzy/opt/gz_sim_vendor:/opt/ros/jazzy/opt/gz_sensors_vendor:/opt/ros/jazzy/opt/gz_physics_vendor:/opt/ros/jazzy/opt/sdformat_vendor:/opt/ros/jazzy/opt/gz_gui_vendor:/opt/ros/jazzy/opt/gz_transport_vendor:/opt/ros/jazzy/opt/gz_rendering_vendor:/opt/ros/jazzy/opt/gz_plugin_vendor:/opt/ros/jazzy/opt/gz_fuel_tools_vendor:/opt/ros/jazzy/opt/gz_msgs_vendor:/opt/ros/jazzy/opt/gz_common_vendor:/opt/ros/jazzy/opt/gz_math_vendor:/opt/ros/jazzy/opt/gz_utils_vendor:/opt/ros/jazzy/opt/gz_tools_vendor:/opt/ros/jazzy/opt/gz_ogre_next_vendor:/opt/ros/jazzy/opt/gz_dartsim_vendor:/opt/ros/jazzy/opt/gz_cmake_vendor DEBUGINFOD_URLS=https://debuginfod.ubuntu.com LD_LIBRARY_PATH=/home/mateozc/Diplomado/Lab2/install/stage/lib:/home/mateozc/Diplomado/Lab2/install/stage_ros2/lib:/opt/ros/jazzy/opt/gz_sim_vendor/lib:/opt/ros/jazzy/opt/gz_sensors_vendor/lib:/opt/ros/jazzy/opt/gz_physics_vendor/lib:/opt/ros/jazzy/opt/sdformat_vendor/lib:/opt/ros/jazzy/opt/rviz_ogre_vendor/lib:/opt/ros/jazzy/lib/x86_64-linux-gnu:/opt/ros/jazzy/opt/gz_gui_vendor/lib:/opt/ros/jazzy/opt/gz_transport_vendor/lib:/opt/ros/jazzy/opt/gz_rendering_vendor/lib:/opt/ros/jazzy/opt/gz_plugin_vendor/lib:/opt/ros/jazzy/opt/gz_fuel_tools_vendor/lib:/opt/ros/jazzy/opt/gz_msgs_vendor/lib:/opt/ros/jazzy/opt/gz_common_vendor/lib:/opt/ros/jazzy/opt/gz_math_vendor/lib:/opt/ros/jazzy/opt/gz_utils_vendor/lib:/opt/ros/jazzy/opt/gz_tools_vendor/lib:/opt/ros/jazzy/opt/gz_ogre_next_vendor/lib:/opt/ros/jazzy/opt/gz_dartsim_vendor/lib:/opt/ros/jazzy/opt/gz_cmake_vendor/lib:/opt/ros/jazzy/lib /usr/bin/cmake /home/mateozc/Diplomado/Lab2/src/stage_ros2 -DCMAKE_INSTALL_PREFIX=/home/mateozc/Diplomado/Lab2/install/stage_ros2
[8.501s] DEBUG:colcon.colcon_core.event_handler.log_command:Invoking command in '/home/mateozc/Diplomado/Lab2/build/dqn_robot_nav': DEBUGINFOD_URLS=https://debuginfod.ubuntu.com PYTHONPATH=/home/mateozc/Diplomado/Lab2/build/dqn_robot_nav/prefix_override:/usr/lib/python3/dist-packages/colcon_core/task/python/colcon_distutils_commands:/home/mateozc/Diplomado/Lab2/install/dqn_robot_nav/lib/python3.12/site-packages:${PYTHONPATH} /usr/bin/python3 -W ignore:setup.py install is deprecated -W ignore:easy_install command is deprecated setup.py develop --uninstall --editable --build-directory /home/mateozc/Diplomado/Lab2/build/dqn_robot_nav/build
[11.912s] DEBUG:colcon.colcon_core.event_handler.log_command:Invoked command in '/home/mateozc/Diplomado/Lab2/build/stage_ros2' returned '0': CMAKE_PREFIX_PATH=/home/mateozc/Diplomado/Lab2/install/dqn_robot_nav:/opt/ros/jazzy:/home/mateozc/Diplomado/Lab2/install/stage:/home/mateozc/Diplomado/Lab2/install/stage_ros2:/opt/ros/jazzy/opt/gz_sim_vendor:/opt/ros/jazzy/opt/gz_sensors_vendor:/opt/ros/jazzy/opt/gz_physics_vendor:/opt/ros/jazzy/opt/sdformat_vendor:/opt/ros/jazzy/opt/gz_gui_vendor:/opt/ros/jazzy/opt/gz_transport_vendor:/opt/ros/jazzy/opt/gz_rendering_vendor:/opt/ros/jazzy/opt/gz_plugin_vendor:/opt/ros/jazzy/opt/gz_fuel_tools_vendor:/opt/ros/jazzy/opt/gz_msgs_vendor:/opt/ros/jazzy/opt/gz_common_vendor:/opt/ros/jazzy/opt/gz_math_vendor:/opt/ros/jazzy/opt/gz_utils_vendor:/opt/ros/jazzy/opt/gz_tools_vendor:/opt/ros/jazzy/opt/gz_ogre_next_vendor:/opt/ros/jazzy/opt/gz_dartsim_vendor:/opt/ros/jazzy/opt/gz_cmake_vendor DEBUGINFOD_URLS=https://debuginfod.ubuntu.com LD_LIBRARY_PATH=/home/mateozc/Diplomado/Lab2/install/stage/lib:/home/mateozc/Diplomado/Lab2/install/stage_ros2/lib:/opt/ros/jazzy/opt/gz_sim_vendor/lib:/opt/ros/jazzy/opt/gz_sensors_vendor/lib:/opt/ros/jazzy/opt/gz_physics_vendor/lib:/opt/ros/jazzy/opt/sdformat_vendor/lib:/opt/ros/jazzy/opt/rviz_ogre_vendor/lib:/opt/ros/jazzy/lib/x86_64-linux-gnu:/opt/ros/jazzy/opt/gz_gui_vendor/lib:/opt/ros/jazzy/opt/gz_transport_vendor/lib:/opt/ros/jazzy/opt/gz_rendering_vendor/lib:/opt/ros/jazzy/opt/gz_plugin_vendor/lib:/opt/ros/jazzy/opt/gz_fuel_tools_vendor/lib:/opt/ros/jazzy/opt/gz_msgs_vendor/lib:/opt/ros/jazzy/opt/gz_common_vendor/lib:/opt/ros/jazzy/opt/gz_math_vendor/lib:/opt/ros/jazzy/opt/gz_utils_vendor/lib:/opt/ros/jazzy/opt/gz_tools_vendor/lib:/opt/ros/jazzy/opt/gz_ogre_next_vendor/lib:/opt/ros/jazzy/opt/gz_dartsim_vendor/lib:/opt/ros/jazzy/opt/gz_cmake_vendor/lib:/opt/ros/jazzy/lib /usr/bin/cmake /home/mateozc/Diplomado/Lab2/src/stage_ros2 -DCMAKE_INSTALL_PREFIX=/home/mateozc/Diplomado/Lab2/install/stage_ros2
[11.921s] DEBUG:colcon.colcon_core.event_handler.log_command:Invoking command in '/home/mateozc/Diplomado/Lab2/build/stage_ros2': CMAKE_PREFIX_PATH=/home/mateozc/Diplomado/Lab2/install/dqn_robot_nav:/opt/ros/jazzy:/home/mateozc/Diplomado/Lab2/install/stage:/home/mateozc/Diplomado/Lab2/install/stage_ros2:/opt/ros/jazzy/opt/gz_sim_vendor:/opt/ros/jazzy/opt/gz_sensors_vendor:/opt/ros/jazzy/opt/gz_physics_vendor:/opt/ros/jazzy/opt/sdformat_vendor:/opt/ros/jazzy/opt/gz_gui_vendor:/opt/ros/jazzy/opt/gz_transport_vendor:/opt/ros/jazzy/opt/gz_rendering_vendor:/opt/ros/jazzy/opt/gz_plugin_vendor:/opt/ros/jazzy/opt/gz_fuel_tools_vendor:/opt/ros/jazzy/opt/gz_msgs_vendor:/opt/ros/jazzy/opt/gz_common_vendor:/opt/ros/jazzy/opt/gz_math_vendor:/opt/ros/jazzy/opt/gz_utils_vendor:/opt/ros/jazzy/opt/gz_tools_vendor:/opt/ros/jazzy/opt/gz_ogre_next_vendor:/opt/ros/jazzy/opt/gz_dartsim_vendor:/opt/ros/jazzy/opt/gz_cmake_vendor DEBUGINFOD_URLS=https://debuginfod.ubuntu.com LD_LIBRARY_PATH=/home/mateozc/Diplomado/Lab2/install/stage/lib:/home/mateozc/Diplomado/Lab2/install/stage_ros2/lib:/opt/ros/jazzy/opt/gz_sim_vendor/lib:/opt/ros/jazzy/opt/gz_sensors_vendor/lib:/opt/ros/jazzy/opt/gz_physics_vendor/lib:/opt/ros/jazzy/opt/sdformat_vendor/lib:/opt/ros/jazzy/opt/rviz_ogre_vendor/lib:/opt/ros/jazzy/lib/x86_64-linux-gnu:/opt/ros/jazzy/opt/gz_gui_vendor/lib:/opt/ros/jazzy/opt/gz_transport_vendor/lib:/opt/ros/jazzy/opt/gz_rendering_vendor/lib:/opt/ros/jazzy/opt/gz_plugin_vendor/lib:/opt/ros/jazzy/opt/gz_fuel_tools_vendor/lib:/opt/ros/jazzy/opt/gz_msgs_vendor/lib:/opt/ros/jazzy/opt/gz_common_vendor/lib:/opt/ros/jazzy/opt/gz_math_vendor/lib:/opt/ros/jazzy/opt/gz_utils_vendor/lib:/opt/ros/jazzy/opt/gz_tools_vendor/lib:/opt/ros/jazzy/opt/gz_ogre_next_vendor/lib:/opt/ros/jazzy/opt/gz_dartsim_vendor/lib:/opt/ros/jazzy/opt/gz_cmake_vendor/lib:/opt/ros/jazzy/lib /usr/bin/cmake --build /home/mateozc/Diplomado/Lab2/build/stage_ros2 -- -j4 -l4
[12.120s] DEBUG:colcon.colcon_core.event_handler.log_command:Invoked command in '/home/mateozc/Diplomado/Lab2/build/dqn_robot_nav' returned '0': DEBUGINFOD_URLS=https://debuginfod.ubuntu.com PYTHONPATH=/home/mateozc/Diplomado/Lab2/build/dqn_robot_nav/prefix_override:/usr/lib/python3/dist-packages/colcon_core/task/python/colcon_distutils_commands:/home/mateozc/Diplomado/Lab2/install/dqn_robot_nav/lib/python3.12/site-packages:${PYTHONPATH} /usr/bin/python3 -W ignore:setup.py install is deprecated -W ignore:easy_install command is deprecated setup.py develop --uninstall --editable --build-directory /home/mateozc/Diplomado/Lab2/build/dqn_robot_nav/build
[12.126s] DEBUG:colcon.colcon_core.event_handler.log_command:Invoking command in '/home/mateozc/Diplomado/Lab2/src/dqn_robot_nav': DEBUGINFOD_URLS=https://debuginfod.ubuntu.com PYTHONPATH=/home/mateozc/Diplomado/Lab2/build/dqn_robot_nav/prefix_override:/usr/lib/python3/dist-packages/colcon_core/task/python/colcon_distutils_commands:/home/mateozc/Diplomado/Lab2/install/dqn_robot_nav/lib/python3.12/site-packages:${PYTHONPATH} /usr/bin/python3 -W ignore:setup.py install is deprecated -W ignore:easy_install command is deprecated setup.py egg_info --egg-base ../../build/dqn_robot_nav build --build-base /home/mateozc/Diplomado/Lab2/build/dqn_robot_nav/build install --record /home/mateozc/Diplomado/Lab2/build/dqn_robot_nav/install.log --single-version-externally-managed install_data --force
[12.674s] DEBUG:colcon.colcon_core.event_handler.log_command:Invoked command in '/home/mateozc/Diplomado/Lab2/build/stage_ros2' returned '0': CMAKE_PREFIX_PATH=/home/mateozc/Diplomado/Lab2/install/dqn_robot_nav:/opt/ros/jazzy:/home/mateozc/Diplomado/Lab2/install/stage:/home/mateozc/Diplomado/Lab2/install/stage_ros2:/opt/ros/jazzy/opt/gz_sim_vendor:/opt/ros/jazzy/opt/gz_sensors_vendor:/opt/ros/jazzy/opt/gz_physics_vendor:/opt/ros/jazzy/opt/sdformat_vendor:/opt/ros/jazzy/opt/gz_gui_vendor:/opt/ros/jazzy/opt/gz_transport_vendor:/opt/ros/jazzy/opt/gz_rendering_vendor:/opt/ros/jazzy/opt/gz_plugin_vendor:/opt/ros/jazzy/opt/gz_fuel_tools_vendor:/opt/ros/jazzy/opt/gz_msgs_vendor:/opt/ros/jazzy/opt/gz_common_vendor:/opt/ros/jazzy/opt/gz_math_vendor:/opt/ros/jazzy/opt/gz_utils_vendor:/opt/ros/jazzy/opt/gz_tools_vendor:/opt/ros/jazzy/opt/gz_ogre_next_vendor:/opt/ros/jazzy/opt/gz_dartsim_vendor:/opt/ros/jazzy/opt/gz_cmake_vendor DEBUGINFOD_URLS=https://debuginfod.ubuntu.com LD_LIBRARY_PATH=/home/mateozc/Diplomado/Lab2/install/stage/lib:/home/mateozc/Diplomado/Lab2/install/stage_ros2/lib:/opt/ros/jazzy/opt/gz_sim_vendor/lib:/opt/ros/jazzy/opt/gz_sensors_vendor/lib:/opt/ros/jazzy/opt/gz_physics_vendor/lib:/opt/ros/jazzy/opt/sdformat_vendor/lib:/opt/ros/jazzy/opt/rviz_ogre_vendor/lib:/opt/ros/jazzy/lib/x86_64-linux-gnu:/opt/ros/jazzy/opt/gz_gui_vendor/lib:/opt/ros/jazzy/opt/gz_transport_vendor/lib:/opt/ros/jazzy/opt/gz_rendering_vendor/lib:/opt/ros/jazzy/opt/gz_plugin_vendor/lib:/opt/ros/jazzy/opt/gz_fuel_tools_vendor/lib:/opt/ros/jazzy/opt/gz_msgs_vendor/lib:/opt/ros/jazzy/opt/gz_common_vendor/lib:/opt/ros/jazzy/opt/gz_math_vendor/lib:/opt/ros/jazzy/opt/gz_utils_vendor/lib:/opt/ros/jazzy/opt/gz_tools_vendor/lib:/opt/ros/jazzy/opt/gz_ogre_next_vendor/lib:/opt/ros/jazzy/opt/gz_dartsim_vendor/lib:/opt/ros/jazzy/opt/gz_cmake_vendor/lib:/opt/ros/jazzy/lib /usr/bin/cmake --build /home/mateozc/Diplomado/Lab2/build/stage_ros2 -- -j4 -l4
[12.685s] DEBUG:colcon.colcon_core.event_handler.log_command:Invoking command in '/home/mateozc/Diplomado/Lab2/build/stage_ros2': CMAKE_PREFIX_PATH=/home/mateozc/Diplomado/Lab2/install/dqn_robot_nav:/opt/ros/jazzy:/home/mateozc/Diplomado/Lab2/install/stage:/home/mateozc/Diplomado/Lab2/install/stage_ros2:/opt/ros/jazzy/opt/gz_sim_vendor:/opt/ros/jazzy/opt/gz_sensors_vendor:/opt/ros/jazzy/opt/gz_physics_vendor:/opt/ros/jazzy/opt/sdformat_vendor:/opt/ros/jazzy/opt/gz_gui_vendor:/opt/ros/jazzy/opt/gz_transport_vendor:/opt/ros/jazzy/opt/gz_rendering_vendor:/opt/ros/jazzy/opt/gz_plugin_vendor:/opt/ros/jazzy/opt/gz_fuel_tools_vendor:/opt/ros/jazzy/opt/gz_msgs_vendor:/opt/ros/jazzy/opt/gz_common_vendor:/opt/ros/jazzy/opt/gz_math_vendor:/opt/ros/jazzy/opt/gz_utils_vendor:/opt/ros/jazzy/opt/gz_tools_vendor:/opt/ros/jazzy/opt/gz_ogre_next_vendor:/opt/ros/jazzy/opt/gz_dartsim_vendor:/opt/ros/jazzy/opt/gz_cmake_vendor DEBUGINFOD_URLS=https://debuginfod.ubuntu.com LD_LIBRARY_PATH=/home/mateozc/Diplomado/Lab2/install/stage/lib:/home/mateozc/Diplomado/Lab2/install/stage_ros2/lib:/opt/ros/jazzy/opt/gz_sim_vendor/lib:/opt/ros/jazzy/opt/gz_sensors_vendor/lib:/opt/ros/jazzy/opt/gz_physics_vendor/lib:/opt/ros/jazzy/opt/sdformat_vendor/lib:/opt/ros/jazzy/opt/rviz_ogre_vendor/lib:/opt/ros/jazzy/lib/x86_64-linux-gnu:/opt/ros/jazzy/opt/gz_gui_vendor/lib:/opt/ros/jazzy/opt/gz_transport_vendor/lib:/opt/ros/jazzy/opt/gz_rendering_vendor/lib:/opt/ros/jazzy/opt/gz_plugin_vendor/lib:/opt/ros/jazzy/opt/gz_fuel_tools_vendor/lib:/opt/ros/jazzy/opt/gz_msgs_vendor/lib:/opt/ros/jazzy/opt/gz_common_vendor/lib:/opt/ros/jazzy/opt/gz_math_vendor/lib:/opt/ros/jazzy/opt/gz_utils_vendor/lib:/opt/ros/jazzy/opt/gz_tools_vendor/lib:/opt/ros/jazzy/opt/gz_ogre_next_vendor/lib:/opt/ros/jazzy/opt/gz_dartsim_vendor/lib:/opt/ros/jazzy/opt/gz_cmake_vendor/lib:/opt/ros/jazzy/lib /usr/bin/cmake --install /home/mateozc/Diplomado/Lab2/build/stage_ros2
[12.850s] Level 1:colcon.colcon_core.environment:create_environment_scripts_only(stage_ros2)
[12.852s] Level 1:colcon.colcon_core.environment:checking '/home/mateozc/Diplomado/Lab2/install/stage_ros2' for CMake module files
[12.855s] DEBUG:colcon.colcon_core.event_handler.log_command:Invoked command in '/home/mateozc/Diplomado/Lab2/build/stage_ros2' returned '0': CMAKE_PREFIX_PATH=/home/mateozc/Diplomado/Lab2/install/dqn_robot_nav:/opt/ros/jazzy:/home/mateozc/Diplomado/Lab2/install/stage:/home/mateozc/Diplomado/Lab2/install/stage_ros2:/opt/ros/jazzy/opt/gz_sim_vendor:/opt/ros/jazzy/opt/gz_sensors_vendor:/opt/ros/jazzy/opt/gz_physics_vendor:/opt/ros/jazzy/opt/sdformat_vendor:/opt/ros/jazzy/opt/gz_gui_vendor:/opt/ros/jazzy/opt/gz_transport_vendor:/opt/ros/jazzy/opt/gz_rendering_vendor:/opt/ros/jazzy/opt/gz_plugin_vendor:/opt/ros/jazzy/opt/gz_fuel_tools_vendor:/opt/ros/jazzy/opt/gz_msgs_vendor:/opt/ros/jazzy/opt/gz_common_vendor:/opt/ros/jazzy/opt/gz_math_vendor:/opt/ros/jazzy/opt/gz_utils_vendor:/opt/ros/jazzy/opt/gz_tools_vendor:/opt/ros/jazzy/opt/gz_ogre_next_vendor:/opt/ros/jazzy/opt/gz_dartsim_vendor:/opt/ros/jazzy/opt/gz_cmake_vendor DEBUGINFOD_URLS=https://debuginfod.ubuntu.com LD_LIBRARY_PATH=/home/mateozc/Diplomado/Lab2/install/stage/lib:/home/mateozc/Diplomado/Lab2/install/stage_ros2/lib:/opt/ros/jazzy/opt/gz_sim_vendor/lib:/opt/ros/jazzy/opt/gz_sensors_vendor/lib:/opt/ros/jazzy/opt/gz_physics_vendor/lib:/opt/ros/jazzy/opt/sdformat_vendor/lib:/opt/ros/jazzy/opt/rviz_ogre_vendor/lib:/opt/ros/jazzy/lib/x86_64-linux-gnu:/opt/ros/jazzy/opt/gz_gui_vendor/lib:/opt/ros/jazzy/opt/gz_transport_vendor/lib:/opt/ros/jazzy/opt/gz_rendering_vendor/lib:/opt/ros/jazzy/opt/gz_plugin_vendor/lib:/opt/ros/jazzy/opt/gz_fuel_tools_vendor/lib:/opt/ros/jazzy/opt/gz_msgs_vendor/lib:/opt/ros/jazzy/opt/gz_common_vendor/lib:/opt/ros/jazzy/opt/gz_math_vendor/lib:/opt/ros/jazzy/opt/gz_utils_vendor/lib:/opt/ros/jazzy/opt/gz_tools_vendor/lib:/opt/ros/jazzy/opt/gz_ogre_next_vendor/lib:/opt/ros/jazzy/opt/gz_dartsim_vendor/lib:/opt/ros/jazzy/opt/gz_cmake_vendor/lib:/opt/ros/jazzy/lib /usr/bin/cmake --install /home/mateozc/Diplomado/Lab2/build/stage_ros2
[12.858s] Level 1:colcon.colcon_core.environment:checking '/home/mateozc/Diplomado/Lab2/install/stage_ros2' for CMake config files
[12.861s] Level 1:colcon.colcon_core.shell:create_environment_hook('stage_ros2', 'cmake_prefix_path')
[12.862s] INFO:colcon.colcon_core.shell:Creating environment hook '/home/mateozc/Diplomado/Lab2/install/stage_ros2/share/stage_ros2/hook/cmake_prefix_path.ps1'
[12.864s] INFO:colcon.colcon_core.shell:Creating environment descriptor '/home/mateozc/Diplomado/Lab2/install/stage_ros2/share/stage_ros2/hook/cmake_prefix_path.dsv'
[12.866s] INFO:colcon.colcon_core.shell:Creating environment hook '/home/mateozc/Diplomado/Lab2/install/stage_ros2/share/stage_ros2/hook/cmake_prefix_path.sh'
[12.868s] Level 1:colcon.colcon_core.environment:checking '/home/mateozc/Diplomado/Lab2/install/stage_ros2/lib'
[12.869s] Level 1:colcon.colcon_core.shell:create_environment_hook('stage_ros2', 'ld_library_path_lib')
[12.869s] INFO:colcon.colcon_core.shell:Creating environment hook '/home/mateozc/Diplomado/Lab2/install/stage_ros2/share/stage_ros2/hook/ld_library_path_lib.ps1'
[12.871s] INFO:colcon.colcon_core.shell:Creating environment descriptor '/home/mateozc/Diplomado/Lab2/install/stage_ros2/share/stage_ros2/hook/ld_library_path_lib.dsv'
[12.872s] INFO:colcon.colcon_core.shell:Creating environment hook '/home/mateozc/Diplomado/Lab2/install/stage_ros2/share/stage_ros2/hook/ld_library_path_lib.sh'
[12.874s] Level 1:colcon.colcon_core.environment:checking '/home/mateozc/Diplomado/Lab2/install/stage_ros2/bin'
[12.874s] Level 1:colcon.colcon_core.environment:checking '/home/mateozc/Diplomado/Lab2/install/stage_ros2/lib/pkgconfig/stage_ros2.pc'
[12.875s] Level 1:colcon.colcon_core.environment:checking '/home/mateozc/Diplomado/Lab2/install/stage_ros2/lib/python3.12/site-packages'
[12.876s] Level 1:colcon.colcon_core.environment:checking '/home/mateozc/Diplomado/Lab2/install/stage_ros2/bin'
[12.877s] INFO:colcon.colcon_core.shell:Creating package script '/home/mateozc/Diplomado/Lab2/install/stage_ros2/share/stage_ros2/package.ps1'
[12.879s] INFO:colcon.colcon_core.shell:Creating package descriptor '/home/mateozc/Diplomado/Lab2/install/stage_ros2/share/stage_ros2/package.dsv'
[12.882s] INFO:colcon.colcon_core.shell:Creating package script '/home/mateozc/Diplomado/Lab2/install/stage_ros2/share/stage_ros2/package.sh'
[12.885s] INFO:colcon.colcon_core.shell:Creating package script '/home/mateozc/Diplomado/Lab2/install/stage_ros2/share/stage_ros2/package.bash'
[12.887s] INFO:colcon.colcon_core.shell:Creating package script '/home/mateozc/Diplomado/Lab2/install/stage_ros2/share/stage_ros2/package.zsh'
[12.888s] Level 1:colcon.colcon_core.environment:create_file_with_runtime_dependencies(/home/mateozc/Diplomado/Lab2/install/stage_ros2/share/colcon-core/packages/stage_ros2)
[12.890s] Level 1:colcon.colcon_core.environment:create_environment_scripts_only(stage_ros2)
[12.891s] Level 1:colcon.colcon_core.environment:checking '/home/mateozc/Diplomado/Lab2/install/stage_ros2' for CMake module files
[12.894s] Level 1:colcon.colcon_core.environment:checking '/home/mateozc/Diplomado/Lab2/install/stage_ros2' for CMake config files
[12.897s] Level 1:colcon.colcon_core.shell:create_environment_hook('stage_ros2', 'cmake_prefix_path')
[12.898s] INFO:colcon.colcon_core.shell:Creating environment hook '/home/mateozc/Diplomado/Lab2/install/stage_ros2/share/stage_ros2/hook/cmake_prefix_path.ps1'
[12.900s] INFO:colcon.colcon_core.shell:Creating environment descriptor '/home/mateozc/Diplomado/Lab2/install/stage_ros2/share/stage_ros2/hook/cmake_prefix_path.dsv'
[12.901s] INFO:colcon.colcon_core.shell:Creating environment hook '/home/mateozc/Diplomado/Lab2/install/stage_ros2/share/stage_ros2/hook/cmake_prefix_path.sh'
[12.904s] Level 1:colcon.colcon_core.environment:checking '/home/mateozc/Diplomado/Lab2/install/stage_ros2/lib'
[12.904s] Level 1:colcon.colcon_core.shell:create_environment_hook('stage_ros2', 'ld_library_path_lib')
[12.905s] INFO:colcon.colcon_core.shell:Creating environment hook '/home/mateozc/Diplomado/Lab2/install/stage_ros2/share/stage_ros2/hook/ld_library_path_lib.ps1'
[12.906s] INFO:colcon.colcon_core.shell:Creating environment descriptor '/home/mateozc/Diplomado/Lab2/install/stage_ros2/share/stage_ros2/hook/ld_library_path_lib.dsv'
[12.908s] INFO:colcon.colcon_core.shell:Creating environment hook '/home/mateozc/Diplomado/Lab2/install/stage_ros2/share/stage_ros2/hook/ld_library_path_lib.sh'
[12.909s] Level 1:colcon.colcon_core.environment:checking '/home/mateozc/Diplomado/Lab2/install/stage_ros2/bin'
[12.910s] Level 1:colcon.colcon_core.environment:checking '/home/mateozc/Diplomado/Lab2/install/stage_ros2/lib/pkgconfig/stage_ros2.pc'
[12.911s] Level 1:colcon.colcon_core.environment:checking '/home/mateozc/Diplomado/Lab2/install/stage_ros2/lib/python3.12/site-packages'
[12.912s] Level 1:colcon.colcon_core.environment:checking '/home/mateozc/Diplomado/Lab2/install/stage_ros2/bin'
[12.913s] INFO:colcon.colcon_core.shell:Creating package script '/home/mateozc/Diplomado/Lab2/install/stage_ros2/share/stage_ros2/package.ps1'
[12.915s] INFO:colcon.colcon_core.shell:Creating package descriptor '/home/mateozc/Diplomado/Lab2/install/stage_ros2/share/stage_ros2/package.dsv'
[12.917s] INFO:colcon.colcon_core.shell:Creating package script '/home/mateozc/Diplomado/Lab2/install/stage_ros2/share/stage_ros2/package.sh'
[12.919s] INFO:colcon.colcon_core.shell:Creating package script '/home/mateozc/Diplomado/Lab2/install/stage_ros2/share/stage_ros2/package.bash'
[12.921s] INFO:colcon.colcon_core.shell:Creating package script '/home/mateozc/Diplomado/Lab2/install/stage_ros2/share/stage_ros2/package.zsh'
[12.922s] Level 1:colcon.colcon_core.environment:create_file_with_runtime_dependencies(/home/mateozc/Diplomado/Lab2/install/stage_ros2/share/colcon-core/packages/stage_ros2)
[15.335s] Level 1:colcon.colcon_core.environment:checking '/home/mateozc/Diplomado/Lab2/install/dqn_robot_nav' for CMake module files
[15.337s] DEBUG:colcon.colcon_core.event_handler.log_command:Invoked command in '/home/mateozc/Diplomado/Lab2/src/dqn_robot_nav' returned '0': DEBUGINFOD_URLS=https://debuginfod.ubuntu.com PYTHONPATH=/home/mateozc/Diplomado/Lab2/build/dqn_robot_nav/prefix_override:/usr/lib/python3/dist-packages/colcon_core/task/python/colcon_distutils_commands:/home/mateozc/Diplomado/Lab2/install/dqn_robot_nav/lib/python3.12/site-packages:${PYTHONPATH} /usr/bin/python3 -W ignore:setup.py install is deprecated -W ignore:easy_install command is deprecated setup.py egg_info --egg-base ../../build/dqn_robot_nav build --build-base /home/mateozc/Diplomado/Lab2/build/dqn_robot_nav/build install --record /home/mateozc/Diplomado/Lab2/build/dqn_robot_nav/install.log --single-version-externally-managed install_data --force
[15.339s] Level 1:colcon.colcon_core.environment:checking '/home/mateozc/Diplomado/Lab2/install/dqn_robot_nav' for CMake config files
[15.342s] Level 1:colcon.colcon_core.environment:checking '/home/mateozc/Diplomado/Lab2/install/dqn_robot_nav/lib'
[15.342s] Level 1:colcon.colcon_core.environment:checking '/home/mateozc/Diplomado/Lab2/install/dqn_robot_nav/bin'
[15.342s] Level 1:colcon.colcon_core.environment:checking '/home/mateozc/Diplomado/Lab2/install/dqn_robot_nav/lib/pkgconfig/dqn_robot_nav.pc'
[15.344s] Level 1:colcon.colcon_core.environment:checking '/home/mateozc/Diplomado/Lab2/install/dqn_robot_nav/lib/python3.12/site-packages'
[15.345s] Level 1:colcon.colcon_core.shell:create_environment_hook('dqn_robot_nav', 'pythonpath')
[15.345s] INFO:colcon.colcon_core.shell:Creating environment hook '/home/mateozc/Diplomado/Lab2/install/dqn_robot_nav/share/dqn_robot_nav/hook/pythonpath.ps1'
[15.347s] INFO:colcon.colcon_core.shell:Creating environment descriptor '/home/mateozc/Diplomado/Lab2/install/dqn_robot_nav/share/dqn_robot_nav/hook/pythonpath.dsv'
[15.348s] INFO:colcon.colcon_core.shell:Creating environment hook '/home/mateozc/Diplomado/Lab2/install/dqn_robot_nav/share/dqn_robot_nav/hook/pythonpath.sh'
[15.350s] Level 1:colcon.colcon_core.environment:checking '/home/mateozc/Diplomado/Lab2/install/dqn_robot_nav/bin'
[15.351s] Level 1:colcon.colcon_core.environment:create_environment_scripts_only(dqn_robot_nav)
[15.352s] INFO:colcon.colcon_core.shell:Creating package script '/home/mateozc/Diplomado/Lab2/install/dqn_robot_nav/share/dqn_robot_nav/package.ps1'
[15.354s] INFO:colcon.colcon_core.shell:Creating package descriptor '/home/mateozc/Diplomado/Lab2/install/dqn_robot_nav/share/dqn_robot_nav/package.dsv'
[15.357s] INFO:colcon.colcon_core.shell:Creating package script '/home/mateozc/Diplomado/Lab2/install/dqn_robot_nav/share/dqn_robot_nav/package.sh'
[15.361s] INFO:colcon.colcon_core.shell:Creating package script '/home/mateozc/Diplomado/Lab2/install/dqn_robot_nav/share/dqn_robot_nav/package.bash'
[15.363s] INFO:colcon.colcon_core.shell:Creating package script '/home/mateozc/Diplomado/Lab2/install/dqn_robot_nav/share/dqn_robot_nav/package.zsh'
[15.364s] Level 1:colcon.colcon_core.environment:create_file_with_runtime_dependencies(/home/mateozc/Diplomado/Lab2/install/dqn_robot_nav/share/colcon-core/packages/dqn_robot_nav)
[15.365s] DEBUG:colcon.colcon_parallel_executor.executor.parallel:closing loop
[15.366s] DEBUG:colcon.colcon_parallel_executor.executor.parallel:loop closed
[15.367s] DEBUG:colcon.colcon_parallel_executor.executor.parallel:run_until_complete finished with '0'
[15.367s] DEBUG:colcon.colcon_core.event_reactor:joining thread
[15.401s] INFO:colcon.colcon_core.plugin_system:Skipping extension 'colcon_notification.desktop_notification.terminal_notifier': Not used on non-Darwin systems
[15.402s] INFO:colcon.colcon_core.plugin_system:Skipping extension 'colcon_notification.desktop_notification.win32': Not used on non-Windows systems
[15.403s] INFO:colcon.colcon_notification.desktop_notification:Sending desktop notification using 'notify2'
[15.463s] DEBUG:colcon.colcon_core.event_reactor:joined thread
[15.464s] INFO:colcon.colcon_core.shell:Creating prefix script '/home/mateozc/Diplomado/Lab2/install/local_setup.ps1'
[15.468s] INFO:colcon.colcon_core.shell:Creating prefix util module '/home/mateozc/Diplomado/Lab2/install/_local_setup_util_ps1.py'
[15.473s] INFO:colcon.colcon_core.shell:Creating prefix chain script '/home/mateozc/Diplomado/Lab2/install/setup.ps1'
[15.478s] INFO:colcon.colcon_core.shell:Creating prefix script '/home/mateozc/Diplomado/Lab2/install/local_setup.sh'
[15.481s] INFO:colcon.colcon_core.shell:Creating prefix util module '/home/mateozc/Diplomado/Lab2/install/_local_setup_util_sh.py'
[15.484s] INFO:colcon.colcon_core.shell:Creating prefix chain script '/home/mateozc/Diplomado/Lab2/install/setup.sh'
[15.490s] INFO:colcon.colcon_core.shell:Creating prefix script '/home/mateozc/Diplomado/Lab2/install/local_setup.bash'
[15.493s] INFO:colcon.colcon_core.shell:Creating prefix chain script '/home/mateozc/Diplomado/Lab2/install/setup.bash'
[15.498s] INFO:colcon.colcon_core.shell:Creating prefix script '/home/mateozc/Diplomado/Lab2/install/local_setup.zsh'
[15.501s] INFO:colcon.colcon_core.shell:Creating prefix chain script '/home/mateozc/Diplomado/Lab2/install/setup.zsh'
