[5.512s] Invoking command in '/home/mateozc/Diplomado/Lab2/src/dqn_robot_nav': DEBUGINFOD_URLS=https://debuginfod.ubuntu.com PYTHONPATH=/home/mateozc/Diplomado/Lab2/build/dqn_robot_nav/prefix_override:/usr/lib/python3/dist-packages/colcon_core/task/python/colcon_distutils_commands:/home/mateozc/Diplomado/Lab2/install/dqn_robot_nav/lib/python3.12/site-packages:${PYTHONPATH} /usr/bin/python3 -W ignore:setup.py install is deprecated -W ignore:easy_install command is deprecated setup.py egg_info --egg-base ../../build/dqn_robot_nav build --build-base /home/mateozc/Diplomado/Lab2/build/dqn_robot_nav/build install --record /home/mateozc/Diplomado/Lab2/build/dqn_robot_nav/install.log --single-version-externally-managed install_data
[6.970s] running egg_info
[7.086s] writing ../../build/dqn_robot_nav/dqn_robot_nav.egg-info/PKG-INFO
[7.087s] writing dependency_links to ../../build/dqn_robot_nav/dqn_robot_nav.egg-info/dependency_links.txt
[7.088s] writing entry points to ../../build/dqn_robot_nav/dqn_robot_nav.egg-info/entry_points.txt
[7.089s] writing requirements to ../../build/dqn_robot_nav/dqn_robot_nav.egg-info/requires.txt
[7.090s] writing top-level names to ../../build/dqn_robot_nav/dqn_robot_nav.egg-info/top_level.txt
[7.326s] reading manifest file '../../build/dqn_robot_nav/dqn_robot_nav.egg-info/SOURCES.txt'
[7.330s] writing manifest file '../../build/dqn_robot_nav/dqn_robot_nav.egg-info/SOURCES.txt'
[7.331s] running build
[7.331s] running build_py
[7.333s] copying dqn_robot_nav/dqn_agent.py -> /home/mateozc/Diplomado/Lab2/build/dqn_robot_nav/build/lib/dqn_robot_nav
[7.335s] running install
[7.360s] running install_lib
[7.477s] copying /home/mateozc/Diplomado/Lab2/build/dqn_robot_nav/build/lib/dqn_robot_nav/dqn_agent.py -> /home/mateozc/Diplomado/Lab2/install/dqn_robot_nav/lib/python3.12/site-packages/dqn_robot_nav
[7.480s] byte-compiling /home/mateozc/Diplomado/Lab2/install/dqn_robot_nav/lib/python3.12/site-packages/dqn_robot_nav/dqn_agent.py to dqn_agent.cpython-312.pyc
[7.484s] running install_data
[7.485s] running install_egg_info
[7.608s] removing '/home/mateozc/Diplomado/Lab2/install/dqn_robot_nav/lib/python3.12/site-packages/dqn_robot_nav-0.0.0-py3.12.egg-info' (and everything under it)
[7.609s] Copying ../../build/dqn_robot_nav/dqn_robot_nav.egg-info to /home/mateozc/Diplomado/Lab2/install/dqn_robot_nav/lib/python3.12/site-packages/dqn_robot_nav-0.0.0-py3.12.egg-info
[7.613s] running install_scripts
[8.367s] Installing reset_stage script to /home/mateozc/Diplomado/Lab2/install/dqn_robot_nav/lib/dqn_robot_nav
[8.368s] Installing test_node script to /home/mateozc/Diplomado/Lab2/install/dqn_robot_nav/lib/dqn_robot_nav
[8.369s] Installing train_node script to /home/mateozc/Diplomado/Lab2/install/dqn_robot_nav/lib/dqn_robot_nav
[8.370s] writing list of installed files to '/home/mateozc/Diplomado/Lab2/build/dqn_robot_nav/install.log'
[8.486s] Invoked command in '/home/mateozc/Diplomado/Lab2/src/dqn_robot_nav' returned '0': DEBUGINFOD_URLS=https://debuginfod.ubuntu.com PYTHONPATH=/home/mateozc/Diplomado/Lab2/build/dqn_robot_nav/prefix_override:/usr/lib/python3/dist-packages/colcon_core/task/python/colcon_distutils_commands:/home/mateozc/Diplomado/Lab2/install/dqn_robot_nav/lib/python3.12/site-packages:${PYTHONPATH} /usr/bin/python3 -W ignore:setup.py install is deprecated -W ignore:easy_install command is deprecated setup.py egg_info --egg-base ../../build/dqn_robot_nav build --build-base /home/mateozc/Diplomado/Lab2/build/dqn_robot_nav/build install --record /home/mateozc/Diplomado/Lab2/build/dqn_robot_nav/install.log --single-version-externally-managed install_data
