[0.058s] Invoking command in '/home/mateozc/Diplomado/Lab2/build/stage': DEBUGINFOD_URLS=https://debuginfod.ubuntu.com /usr/bin/cmake --build /home/mateozc/Diplomado/Lab2/build/stage -- -j4 -l4
[0.387s] [ 57%] Built target stage
[0.615s] [ 61%] Built target stagebinary
[0.697s] [ 64%] Built target sink
[0.698s] [ 67%] Built target source
[0.725s] [ 71%] Built target fasr
[0.792s] [ 74%] Built target wander
[0.848s] [ 77%] Built target pioneer_flocking
[0.863s] [ 81%] Built target rasterize
[0.895s] [ 84%] Built target lasernoise
[0.923s] [ 88%] Built target dynamic
[0.965s] [ 93%] Built target fasr2
[0.981s] [ 96%] Built target expand_swarm
[0.999s] [100%] Built target expand_pioneer
[1.202s] Invoked command in '/home/mateozc/Diplomado/Lab2/build/stage' returned '0': DEBUGINFOD_URLS=https://debuginfod.ubuntu.com /usr/bin/cmake --build /home/mateozc/Diplomado/Lab2/build/stage -- -j4 -l4
[1.237s] Invoking command in '/home/mateozc/Diplomado/Lab2/build/stage': DEBUGINFOD_URLS=https://debuginfod.ubuntu.com /usr/bin/cmake --install /home/mateozc/Diplomado/Lab2/build/stage
[1.264s] -- Install configuration: "RELEASE"
[1.265s] -- Up-to-date: /home/mateozc/Diplomado/Lab2/install/stage/lib/pkgconfig/stage.pc
[1.266s] -- Up-to-date: /home/mateozc/Diplomado/Lab2/install/stage/lib/cmake/Stage/stage-config.cmake
[1.266s] -- Up-to-date: /home/mateozc/Diplomado/Lab2/install/stage/lib/cmake/Stage/stage-config-version.cmake
[1.268s] -- Up-to-date: /home/mateozc/Diplomado/Lab2/install/stage/bin/stage
[1.270s] -- Up-to-date: /home/mateozc/Diplomado/Lab2/install/stage/lib/libstage.so.4.3.0
[1.270s] -- Up-to-date: /home/mateozc/Diplomado/Lab2/install/stage/lib/libstage.so
[1.271s] -- Up-to-date: /home/mateozc/Diplomado/Lab2/install/stage/include/Stage-4.3/stage.hh
[1.273s] -- Up-to-date: /home/mateozc/Diplomado/Lab2/install/stage/lib/Stage-4.3/fasr.so
[1.275s] -- Up-to-date: /home/mateozc/Diplomado/Lab2/install/stage/lib/Stage-4.3/sink.so
[1.277s] -- Up-to-date: /home/mateozc/Diplomado/Lab2/install/stage/lib/Stage-4.3/source.so
[1.279s] -- Up-to-date: /home/mateozc/Diplomado/Lab2/install/stage/lib/Stage-4.3/wander.so
[1.281s] -- Up-to-date: /home/mateozc/Diplomado/Lab2/install/stage/lib/Stage-4.3/pioneer_flocking.so
[1.283s] -- Up-to-date: /home/mateozc/Diplomado/Lab2/install/stage/lib/Stage-4.3/rasterize.so
[1.285s] -- Up-to-date: /home/mateozc/Diplomado/Lab2/install/stage/lib/Stage-4.3/lasernoise.so
[1.287s] -- Up-to-date: /home/mateozc/Diplomado/Lab2/install/stage/lib/Stage-4.3/dynamic.so
[1.289s] -- Up-to-date: /home/mateozc/Diplomado/Lab2/install/stage/lib/Stage-4.3/fasr2.so
[1.291s] -- Up-to-date: /home/mateozc/Diplomado/Lab2/install/stage/share/stage/assets/blue.png
[1.292s] -- Up-to-date: /home/mateozc/Diplomado/Lab2/install/stage/share/stage/assets/death.png
[1.292s] -- Up-to-date: /home/mateozc/Diplomado/Lab2/install/stage/share/stage/assets/green.png
[1.292s] -- Up-to-date: /home/mateozc/Diplomado/Lab2/install/stage/share/stage/assets/logo.png
[1.293s] -- Up-to-date: /home/mateozc/Diplomado/Lab2/install/stage/share/stage/assets/mains.png
[1.293s] -- Up-to-date: /home/mateozc/Diplomado/Lab2/install/stage/share/stage/assets/mainspower.png
[1.295s] -- Up-to-date: /home/mateozc/Diplomado/Lab2/install/stage/share/stage/assets/question_mark.png
[1.295s] -- Up-to-date: /home/mateozc/Diplomado/Lab2/install/stage/share/stage/assets/red.png
[1.296s] -- Up-to-date: /home/mateozc/Diplomado/Lab2/install/stage/share/stage/assets/stagelogo.png
[1.297s] -- Up-to-date: /home/mateozc/Diplomado/Lab2/install/stage/share/stage/assets/stall-old.png
[1.298s] -- Up-to-date: /home/mateozc/Diplomado/Lab2/install/stage/share/stage/assets/stall.png
[1.298s] -- Up-to-date: /home/mateozc/Diplomado/Lab2/install/stage/share/stage/assets/rgb.txt
[1.298s] -- Up-to-date: /home/mateozc/Diplomado/Lab2/install/stage/share/stage/rgb.txt
[1.299s] -- Up-to-date: /home/mateozc/Diplomado/Lab2/install/stage/share/stage/worlds/amcl-sonar.cfg
[1.299s] -- Up-to-date: /home/mateozc/Diplomado/Lab2/install/stage/share/stage/worlds/autolab.cfg
[1.300s] -- Up-to-date: /home/mateozc/Diplomado/Lab2/install/stage/share/stage/worlds/camera.cfg
[1.300s] -- Up-to-date: /home/mateozc/Diplomado/Lab2/install/stage/share/stage/worlds/everything.cfg
[1.300s] -- Up-to-date: /home/mateozc/Diplomado/Lab2/install/stage/share/stage/worlds/lsp_test.cfg
[1.301s] -- Up-to-date: /home/mateozc/Diplomado/Lab2/install/stage/share/stage/worlds/mbicp.cfg
[1.301s] -- Up-to-date: /home/mateozc/Diplomado/Lab2/install/stage/share/stage/worlds/nd.cfg
[1.301s] -- Up-to-date: /home/mateozc/Diplomado/Lab2/install/stage/share/stage/worlds/roomba.cfg
[1.302s] -- Up-to-date: /home/mateozc/Diplomado/Lab2/install/stage/share/stage/worlds/simple.cfg
[1.302s] -- Up-to-date: /home/mateozc/Diplomado/Lab2/install/stage/share/stage/worlds/test.cfg
[1.302s] -- Up-to-date: /home/mateozc/Diplomado/Lab2/install/stage/share/stage/worlds/uoa_robotics_lab.cfg
[1.303s] -- Up-to-date: /home/mateozc/Diplomado/Lab2/install/stage/share/stage/worlds/vfh.cfg
[1.303s] -- Up-to-date: /home/mateozc/Diplomado/Lab2/install/stage/share/stage/worlds/wavefront-remote.cfg
[1.303s] -- Up-to-date: /home/mateozc/Diplomado/Lab2/install/stage/share/stage/worlds/wavefront.cfg
[1.304s] -- Up-to-date: /home/mateozc/Diplomado/Lab2/install/stage/share/stage/worlds/wifi.cfg
[1.306s] -- Up-to-date: /home/mateozc/Diplomado/Lab2/install/stage/share/stage/worlds/SFU.world
[1.306s] -- Up-to-date: /home/mateozc/Diplomado/Lab2/install/stage/share/stage/worlds/autolab.world
[1.306s] -- Up-to-date: /home/mateozc/Diplomado/Lab2/install/stage/share/stage/worlds/camera.world
[1.307s] -- Up-to-date: /home/mateozc/Diplomado/Lab2/install/stage/share/stage/worlds/circuit.world
[1.307s] -- Up-to-date: /home/mateozc/Diplomado/Lab2/install/stage/share/stage/worlds/everything.world
[1.308s] -- Up-to-date: /home/mateozc/Diplomado/Lab2/install/stage/share/stage/worlds/fasr.world
[1.308s] -- Up-to-date: /home/mateozc/Diplomado/Lab2/install/stage/share/stage/worlds/fasr2.world
[1.309s] -- Up-to-date: /home/mateozc/Diplomado/Lab2/install/stage/share/stage/worlds/fasr_plan.world
[1.309s] -- Up-to-date: /home/mateozc/Diplomado/Lab2/install/stage/share/stage/worlds/large.world
[1.309s] -- Up-to-date: /home/mateozc/Diplomado/Lab2/install/stage/share/stage/worlds/lsp_test.world
[1.310s] -- Up-to-date: /home/mateozc/Diplomado/Lab2/install/stage/share/stage/worlds/mbicp.world
[1.310s] -- Up-to-date: /home/mateozc/Diplomado/Lab2/install/stage/share/stage/worlds/pioneer_flocking.world
[1.310s] -- Up-to-date: /home/mateozc/Diplomado/Lab2/install/stage/share/stage/worlds/pioneer_follow.world
[1.311s] -- Up-to-date: /home/mateozc/Diplomado/Lab2/install/stage/share/stage/worlds/pioneer_walle.world
[1.311s] -- Up-to-date: /home/mateozc/Diplomado/Lab2/install/stage/share/stage/worlds/roomba.world
[1.311s] -- Up-to-date: /home/mateozc/Diplomado/Lab2/install/stage/share/stage/worlds/sensor_noise_demo.world
[1.311s] -- Up-to-date: /home/mateozc/Diplomado/Lab2/install/stage/share/stage/worlds/sensor_noise_module_demo.world
[1.312s] -- Up-to-date: /home/mateozc/Diplomado/Lab2/install/stage/share/stage/worlds/simple.world
[1.312s] -- Up-to-date: /home/mateozc/Diplomado/Lab2/install/stage/share/stage/worlds/uoa_robotics_lab.world
[1.313s] -- Up-to-date: /home/mateozc/Diplomado/Lab2/install/stage/share/stage/worlds/wifi.world
[1.314s] -- Up-to-date: /home/mateozc/Diplomado/Lab2/install/stage/share/stage/worlds/beacons.inc
[1.315s] -- Up-to-date: /home/mateozc/Diplomado/Lab2/install/stage/share/stage/worlds/chatterbox.inc
[1.315s] -- Up-to-date: /home/mateozc/Diplomado/Lab2/install/stage/share/stage/worlds/hokuyo.inc
[1.316s] -- Up-to-date: /home/mateozc/Diplomado/Lab2/install/stage/share/stage/worlds/irobot.inc
[1.317s] -- Up-to-date: /home/mateozc/Diplomado/Lab2/install/stage/share/stage/worlds/map.inc
[1.319s] -- Up-to-date: /home/mateozc/Diplomado/Lab2/install/stage/share/stage/worlds/objects.inc
[1.321s] -- Up-to-date: /home/mateozc/Diplomado/Lab2/install/stage/share/stage/worlds/pantilt.inc
[1.323s] -- Up-to-date: /home/mateozc/Diplomado/Lab2/install/stage/share/stage/worlds/pioneer.inc
[1.324s] -- Up-to-date: /home/mateozc/Diplomado/Lab2/install/stage/share/stage/worlds/sick.inc
[1.325s] -- Up-to-date: /home/mateozc/Diplomado/Lab2/install/stage/share/stage/worlds/ubot.inc
[1.325s] -- Up-to-date: /home/mateozc/Diplomado/Lab2/install/stage/share/stage/worlds/uoa_robotics_lab_models.inc
[1.325s] -- Up-to-date: /home/mateozc/Diplomado/Lab2/install/stage/share/stage/worlds/walle.inc
[1.326s] -- Up-to-date: /home/mateozc/Diplomado/Lab2/install/stage/share/stage/worlds/cfggen.sh
[1.326s] -- Up-to-date: /home/mateozc/Diplomado/Lab2/install/stage/share/stage/worlds/test.sh
[1.326s] -- Up-to-date: /home/mateozc/Diplomado/Lab2/install/stage/share/stage/worlds/worldgen.sh
[1.327s] -- Up-to-date: /home/mateozc/Diplomado/Lab2/install/stage/lib/Stage-4.3/expand_swarm.so
[1.327s] -- Up-to-date: /home/mateozc/Diplomado/Lab2/install/stage/lib/Stage-4.3/expand_pioneer.so
[1.327s] -- Up-to-date: /home/mateozc/Diplomado/Lab2/install/stage/share/stage/worlds/bitmaps/889_05.png
[1.328s] -- Up-to-date: /home/mateozc/Diplomado/Lab2/install/stage/share/stage/worlds/bitmaps/SFU_1200x615.png
[1.328s] -- Up-to-date: /home/mateozc/Diplomado/Lab2/install/stage/share/stage/worlds/bitmaps/SRI-AIC-kwing.png
[1.328s] -- Up-to-date: /home/mateozc/Diplomado/Lab2/install/stage/share/stage/worlds/bitmaps/autolab.png
[1.329s] -- Up-to-date: /home/mateozc/Diplomado/Lab2/install/stage/share/stage/worlds/bitmaps/cave.png
[1.329s] -- Up-to-date: /home/mateozc/Diplomado/Lab2/install/stage/share/stage/worlds/bitmaps/cave_compact.png
[1.329s] -- Up-to-date: /home/mateozc/Diplomado/Lab2/install/stage/share/stage/worlds/bitmaps/cave_filled.png
[1.330s] -- Up-to-date: /home/mateozc/Diplomado/Lab2/install/stage/share/stage/worlds/bitmaps/frieburg.png
[1.330s] -- Up-to-date: /home/mateozc/Diplomado/Lab2/install/stage/share/stage/worlds/bitmaps/ghost.png
[1.331s] -- Up-to-date: /home/mateozc/Diplomado/Lab2/install/stage/share/stage/worlds/bitmaps/hospital.png
[1.331s] -- Up-to-date: /home/mateozc/Diplomado/Lab2/install/stage/share/stage/worlds/bitmaps/hospital_section.png
[1.335s] -- Up-to-date: /home/mateozc/Diplomado/Lab2/install/stage/share/stage/worlds/bitmaps/human_outline.png
[1.336s] -- Up-to-date: /home/mateozc/Diplomado/Lab2/install/stage/share/stage/worlds/bitmaps/mbicp.png
[1.337s] -- Up-to-date: /home/mateozc/Diplomado/Lab2/install/stage/share/stage/worlds/bitmaps/rink.png
[1.338s] -- Up-to-date: /home/mateozc/Diplomado/Lab2/install/stage/share/stage/worlds/bitmaps/sal2.png
[1.339s] -- Up-to-date: /home/mateozc/Diplomado/Lab2/install/stage/share/stage/worlds/bitmaps/simple_rooms.png
[1.340s] -- Up-to-date: /home/mateozc/Diplomado/Lab2/install/stage/share/stage/worlds/bitmaps/space_invader.png
[1.340s] -- Up-to-date: /home/mateozc/Diplomado/Lab2/install/stage/share/stage/worlds/bitmaps/submarine.png
[1.341s] -- Up-to-date: /home/mateozc/Diplomado/Lab2/install/stage/share/stage/worlds/bitmaps/submarine_small.png
[1.341s] -- Up-to-date: /home/mateozc/Diplomado/Lab2/install/stage/share/stage/worlds/bitmaps/table.png
[1.342s] -- Up-to-date: /home/mateozc/Diplomado/Lab2/install/stage/share/stage/worlds/bitmaps/uoa_robotics_lab.png
[1.343s] -- Up-to-date: /home/mateozc/Diplomado/Lab2/install/stage/share/stage/worlds/wifi/commando.world
[1.343s] -- Up-to-date: /home/mateozc/Diplomado/Lab2/install/stage/share/stage/worlds/wifi/hosp_wifi.world
[1.344s] -- Up-to-date: /home/mateozc/Diplomado/Lab2/install/stage/share/stage/worlds/wifi/hosp_wifi_5.world
[1.345s] -- Up-to-date: /home/mateozc/Diplomado/Lab2/install/stage/share/stage/worlds/wifi/wifi.world
[1.346s] -- Up-to-date: /home/mateozc/Diplomado/Lab2/install/stage/share/stage/worlds/wifi/wifi_itu.world
[1.346s] -- Up-to-date: /home/mateozc/Diplomado/Lab2/install/stage/share/stage/worlds/wifi/wifi_logdistance.world
[1.347s] -- Up-to-date: /home/mateozc/Diplomado/Lab2/install/stage/share/stage/worlds/wifi/wifi_ray.world
[1.347s] -- Up-to-date: /home/mateozc/Diplomado/Lab2/install/stage/share/stage/worlds/wifi/wifi_simple.world
[1.347s] -- Up-to-date: /home/mateozc/Diplomado/Lab2/install/stage/share/stage/worlds/wifi/map.inc
[1.348s] Invoked command in '/home/mateozc/Diplomado/Lab2/build/stage' returned '0': DEBUGINFOD_URLS=https://debuginfod.ubuntu.com /usr/bin/cmake --install /home/mateozc/Diplomado/Lab2/build/stage
