[0.037s] Invoking command in '/home/mateozc/Diplomado/Lab2/build/stage_ros2': CMAKE_PREFIX_PATH=/home/mateozc/Diplomado/Lab2/install/dqn_robot_nav:/opt/ros/jazzy:/home/mateozc/Diplomado/Lab2/install/stage:${CMAKE_PREFIX_PATH} DEBUGINFOD_URLS=https://debuginfod.ubuntu.com LD_LIBRARY_PATH=/home/mateozc/Diplomado/Lab2/install/stage/lib:${LD_LIBRARY_PATH} PATH=/home/mateozc/Diplomado/Lab2/install/stage/bin:${PATH} PKG_CONFIG_PATH=/home/mateozc/Diplomado/Lab2/install/stage/lib/x86_64-linux-gnu/pkgconfig:/home/mateozc/Diplomado/Lab2/install/stage/lib/pkgconfig ROS_PACKAGE_PATH=/home/mateozc/Diplomado/Lab2/install/stage/share /usr/bin/cmake /home/mateozc/Diplomado/Lab2/src/stage_ros2 -DAMENT_CMAKE_SYMLINK_INSTALL=1 -DCMAKE_INSTALL_PREFIX=/home/mateozc/Diplomado/Lab2/install/stage_ros2
[0.326s] -- The C compiler identification is GNU 13.3.0
[0.528s] -- The CXX compiler identification is GNU 13.3.0
[0.580s] -- Detecting C compiler ABI info
[0.820s] -- Detecting C compiler ABI info - done
[0.842s] -- Check for working C compiler: /usr/bin/cc - skipped
[0.846s] -- Detecting C compile features
[0.847s] -- Detecting C compile features - done
[0.874s] -- Detecting CXX compiler ABI info
[1.162s] -- Detecting CXX compiler ABI info - done
[1.192s] -- Check for working CXX compiler: /usr/bin/c++ - skipped
[1.193s] -- Detecting CXX compile features
[1.194s] -- Detecting CXX compile features - done
[1.205s] -- Found ament_cmake: 2.5.4 (/opt/ros/jazzy/share/ament_cmake/cmake)
[1.591s] -- Found Python3: /usr/bin/python3 (found version "3.12.3") found components: Interpreter 
[1.780s] -- Override CMake install command with custom implementation using symlinks instead of copying resources
[1.880s] -- Found rclcpp: 28.1.12 (/opt/ros/jazzy/share/rclcpp/cmake)
[2.008s] -- Found rosidl_generator_c: 4.6.6 (/opt/ros/jazzy/share/rosidl_generator_c/cmake)
[2.047s] -- Found rosidl_generator_cpp: 4.6.6 (/opt/ros/jazzy/share/rosidl_generator_cpp/cmake)
[2.094s] -- Using all available rosidl_typesupport_c: rosidl_typesupport_fastrtps_c;rosidl_typesupport_introspection_c
[2.144s] -- Using all available rosidl_typesupport_cpp: rosidl_typesupport_fastrtps_cpp;rosidl_typesupport_introspection_cpp
[2.549s] -- Found rmw_implementation_cmake: 7.3.2 (/opt/ros/jazzy/share/rmw_implementation_cmake/cmake)
[2.565s] -- Found rmw_fastrtps_cpp: 8.4.3 (/opt/ros/jazzy/share/rmw_fastrtps_cpp/cmake)
[3.018s] -- Found OpenSSL: /usr/lib/x86_64-linux-gnu/libcrypto.so (found version "3.0.13")  
[3.125s] -- Found FastRTPS: /opt/ros/jazzy/include (Required is at least version "2.13") 
[3.237s] -- Using RMW implementation 'rmw_fastrtps_cpp' as default
[3.444s] -- Found rclcpp_components: 28.1.12 (/opt/ros/jazzy/share/rclcpp_components/cmake)
[3.553s] -- Found sensor_msgs: 5.3.6 (/opt/ros/jazzy/share/sensor_msgs/cmake)
[3.719s] -- Found nav_msgs: 5.3.6 (/opt/ros/jazzy/share/nav_msgs/cmake)
[3.800s] -- Found tf2_ros: 0.36.16 (/opt/ros/jazzy/share/tf2_ros/cmake)
[4.069s] -- Found tf2_geometry_msgs: 0.36.16 (/opt/ros/jazzy/share/tf2_geometry_msgs/cmake)
[4.123s] -- Found eigen3_cmake_module: 0.3.0 (/opt/ros/jazzy/share/eigen3_cmake_module/cmake)
[4.126s] -- Found Eigen3: TRUE (found version "3.4.0") 
[4.126s] -- Ensuring Eigen3 include directory is part of orocos-kdl CMake target
[4.135s] -- Found std_srvs: 5.3.6 (/opt/ros/jazzy/share/std_srvs/cmake)
[4.197s] -- Found ament_lint_auto: 0.17.3 (/opt/ros/jazzy/share/ament_lint_auto/cmake)
[4.791s] -- Added test 'cppcheck' to perform static code analysis on C / C++ code
[4.794s] -- Configured cppcheck include dirs: /home/mateozc/Diplomado/Lab2/src/stage_ros2/./include;$<BUILD_INTERFACE:/home/mateozc/Diplomado/Lab2/src/stage_ros2/include>
[4.795s] -- Configured cppcheck exclude dirs and/or files: 
[4.804s] -- Added test 'flake8' to check Python code syntax and style conventions
[4.804s] -- Configured 'flake8' exclude dirs and/or files: 
[4.818s] -- Added test 'lint_cmake' to check CMake code style
[4.827s] -- Added test 'pep257' to check Python code against some of the docstring style conventions in PEP 257
[4.866s] -- Added test 'uncrustify' to check C / C++ code style
[4.867s] -- Configured uncrustify additional arguments: 
[4.873s] -- Added test 'xmllint' to check XML markup files
[4.912s] -- Added test 'clang_format' to check C / C++ code style
[4.920s] -- Added test 'pycodestyle' to check Python code against some of the style conventions in PEP 8
[4.930s] -- Configuring done (4.9s)
[5.078s] -- Generating done (0.1s)
[5.127s] -- Build files have been written to: /home/mateozc/Diplomado/Lab2/build/stage_ros2
[5.173s] Invoked command in '/home/mateozc/Diplomado/Lab2/build/stage_ros2' returned '0': CMAKE_PREFIX_PATH=/home/mateozc/Diplomado/Lab2/install/dqn_robot_nav:/opt/ros/jazzy:/home/mateozc/Diplomado/Lab2/install/stage:${CMAKE_PREFIX_PATH} DEBUGINFOD_URLS=https://debuginfod.ubuntu.com LD_LIBRARY_PATH=/home/mateozc/Diplomado/Lab2/install/stage/lib:${LD_LIBRARY_PATH} PATH=/home/mateozc/Diplomado/Lab2/install/stage/bin:${PATH} PKG_CONFIG_PATH=/home/mateozc/Diplomado/Lab2/install/stage/lib/x86_64-linux-gnu/pkgconfig:/home/mateozc/Diplomado/Lab2/install/stage/lib/pkgconfig ROS_PACKAGE_PATH=/home/mateozc/Diplomado/Lab2/install/stage/share /usr/bin/cmake /home/mateozc/Diplomado/Lab2/src/stage_ros2 -DAMENT_CMAKE_SYMLINK_INSTALL=1 -DCMAKE_INSTALL_PREFIX=/home/mateozc/Diplomado/Lab2/install/stage_ros2
[5.179s] Invoking command in '/home/mateozc/Diplomado/Lab2/build/stage_ros2': CMAKE_PREFIX_PATH=/home/mateozc/Diplomado/Lab2/install/dqn_robot_nav:/opt/ros/jazzy:/home/mateozc/Diplomado/Lab2/install/stage:${CMAKE_PREFIX_PATH} DEBUGINFOD_URLS=https://debuginfod.ubuntu.com LD_LIBRARY_PATH=/home/mateozc/Diplomado/Lab2/install/stage/lib:${LD_LIBRARY_PATH} PATH=/home/mateozc/Diplomado/Lab2/install/stage/bin:${PATH} PKG_CONFIG_PATH=/home/mateozc/Diplomado/Lab2/install/stage/lib/x86_64-linux-gnu/pkgconfig:/home/mateozc/Diplomado/Lab2/install/stage/lib/pkgconfig ROS_PACKAGE_PATH=/home/mateozc/Diplomado/Lab2/install/stage/share /usr/bin/cmake --build /home/mateozc/Diplomado/Lab2/build/stage_ros2 -- -j4 -l4
[5.347s] [ 14%] [32mBuilding CXX object CMakeFiles/stage_node.dir/src/vehicle.cpp.o[0m
[5.353s] [ 28%] [32mBuilding CXX object CMakeFiles/stage_node.dir/src/stage_node.cpp.o[0m
[37.302s] [ 42%] [32mBuilding CXX object CMakeFiles/stage_node.dir/src/camera.cpp.o[0m
[37.309s] [ 57%] [32mBuilding CXX object CMakeFiles/stage_node.dir/src/ranger.cpp.o[0m
[70.225s] [ 71%] [32m[1mLinking CXX shared library libstage_node.so[0m
[72.598s] [ 71%] Built target stage_node
[72.650s] [ 85%] [32mBuilding CXX object CMakeFiles/stage_ros2.dir/src/main.cpp.o[0m
[86.507s] [100%] [32m[1mLinking CXX executable stage_ros2[0m
[88.092s] [100%] Built target stage_ros2
[88.127s] Invoked command in '/home/mateozc/Diplomado/Lab2/build/stage_ros2' returned '0': CMAKE_PREFIX_PATH=/home/mateozc/Diplomado/Lab2/install/dqn_robot_nav:/opt/ros/jazzy:/home/mateozc/Diplomado/Lab2/install/stage:${CMAKE_PREFIX_PATH} DEBUGINFOD_URLS=https://debuginfod.ubuntu.com LD_LIBRARY_PATH=/home/mateozc/Diplomado/Lab2/install/stage/lib:${LD_LIBRARY_PATH} PATH=/home/mateozc/Diplomado/Lab2/install/stage/bin:${PATH} PKG_CONFIG_PATH=/home/mateozc/Diplomado/Lab2/install/stage/lib/x86_64-linux-gnu/pkgconfig:/home/mateozc/Diplomado/Lab2/install/stage/lib/pkgconfig ROS_PACKAGE_PATH=/home/mateozc/Diplomado/Lab2/install/stage/share /usr/bin/cmake --build /home/mateozc/Diplomado/Lab2/build/stage_ros2 -- -j4 -l4
[88.130s] Invoking command in '/home/mateozc/Diplomado/Lab2/build/stage_ros2': CMAKE_PREFIX_PATH=/home/mateozc/Diplomado/Lab2/install/dqn_robot_nav:/opt/ros/jazzy:/home/mateozc/Diplomado/Lab2/install/stage:${CMAKE_PREFIX_PATH} DEBUGINFOD_URLS=https://debuginfod.ubuntu.com LD_LIBRARY_PATH=/home/mateozc/Diplomado/Lab2/install/stage/lib:${LD_LIBRARY_PATH} PATH=/home/mateozc/Diplomado/Lab2/install/stage/bin:${PATH} PKG_CONFIG_PATH=/home/mateozc/Diplomado/Lab2/install/stage/lib/x86_64-linux-gnu/pkgconfig:/home/mateozc/Diplomado/Lab2/install/stage/lib/pkgconfig ROS_PACKAGE_PATH=/home/mateozc/Diplomado/Lab2/install/stage/share /usr/bin/cmake --install /home/mateozc/Diplomado/Lab2/build/stage_ros2
[88.150s] -- Install configuration: ""
[88.151s] -- Execute custom install script
[88.152s] -- Symlinking: /home/mateozc/Diplomado/Lab2/install/stage_ros2/share/stage_ros2/environment/library_path.sh
[88.174s] -- Symlinking: /home/mateozc/Diplomado/Lab2/install/stage_ros2/share/stage_ros2/environment/library_path.dsv
[88.198s] -- Symlinking: /home/mateozc/Diplomado/Lab2/install/stage_ros2/share/stage_ros2//launch/demo.launch.py
[88.219s] -- Symlinking: /home/mateozc/Diplomado/Lab2/install/stage_ros2/share/stage_ros2//launch/f710.launch.py
[88.241s] -- Symlinking: /home/mateozc/Diplomado/Lab2/install/stage_ros2/share/stage_ros2//launch/rviz.launch.py
[88.262s] -- Symlinking: /home/mateozc/Diplomado/Lab2/install/stage_ros2/share/stage_ros2//launch/rviz_ns.launch.py
[88.287s] -- Symlinking: /home/mateozc/Diplomado/Lab2/install/stage_ros2/share/stage_ros2//launch/stage.launch.py
[88.310s] -- Symlinking: /home/mateozc/Diplomado/Lab2/install/stage_ros2/share/stage_ros2//world/bitmaps/cave.png
[88.332s] -- Symlinking: /home/mateozc/Diplomado/Lab2/install/stage_ros2/share/stage_ros2//world/bitmaps/hallway.pgm
[88.361s] -- Symlinking: /home/mateozc/Diplomado/Lab2/install/stage_ros2/share/stage_ros2//world/bitmaps/hallway.png
[88.408s] -- Symlinking: /home/mateozc/Diplomado/Lab2/install/stage_ros2/share/stage_ros2//world/bitmaps/line.png
[88.450s] -- Symlinking: /home/mateozc/Diplomado/Lab2/install/stage_ros2/share/stage_ros2//world/bitmaps/straden.png
[88.495s] -- Symlinking: /home/mateozc/Diplomado/Lab2/install/stage_ros2/share/stage_ros2//world/bitmaps/warehouse008.pgm
[88.539s] -- Symlinking: /home/mateozc/Diplomado/Lab2/install/stage_ros2/share/stage_ros2//world/bitmaps/warehouse032.pgm
[88.582s] -- Symlinking: /home/mateozc/Diplomado/Lab2/install/stage_ros2/share/stage_ros2//world/bitmaps/warehouse200.pgm
[88.638s] -- Symlinking: /home/mateozc/Diplomado/Lab2/install/stage_ros2/share/stage_ros2//world/bitmaps/willow-full.pgm
[88.696s] -- Symlinking: /home/mateozc/Diplomado/Lab2/install/stage_ros2/share/stage_ros2//world/cave.world
[88.747s] -- Symlinking: /home/mateozc/Diplomado/Lab2/install/stage_ros2/share/stage_ros2//world/cave_multi.world
[88.795s] -- Symlinking: /home/mateozc/Diplomado/Lab2/install/stage_ros2/share/stage_ros2//world/cave_seven_robots.world
[88.854s] -- Symlinking: /home/mateozc/Diplomado/Lab2/install/stage_ros2/share/stage_ros2//world/cave_three_robots.world
[88.916s] -- Symlinking: /home/mateozc/Diplomado/Lab2/install/stage_ros2/share/stage_ros2//world/hallway.world
[88.978s] -- Symlinking: /home/mateozc/Diplomado/Lab2/install/stage_ros2/share/stage_ros2//world/include/pioneer2dx.inc
[89.039s] -- Symlinking: /home/mateozc/Diplomado/Lab2/install/stage_ros2/share/stage_ros2//world/include/robots.inc
[89.128s] -- Symlinking: /home/mateozc/Diplomado/Lab2/install/stage_ros2/share/stage_ros2//world/lines.world
[89.190s] -- Symlinking: /home/mateozc/Diplomado/Lab2/install/stage_ros2/share/stage_ros2//world/straden.world
[89.250s] -- Symlinking: /home/mateozc/Diplomado/Lab2/install/stage_ros2/share/stage_ros2//world/willow-four-erratics-multisensor.world
[89.314s] -- Symlinking: /home/mateozc/Diplomado/Lab2/install/stage_ros2/share/stage_ros2//config/rviz/cave.rviz
[89.365s] -- Symlinking: /home/mateozc/Diplomado/Lab2/install/stage_ros2/share/stage_ros2//config/rviz/cave_seven_robots.rviz
[89.399s] -- Symlinking: /home/mateozc/Diplomado/Lab2/install/stage_ros2/share/stage_ros2//config/rviz/cave_three_robots.rviz
[89.431s] -- Symlinking: /home/mateozc/Diplomado/Lab2/install/stage_ros2/share/stage_ros2//config/rviz/lines.rviz
[89.462s] -- Symlinking: /home/mateozc/Diplomado/Lab2/install/stage_ros2/share/stage_ros2//config/rviz/robot0.rviz
[89.498s] -- Symlinking: /home/mateozc/Diplomado/Lab2/install/stage_ros2/share/stage_ros2//config/rviz/robot_ns.rviz
[89.528s] -- Symlinking: /home/mateozc/Diplomado/Lab2/install/stage_ros2/share/stage_ros2//config/rviz/robot_ns_depth.rviz
[89.560s] -- Symlinking: /home/mateozc/Diplomado/Lab2/install/stage_ros2/share/stage_ros2//config/teleop_twist_joy/f710.config.yaml
[89.589s] -- Symlinking: /home/mateozc/Diplomado/Lab2/install/stage_ros2/lib/libstage_node.so
[89.618s] -- Symlinking: /home/mateozc/Diplomado/Lab2/install/stage_ros2/lib/stage_ros2/stage_ros2
[89.655s] -- Symlinking: /home/mateozc/Diplomado/Lab2/install/stage_ros2/share/ament_index/resource_index/package_run_dependencies/stage_ros2
[89.687s] -- Symlinking: /home/mateozc/Diplomado/Lab2/install/stage_ros2/share/ament_index/resource_index/parent_prefix_path/stage_ros2
[89.715s] -- Symlinking: /home/mateozc/Diplomado/Lab2/install/stage_ros2/share/stage_ros2/environment/ament_prefix_path.sh
[89.745s] -- Symlinking: /home/mateozc/Diplomado/Lab2/install/stage_ros2/share/stage_ros2/environment/ament_prefix_path.dsv
[89.775s] -- Symlinking: /home/mateozc/Diplomado/Lab2/install/stage_ros2/share/stage_ros2/environment/path.sh
[89.810s] -- Symlinking: /home/mateozc/Diplomado/Lab2/install/stage_ros2/share/stage_ros2/environment/path.dsv
[89.841s] -- Symlinking: /home/mateozc/Diplomado/Lab2/install/stage_ros2/share/stage_ros2/local_setup.bash
[89.873s] -- Symlinking: /home/mateozc/Diplomado/Lab2/install/stage_ros2/share/stage_ros2/local_setup.sh
[89.906s] -- Symlinking: /home/mateozc/Diplomado/Lab2/install/stage_ros2/share/stage_ros2/local_setup.zsh
[89.938s] -- Symlinking: /home/mateozc/Diplomado/Lab2/install/stage_ros2/share/stage_ros2/local_setup.dsv
[89.967s] -- Symlinking: /home/mateozc/Diplomado/Lab2/install/stage_ros2/share/stage_ros2/package.dsv
[90.000s] -- Symlinking: /home/mateozc/Diplomado/Lab2/install/stage_ros2/share/ament_index/resource_index/packages/stage_ros2
[90.029s] -- Symlinking: /home/mateozc/Diplomado/Lab2/install/stage_ros2/share/stage_ros2/cmake/stage_ros2Config.cmake
[90.066s] -- Symlinking: /home/mateozc/Diplomado/Lab2/install/stage_ros2/share/stage_ros2/cmake/stage_ros2Config-version.cmake
[90.093s] -- Symlinking: /home/mateozc/Diplomado/Lab2/install/stage_ros2/share/stage_ros2/package.xml
[90.130s] Invoked command in '/home/mateozc/Diplomado/Lab2/build/stage_ros2' returned '0': CMAKE_PREFIX_PATH=/home/mateozc/Diplomado/Lab2/install/dqn_robot_nav:/opt/ros/jazzy:/home/mateozc/Diplomado/Lab2/install/stage:${CMAKE_PREFIX_PATH} DEBUGINFOD_URLS=https://debuginfod.ubuntu.com LD_LIBRARY_PATH=/home/mateozc/Diplomado/Lab2/install/stage/lib:${LD_LIBRARY_PATH} PATH=/home/mateozc/Diplomado/Lab2/install/stage/bin:${PATH} PKG_CONFIG_PATH=/home/mateozc/Diplomado/Lab2/install/stage/lib/x86_64-linux-gnu/pkgconfig:/home/mateozc/Diplomado/Lab2/install/stage/lib/pkgconfig ROS_PACKAGE_PATH=/home/mateozc/Diplomado/Lab2/install/stage/share /usr/bin/cmake --install /home/mateozc/Diplomado/Lab2/build/stage_ros2
