[0.045s] Invoking command in '/home/mateozc/Diplomado/Lab2/build/stage_ros2': CMAKE_PREFIX_PATH=/home/mateozc/Diplomado/Lab2/install/dqn_robot_nav:/opt/ros/jazzy:/home/mateozc/Diplomado/Lab2/install/stage:/home/mateozc/Diplomado/Lab2/install/stage_ros2:/opt/ros/jazzy/opt/gz_sim_vendor:/opt/ros/jazzy/opt/gz_sensors_vendor:/opt/ros/jazzy/opt/gz_physics_vendor:/opt/ros/jazzy/opt/sdformat_vendor:/opt/ros/jazzy/opt/gz_gui_vendor:/opt/ros/jazzy/opt/gz_transport_vendor:/opt/ros/jazzy/opt/gz_rendering_vendor:/opt/ros/jazzy/opt/gz_plugin_vendor:/opt/ros/jazzy/opt/gz_fuel_tools_vendor:/opt/ros/jazzy/opt/gz_msgs_vendor:/opt/ros/jazzy/opt/gz_common_vendor:/opt/ros/jazzy/opt/gz_math_vendor:/opt/ros/jazzy/opt/gz_utils_vendor:/opt/ros/jazzy/opt/gz_tools_vendor:/opt/ros/jazzy/opt/gz_ogre_next_vendor:/opt/ros/jazzy/opt/gz_dartsim_vendor:/opt/ros/jazzy/opt/gz_cmake_vendor DEBUGINFOD_URLS=https://debuginfod.ubuntu.com LD_LIBRARY_PATH=/home/mateozc/Diplomado/Lab2/install/stage/lib:/home/mateozc/Diplomado/Lab2/install/stage_ros2/lib:/opt/ros/jazzy/opt/gz_sim_vendor/lib:/opt/ros/jazzy/opt/gz_sensors_vendor/lib:/opt/ros/jazzy/opt/gz_physics_vendor/lib:/opt/ros/jazzy/opt/sdformat_vendor/lib:/opt/ros/jazzy/opt/rviz_ogre_vendor/lib:/opt/ros/jazzy/lib/x86_64-linux-gnu:/opt/ros/jazzy/opt/gz_gui_vendor/lib:/opt/ros/jazzy/opt/gz_transport_vendor/lib:/opt/ros/jazzy/opt/gz_rendering_vendor/lib:/opt/ros/jazzy/opt/gz_plugin_vendor/lib:/opt/ros/jazzy/opt/gz_fuel_tools_vendor/lib:/opt/ros/jazzy/opt/gz_msgs_vendor/lib:/opt/ros/jazzy/opt/gz_common_vendor/lib:/opt/ros/jazzy/opt/gz_math_vendor/lib:/opt/ros/jazzy/opt/gz_utils_vendor/lib:/opt/ros/jazzy/opt/gz_tools_vendor/lib:/opt/ros/jazzy/opt/gz_ogre_next_vendor/lib:/opt/ros/jazzy/opt/gz_dartsim_vendor/lib:/opt/ros/jazzy/opt/gz_cmake_vendor/lib:/opt/ros/jazzy/lib /usr/bin/cmake --build /home/mateozc/Diplomado/Lab2/build/stage_ros2 -- -j4 -l4
[0.294s] [ 71%] Built target stage_node
[0.391s] [100%] Built target stage_ros2
[0.423s] Invoked command in '/home/mateozc/Diplomado/Lab2/build/stage_ros2' returned '0': CMAKE_PREFIX_PATH=/home/mateozc/Diplomado/Lab2/install/dqn_robot_nav:/opt/ros/jazzy:/home/mateozc/Diplomado/Lab2/install/stage:/home/mateozc/Diplomado/Lab2/install/stage_ros2:/opt/ros/jazzy/opt/gz_sim_vendor:/opt/ros/jazzy/opt/gz_sensors_vendor:/opt/ros/jazzy/opt/gz_physics_vendor:/opt/ros/jazzy/opt/sdformat_vendor:/opt/ros/jazzy/opt/gz_gui_vendor:/opt/ros/jazzy/opt/gz_transport_vendor:/opt/ros/jazzy/opt/gz_rendering_vendor:/opt/ros/jazzy/opt/gz_plugin_vendor:/opt/ros/jazzy/opt/gz_fuel_tools_vendor:/opt/ros/jazzy/opt/gz_msgs_vendor:/opt/ros/jazzy/opt/gz_common_vendor:/opt/ros/jazzy/opt/gz_math_vendor:/opt/ros/jazzy/opt/gz_utils_vendor:/opt/ros/jazzy/opt/gz_tools_vendor:/opt/ros/jazzy/opt/gz_ogre_next_vendor:/opt/ros/jazzy/opt/gz_dartsim_vendor:/opt/ros/jazzy/opt/gz_cmake_vendor DEBUGINFOD_URLS=https://debuginfod.ubuntu.com LD_LIBRARY_PATH=/home/mateozc/Diplomado/Lab2/install/stage/lib:/home/mateozc/Diplomado/Lab2/install/stage_ros2/lib:/opt/ros/jazzy/opt/gz_sim_vendor/lib:/opt/ros/jazzy/opt/gz_sensors_vendor/lib:/opt/ros/jazzy/opt/gz_physics_vendor/lib:/opt/ros/jazzy/opt/sdformat_vendor/lib:/opt/ros/jazzy/opt/rviz_ogre_vendor/lib:/opt/ros/jazzy/lib/x86_64-linux-gnu:/opt/ros/jazzy/opt/gz_gui_vendor/lib:/opt/ros/jazzy/opt/gz_transport_vendor/lib:/opt/ros/jazzy/opt/gz_rendering_vendor/lib:/opt/ros/jazzy/opt/gz_plugin_vendor/lib:/opt/ros/jazzy/opt/gz_fuel_tools_vendor/lib:/opt/ros/jazzy/opt/gz_msgs_vendor/lib:/opt/ros/jazzy/opt/gz_common_vendor/lib:/opt/ros/jazzy/opt/gz_math_vendor/lib:/opt/ros/jazzy/opt/gz_utils_vendor/lib:/opt/ros/jazzy/opt/gz_tools_vendor/lib:/opt/ros/jazzy/opt/gz_ogre_next_vendor/lib:/opt/ros/jazzy/opt/gz_dartsim_vendor/lib:/opt/ros/jazzy/opt/gz_cmake_vendor/lib:/opt/ros/jazzy/lib /usr/bin/cmake --build /home/mateozc/Diplomado/Lab2/build/stage_ros2 -- -j4 -l4
[0.426s] Invoking command in '/home/mateozc/Diplomado/Lab2/build/stage_ros2': CMAKE_PREFIX_PATH=/home/mateozc/Diplomado/Lab2/install/dqn_robot_nav:/opt/ros/jazzy:/home/mateozc/Diplomado/Lab2/install/stage:/home/mateozc/Diplomado/Lab2/install/stage_ros2:/opt/ros/jazzy/opt/gz_sim_vendor:/opt/ros/jazzy/opt/gz_sensors_vendor:/opt/ros/jazzy/opt/gz_physics_vendor:/opt/ros/jazzy/opt/sdformat_vendor:/opt/ros/jazzy/opt/gz_gui_vendor:/opt/ros/jazzy/opt/gz_transport_vendor:/opt/ros/jazzy/opt/gz_rendering_vendor:/opt/ros/jazzy/opt/gz_plugin_vendor:/opt/ros/jazzy/opt/gz_fuel_tools_vendor:/opt/ros/jazzy/opt/gz_msgs_vendor:/opt/ros/jazzy/opt/gz_common_vendor:/opt/ros/jazzy/opt/gz_math_vendor:/opt/ros/jazzy/opt/gz_utils_vendor:/opt/ros/jazzy/opt/gz_tools_vendor:/opt/ros/jazzy/opt/gz_ogre_next_vendor:/opt/ros/jazzy/opt/gz_dartsim_vendor:/opt/ros/jazzy/opt/gz_cmake_vendor DEBUGINFOD_URLS=https://debuginfod.ubuntu.com LD_LIBRARY_PATH=/home/mateozc/Diplomado/Lab2/install/stage/lib:/home/mateozc/Diplomado/Lab2/install/stage_ros2/lib:/opt/ros/jazzy/opt/gz_sim_vendor/lib:/opt/ros/jazzy/opt/gz_sensors_vendor/lib:/opt/ros/jazzy/opt/gz_physics_vendor/lib:/opt/ros/jazzy/opt/sdformat_vendor/lib:/opt/ros/jazzy/opt/rviz_ogre_vendor/lib:/opt/ros/jazzy/lib/x86_64-linux-gnu:/opt/ros/jazzy/opt/gz_gui_vendor/lib:/opt/ros/jazzy/opt/gz_transport_vendor/lib:/opt/ros/jazzy/opt/gz_rendering_vendor/lib:/opt/ros/jazzy/opt/gz_plugin_vendor/lib:/opt/ros/jazzy/opt/gz_fuel_tools_vendor/lib:/opt/ros/jazzy/opt/gz_msgs_vendor/lib:/opt/ros/jazzy/opt/gz_common_vendor/lib:/opt/ros/jazzy/opt/gz_math_vendor/lib:/opt/ros/jazzy/opt/gz_utils_vendor/lib:/opt/ros/jazzy/opt/gz_tools_vendor/lib:/opt/ros/jazzy/opt/gz_ogre_next_vendor/lib:/opt/ros/jazzy/opt/gz_dartsim_vendor/lib:/opt/ros/jazzy/opt/gz_cmake_vendor/lib:/opt/ros/jazzy/lib /usr/bin/cmake --install /home/mateozc/Diplomado/Lab2/build/stage_ros2
[0.451s] -- Install configuration: ""
[0.452s] -- Execute custom install script
[0.453s] -- Up-to-date symlink: /home/mateozc/Diplomado/Lab2/install/stage_ros2/share/stage_ros2/environment/library_path.sh
[0.454s] -- Up-to-date symlink: /home/mateozc/Diplomado/Lab2/install/stage_ros2/share/stage_ros2/environment/library_path.dsv
[0.455s] -- Up-to-date symlink: /home/mateozc/Diplomado/Lab2/install/stage_ros2/share/stage_ros2//launch/demo.launch.py
[0.456s] -- Up-to-date symlink: /home/mateozc/Diplomado/Lab2/install/stage_ros2/share/stage_ros2//launch/f710.launch.py
[0.456s] -- Up-to-date symlink: /home/mateozc/Diplomado/Lab2/install/stage_ros2/share/stage_ros2//launch/rviz.launch.py
[0.457s] -- Up-to-date symlink: /home/mateozc/Diplomado/Lab2/install/stage_ros2/share/stage_ros2//launch/rviz_ns.launch.py
[0.457s] -- Up-to-date symlink: /home/mateozc/Diplomado/Lab2/install/stage_ros2/share/stage_ros2//launch/stage.launch.py
[0.459s] -- Up-to-date symlink: /home/mateozc/Diplomado/Lab2/install/stage_ros2/share/stage_ros2//world/bitmaps/cave.png
[0.459s] -- Up-to-date symlink: /home/mateozc/Diplomado/Lab2/install/stage_ros2/share/stage_ros2//world/bitmaps/hallway.pgm
[0.460s] -- Up-to-date symlink: /home/mateozc/Diplomado/Lab2/install/stage_ros2/share/stage_ros2//world/bitmaps/hallway.png
[0.460s] -- Up-to-date symlink: /home/mateozc/Diplomado/Lab2/install/stage_ros2/share/stage_ros2//world/bitmaps/line.png
[0.461s] -- Up-to-date symlink: /home/mateozc/Diplomado/Lab2/install/stage_ros2/share/stage_ros2//world/bitmaps/straden.png
[0.461s] -- Up-to-date symlink: /home/mateozc/Diplomado/Lab2/install/stage_ros2/share/stage_ros2//world/bitmaps/warehouse008.pgm
[0.462s] -- Up-to-date symlink: /home/mateozc/Diplomado/Lab2/install/stage_ros2/share/stage_ros2//world/bitmaps/warehouse032.pgm
[0.462s] -- Up-to-date symlink: /home/mateozc/Diplomado/Lab2/install/stage_ros2/share/stage_ros2//world/bitmaps/warehouse200.pgm
[0.463s] -- Up-to-date symlink: /home/mateozc/Diplomado/Lab2/install/stage_ros2/share/stage_ros2//world/bitmaps/willow-full.pgm
[0.463s] -- Up-to-date symlink: /home/mateozc/Diplomado/Lab2/install/stage_ros2/share/stage_ros2//world/cave.world
[0.464s] -- Up-to-date symlink: /home/mateozc/Diplomado/Lab2/install/stage_ros2/share/stage_ros2//world/cave_multi.world
[0.464s] -- Up-to-date symlink: /home/mateozc/Diplomado/Lab2/install/stage_ros2/share/stage_ros2//world/cave_seven_robots.world
[0.465s] -- Up-to-date symlink: /home/mateozc/Diplomado/Lab2/install/stage_ros2/share/stage_ros2//world/cave_three_robots.world
[0.465s] -- Up-to-date symlink: /home/mateozc/Diplomado/Lab2/install/stage_ros2/share/stage_ros2//world/hallway.world
[0.466s] -- Up-to-date symlink: /home/mateozc/Diplomado/Lab2/install/stage_ros2/share/stage_ros2//world/include/pioneer2dx.inc
[0.466s] -- Up-to-date symlink: /home/mateozc/Diplomado/Lab2/install/stage_ros2/share/stage_ros2//world/include/robots.inc
[0.467s] -- Up-to-date symlink: /home/mateozc/Diplomado/Lab2/install/stage_ros2/share/stage_ros2//world/lines.world
[0.467s] -- Up-to-date symlink: /home/mateozc/Diplomado/Lab2/install/stage_ros2/share/stage_ros2//world/straden.world
[0.467s] -- Up-to-date symlink: /home/mateozc/Diplomado/Lab2/install/stage_ros2/share/stage_ros2//world/willow-four-erratics-multisensor.world
[0.469s] -- Up-to-date symlink: /home/mateozc/Diplomado/Lab2/install/stage_ros2/share/stage_ros2//config/rviz/cave.rviz
[0.471s] -- Up-to-date symlink: /home/mateozc/Diplomado/Lab2/install/stage_ros2/share/stage_ros2//config/rviz/cave_seven_robots.rviz
[0.471s] -- Up-to-date symlink: /home/mateozc/Diplomado/Lab2/install/stage_ros2/share/stage_ros2//config/rviz/cave_three_robots.rviz
[0.474s] -- Up-to-date symlink: /home/mateozc/Diplomado/Lab2/install/stage_ros2/share/stage_ros2//config/rviz/lines.rviz
[0.474s] -- Up-to-date symlink: /home/mateozc/Diplomado/Lab2/install/stage_ros2/share/stage_ros2//config/rviz/robot0.rviz
[0.475s] -- Up-to-date symlink: /home/mateozc/Diplomado/Lab2/install/stage_ros2/share/stage_ros2//config/rviz/robot_ns.rviz
[0.475s] -- Up-to-date symlink: /home/mateozc/Diplomado/Lab2/install/stage_ros2/share/stage_ros2//config/rviz/robot_ns_depth.rviz
[0.476s] -- Up-to-date symlink: /home/mateozc/Diplomado/Lab2/install/stage_ros2/share/stage_ros2//config/teleop_twist_joy/f710.config.yaml
[0.476s] -- Up-to-date symlink: /home/mateozc/Diplomado/Lab2/install/stage_ros2/lib/libstage_node.so
[0.476s] -- Up-to-date symlink: /home/mateozc/Diplomado/Lab2/install/stage_ros2/lib/stage_ros2/stage_ros2
[0.477s] -- Up-to-date symlink: /home/mateozc/Diplomado/Lab2/install/stage_ros2/share/ament_index/resource_index/package_run_dependencies/stage_ros2
[0.477s] -- Up-to-date symlink: /home/mateozc/Diplomado/Lab2/install/stage_ros2/share/ament_index/resource_index/parent_prefix_path/stage_ros2
[0.477s] -- Up-to-date symlink: /home/mateozc/Diplomado/Lab2/install/stage_ros2/share/stage_ros2/environment/ament_prefix_path.sh
[0.478s] -- Up-to-date symlink: /home/mateozc/Diplomado/Lab2/install/stage_ros2/share/stage_ros2/environment/ament_prefix_path.dsv
[0.478s] -- Up-to-date symlink: /home/mateozc/Diplomado/Lab2/install/stage_ros2/share/stage_ros2/environment/path.sh
[0.479s] -- Up-to-date symlink: /home/mateozc/Diplomado/Lab2/install/stage_ros2/share/stage_ros2/environment/path.dsv
[0.480s] -- Up-to-date symlink: /home/mateozc/Diplomado/Lab2/install/stage_ros2/share/stage_ros2/local_setup.bash
[0.480s] -- Up-to-date symlink: /home/mateozc/Diplomado/Lab2/install/stage_ros2/share/stage_ros2/local_setup.sh
[0.481s] -- Up-to-date symlink: /home/mateozc/Diplomado/Lab2/install/stage_ros2/share/stage_ros2/local_setup.zsh
[0.482s] -- Up-to-date symlink: /home/mateozc/Diplomado/Lab2/install/stage_ros2/share/stage_ros2/local_setup.dsv
[0.482s] -- Symlinking: /home/mateozc/Diplomado/Lab2/install/stage_ros2/share/stage_ros2/package.dsv
[0.516s] -- Up-to-date symlink: /home/mateozc/Diplomado/Lab2/install/stage_ros2/share/ament_index/resource_index/packages/stage_ros2
[0.517s] -- Up-to-date symlink: /home/mateozc/Diplomado/Lab2/install/stage_ros2/share/stage_ros2/cmake/stage_ros2Config.cmake
[0.518s] -- Up-to-date symlink: /home/mateozc/Diplomado/Lab2/install/stage_ros2/share/stage_ros2/cmake/stage_ros2Config-version.cmake
[0.518s] -- Up-to-date symlink: /home/mateozc/Diplomado/Lab2/install/stage_ros2/share/stage_ros2/package.xml
[0.525s] Invoked command in '/home/mateozc/Diplomado/Lab2/build/stage_ros2' returned '0': CMAKE_PREFIX_PATH=/home/mateozc/Diplomado/Lab2/install/dqn_robot_nav:/opt/ros/jazzy:/home/mateozc/Diplomado/Lab2/install/stage:/home/mateozc/Diplomado/Lab2/install/stage_ros2:/opt/ros/jazzy/opt/gz_sim_vendor:/opt/ros/jazzy/opt/gz_sensors_vendor:/opt/ros/jazzy/opt/gz_physics_vendor:/opt/ros/jazzy/opt/sdformat_vendor:/opt/ros/jazzy/opt/gz_gui_vendor:/opt/ros/jazzy/opt/gz_transport_vendor:/opt/ros/jazzy/opt/gz_rendering_vendor:/opt/ros/jazzy/opt/gz_plugin_vendor:/opt/ros/jazzy/opt/gz_fuel_tools_vendor:/opt/ros/jazzy/opt/gz_msgs_vendor:/opt/ros/jazzy/opt/gz_common_vendor:/opt/ros/jazzy/opt/gz_math_vendor:/opt/ros/jazzy/opt/gz_utils_vendor:/opt/ros/jazzy/opt/gz_tools_vendor:/opt/ros/jazzy/opt/gz_ogre_next_vendor:/opt/ros/jazzy/opt/gz_dartsim_vendor:/opt/ros/jazzy/opt/gz_cmake_vendor DEBUGINFOD_URLS=https://debuginfod.ubuntu.com LD_LIBRARY_PATH=/home/mateozc/Diplomado/Lab2/install/stage/lib:/home/mateozc/Diplomado/Lab2/install/stage_ros2/lib:/opt/ros/jazzy/opt/gz_sim_vendor/lib:/opt/ros/jazzy/opt/gz_sensors_vendor/lib:/opt/ros/jazzy/opt/gz_physics_vendor/lib:/opt/ros/jazzy/opt/sdformat_vendor/lib:/opt/ros/jazzy/opt/rviz_ogre_vendor/lib:/opt/ros/jazzy/lib/x86_64-linux-gnu:/opt/ros/jazzy/opt/gz_gui_vendor/lib:/opt/ros/jazzy/opt/gz_transport_vendor/lib:/opt/ros/jazzy/opt/gz_rendering_vendor/lib:/opt/ros/jazzy/opt/gz_plugin_vendor/lib:/opt/ros/jazzy/opt/gz_fuel_tools_vendor/lib:/opt/ros/jazzy/opt/gz_msgs_vendor/lib:/opt/ros/jazzy/opt/gz_common_vendor/lib:/opt/ros/jazzy/opt/gz_math_vendor/lib:/opt/ros/jazzy/opt/gz_utils_vendor/lib:/opt/ros/jazzy/opt/gz_tools_vendor/lib:/opt/ros/jazzy/opt/gz_ogre_next_vendor/lib:/opt/ros/jazzy/opt/gz_dartsim_vendor/lib:/opt/ros/jazzy/opt/gz_cmake_vendor/lib:/opt/ros/jazzy/lib /usr/bin/cmake --install /home/mateozc/Diplomado/Lab2/build/stage_ros2
