[0.119s] Invoking command in '/home/mateozc/Diplomado/Lab2/build/stage': DEBUGINFOD_URLS=https://debuginfod.ubuntu.com /usr/bin/cmake --build /home/mateozc/Diplomado/Lab2/build/stage -- -j4 -l4
[1.115s] [ 57%] Built target stage
[1.587s] [ 61%] Built target stagebinary
[2.197s] [ 64%] Built target source
[2.704s] [ 67%] Built target wander
[3.139s] [ 71%] Built target pioneer_flocking
[3.440s] [ 74%] Built target rasterize
[3.875s] [ 77%] Built target lasernoise
[4.254s] [ 81%] Built target dynamic
[4.449s] [ 86%] Built target fasr2
[4.659s] [ 89%] Built target expand_swarm
[4.876s] [ 93%] Built target expand_pioneer
[5.082s] [ 96%] Built target sink
[5.280s] [100%] Built target fasr
[5.400s] Invoked command in '/home/mateozc/Diplomado/Lab2/build/stage' returned '0': DEBUGINFOD_URLS=https://debuginfod.ubuntu.com /usr/bin/cmake --build /home/mateozc/Diplomado/Lab2/build/stage -- -j4 -l4
[5.544s] Invoking command in '/home/mateozc/Diplomado/Lab2/build/stage': DEBUGINFOD_URLS=https://debuginfod.ubuntu.com /usr/bin/cmake --install /home/mateozc/Diplomado/Lab2/build/stage
[5.651s] -- Install configuration: "RELEASE"
[5.655s] -- Up-to-date: /home/mateozc/Diplomado/Lab2/install/stage/lib/pkgconfig/stage.pc
[5.657s] -- Up-to-date: /home/mateozc/Diplomado/Lab2/install/stage/lib/cmake/Stage/stage-config.cmake
[5.658s] -- Up-to-date: /home/mateozc/Diplomado/Lab2/install/stage/lib/cmake/Stage/stage-config-version.cmake
[5.667s] -- Up-to-date: /home/mateozc/Diplomado/Lab2/install/stage/bin/stage
[5.672s] -- Up-to-date: /home/mateozc/Diplomado/Lab2/install/stage/lib/libstage.so.4.3.0
[5.674s] -- Up-to-date: /home/mateozc/Diplomado/Lab2/install/stage/lib/libstage.so
[5.675s] -- Up-to-date: /home/mateozc/Diplomado/Lab2/install/stage/include/Stage-4.3/stage.hh
[5.682s] -- Up-to-date: /home/mateozc/Diplomado/Lab2/install/stage/lib/Stage-4.3/fasr.so
[5.686s] -- Up-to-date: /home/mateozc/Diplomado/Lab2/install/stage/lib/Stage-4.3/sink.so
[5.690s] -- Up-to-date: /home/mateozc/Diplomado/Lab2/install/stage/lib/Stage-4.3/source.so
[5.694s] -- Up-to-date: /home/mateozc/Diplomado/Lab2/install/stage/lib/Stage-4.3/wander.so
[5.699s] -- Up-to-date: /home/mateozc/Diplomado/Lab2/install/stage/lib/Stage-4.3/pioneer_flocking.so
[5.703s] -- Up-to-date: /home/mateozc/Diplomado/Lab2/install/stage/lib/Stage-4.3/rasterize.so
[5.707s] -- Up-to-date: /home/mateozc/Diplomado/Lab2/install/stage/lib/Stage-4.3/lasernoise.so
[5.711s] -- Up-to-date: /home/mateozc/Diplomado/Lab2/install/stage/lib/Stage-4.3/dynamic.so
[5.716s] -- Up-to-date: /home/mateozc/Diplomado/Lab2/install/stage/lib/Stage-4.3/fasr2.so
[5.721s] -- Up-to-date: /home/mateozc/Diplomado/Lab2/install/stage/share/stage/assets/blue.png
[5.723s] -- Up-to-date: /home/mateozc/Diplomado/Lab2/install/stage/share/stage/assets/death.png
[5.724s] -- Up-to-date: /home/mateozc/Diplomado/Lab2/install/stage/share/stage/assets/green.png
[5.725s] -- Up-to-date: /home/mateozc/Diplomado/Lab2/install/stage/share/stage/assets/logo.png
[5.735s] -- Up-to-date: /home/mateozc/Diplomado/Lab2/install/stage/share/stage/assets/mains.png
[5.739s] -- Up-to-date: /home/mateozc/Diplomado/Lab2/install/stage/share/stage/assets/mainspower.png
[5.740s] -- Up-to-date: /home/mateozc/Diplomado/Lab2/install/stage/share/stage/assets/question_mark.png
[5.743s] -- Up-to-date: /home/mateozc/Diplomado/Lab2/install/stage/share/stage/assets/red.png
[5.744s] -- Up-to-date: /home/mateozc/Diplomado/Lab2/install/stage/share/stage/assets/stagelogo.png
[5.745s] -- Up-to-date: /home/mateozc/Diplomado/Lab2/install/stage/share/stage/assets/stall-old.png
[5.746s] -- Up-to-date: /home/mateozc/Diplomado/Lab2/install/stage/share/stage/assets/stall.png
[5.748s] -- Up-to-date: /home/mateozc/Diplomado/Lab2/install/stage/share/stage/assets/rgb.txt
[5.749s] -- Up-to-date: /home/mateozc/Diplomado/Lab2/install/stage/share/stage/rgb.txt
[5.750s] -- Up-to-date: /home/mateozc/Diplomado/Lab2/install/stage/share/stage/worlds/amcl-sonar.cfg
[5.754s] -- Up-to-date: /home/mateozc/Diplomado/Lab2/install/stage/share/stage/worlds/autolab.cfg
[5.755s] -- Up-to-date: /home/mateozc/Diplomado/Lab2/install/stage/share/stage/worlds/camera.cfg
[5.760s] -- Up-to-date: /home/mateozc/Diplomado/Lab2/install/stage/share/stage/worlds/everything.cfg
[5.761s] -- Up-to-date: /home/mateozc/Diplomado/Lab2/install/stage/share/stage/worlds/lsp_test.cfg
[5.762s] -- Up-to-date: /home/mateozc/Diplomado/Lab2/install/stage/share/stage/worlds/mbicp.cfg
[5.763s] -- Up-to-date: /home/mateozc/Diplomado/Lab2/install/stage/share/stage/worlds/nd.cfg
[5.764s] -- Up-to-date: /home/mateozc/Diplomado/Lab2/install/stage/share/stage/worlds/roomba.cfg
[5.766s] -- Up-to-date: /home/mateozc/Diplomado/Lab2/install/stage/share/stage/worlds/simple.cfg
[5.767s] -- Up-to-date: /home/mateozc/Diplomado/Lab2/install/stage/share/stage/worlds/test.cfg
[5.768s] -- Up-to-date: /home/mateozc/Diplomado/Lab2/install/stage/share/stage/worlds/uoa_robotics_lab.cfg
[5.769s] -- Up-to-date: /home/mateozc/Diplomado/Lab2/install/stage/share/stage/worlds/vfh.cfg
[5.771s] -- Up-to-date: /home/mateozc/Diplomado/Lab2/install/stage/share/stage/worlds/wavefront-remote.cfg
[5.772s] -- Up-to-date: /home/mateozc/Diplomado/Lab2/install/stage/share/stage/worlds/wavefront.cfg
[5.773s] -- Up-to-date: /home/mateozc/Diplomado/Lab2/install/stage/share/stage/worlds/wifi.cfg
[5.774s] -- Up-to-date: /home/mateozc/Diplomado/Lab2/install/stage/share/stage/worlds/SFU.world
[5.775s] -- Up-to-date: /home/mateozc/Diplomado/Lab2/install/stage/share/stage/worlds/autolab.world
[5.777s] -- Up-to-date: /home/mateozc/Diplomado/Lab2/install/stage/share/stage/worlds/camera.world
[5.778s] -- Up-to-date: /home/mateozc/Diplomado/Lab2/install/stage/share/stage/worlds/circuit.world
[5.779s] -- Up-to-date: /home/mateozc/Diplomado/Lab2/install/stage/share/stage/worlds/everything.world
[5.780s] -- Up-to-date: /home/mateozc/Diplomado/Lab2/install/stage/share/stage/worlds/fasr.world
[5.781s] -- Up-to-date: /home/mateozc/Diplomado/Lab2/install/stage/share/stage/worlds/fasr2.world
[5.782s] -- Up-to-date: /home/mateozc/Diplomado/Lab2/install/stage/share/stage/worlds/fasr_plan.world
[5.784s] -- Up-to-date: /home/mateozc/Diplomado/Lab2/install/stage/share/stage/worlds/large.world
[5.785s] -- Up-to-date: /home/mateozc/Diplomado/Lab2/install/stage/share/stage/worlds/lsp_test.world
[5.786s] -- Up-to-date: /home/mateozc/Diplomado/Lab2/install/stage/share/stage/worlds/mbicp.world
[5.787s] -- Up-to-date: /home/mateozc/Diplomado/Lab2/install/stage/share/stage/worlds/pioneer_flocking.world
[5.787s] -- Up-to-date: /home/mateozc/Diplomado/Lab2/install/stage/share/stage/worlds/pioneer_follow.world
[5.788s] -- Up-to-date: /home/mateozc/Diplomado/Lab2/install/stage/share/stage/worlds/pioneer_walle.world
[5.789s] -- Up-to-date: /home/mateozc/Diplomado/Lab2/install/stage/share/stage/worlds/roomba.world
[5.790s] -- Up-to-date: /home/mateozc/Diplomado/Lab2/install/stage/share/stage/worlds/sensor_noise_demo.world
[5.791s] -- Up-to-date: /home/mateozc/Diplomado/Lab2/install/stage/share/stage/worlds/sensor_noise_module_demo.world
[5.793s] -- Up-to-date: /home/mateozc/Diplomado/Lab2/install/stage/share/stage/worlds/simple.world
[5.794s] -- Up-to-date: /home/mateozc/Diplomado/Lab2/install/stage/share/stage/worlds/uoa_robotics_lab.world
[5.795s] -- Up-to-date: /home/mateozc/Diplomado/Lab2/install/stage/share/stage/worlds/wifi.world
[5.796s] -- Up-to-date: /home/mateozc/Diplomado/Lab2/install/stage/share/stage/worlds/beacons.inc
[5.797s] -- Up-to-date: /home/mateozc/Diplomado/Lab2/install/stage/share/stage/worlds/chatterbox.inc
[5.797s] -- Up-to-date: /home/mateozc/Diplomado/Lab2/install/stage/share/stage/worlds/hokuyo.inc
[5.798s] -- Up-to-date: /home/mateozc/Diplomado/Lab2/install/stage/share/stage/worlds/irobot.inc
[5.799s] -- Up-to-date: /home/mateozc/Diplomado/Lab2/install/stage/share/stage/worlds/map.inc
[5.800s] -- Up-to-date: /home/mateozc/Diplomado/Lab2/install/stage/share/stage/worlds/objects.inc
[5.801s] -- Up-to-date: /home/mateozc/Diplomado/Lab2/install/stage/share/stage/worlds/pantilt.inc
[5.802s] -- Up-to-date: /home/mateozc/Diplomado/Lab2/install/stage/share/stage/worlds/pioneer.inc
[5.803s] -- Up-to-date: /home/mateozc/Diplomado/Lab2/install/stage/share/stage/worlds/sick.inc
[5.804s] -- Up-to-date: /home/mateozc/Diplomado/Lab2/install/stage/share/stage/worlds/ubot.inc
[5.808s] -- Up-to-date: /home/mateozc/Diplomado/Lab2/install/stage/share/stage/worlds/uoa_robotics_lab_models.inc
[5.810s] -- Up-to-date: /home/mateozc/Diplomado/Lab2/install/stage/share/stage/worlds/walle.inc
[5.811s] -- Up-to-date: /home/mateozc/Diplomado/Lab2/install/stage/share/stage/worlds/cfggen.sh
[5.814s] -- Up-to-date: /home/mateozc/Diplomado/Lab2/install/stage/share/stage/worlds/test.sh
[5.815s] -- Up-to-date: /home/mateozc/Diplomado/Lab2/install/stage/share/stage/worlds/worldgen.sh
[5.819s] -- Up-to-date: /home/mateozc/Diplomado/Lab2/install/stage/lib/Stage-4.3/expand_swarm.so
[5.821s] -- Up-to-date: /home/mateozc/Diplomado/Lab2/install/stage/lib/Stage-4.3/expand_pioneer.so
[5.824s] -- Up-to-date: /home/mateozc/Diplomado/Lab2/install/stage/share/stage/worlds/bitmaps/889_05.png
[5.826s] -- Up-to-date: /home/mateozc/Diplomado/Lab2/install/stage/share/stage/worlds/bitmaps/SFU_1200x615.png
[5.831s] -- Up-to-date: /home/mateozc/Diplomado/Lab2/install/stage/share/stage/worlds/bitmaps/SRI-AIC-kwing.png
[5.832s] -- Up-to-date: /home/mateozc/Diplomado/Lab2/install/stage/share/stage/worlds/bitmaps/autolab.png
[5.833s] -- Up-to-date: /home/mateozc/Diplomado/Lab2/install/stage/share/stage/worlds/bitmaps/cave.png
[5.834s] -- Up-to-date: /home/mateozc/Diplomado/Lab2/install/stage/share/stage/worlds/bitmaps/cave_compact.png
[5.835s] -- Up-to-date: /home/mateozc/Diplomado/Lab2/install/stage/share/stage/worlds/bitmaps/cave_filled.png
[5.836s] -- Up-to-date: /home/mateozc/Diplomado/Lab2/install/stage/share/stage/worlds/bitmaps/frieburg.png
[5.840s] -- Up-to-date: /home/mateozc/Diplomado/Lab2/install/stage/share/stage/worlds/bitmaps/ghost.png
[5.841s] -- Up-to-date: /home/mateozc/Diplomado/Lab2/install/stage/share/stage/worlds/bitmaps/hospital.png
[5.846s] -- Up-to-date: /home/mateozc/Diplomado/Lab2/install/stage/share/stage/worlds/bitmaps/hospital_section.png
[5.850s] -- Up-to-date: /home/mateozc/Diplomado/Lab2/install/stage/share/stage/worlds/bitmaps/human_outline.png
[5.854s] -- Up-to-date: /home/mateozc/Diplomado/Lab2/install/stage/share/stage/worlds/bitmaps/mbicp.png
[5.856s] -- Up-to-date: /home/mateozc/Diplomado/Lab2/install/stage/share/stage/worlds/bitmaps/rink.png
[5.861s] -- Up-to-date: /home/mateozc/Diplomado/Lab2/install/stage/share/stage/worlds/bitmaps/sal2.png
[5.862s] -- Up-to-date: /home/mateozc/Diplomado/Lab2/install/stage/share/stage/worlds/bitmaps/simple_rooms.png
[5.863s] -- Up-to-date: /home/mateozc/Diplomado/Lab2/install/stage/share/stage/worlds/bitmaps/space_invader.png
[5.870s] -- Up-to-date: /home/mateozc/Diplomado/Lab2/install/stage/share/stage/worlds/bitmaps/submarine.png
[5.871s] -- Up-to-date: /home/mateozc/Diplomado/Lab2/install/stage/share/stage/worlds/bitmaps/submarine_small.png
[5.876s] -- Up-to-date: /home/mateozc/Diplomado/Lab2/install/stage/share/stage/worlds/bitmaps/table.png
[5.877s] -- Up-to-date: /home/mateozc/Diplomado/Lab2/install/stage/share/stage/worlds/bitmaps/uoa_robotics_lab.png
[5.881s] -- Up-to-date: /home/mateozc/Diplomado/Lab2/install/stage/share/stage/worlds/wifi/commando.world
[5.882s] -- Up-to-date: /home/mateozc/Diplomado/Lab2/install/stage/share/stage/worlds/wifi/hosp_wifi.world
[5.884s] -- Up-to-date: /home/mateozc/Diplomado/Lab2/install/stage/share/stage/worlds/wifi/hosp_wifi_5.world
[5.885s] -- Up-to-date: /home/mateozc/Diplomado/Lab2/install/stage/share/stage/worlds/wifi/wifi.world
[5.886s] -- Up-to-date: /home/mateozc/Diplomado/Lab2/install/stage/share/stage/worlds/wifi/wifi_itu.world
[5.887s] -- Up-to-date: /home/mateozc/Diplomado/Lab2/install/stage/share/stage/worlds/wifi/wifi_logdistance.world
[5.888s] -- Up-to-date: /home/mateozc/Diplomado/Lab2/install/stage/share/stage/worlds/wifi/wifi_ray.world
[5.889s] -- Up-to-date: /home/mateozc/Diplomado/Lab2/install/stage/share/stage/worlds/wifi/wifi_simple.world
[5.891s] -- Up-to-date: /home/mateozc/Diplomado/Lab2/install/stage/share/stage/worlds/wifi/map.inc
[5.892s] Invoked command in '/home/mateozc/Diplomado/Lab2/build/stage' returned '0': DEBUGINFOD_URLS=https://debuginfod.ubuntu.com /usr/bin/cmake --install /home/mateozc/Diplomado/Lab2/build/stage
